#
# There is insufficient memory for the Java Runtime Environment to continue.
# Native memory allocation (malloc) failed to allocate 984912 bytes for Chunk::new
# Possible reasons:
#   The system is out of physical RAM or swap space
#   The process is running with CompressedOops enabled, and the Java Heap may be blocking the growth of the native heap
# Possible solutions:
#   Reduce memory load on the system
#   Increase physical memory or swap space
#   Check if swap backing store is full
#   Decrease Java heap size (-Xmx/-Xms)
#   Decrease number of Java threads
#   Decrease Java thread stack sizes (-Xss)
#   Set larger code cache with -XX:ReservedCodeCacheSize=
#   JVM is running with Unscaled Compressed Oops mode in which the Java heap is
#     placed in the first 4GB address space. The Java Heap base address is the
#     maximum limit for the native heap growth. Please use -XX:HeapBaseMinAddress
#     to set the Java Heap base and to place the Java Heap above 4GB virtual address.
# This output file may be truncated or incomplete.
#
#  Out of Memory Error (arena.cpp:189), pid=21884, tid=21640
#
# JRE version: OpenJDK Runtime Environment (17.0.7) (build 17.0.7+0-b2043.56-10550314)
# Java VM: OpenJDK 64-Bit Server VM (17.0.7+0-b2043.56-10550314, mixed mode, tiered, compressed oops, compressed class ptrs, g1 gc, windows-amd64)
# No core dump will be written. Minidumps are not enabled by default on client versions of Windows
#

---------------  S U M M A R Y ------------

Command Line: --add-opens=java.base/java.util=ALL-UNNAMED --add-opens=java.base/java.lang=ALL-UNNAMED --add-opens=java.base/java.lang.invoke=ALL-UNNAMED --add-opens=java.prefs/java.util.prefs=ALL-UNNAMED --add-opens=java.base/java.nio.charset=ALL-UNNAMED --add-opens=java.base/java.net=ALL-UNNAMED --add-opens=java.base/java.util.concurrent.atomic=ALL-UNNAMED -Xmx2048m -Dfile.encoding=UTF-8 -Duser.country=EC -Duser.language=es -Duser.variant -javaagent:C:\Users\A S U S\.gradle\wrapper\dists\gradle-8.2-bin\bbg7u40eoinfdyxsxr3z4i7ta\gradle-8.2\lib\agents\gradle-instrumentation-agent-8.2.jar org.gradle.launcher.daemon.bootstrap.GradleDaemon 8.2

Host: AMD Ryzen 5 4600H with Radeon Graphics         , 12 cores, 7G,  Windows 11 , 64 bit Build 22621 (10.0.22621.3085)
Time: Mon Feb 26 10:31:42 2024 Hora est. Pacífico, Sudamérica elapsed time: 8.629808 seconds (0d 0h 0m 8s)

---------------  T H R E A D  ---------------

Current thread (0x0000019e25ea2710):  JavaThread "C2 CompilerThread1" daemon [_thread_in_native, id=21640, stack(0x0000000290700000,0x0000000290800000)]


Current CompileTask:
C2:   8629 5924   !   4       jdk.internal.loader.BuiltinClassLoader::loadClassOrNull (143 bytes)

Stack: [0x0000000290700000,0x0000000290800000]
Native frames: (J=compiled Java code, j=interpreted, Vv=VM code, C=native code)
V  [jvm.dll+0x683bfa]
V  [jvm.dll+0x8430a4]
V  [jvm.dll+0x8449be]
V  [jvm.dll+0x845023]
V  [jvm.dll+0x24ad2f]
V  [jvm.dll+0xac25c]
V  [jvm.dll+0xac82c]
V  [jvm.dll+0x36a187]
V  [jvm.dll+0x334821]
V  [jvm.dll+0x333cca]
V  [jvm.dll+0x21d251]
V  [jvm.dll+0x21c671]
V  [jvm.dll+0x1a605d]
V  [jvm.dll+0x22c148]
V  [jvm.dll+0x22a209]
V  [jvm.dll+0x7f858c]
V  [jvm.dll+0x7f2aea]
V  [jvm.dll+0x682a35]
C  [ucrtbase.dll+0x29363]
C  [KERNEL32.DLL+0x1257d]
C  [ntdll.dll+0x5aa58]


---------------  P R O C E S S  ---------------

Threads class SMR info:
_java_thread_list=0x0000019e2ccd4920, length=61, elements={
0x0000019e0b7a6cf0, 0x0000019e25a570a0, 0x0000019e25a57ef0, 0x0000019e25a6fcf0,
0x0000019e25a707b0, 0x0000019e25a72180, 0x0000019e25a72a40, 0x0000019e25bf8b50,
0x0000019e25bf9450, 0x0000019e25c07270, 0x0000019e259f0fe0, 0x0000019e25e400a0,
0x0000019e25ea2710, 0x0000019e2b96a850, 0x0000019e2b96c530, 0x0000019e2b96b6c0,
0x0000019e2b96ad20, 0x0000019e2b96d870, 0x0000019e2b96dd40, 0x0000019e2b96a380,
0x0000019e2b96c060, 0x0000019e2b96ca00, 0x0000019e2b96ced0, 0x0000019e2b96b1f0,
0x0000019e2b96d3a0, 0x0000019e2b96bb90, 0x0000019e2cf71000, 0x0000019e2cf70660,
0x0000019e2cf70190, 0x0000019e2cf70b30, 0x0000019e2cf714d0, 0x0000019e2cf6f7f0,
0x0000019e2cf719a0, 0x0000019e2cf72810, 0x0000019e2cf74e90, 0x0000019e2cf6dfe0,
0x0000019e2cf73680, 0x0000019e2cf731b0, 0x0000019e2cf73b50, 0x0000019e2cf744f0,
0x0000019e2cf749c0, 0x0000019e2cf75360, 0x0000019e2cf75830, 0x0000019e2cf6e980,
0x0000019e2cf6ee50, 0x0000019e2cf6f320, 0x0000019e25fa3130, 0x0000019e25fa2790,
0x0000019e25fa0ab0, 0x0000019e25fa1450, 0x0000019e25fa1920, 0x0000019e25fa22c0,
0x0000019e25fa1df0, 0x0000019e25fa2c60, 0x0000019e25fa0110, 0x0000019e25fa3600,
0x0000019e25f9fc40, 0x0000019e25fa05e0, 0x0000019e25fa0f80, 0x0000019e2a668490,
0x0000019e2a664130
}

Java Threads: ( => current thread )
  0x0000019e0b7a6cf0 JavaThread "main" [_thread_blocked, id=13304, stack(0x000000028f400000,0x000000028f500000)]
  0x0000019e25a570a0 JavaThread "Reference Handler" daemon [_thread_blocked, id=7140, stack(0x000000028fb00000,0x000000028fc00000)]
  0x0000019e25a57ef0 JavaThread "Finalizer" daemon [_thread_blocked, id=20092, stack(0x000000028fc00000,0x000000028fd00000)]
  0x0000019e25a6fcf0 JavaThread "Signal Dispatcher" daemon [_thread_blocked, id=11920, stack(0x000000028fd00000,0x000000028fe00000)]
  0x0000019e25a707b0 JavaThread "Attach Listener" daemon [_thread_blocked, id=2080, stack(0x000000028fe00000,0x000000028ff00000)]
  0x0000019e25a72180 JavaThread "Service Thread" daemon [_thread_blocked, id=18512, stack(0x000000028ff00000,0x0000000290000000)]
  0x0000019e25a72a40 JavaThread "Monitor Deflation Thread" daemon [_thread_blocked, id=6556, stack(0x0000000290000000,0x0000000290100000)]
  0x0000019e25bf8b50 JavaThread "C2 CompilerThread0" daemon [_thread_in_native, id=18516, stack(0x0000000290100000,0x0000000290200000)]
  0x0000019e25bf9450 JavaThread "C1 CompilerThread0" daemon [_thread_blocked, id=7604, stack(0x0000000290200000,0x0000000290300000)]
  0x0000019e25c07270 JavaThread "Sweeper thread" daemon [_thread_blocked, id=9876, stack(0x0000000290300000,0x0000000290400000)]
  0x0000019e259f0fe0 JavaThread "Common-Cleaner" daemon [_thread_blocked, id=10492, stack(0x0000000290400000,0x0000000290500000)]
  0x0000019e25e400a0 JavaThread "Notification Thread" daemon [_thread_blocked, id=10428, stack(0x0000000290500000,0x0000000290600000)]
=>0x0000019e25ea2710 JavaThread "C2 CompilerThread1" daemon [_thread_in_native, id=21640, stack(0x0000000290700000,0x0000000290800000)]
  0x0000019e2b96a850 JavaThread "Daemon health stats" [_thread_blocked, id=21408, stack(0x0000000290d00000,0x0000000290e00000)]
  0x0000019e2b96c530 JavaThread "Incoming local TCP Connector on port 51139" [_thread_in_native, id=11600, stack(0x0000000290800000,0x0000000290900000)]
  0x0000019e2b96b6c0 JavaThread "Daemon periodic checks" [_thread_blocked, id=22608, stack(0x0000000290e00000,0x0000000290f00000)]
  0x0000019e2b96ad20 JavaThread "Daemon" [_thread_blocked, id=11976, stack(0x0000000290f00000,0x0000000291000000)]
  0x0000019e2b96d870 JavaThread "Handler for socket connection from /127.0.0.1:51139 to /127.0.0.1:51140" [_thread_in_native, id=23120, stack(0x0000000291000000,0x0000000291100000)]
  0x0000019e2b96dd40 JavaThread "Cancel handler" [_thread_blocked, id=17768, stack(0x0000000291100000,0x0000000291200000)]
  0x0000019e2b96a380 JavaThread "Daemon worker" [_thread_in_native, id=22636, stack(0x0000000291200000,0x0000000291300000)]
  0x0000019e2b96c060 JavaThread "Asynchronous log dispatcher for DefaultDaemonConnection: socket connection from /127.0.0.1:51139 to /127.0.0.1:51140" [_thread_blocked, id=6136, stack(0x0000000291300000,0x0000000291400000)]
  0x0000019e2b96ca00 JavaThread "Stdin handler" [_thread_blocked, id=15712, stack(0x0000000291400000,0x0000000291500000)]
  0x0000019e2b96ced0 JavaThread "Daemon client event forwarder" [_thread_blocked, id=11664, stack(0x0000000291500000,0x0000000291600000)]
  0x0000019e2b96b1f0 JavaThread "Cache worker for journal cache (C:\Users\A S U S\.gradle\caches\journal-1)" [_thread_blocked, id=15956, stack(0x0000000291d00000,0x0000000291e00000)]
  0x0000019e2b96d3a0 JavaThread "File lock request listener" [_thread_in_native, id=4696, stack(0x0000000291e00000,0x0000000291f00000)]
  0x0000019e2b96bb90 JavaThread "Cache worker for file hash cache (C:\Users\A S U S\.gradle\caches\8.2\fileHashes)" [_thread_blocked, id=9340, stack(0x0000000291f00000,0x0000000292000000)]
  0x0000019e2cf71000 JavaThread "File watcher server" daemon [_thread_in_native, id=3608, stack(0x0000000292000000,0x0000000292100000)]
  0x0000019e2cf70660 JavaThread "File watcher consumer" daemon [_thread_blocked, id=20268, stack(0x0000000292100000,0x0000000292200000)]
  0x0000019e2cf70190 JavaThread "Cache worker for checksums cache (C:\Users\A S U S\Desktop\Frans\Tesis\Tesis_App\.gradle\8.2\checksums)" [_thread_blocked, id=12060, stack(0x0000000292200000,0x0000000292300000)]
  0x0000019e2cf70b30 JavaThread "Cache worker for cache directory md-rule (C:\Users\A S U S\.gradle\caches\8.2\md-rule)" [_thread_blocked, id=18764, stack(0x0000000292300000,0x0000000292400000)]
  0x0000019e2cf714d0 JavaThread "Cache worker for file content cache (C:\Users\A S U S\.gradle\caches\8.2\fileContent)" [_thread_blocked, id=19544, stack(0x0000000292400000,0x0000000292500000)]
  0x0000019e2cf6f7f0 JavaThread "Cache worker for file hash cache (C:\Users\A S U S\Desktop\Frans\Tesis\Tesis_App\.gradle\8.2\fileHashes)" [_thread_blocked, id=12812, stack(0x0000000292500000,0x0000000292600000)]
  0x0000019e2cf719a0 JavaThread "Cache worker for cache directory md-supplier (C:\Users\A S U S\.gradle\caches\8.2\md-supplier)" [_thread_blocked, id=12396, stack(0x0000000292600000,0x0000000292700000)]
  0x0000019e2cf72810 JavaThread "Cache worker for execution history cache (C:\Users\A S U S\.gradle\caches\8.2\executionHistory)" [_thread_blocked, id=13712, stack(0x0000000292700000,0x0000000292800000)]
  0x0000019e2cf74e90 JavaThread "jar transforms" [_thread_blocked, id=18632, stack(0x0000000292800000,0x0000000292900000)]
  0x0000019e2cf6dfe0 JavaThread "jar transforms Thread 2" [_thread_blocked, id=7420, stack(0x0000000292900000,0x0000000292a00000)]
  0x0000019e2cf73680 JavaThread "Cache worker for kotlin-dsl (C:\Users\A S U S\.gradle\caches\8.2\kotlin-dsl)" [_thread_blocked, id=18120, stack(0x0000000292a00000,0x0000000292b00000)]
  0x0000019e2cf731b0 JavaThread "jar transforms Thread 3" [_thread_blocked, id=18892, stack(0x0000000292b00000,0x0000000292c00000)]
  0x0000019e2cf73b50 JavaThread "jar transforms Thread 4" [_thread_blocked, id=6284, stack(0x0000000292c00000,0x0000000292d00000)]
  0x0000019e2cf744f0 JavaThread "jar transforms Thread 5" [_thread_blocked, id=14400, stack(0x0000000292d00000,0x0000000292e00000)]
  0x0000019e2cf749c0 JavaThread "jar transforms Thread 6" [_thread_blocked, id=22796, stack(0x0000000292e00000,0x0000000292f00000)]
  0x0000019e2cf75360 JavaThread "Cache worker for dependencies-accessors (C:\Users\A S U S\Desktop\Frans\Tesis\Tesis_App\.gradle\8.2\dependencies-accessors)" [_thread_blocked, id=5408, stack(0x0000000292f00000,0x0000000293000000)]
  0x0000019e2cf75830 JavaThread "Cache worker for Build Output Cleanup Cache (C:\Users\A S U S\Desktop\Frans\Tesis\Tesis_App\.gradle\buildOutputCleanup)" [_thread_blocked, id=12620, stack(0x0000000293000000,0x0000000293100000)]
  0x0000019e2cf6e980 JavaThread "jar transforms Thread 7" [_thread_blocked, id=18724, stack(0x0000000293100000,0x0000000293200000)]
  0x0000019e2cf6ee50 JavaThread "jar transforms Thread 8" [_thread_blocked, id=19036, stack(0x0000000293200000,0x0000000293300000)]
  0x0000019e2cf6f320 JavaThread "Unconstrained build operations" [_thread_blocked, id=2380, stack(0x0000000293300000,0x0000000293400000)]
  0x0000019e25fa3130 JavaThread "Unconstrained build operations Thread 2" [_thread_blocked, id=21712, stack(0x0000000293400000,0x0000000293500000)]
  0x0000019e25fa2790 JavaThread "Unconstrained build operations Thread 3" [_thread_blocked, id=8492, stack(0x0000000293500000,0x0000000293600000)]
  0x0000019e25fa0ab0 JavaThread "Unconstrained build operations Thread 4" [_thread_blocked, id=22884, stack(0x0000000293600000,0x0000000293700000)]
  0x0000019e25fa1450 JavaThread "Unconstrained build operations Thread 5" [_thread_blocked, id=20392, stack(0x0000000293700000,0x0000000293800000)]
  0x0000019e25fa1920 JavaThread "Unconstrained build operations Thread 6" [_thread_blocked, id=22428, stack(0x0000000293800000,0x0000000293900000)]
  0x0000019e25fa22c0 JavaThread "Unconstrained build operations Thread 7" [_thread_blocked, id=21968, stack(0x0000000293900000,0x0000000293a00000)]
  0x0000019e25fa1df0 JavaThread "Unconstrained build operations Thread 8" [_thread_blocked, id=5776, stack(0x0000000293a00000,0x0000000293b00000)]
  0x0000019e25fa2c60 JavaThread "Unconstrained build operations Thread 9" [_thread_blocked, id=17540, stack(0x0000000293b00000,0x0000000293c00000)]
  0x0000019e25fa0110 JavaThread "Unconstrained build operations Thread 10" [_thread_blocked, id=9308, stack(0x0000000293c00000,0x0000000293d00000)]
  0x0000019e25fa3600 JavaThread "Unconstrained build operations Thread 11" [_thread_blocked, id=8308, stack(0x0000000293d00000,0x0000000293e00000)]
  0x0000019e25f9fc40 JavaThread "jar transforms Thread 9" [_thread_blocked, id=6580, stack(0x0000000293e00000,0x0000000293f00000)]
  0x0000019e25fa05e0 JavaThread "jar transforms Thread 10" [_thread_blocked, id=23472, stack(0x0000000293f00000,0x0000000294000000)]
  0x0000019e25fa0f80 JavaThread "jar transforms Thread 11" [_thread_blocked, id=21316, stack(0x0000000294000000,0x0000000294100000)]
  0x0000019e2a668490 JavaThread "jar transforms Thread 12" [_thread_blocked, id=24228, stack(0x0000000294100000,0x0000000294200000)]
  0x0000019e2a664130 JavaThread "build event listener" [_thread_blocked, id=18476, stack(0x0000000294200000,0x0000000294300000)]

Other Threads:
  0x0000019e25a54a00 VMThread "VM Thread" [stack: 0x000000028fa00000,0x000000028fb00000] [id=24440]
  0x0000019e0b83fc90 WatcherThread [stack: 0x0000000290600000,0x0000000290700000] [id=16880]
  0x0000019e0b804d80 GCTaskThread "GC Thread#0" [stack: 0x000000028f500000,0x000000028f600000] [id=340]
  0x0000019e2a2db930 GCTaskThread "GC Thread#1" [stack: 0x0000000290900000,0x0000000290a00000] [id=9704]
  0x0000019e2ad8a890 GCTaskThread "GC Thread#2" [stack: 0x0000000290a00000,0x0000000290b00000] [id=6720]
  0x0000019e2b21fc60 GCTaskThread "GC Thread#3" [stack: 0x0000000290b00000,0x0000000290c00000] [id=3244]
  0x0000019e2a568850 GCTaskThread "GC Thread#4" [stack: 0x0000000290c00000,0x0000000290d00000] [id=21896]
  0x0000019e2bef3e70 GCTaskThread "GC Thread#5" [stack: 0x0000000291600000,0x0000000291700000] [id=332]
  0x0000019e2bef43d0 GCTaskThread "GC Thread#6" [stack: 0x0000000291700000,0x0000000291800000] [id=21532]
  0x0000019e2bef3660 GCTaskThread "GC Thread#7" [stack: 0x0000000291800000,0x0000000291900000] [id=6508]
  0x0000019e2bef4680 GCTaskThread "GC Thread#8" [stack: 0x0000000291900000,0x0000000291a00000] [id=12760]
  0x0000019e2bef33b0 GCTaskThread "GC Thread#9" [stack: 0x0000000291a00000,0x0000000291b00000] [id=8684]
  0x0000019e0b815bd0 ConcurrentGCThread "G1 Main Marker" [stack: 0x000000028f600000,0x000000028f700000] [id=14136]
  0x0000019e0b8165c0 ConcurrentGCThread "G1 Conc#0" [stack: 0x000000028f700000,0x000000028f800000] [id=16756]
  0x0000019e2bef2e50 ConcurrentGCThread "G1 Conc#1" [stack: 0x0000000291b00000,0x0000000291c00000] [id=21164]
  0x0000019e2bef2ba0 ConcurrentGCThread "G1 Conc#2" [stack: 0x0000000291c00000,0x0000000291d00000] [id=16776]
  0x0000019e0b85d440 ConcurrentGCThread "G1 Refine#0" [stack: 0x000000028f800000,0x000000028f900000] [id=3008]
  0x0000019e0b85dd70 ConcurrentGCThread "G1 Service" [stack: 0x000000028f900000,0x000000028fa00000] [id=18704]

Threads with active compile tasks:
C2 CompilerThread0     8660 5923   !   4       java.net.URLClassLoader::findClass (47 bytes)
C2 CompilerThread1     8660 5924   !   4       jdk.internal.loader.BuiltinClassLoader::loadClassOrNull (143 bytes)

VM state: not at safepoint (normal execution)

VM Mutex/Monitor currently owned by a thread: None

Heap address: 0x0000000080000000, size: 2048 MB, Compressed Oops mode: 32-bit

CDS archive(s) not mapped
Compressed class space mapped at: 0x0000000100000000-0x0000000140000000, reserved size: 1073741824
Narrow klass base: 0x0000000000000000, Narrow klass shift: 3, Narrow klass range: 0x140000000

GC Precious Log:
 CPUs: 12 total, 12 available
 Memory: 7597M
 Large Page Support: Disabled
 NUMA Support: Disabled
 Compressed Oops: Enabled (32-bit)
 Heap Region Size: 1M
 Heap Min Capacity: 8M
 Heap Initial Capacity: 120M
 Heap Max Capacity: 2G
 Pre-touch: Disabled
 Parallel Workers: 10
 Concurrent Workers: 3
 Concurrent Refinement Workers: 10
 Periodic GC: Disabled

Heap:
 garbage-first heap   total 104448K, used 70178K [0x0000000080000000, 0x0000000100000000)
  region size 1024K, 22 young (22528K), 2 survivors (2048K)
 Metaspace       used 61031K, committed 61568K, reserved 1114112K
  class space    used 8124K, committed 8384K, reserved 1048576K

Heap Regions: E=young(eden), S=young(survivor), O=old, HS=humongous(starts), HC=humongous(continues), CS=collection set, F=free, OA=open archive, CA=closed archive, TAMS=top-at-mark-start (previous, next)
|   0|0x0000000080000000, 0x0000000080100000, 0x0000000080100000|100%|HS|  |TAMS 0x0000000080100000, 0x0000000080000000| Complete 
|   1|0x0000000080100000, 0x0000000080200000, 0x0000000080200000|100%|HC|  |TAMS 0x0000000080200000, 0x0000000080100000| Complete 
|   2|0x0000000080200000, 0x0000000080300000, 0x0000000080300000|100%|HC|  |TAMS 0x0000000080300000, 0x0000000080200000| Complete 
|   3|0x0000000080300000, 0x0000000080400000, 0x0000000080400000|100%|HC|  |TAMS 0x0000000080400000, 0x0000000080300000| Complete 
|   4|0x0000000080400000, 0x0000000080500000, 0x0000000080500000|100%| O|  |TAMS 0x0000000080500000, 0x0000000080400000| Untracked 
|   5|0x0000000080500000, 0x0000000080600000, 0x0000000080600000|100%| O|  |TAMS 0x0000000080600000, 0x0000000080500000| Untracked 
|   6|0x0000000080600000, 0x0000000080700000, 0x0000000080700000|100%| O|  |TAMS 0x0000000080700000, 0x0000000080600000| Untracked 
|   7|0x0000000080700000, 0x0000000080800000, 0x0000000080800000|100%| O|  |TAMS 0x0000000080800000, 0x0000000080700000| Untracked 
|   8|0x0000000080800000, 0x0000000080900000, 0x0000000080900000|100%| O|  |TAMS 0x0000000080900000, 0x0000000080800000| Untracked 
|   9|0x0000000080900000, 0x0000000080a00000, 0x0000000080a00000|100%| O|  |TAMS 0x0000000080a00000, 0x0000000080900000| Untracked 
|  10|0x0000000080a00000, 0x0000000080a99e00, 0x0000000080b00000| 60%| O|  |TAMS 0x0000000080a99e00, 0x0000000080a00000| Complete 
|  11|0x0000000080b00000, 0x0000000080c00000, 0x0000000080c00000|100%| O|  |TAMS 0x0000000080c00000, 0x0000000080b00000| Untracked 
|  12|0x0000000080c00000, 0x0000000080d00000, 0x0000000080d00000|100%| O|  |TAMS 0x0000000080d00000, 0x0000000080c00000| Untracked 
|  13|0x0000000080d00000, 0x0000000080e00000, 0x0000000080e00000|100%| O|  |TAMS 0x0000000080e00000, 0x0000000080d00000| Untracked 
|  14|0x0000000080e00000, 0x0000000080f00000, 0x0000000080f00000|100%| O|  |TAMS 0x0000000080f00000, 0x0000000080e00000| Untracked 
|  15|0x0000000080f00000, 0x0000000081000000, 0x0000000081000000|100%| O|  |TAMS 0x0000000081000000, 0x0000000080f00000| Untracked 
|  16|0x0000000081000000, 0x0000000081100000, 0x0000000081100000|100%| O|  |TAMS 0x0000000081100000, 0x0000000081000000| Untracked 
|  17|0x0000000081100000, 0x0000000081200000, 0x0000000081200000|100%| O|  |TAMS 0x0000000081200000, 0x0000000081100000| Untracked 
|  18|0x0000000081200000, 0x0000000081300000, 0x0000000081300000|100%| O|  |TAMS 0x0000000081300000, 0x0000000081200000| Untracked 
|  19|0x0000000081300000, 0x0000000081400000, 0x0000000081400000|100%| O|  |TAMS 0x0000000081400000, 0x0000000081300000| Untracked 
|  20|0x0000000081400000, 0x0000000081500000, 0x0000000081500000|100%| O|  |TAMS 0x0000000081500000, 0x0000000081400000| Untracked 
|  21|0x0000000081500000, 0x0000000081600000, 0x0000000081600000|100%| O|  |TAMS 0x0000000081600000, 0x0000000081500000| Untracked 
|  22|0x0000000081600000, 0x0000000081700000, 0x0000000081700000|100%| O|  |TAMS 0x0000000081700000, 0x0000000081600000| Untracked 
|  23|0x0000000081700000, 0x0000000081800000, 0x0000000081800000|100%| O|  |TAMS 0x0000000081800000, 0x0000000081700000| Untracked 
|  24|0x0000000081800000, 0x0000000081900000, 0x0000000081900000|100%| O|  |TAMS 0x0000000081900000, 0x0000000081800000| Untracked 
|  25|0x0000000081900000, 0x0000000081a00000, 0x0000000081a00000|100%| O|  |TAMS 0x0000000081a00000, 0x0000000081900000| Untracked 
|  26|0x0000000081a00000, 0x0000000081b00000, 0x0000000081b00000|100%| O|  |TAMS 0x0000000081b00000, 0x0000000081a00000| Untracked 
|  27|0x0000000081b00000, 0x0000000081c00000, 0x0000000081c00000|100%| O|  |TAMS 0x0000000081c00000, 0x0000000081b00000| Untracked 
|  28|0x0000000081c00000, 0x0000000081d00000, 0x0000000081d00000|100%| O|  |TAMS 0x0000000081d00000, 0x0000000081c00000| Untracked 
|  29|0x0000000081d00000, 0x0000000081e00000, 0x0000000081e00000|100%| O|  |TAMS 0x0000000081e00000, 0x0000000081d00000| Untracked 
|  30|0x0000000081e00000, 0x0000000081f00000, 0x0000000081f00000|100%| O|  |TAMS 0x0000000081f00000, 0x0000000081e00000| Untracked 
|  31|0x0000000081f00000, 0x0000000082000000, 0x0000000082000000|100%| O|  |TAMS 0x0000000082000000, 0x0000000081f00000| Untracked 
|  32|0x0000000082000000, 0x0000000082100000, 0x0000000082100000|100%| O|  |TAMS 0x0000000082100000, 0x0000000082000000| Untracked 
|  33|0x0000000082100000, 0x0000000082200000, 0x0000000082200000|100%|HS|  |TAMS 0x0000000082200000, 0x0000000082100000| Complete 
|  34|0x0000000082200000, 0x0000000082300000, 0x0000000082300000|100%|HS|  |TAMS 0x0000000082300000, 0x0000000082200000| Complete 
|  35|0x0000000082300000, 0x0000000082400000, 0x0000000082400000|100%|HS|  |TAMS 0x0000000082400000, 0x0000000082300000| Complete 
|  36|0x0000000082400000, 0x0000000082500000, 0x0000000082500000|100%|HS|  |TAMS 0x0000000082500000, 0x0000000082400000| Complete 
|  37|0x0000000082500000, 0x0000000082600000, 0x0000000082600000|100%|HS|  |TAMS 0x0000000082600000, 0x0000000082500000| Complete 
|  38|0x0000000082600000, 0x0000000082700000, 0x0000000082700000|100%| O|  |TAMS 0x0000000082700000, 0x0000000082600000| Untracked 
|  39|0x0000000082700000, 0x0000000082800000, 0x0000000082800000|100%| O|  |TAMS 0x0000000082800000, 0x0000000082700000| Untracked 
|  40|0x0000000082800000, 0x0000000082900000, 0x0000000082900000|100%| O|  |TAMS 0x0000000082900000, 0x0000000082800000| Untracked 
|  41|0x0000000082900000, 0x0000000082a00000, 0x0000000082a00000|100%| O|  |TAMS 0x0000000082a00000, 0x0000000082900000| Untracked 
|  42|0x0000000082a00000, 0x0000000082b00000, 0x0000000082b00000|100%| O|  |TAMS 0x0000000082b00000, 0x0000000082a00000| Untracked 
|  43|0x0000000082b00000, 0x0000000082c00000, 0x0000000082c00000|100%| O|  |TAMS 0x0000000082c00000, 0x0000000082b00000| Untracked 
|  44|0x0000000082c00000, 0x0000000082d00000, 0x0000000082d00000|100%| O|  |TAMS 0x0000000082d00000, 0x0000000082c00000| Untracked 
|  45|0x0000000082d00000, 0x0000000082e00000, 0x0000000082e00000|100%| O|  |TAMS 0x0000000082e00000, 0x0000000082d00000| Untracked 
|  46|0x0000000082e00000, 0x0000000082f00000, 0x0000000082f00000|100%| O|  |TAMS 0x0000000082f00000, 0x0000000082e00000| Untracked 
|  47|0x0000000082f00000, 0x0000000083000000, 0x0000000083000000|100%| O|  |TAMS 0x0000000083000000, 0x0000000082f00000| Untracked 
|  48|0x0000000083000000, 0x000000008309d000, 0x0000000083100000| 61%| O|  |TAMS 0x000000008309d000, 0x0000000083000000| Untracked 
|  49|0x0000000083100000, 0x0000000083100000, 0x0000000083200000|  0%| F|  |TAMS 0x0000000083100000, 0x0000000083100000| Untracked 
|  50|0x0000000083200000, 0x0000000083200000, 0x0000000083300000|  0%| F|  |TAMS 0x0000000083200000, 0x0000000083200000| Untracked 
|  51|0x0000000083300000, 0x0000000083300000, 0x0000000083400000|  0%| F|  |TAMS 0x0000000083300000, 0x0000000083300000| Untracked 
|  52|0x0000000083400000, 0x0000000083400000, 0x0000000083500000|  0%| F|  |TAMS 0x0000000083400000, 0x0000000083400000| Untracked 
|  53|0x0000000083500000, 0x0000000083500000, 0x0000000083600000|  0%| F|  |TAMS 0x0000000083500000, 0x0000000083500000| Untracked 
|  54|0x0000000083600000, 0x0000000083600000, 0x0000000083700000|  0%| F|  |TAMS 0x0000000083600000, 0x0000000083600000| Untracked 
|  55|0x0000000083700000, 0x0000000083700000, 0x0000000083800000|  0%| F|  |TAMS 0x0000000083700000, 0x0000000083700000| Untracked 
|  56|0x0000000083800000, 0x0000000083800000, 0x0000000083900000|  0%| F|  |TAMS 0x0000000083800000, 0x0000000083800000| Untracked 
|  57|0x0000000083900000, 0x0000000083900000, 0x0000000083a00000|  0%| F|  |TAMS 0x0000000083900000, 0x0000000083900000| Untracked 
|  58|0x0000000083a00000, 0x0000000083a00000, 0x0000000083b00000|  0%| F|  |TAMS 0x0000000083a00000, 0x0000000083a00000| Untracked 
|  59|0x0000000083b00000, 0x0000000083b00000, 0x0000000083c00000|  0%| F|  |TAMS 0x0000000083b00000, 0x0000000083b00000| Untracked 
|  60|0x0000000083c00000, 0x0000000083c00000, 0x0000000083d00000|  0%| F|  |TAMS 0x0000000083c00000, 0x0000000083c00000| Untracked 
|  61|0x0000000083d00000, 0x0000000083d00000, 0x0000000083e00000|  0%| F|  |TAMS 0x0000000083d00000, 0x0000000083d00000| Untracked 
|  62|0x0000000083e00000, 0x0000000083e00000, 0x0000000083f00000|  0%| F|  |TAMS 0x0000000083e00000, 0x0000000083e00000| Untracked 
|  63|0x0000000083f00000, 0x0000000083f00000, 0x0000000084000000|  0%| F|  |TAMS 0x0000000083f00000, 0x0000000083f00000| Untracked 
|  64|0x0000000084000000, 0x0000000084051aa0, 0x0000000084100000| 31%| S|CS|TAMS 0x0000000084000000, 0x0000000084000000| Complete 
|  65|0x0000000084100000, 0x0000000084200000, 0x0000000084200000|100%| S|CS|TAMS 0x0000000084100000, 0x0000000084100000| Complete 
|  66|0x0000000084200000, 0x0000000084200000, 0x0000000084300000|  0%| F|  |TAMS 0x0000000084200000, 0x0000000084200000| Untracked 
|  67|0x0000000084300000, 0x0000000084300000, 0x0000000084400000|  0%| F|  |TAMS 0x0000000084300000, 0x0000000084300000| Untracked 
|  68|0x0000000084400000, 0x0000000084400000, 0x0000000084500000|  0%| F|  |TAMS 0x0000000084400000, 0x0000000084400000| Untracked 
|  69|0x0000000084500000, 0x0000000084500000, 0x0000000084600000|  0%| F|  |TAMS 0x0000000084500000, 0x0000000084500000| Untracked 
|  70|0x0000000084600000, 0x0000000084600000, 0x0000000084700000|  0%| F|  |TAMS 0x0000000084600000, 0x0000000084600000| Untracked 
|  71|0x0000000084700000, 0x0000000084700000, 0x0000000084800000|  0%| F|  |TAMS 0x0000000084700000, 0x0000000084700000| Untracked 
|  72|0x0000000084800000, 0x0000000084800000, 0x0000000084900000|  0%| F|  |TAMS 0x0000000084800000, 0x0000000084800000| Untracked 
|  73|0x0000000084900000, 0x0000000084900000, 0x0000000084a00000|  0%| F|  |TAMS 0x0000000084900000, 0x0000000084900000| Untracked 
|  74|0x0000000084a00000, 0x0000000084a00000, 0x0000000084b00000|  0%| F|  |TAMS 0x0000000084a00000, 0x0000000084a00000| Untracked 
|  75|0x0000000084b00000, 0x0000000084b00000, 0x0000000084c00000|  0%| F|  |TAMS 0x0000000084b00000, 0x0000000084b00000| Untracked 
|  76|0x0000000084c00000, 0x0000000084c00000, 0x0000000084d00000|  0%| F|  |TAMS 0x0000000084c00000, 0x0000000084c00000| Untracked 
|  77|0x0000000084d00000, 0x0000000084d00000, 0x0000000084e00000|  0%| F|  |TAMS 0x0000000084d00000, 0x0000000084d00000| Untracked 
|  78|0x0000000084e00000, 0x0000000084e00000, 0x0000000084f00000|  0%| F|  |TAMS 0x0000000084e00000, 0x0000000084e00000| Untracked 
|  79|0x0000000084f00000, 0x0000000084f00000, 0x0000000085000000|  0%| F|  |TAMS 0x0000000084f00000, 0x0000000084f00000| Untracked 
|  80|0x0000000085000000, 0x0000000085000000, 0x0000000085100000|  0%| F|  |TAMS 0x0000000085000000, 0x0000000085000000| Untracked 
|  81|0x0000000085100000, 0x0000000085180800, 0x0000000085200000| 50%| E|  |TAMS 0x0000000085100000, 0x0000000085100000| Complete 
|  82|0x0000000085200000, 0x0000000085300000, 0x0000000085300000|100%| E|CS|TAMS 0x0000000085200000, 0x0000000085200000| Complete 
|  83|0x0000000085300000, 0x0000000085400000, 0x0000000085400000|100%| E|CS|TAMS 0x0000000085300000, 0x0000000085300000| Complete 
|  84|0x0000000085400000, 0x0000000085500000, 0x0000000085500000|100%| E|CS|TAMS 0x0000000085400000, 0x0000000085400000| Complete 
|  85|0x0000000085500000, 0x0000000085600000, 0x0000000085600000|100%| E|CS|TAMS 0x0000000085500000, 0x0000000085500000| Complete 
|  86|0x0000000085600000, 0x0000000085700000, 0x0000000085700000|100%| E|CS|TAMS 0x0000000085600000, 0x0000000085600000| Complete 
|  87|0x0000000085700000, 0x0000000085800000, 0x0000000085800000|100%| E|CS|TAMS 0x0000000085700000, 0x0000000085700000| Complete 
|  88|0x0000000085800000, 0x0000000085900000, 0x0000000085900000|100%| E|CS|TAMS 0x0000000085800000, 0x0000000085800000| Complete 
|  89|0x0000000085900000, 0x0000000085a00000, 0x0000000085a00000|100%| E|CS|TAMS 0x0000000085900000, 0x0000000085900000| Complete 
|  90|0x0000000085a00000, 0x0000000085b00000, 0x0000000085b00000|100%| E|CS|TAMS 0x0000000085a00000, 0x0000000085a00000| Complete 
|  91|0x0000000085b00000, 0x0000000085c00000, 0x0000000085c00000|100%| E|CS|TAMS 0x0000000085b00000, 0x0000000085b00000| Complete 
|  92|0x0000000085c00000, 0x0000000085d00000, 0x0000000085d00000|100%| E|CS|TAMS 0x0000000085c00000, 0x0000000085c00000| Complete 
|  93|0x0000000085d00000, 0x0000000085e00000, 0x0000000085e00000|100%| E|CS|TAMS 0x0000000085d00000, 0x0000000085d00000| Complete 
|  94|0x0000000085e00000, 0x0000000085f00000, 0x0000000085f00000|100%| E|CS|TAMS 0x0000000085e00000, 0x0000000085e00000| Complete 
|  95|0x0000000085f00000, 0x0000000086000000, 0x0000000086000000|100%| E|CS|TAMS 0x0000000085f00000, 0x0000000085f00000| Complete 
|  96|0x0000000086000000, 0x0000000086100000, 0x0000000086100000|100%| E|CS|TAMS 0x0000000086000000, 0x0000000086000000| Complete 
|  97|0x0000000086100000, 0x0000000086200000, 0x0000000086200000|100%| E|CS|TAMS 0x0000000086100000, 0x0000000086100000| Complete 
|  98|0x0000000086200000, 0x0000000086300000, 0x0000000086300000|100%| E|CS|TAMS 0x0000000086200000, 0x0000000086200000| Complete 
|  99|0x0000000086300000, 0x0000000086400000, 0x0000000086400000|100%| E|CS|TAMS 0x0000000086300000, 0x0000000086300000| Complete 
| 100|0x0000000086400000, 0x0000000086500000, 0x0000000086500000|100%| E|CS|TAMS 0x0000000086400000, 0x0000000086400000| Complete 
| 119|0x0000000087700000, 0x0000000087800000, 0x0000000087800000|100%| E|CS|TAMS 0x0000000087700000, 0x0000000087700000| Complete 

Card table byte_map: [0x0000019e1e5c0000,0x0000019e1e9c0000] _byte_map_base: 0x0000019e1e1c0000

Marking Bits (Prev, Next): (CMBitMap*) 0x0000019e0b8052a0, (CMBitMap*) 0x0000019e0b8052e0
 Prev Bits: [0x0000019e1edc0000, 0x0000019e20dc0000)
 Next Bits: [0x0000019e20dc0000, 0x0000019e22dc0000)

Polling page: 0x0000019e0af60000

Metaspace:

Usage:
  Non-class:     51.68 MB used.
      Class:      7.94 MB used.
       Both:     59.62 MB used.

Virtual space:
  Non-class space:       64.00 MB reserved,      51.94 MB ( 81%) committed,  1 nodes.
      Class space:        1.00 GB reserved,       8.19 MB ( <1%) committed,  1 nodes.
             Both:        1.06 GB reserved,      60.12 MB (  6%) committed. 

Chunk freelists:
   Non-Class:  11.19 MB
       Class:  7.84 MB
        Both:  19.03 MB

MaxMetaspaceSize: unlimited
CompressedClassSpaceSize: 1.00 GB
Initial GC threshold: 21.00 MB
Current GC threshold: 96.69 MB
CDS: off
MetaspaceReclaimPolicy: balanced
 - commit_granule_bytes: 65536.
 - commit_granule_words: 8192.
 - virtual_space_node_default_size: 8388608.
 - enlarge_chunks_in_place: 1.
 - new_chunks_are_fully_committed: 0.
 - uncommit_free_chunks: 1.
 - use_allocation_guard: 0.
 - handle_deallocations: 1.


Internal statistics:

num_allocs_failed_limit: 6.
num_arena_births: 634.
num_arena_deaths: 0.
num_vsnodes_births: 2.
num_vsnodes_deaths: 0.
num_space_committed: 962.
num_space_uncommitted: 0.
num_chunks_returned_to_freelist: 6.
num_chunks_taken_from_freelist: 2619.
num_chunk_merges: 6.
num_chunk_splits: 1783.
num_chunks_enlarged: 1261.
num_inconsistent_stats: 0.

CodeHeap 'non-profiled nmethods': size=120000Kb used=2747Kb max_used=3319Kb free=117252Kb
 bounds [0x0000019e16740000, 0x0000019e16aa0000, 0x0000019e1dc70000]
CodeHeap 'profiled nmethods': size=120000Kb used=9797Kb max_used=11002Kb free=110202Kb
 bounds [0x0000019e0ec70000, 0x0000019e0f730000, 0x0000019e161a0000]
CodeHeap 'non-nmethods': size=5760Kb used=2330Kb max_used=2399Kb free=3429Kb
 bounds [0x0000019e161a0000, 0x0000019e16410000, 0x0000019e16740000]
 total_blobs=6098 nmethods=5250 adapters=758
 compilation: enabled
              stopped_count=0, restarted_count=0
 full_count=0

Compilation events (20 events):
Event: 8.590 Thread 0x0000019e25bf9450 5998       3       com.google.common.reflect.TypeToken::getRawTypes (34 bytes)
Event: 8.591 Thread 0x0000019e25bf9450 nmethod 5998 0x0000019e0ec9f610 code [0x0000019e0ec9f8a0, 0x0000019e0eca07a8]
Event: 8.591 Thread 0x0000019e25bf9450 5999       3       com.google.common.reflect.TypeToken$4::<init> (10 bytes)
Event: 8.592 Thread 0x0000019e25bf9450 nmethod 5999 0x0000019e0ed2ab90 code [0x0000019e0ed2ad80, 0x0000019e0ed2b418]
Event: 8.592 Thread 0x0000019e25bf9450 6000       3       com.google.common.reflect.TypeToken$4::visitClass (10 bytes)
Event: 8.592 Thread 0x0000019e25bf9450 nmethod 6000 0x0000019e0ed2a710 code [0x0000019e0ed2a8c0, 0x0000019e0ed2aa88]
Event: 8.592 Thread 0x0000019e25bf9450 6001       3       org.gradle.api.internal.provider.AbstractProperty::assertCanMutate (12 bytes)
Event: 8.592 Thread 0x0000019e25bf9450 nmethod 6001 0x0000019e0f115090 code [0x0000019e0f115240, 0x0000019e0f1154d8]
Event: 8.592 Thread 0x0000019e25bf9450 6002       3       org.gradle.api.internal.provider.AbstractProperty$NonFinalizedValue::beforeMutate (34 bytes)
Event: 8.593 Thread 0x0000019e25bf9450 nmethod 6002 0x0000019e0edf8510 code [0x0000019e0edf8780, 0x0000019e0edf9368]
Event: 8.593 Thread 0x0000019e25bf9450 6003       3       com.google.common.reflect.Types$ClassOwnership$2::getOwnerType (14 bytes)
Event: 8.594 Thread 0x0000019e25bf9450 nmethod 6003 0x0000019e0ef6f110 code [0x0000019e0ef6f320, 0x0000019e0ef6f7e8]
Event: 8.594 Thread 0x0000019e25bf9450 6004       3       org.gradle.api.internal.provider.AbstractProperty::getValidationDisplayName (16 bytes)
Event: 8.594 Thread 0x0000019e25bf9450 nmethod 6004 0x0000019e0ef89690 code [0x0000019e0ef89820, 0x0000019e0ef89998]
Event: 8.594 Thread 0x0000019e25bf9450 6005       3       org.gradle.internal.state.DefaultManagedFactoryRegistry::lookup (41 bytes)
Event: 8.594 Thread 0x0000019e25bf9450 nmethod 6005 0x0000019e0ef7e010 code [0x0000019e0ef7e220, 0x0000019e0ef7e8f8]
Event: 8.594 Thread 0x0000019e25bf9450 6006       3       org.gradle.internal.snapshot.impl.IsolatedManagedValue::<init> (16 bytes)
Event: 8.595 Thread 0x0000019e25bf9450 nmethod 6006 0x0000019e0ef6ea10 code [0x0000019e0ef6ebc0, 0x0000019e0ef6ee98]
Event: 8.595 Thread 0x0000019e25bf9450 6007       3       org.gradle.internal.snapshot.impl.AbstractManagedValueSnapshot::<init> (10 bytes)
Event: 8.595 Thread 0x0000019e25bf9450 nmethod 6007 0x0000019e0ed02c90 code [0x0000019e0ed02e20, 0x0000019e0ed02fd8]

GC Heap History (20 events):
Event: 4.287 GC heap before
{Heap before GC invocations=6 (full 0):
 garbage-first heap   total 71680K, used 51836K [0x0000000080000000, 0x0000000100000000)
  region size 1024K, 34 young (34816K), 4 survivors (4096K)
 Metaspace       used 34575K, committed 34880K, reserved 1114112K
  class space    used 4767K, committed 4864K, reserved 1048576K
}
Event: 4.293 GC heap after
{Heap after GC invocations=7 (full 0):
 garbage-first heap   total 71680K, used 23606K [0x0000000080000000, 0x0000000100000000)
  region size 1024K, 3 young (3072K), 3 survivors (3072K)
 Metaspace       used 34575K, committed 34880K, reserved 1114112K
  class space    used 4767K, committed 4864K, reserved 1048576K
}
Event: 4.445 GC heap before
{Heap before GC invocations=7 (full 0):
 garbage-first heap   total 71680K, used 29750K [0x0000000080000000, 0x0000000100000000)
  region size 1024K, 11 young (11264K), 3 survivors (3072K)
 Metaspace       used 35782K, committed 36096K, reserved 1114112K
  class space    used 4957K, committed 5120K, reserved 1048576K
}
Event: 4.449 GC heap after
{Heap after GC invocations=8 (full 0):
 garbage-first heap   total 71680K, used 24410K [0x0000000080000000, 0x0000000100000000)
  region size 1024K, 3 young (3072K), 3 survivors (3072K)
 Metaspace       used 35782K, committed 36096K, reserved 1114112K
  class space    used 4957K, committed 5120K, reserved 1048576K
}
Event: 4.920 GC heap before
{Heap before GC invocations=9 (full 0):
 garbage-first heap   total 71680K, used 52058K [0x0000000080000000, 0x0000000100000000)
  region size 1024K, 31 young (31744K), 3 survivors (3072K)
 Metaspace       used 41105K, committed 41472K, reserved 1114112K
  class space    used 5472K, committed 5632K, reserved 1048576K
}
Event: 4.925 GC heap after
{Heap after GC invocations=10 (full 0):
 garbage-first heap   total 86016K, used 27887K [0x0000000080000000, 0x0000000100000000)
  region size 1024K, 4 young (4096K), 4 survivors (4096K)
 Metaspace       used 41105K, committed 41472K, reserved 1114112K
  class space    used 5472K, committed 5632K, reserved 1048576K
}
Event: 5.358 GC heap before
{Heap before GC invocations=10 (full 0):
 garbage-first heap   total 86016K, used 67823K [0x0000000080000000, 0x0000000100000000)
  region size 1024K, 38 young (38912K), 4 survivors (4096K)
 Metaspace       used 43994K, committed 44352K, reserved 1114112K
  class space    used 5798K, committed 5952K, reserved 1048576K
}
Event: 5.364 GC heap after
{Heap after GC invocations=11 (full 0):
 garbage-first heap   total 86016K, used 30869K [0x0000000080000000, 0x0000000100000000)
  region size 1024K, 5 young (5120K), 5 survivors (5120K)
 Metaspace       used 43994K, committed 44352K, reserved 1114112K
  class space    used 5798K, committed 5952K, reserved 1048576K
}
Event: 5.948 GC heap before
{Heap before GC invocations=11 (full 0):
 garbage-first heap   total 86016K, used 65685K [0x0000000080000000, 0x0000000100000000)
  region size 1024K, 38 young (38912K), 5 survivors (5120K)
 Metaspace       used 47741K, committed 48192K, reserved 1114112K
  class space    used 6321K, committed 6528K, reserved 1048576K
}
Event: 5.955 GC heap after
{Heap after GC invocations=12 (full 0):
 garbage-first heap   total 86016K, used 33278K [0x0000000080000000, 0x0000000100000000)
  region size 1024K, 3 young (3072K), 3 survivors (3072K)
 Metaspace       used 47741K, committed 48192K, reserved 1114112K
  class space    used 6321K, committed 6528K, reserved 1048576K
}
Event: 6.532 GC heap before
{Heap before GC invocations=12 (full 0):
 garbage-first heap   total 86016K, used 65022K [0x0000000080000000, 0x0000000100000000)
  region size 1024K, 34 young (34816K), 3 survivors (3072K)
 Metaspace       used 51564K, committed 51968K, reserved 1114112K
  class space    used 6964K, committed 7168K, reserved 1048576K
}
Event: 6.536 GC heap after
{Heap after GC invocations=13 (full 0):
 garbage-first heap   total 86016K, used 34485K [0x0000000080000000, 0x0000000100000000)
  region size 1024K, 4 young (4096K), 4 survivors (4096K)
 Metaspace       used 51564K, committed 51968K, reserved 1114112K
  class space    used 6964K, committed 7168K, reserved 1048576K
}
Event: 7.276 GC heap before
{Heap before GC invocations=13 (full 0):
 garbage-first heap   total 86016K, used 66229K [0x0000000080000000, 0x0000000100000000)
  region size 1024K, 35 young (35840K), 4 survivors (4096K)
 Metaspace       used 53903K, committed 54400K, reserved 1114112K
  class space    used 7258K, committed 7488K, reserved 1048576K
}
Event: 7.283 GC heap after
{Heap after GC invocations=14 (full 0):
 garbage-first heap   total 86016K, used 38145K [0x0000000080000000, 0x0000000100000000)
  region size 1024K, 5 young (5120K), 5 survivors (5120K)
 Metaspace       used 53903K, committed 54400K, reserved 1114112K
  class space    used 7258K, committed 7488K, reserved 1048576K
}
Event: 7.710 GC heap before
{Heap before GC invocations=14 (full 0):
 garbage-first heap   total 86016K, used 69889K [0x0000000080000000, 0x0000000100000000)
  region size 1024K, 33 young (33792K), 5 survivors (5120K)
 Metaspace       used 55211K, committed 55680K, reserved 1114112K
  class space    used 7412K, committed 7616K, reserved 1048576K
}
Event: 7.717 GC heap after
{Heap after GC invocations=15 (full 0):
 garbage-first heap   total 86016K, used 48392K [0x0000000080000000, 0x0000000100000000)
  region size 1024K, 5 young (5120K), 5 survivors (5120K)
 Metaspace       used 55211K, committed 55680K, reserved 1114112K
  class space    used 7412K, committed 7616K, reserved 1048576K
}
Event: 8.071 GC heap before
{Heap before GC invocations=16 (full 0):
 garbage-first heap   total 87040K, used 66824K [0x0000000080000000, 0x0000000100000000)
  region size 1024K, 23 young (23552K), 5 survivors (5120K)
 Metaspace       used 56768K, committed 57280K, reserved 1114112K
  class space    used 7656K, committed 7872K, reserved 1048576K
}
Event: 8.075 GC heap after
{Heap after GC invocations=17 (full 0):
 garbage-first heap   total 87040K, used 50362K [0x0000000080000000, 0x0000000100000000)
  region size 1024K, 1 young (1024K), 1 survivors (1024K)
 Metaspace       used 56768K, committed 57280K, reserved 1114112K
  class space    used 7656K, committed 7872K, reserved 1048576K
}
Event: 8.383 GC heap before
{Heap before GC invocations=17 (full 0):
 garbage-first heap   total 87040K, used 67770K [0x0000000080000000, 0x0000000100000000)
  region size 1024K, 19 young (19456K), 1 survivors (1024K)
 Metaspace       used 58741K, committed 59264K, reserved 1114112K
  class space    used 7875K, committed 8128K, reserved 1048576K
}
Event: 8.385 GC heap after
{Heap after GC invocations=18 (full 0):
 garbage-first heap   total 104448K, used 50722K [0x0000000080000000, 0x0000000100000000)
  region size 1024K, 2 young (2048K), 2 survivors (2048K)
 Metaspace       used 58741K, committed 59264K, reserved 1114112K
  class space    used 7875K, committed 8128K, reserved 1048576K
}

Dll operation events (3 events):
Event: 0.008 Loaded shared library C:\Program Files\Android\Android Studio\jbr\bin\java.dll
Event: 0.132 Loaded shared library C:\Program Files\Android\Android Studio\jbr\bin\zip.dll
Event: 0.456 Loaded shared library C:\Program Files\Android\Android Studio\jbr\bin\verify.dll

Deoptimization events (20 events):
Event: 8.164 Thread 0x0000019e2b96a380 Uncommon trap: trap_request=0xffffffde fr.pc=0x0000019e168f387c relative=0x00000000000001bc
Event: 8.164 Thread 0x0000019e2b96a380 Uncommon trap: reason=class_check action=maybe_recompile pc=0x0000019e168f387c method=java.io.BufferedInputStream.read1([BII)I @ 39 c2
Event: 8.164 Thread 0x0000019e2b96a380 DEOPT PACKING pc=0x0000019e168f387c sp=0x00000002912f7570
Event: 8.164 Thread 0x0000019e2b96a380 DEOPT UNPACKING pc=0x0000019e161f69a3 sp=0x00000002912f7528 mode 2
Event: 8.254 Thread 0x0000019e2b96a380 Uncommon trap: trap_request=0xffffffde fr.pc=0x0000019e16a53484 relative=0x0000000000002764
Event: 8.254 Thread 0x0000019e2b96a380 Uncommon trap: reason=class_check action=maybe_recompile pc=0x0000019e16a53484 method=java.util.jar.JarFile.getManifestFromReference()Ljava/util/jar/Manifest; @ 152 c2
Event: 8.254 Thread 0x0000019e2b96a380 DEOPT PACKING pc=0x0000019e16a53484 sp=0x00000002912f6b30
Event: 8.254 Thread 0x0000019e2b96a380 DEOPT UNPACKING pc=0x0000019e161f69a3 sp=0x00000002912f6aa0 mode 2
Event: 8.279 Thread 0x0000019e2b96a380 Uncommon trap: trap_request=0xffffffde fr.pc=0x0000019e16a58cc4 relative=0x0000000000000364
Event: 8.279 Thread 0x0000019e2b96a380 Uncommon trap: reason=class_check action=maybe_recompile pc=0x0000019e16a58cc4 method=java.util.stream.AbstractPipeline.copyIntoWithCancel(Ljava/util/stream/Sink;Ljava/util/Spliterator;)Z @ 32 c2
Event: 8.279 Thread 0x0000019e2b96a380 DEOPT PACKING pc=0x0000019e16a58cc4 sp=0x00000002912f6940
Event: 8.279 Thread 0x0000019e2b96a380 DEOPT UNPACKING pc=0x0000019e161f69a3 sp=0x00000002912f6800 mode 2
Event: 8.279 Thread 0x0000019e2b96a380 Uncommon trap: trap_request=0xffffffde fr.pc=0x0000019e16a58cc4 relative=0x0000000000000364
Event: 8.279 Thread 0x0000019e2b96a380 Uncommon trap: reason=class_check action=maybe_recompile pc=0x0000019e16a58cc4 method=java.util.stream.AbstractPipeline.copyIntoWithCancel(Ljava/util/stream/Sink;Ljava/util/Spliterator;)Z @ 32 c2
Event: 8.279 Thread 0x0000019e2b96a380 DEOPT PACKING pc=0x0000019e16a58cc4 sp=0x00000002912f6940
Event: 8.279 Thread 0x0000019e2b96a380 DEOPT UNPACKING pc=0x0000019e161f69a3 sp=0x00000002912f6800 mode 2
Event: 8.279 Thread 0x0000019e2b96a380 Uncommon trap: trap_request=0xffffffde fr.pc=0x0000019e16a58cc4 relative=0x0000000000000364
Event: 8.279 Thread 0x0000019e2b96a380 Uncommon trap: reason=class_check action=maybe_recompile pc=0x0000019e16a58cc4 method=java.util.stream.AbstractPipeline.copyIntoWithCancel(Ljava/util/stream/Sink;Ljava/util/Spliterator;)Z @ 32 c2
Event: 8.279 Thread 0x0000019e2b96a380 DEOPT PACKING pc=0x0000019e16a58cc4 sp=0x00000002912f6940
Event: 8.279 Thread 0x0000019e2b96a380 DEOPT UNPACKING pc=0x0000019e161f69a3 sp=0x00000002912f6800 mode 2

Classes unloaded (0 events):
No events

Classes redefined (0 events):
No events

Internal exceptions (20 events):
Event: 6.687 Thread 0x0000019e2b96a380 Exception <a 'java/lang/NoSuchMethodError'{0x0000000084be9188}: 'int java.lang.invoke.DirectMethodHandle$Holder.invokeStaticInit(java.lang.Object)'> (0x0000000084be9188) 
thrown [s\src\hotspot\share\interpreter\linkResolver.cpp, line 771]
Event: 6.701 Thread 0x0000019e2b96a380 Exception <a 'java/lang/NoSuchMethodError'{0x0000000084a799f8}: 'java.lang.Object java.lang.invoke.DirectMethodHandle$Holder.newInvokeSpecial(java.lang.Object, java.lang.Object, java.lang.Object, java.lang.Object, java.lang.Object, int)'> (0x0000000084a799f8) 
thrown [s\src\hotspot\share\interpreter\linkResolver.cpp, line 771]
Event: 6.701 Thread 0x0000019e2b96a380 Exception <a 'java/lang/NoSuchMethodError'{0x0000000084a7f050}: 'java.lang.Object java.lang.invoke.DirectMethodHandle$Holder.invokeSpecial(java.lang.Object, java.lang.Object, java.lang.Object, java.lang.Object, java.lang.Object, java.lang.Object, int)'> (0x0000000084a7f050) 
thrown [s\src\hotspot\share\interpreter\linkResolver.cpp, line 771]
Event: 6.722 Thread 0x0000019e2b96a380 Exception <a 'java/lang/NoSuchMethodError'{0x0000000084965428}: 'void java.lang.invoke.DirectMethodHandle$Holder.invokeStatic(java.lang.Object, java.lang.Object, java.lang.Object, int, java.lang.Object)'> (0x0000000084965428) 
thrown [s\src\hotspot\share\interpreter\linkResolver.cpp, line 771]
Event: 7.311 Thread 0x0000019e2b96a380 Exception <a 'java/lang/NoSuchMethodError'{0x000000008502d478}: 'long java.lang.invoke.DirectMethodHandle$Holder.invokeVirtual(java.lang.Object, java.lang.Object)'> (0x000000008502d478) 
thrown [s\src\hotspot\share\interpreter\linkResolver.cpp, line 771]
Event: 7.318 Thread 0x0000019e2b96ced0 Exception <a 'java/lang/NoSuchMethodError'{0x0000000085087b48}: static Lorg/gradle/internal/build/event/types/DefaultOperationFinishedProgressEvent;.<clinit>()V> (0x0000000085087b48) 
thrown [s\src\hotspot\share\prims\jni.cpp, line 1108]
Event: 7.321 Thread 0x0000019e2b96ced0 Exception <a 'java/lang/NoSuchMethodError'{0x00000000850ae5f0}: static Lorg/gradle/internal/build/event/types/DefaultProjectConfigurationSuccessResult;.<clinit>()V> (0x00000000850ae5f0) 
thrown [s\src\hotspot\share\prims\jni.cpp, line 1108]
Event: 7.321 Thread 0x0000019e2b96ced0 Exception <a 'java/lang/NoSuchMethodError'{0x00000000850af920}: static Lorg/gradle/internal/build/event/types/AbstractProjectConfigurationResult;.<clinit>()V> (0x00000000850af920) 
thrown [s\src\hotspot\share\prims\jni.cpp, line 1108]
Event: 7.321 Thread 0x0000019e2b96ced0 Exception <a 'java/lang/NoSuchMethodError'{0x00000000850b0e40}: static Lorg/gradle/internal/build/event/types/AbstractOperationResult;.<clinit>()V> (0x00000000850b0e40) 
thrown [s\src\hotspot\share\prims\jni.cpp, line 1108]
Event: 7.321 Thread 0x0000019e2b96ced0 Exception <a 'java/lang/NoSuchMethodError'{0x00000000850b2040}: static Lorg/gradle/internal/build/event/types/AbstractResult;.<clinit>()V> (0x00000000850b2040) 
thrown [s\src\hotspot\share\prims\jni.cpp, line 1108]
Event: 7.323 Thread 0x0000019e2b96ced0 Exception <a 'java/lang/NoSuchMethodError'{0x00000000850c85f8}: static Lorg/gradle/internal/build/event/types/DefaultPluginApplicationResult;.<clinit>()V> (0x00000000850c85f8) 
thrown [s\src\hotspot\share\prims\jni.cpp, line 1108]
Event: 7.324 Thread 0x0000019e2b96ced0 Exception <a 'java/lang/NoSuchMethodError'{0x00000000850d5028}: static Lorg/gradle/internal/build/event/types/DefaultBinaryPluginIdentifier;.<clinit>()V> (0x00000000850d5028) 
thrown [s\src\hotspot\share\prims\jni.cpp, line 1108]
Event: 7.327 Thread 0x0000019e2b96ced0 Exception <a 'java/lang/NoSuchMethodError'{0x0000000084f137e8}: static Lorg/gradle/internal/build/event/types/DefaultScriptPluginIdentifier;.<clinit>()V> (0x0000000084f137e8) 
thrown [s\src\hotspot\share\prims\jni.cpp, line 1108]
Event: 7.539 Thread 0x0000019e2b96a380 Exception <a 'java/lang/ClassNotFoundException'{0x0000000084319690}: sun/misc/SharedSecrets> (0x0000000084319690) 
thrown [s\src\hotspot\share\classfile\systemDictionary.cpp, line 256]
Event: 7.539 Thread 0x0000019e2b96a380 Exception <a 'java/lang/ClassNotFoundException'{0x000000008431ac68}: org/gradle/api/internal/plugins/DefaultObjectConfigurationActionBeanInfo> (0x000000008431ac68) 
thrown [s\src\hotspot\share\classfile\systemDictionary.cpp, line 256]
Event: 7.540 Thread 0x0000019e2b96a380 Exception <a 'java/lang/ClassNotFoundException'{0x000000008432f680}: org/gradle/api/internal/plugins/DefaultObjectConfigurationActionCustomizer> (0x000000008432f680) 
thrown [s\src\hotspot\share\classfile\systemDictionary.cpp, line 256]
Event: 7.895 Thread 0x0000019e2b96a380 Exception <a 'java/lang/NoSuchMethodError'{0x0000000084c07d78}: 'java.lang.Object java.lang.invoke.DirectMethodHandle$Holder.newInvokeSpecial(java.lang.Object, java.lang.Object, java.lang.Object, java.lang.Object, int)'> (0x0000000084c07d78) 
thrown [s\src\hotspot\share\interpreter\linkResolver.cpp, line 771]
Event: 7.895 Thread 0x0000019e2b96a380 Exception <a 'java/lang/NoSuchMethodError'{0x0000000084c0d1c0}: 'java.lang.Object java.lang.invoke.DirectMethodHandle$Holder.invokeSpecial(java.lang.Object, java.lang.Object, java.lang.Object, java.lang.Object, java.lang.Object, int)'> (0x0000000084c0d1c0) 
thrown [s\src\hotspot\share\interpreter\linkResolver.cpp, line 771]
Event: 7.895 Thread 0x0000019e2b96a380 Exception <a 'java/lang/NoSuchMethodError'{0x0000000084c11f40}: 'java.lang.Object java.lang.invoke.Invokers$Holder.linkToTargetMethod(java.lang.Object, java.lang.Object, java.lang.Object, int, java.lang.Object)'> (0x0000000084c11f40) 
thrown [s\src\hotspot\share\interpreter\linkResolver.cpp, line 771]
Event: 8.229 Thread 0x0000019e2b96a380 Exception <a 'java/lang/NoSuchMethodError'{0x0000000084c88450}: 'int java.lang.invoke.DirectMethodHandle$Holder.invokeInterface(java.lang.Object, java.lang.Object, java.lang.Object, java.lang.Object)'> (0x0000000084c88450) 
thrown [s\src\hotspot\share\interpreter\linkResolver.cpp, line 771]

VM Operations (20 events):
Event: 7.625 Executing VM operation: HandshakeAllThreads
Event: 7.626 Executing VM operation: HandshakeAllThreads done
Event: 7.710 Executing VM operation: G1TryInitiateConcMark
Event: 7.717 Executing VM operation: G1TryInitiateConcMark done
Event: 7.742 Executing VM operation: G1Concurrent
Event: 7.746 Executing VM operation: G1Concurrent done
Event: 7.758 Executing VM operation: G1Concurrent
Event: 7.758 Executing VM operation: G1Concurrent done
Event: 8.071 Executing VM operation: G1CollectForAllocation
Event: 8.075 Executing VM operation: G1CollectForAllocation done
Event: 8.217 Executing VM operation: HandshakeAllThreads
Event: 8.217 Executing VM operation: HandshakeAllThreads done
Event: 8.228 Executing VM operation: HandshakeAllThreads
Event: 8.228 Executing VM operation: HandshakeAllThreads done
Event: 8.383 Executing VM operation: G1CollectForAllocation
Event: 8.385 Executing VM operation: G1CollectForAllocation done
Event: 8.405 Executing VM operation: G1Concurrent
Event: 8.408 Executing VM operation: G1Concurrent done
Event: 8.418 Executing VM operation: G1Concurrent
Event: 8.418 Executing VM operation: G1Concurrent done

Events (20 events):
Event: 8.468 loading class java/time/format/DateTimeFormatterBuilder$ZoneIdPrinterParser done
Event: 8.468 loading class java/time/format/DateTimeFormatterBuilder$StringLiteralPrinterParser
Event: 8.468 loading class java/time/format/DateTimeFormatterBuilder$StringLiteralPrinterParser done
Event: 8.468 loading class java/time/format/DateTimeFormatterBuilder$InstantPrinterParser
Event: 8.468 loading class java/time/format/DateTimeFormatterBuilder$InstantPrinterParser done
Event: 8.468 loading class java/time/format/DateTimeTextProvider$LocaleStore
Event: 8.468 loading class java/time/format/DateTimeTextProvider$LocaleStore done
Event: 8.468 loading class java/time/format/DateTimeTextProvider
Event: 8.469 loading class java/time/format/DateTimeTextProvider done
Event: 8.469 loading class java/time/format/DateTimeTextProvider$1
Event: 8.469 loading class java/time/format/DateTimeTextProvider$1 done
Event: 8.469 loading class java/time/format/DateTimeFormatterBuilder$1
Event: 8.469 loading class java/time/format/DateTimeFormatterBuilder$1 done
Event: 8.469 loading class java/time/format/DateTimeFormatterBuilder$TextPrinterParser
Event: 8.469 loading class java/time/format/DateTimeFormatterBuilder$TextPrinterParser done
Event: 8.470 loading class java/util/concurrent/Executors$DefaultThreadFactory
Event: 8.470 loading class java/util/concurrent/Executors$DefaultThreadFactory done
Event: 8.527 Thread 0x0000019e2a664130 Thread added: 0x0000019e2a664130
Event: 8.619 loading class java/nio/charset/UnsupportedCharsetException
Event: 8.619 loading class java/nio/charset/UnsupportedCharsetException done


Dynamic libraries:
0x00007ff75dc80000 - 0x00007ff75dc8a000 	C:\Program Files\Android\Android Studio\jbr\bin\java.exe
0x00007ffafb810000 - 0x00007ffafba27000 	C:\WINDOWS\SYSTEM32\ntdll.dll
0x00007ffab9970000 - 0x00007ffab9989000 	C:\Program Files\Avast Software\Avast\aswhook.dll
0x00007ffaf9900000 - 0x00007ffaf99c4000 	C:\WINDOWS\System32\KERNEL32.DLL
0x00007ffaf9080000 - 0x00007ffaf9426000 	C:\WINDOWS\System32\KERNELBASE.dll
0x00007ffaf8b50000 - 0x00007ffaf8c61000 	C:\WINDOWS\System32\ucrtbase.dll
0x00007ffaf18c0000 - 0x00007ffaf18d7000 	C:\Program Files\Android\Android Studio\jbr\bin\jli.dll
0x00007ffaeef90000 - 0x00007ffaeefab000 	C:\Program Files\Android\Android Studio\jbr\bin\VCRUNTIME140.dll
0x00007ffafa890000 - 0x00007ffafaa3e000 	C:\WINDOWS\System32\USER32.dll
0x00007ffaf8d90000 - 0x00007ffaf8db6000 	C:\WINDOWS\System32\win32u.dll
0x00007ffae59b0000 - 0x00007ffae5c43000 	C:\WINDOWS\WinSxS\amd64_microsoft.windows.common-controls_6595b64144ccf1df_6.0.22621.2506_none_270c5ae97388e100\COMCTL32.dll
0x00007ffafaa40000 - 0x00007ffafaa69000 	C:\WINDOWS\System32\GDI32.dll
0x00007ffaf8c70000 - 0x00007ffaf8d88000 	C:\WINDOWS\System32\gdi32full.dll
0x00007ffaf96f0000 - 0x00007ffaf9797000 	C:\WINDOWS\System32\msvcrt.dll
0x00007ffaf8f30000 - 0x00007ffaf8fca000 	C:\WINDOWS\System32\msvcp_win.dll
0x00007ffafa6d0000 - 0x00007ffafa701000 	C:\WINDOWS\System32\IMM32.DLL
0x00007ffaf5b20000 - 0x00007ffaf5b2c000 	C:\Program Files\Android\Android Studio\jbr\bin\vcruntime140_1.dll
0x00007ffab99d0000 - 0x00007ffab9a5d000 	C:\Program Files\Android\Android Studio\jbr\bin\msvcp140.dll
0x00007ffa7dd20000 - 0x00007ffa7e9a0000 	C:\Program Files\Android\Android Studio\jbr\bin\server\jvm.dll
0x00007ffafa7d0000 - 0x00007ffafa883000 	C:\WINDOWS\System32\ADVAPI32.dll
0x00007ffaf9fb0000 - 0x00007ffafa058000 	C:\WINDOWS\System32\sechost.dll
0x00007ffaf9050000 - 0x00007ffaf9078000 	C:\WINDOWS\System32\bcrypt.dll
0x00007ffaf95d0000 - 0x00007ffaf96e7000 	C:\WINDOWS\System32\RPCRT4.dll
0x00007ffaf22a0000 - 0x00007ffaf22d4000 	C:\WINDOWS\SYSTEM32\WINMM.dll
0x00007ffadfa20000 - 0x00007ffadfa29000 	C:\WINDOWS\SYSTEM32\WSOCK32.dll
0x00007ffaef630000 - 0x00007ffaef63a000 	C:\WINDOWS\SYSTEM32\VERSION.dll
0x00007ffafacb0000 - 0x00007ffafad21000 	C:\WINDOWS\System32\WS2_32.dll
0x00007ffaf7b50000 - 0x00007ffaf7b68000 	C:\WINDOWS\SYSTEM32\kernel.appcore.dll
0x00007ffaf3f50000 - 0x00007ffaf3f5a000 	C:\Program Files\Android\Android Studio\jbr\bin\jimage.dll
0x00007ffaef1e0000 - 0x00007ffaef413000 	C:\WINDOWS\SYSTEM32\DBGHELP.DLL
0x00007ffafa060000 - 0x00007ffafa3e9000 	C:\WINDOWS\System32\combase.dll
0x00007ffafad30000 - 0x00007ffafae07000 	C:\WINDOWS\System32\OLEAUT32.dll
0x00007ffaef5f0000 - 0x00007ffaef622000 	C:\WINDOWS\SYSTEM32\dbgcore.DLL
0x00007ffaf8fd0000 - 0x00007ffaf904a000 	C:\WINDOWS\System32\bcryptPrimitives.dll
0x00007ffaf22f0000 - 0x00007ffaf22fe000 	C:\Program Files\Android\Android Studio\jbr\bin\instrument.dll
0x00007ffaf09b0000 - 0x00007ffaf09d5000 	C:\Program Files\Android\Android Studio\jbr\bin\java.dll
0x00007ffaf3eb0000 - 0x00007ffaf3ec8000 	C:\Program Files\Android\Android Studio\jbr\bin\zip.dll
0x00007ffafae10000 - 0x00007ffafb66b000 	C:\WINDOWS\System32\SHELL32.dll
0x00007ffaf6a60000 - 0x00007ffaf7356000 	C:\WINDOWS\SYSTEM32\windows.storage.dll
0x00007ffaf6920000 - 0x00007ffaf6a5e000 	C:\WINDOWS\SYSTEM32\wintypes.dll
0x00007ffafa5d0000 - 0x00007ffafa6c3000 	C:\WINDOWS\System32\SHCORE.dll
0x00007ffaf9f50000 - 0x00007ffaf9fae000 	C:\WINDOWS\System32\shlwapi.dll
0x00007ffaf8a80000 - 0x00007ffaf8aa6000 	C:\WINDOWS\SYSTEM32\profapi.dll
0x00007ffaf3d80000 - 0x00007ffaf3d99000 	C:\Program Files\Android\Android Studio\jbr\bin\net.dll
0x00007ffaf3570000 - 0x00007ffaf36a7000 	C:\WINDOWS\SYSTEM32\WINHTTP.dll
0x00007ffaf8030000 - 0x00007ffaf8099000 	C:\WINDOWS\system32\mswsock.dll
0x00007ffaf2140000 - 0x00007ffaf2156000 	C:\Program Files\Android\Android Studio\jbr\bin\nio.dll
0x00007ffaf3e80000 - 0x00007ffaf3e90000 	C:\Program Files\Android\Android Studio\jbr\bin\verify.dll
0x00007ffaf0ab0000 - 0x00007ffaf0ad7000 	C:\Users\A S U S\.gradle\native\68d5fa5c4cc2d200863cafc0d521ce42e7d3e7ee720ec0a83991735586a16f82\windows-amd64\native-platform.dll
0x00007ffa9a960000 - 0x00007ffa9aaa4000 	C:\Users\A S U S\.gradle\native\e376f236ea51e6404a007f0833ffe2c6e607c4080706a723a18a27aeea778392\windows-amd64\native-platform-file-events.dll
0x00007ffaf3e50000 - 0x00007ffaf3e59000 	C:\Program Files\Android\Android Studio\jbr\bin\management.dll
0x00007ffaf3020000 - 0x00007ffaf302b000 	C:\Program Files\Android\Android Studio\jbr\bin\management_ext.dll
0x00007ffafab00000 - 0x00007ffafab08000 	C:\WINDOWS\System32\PSAPI.DLL
0x00007ffaf8380000 - 0x00007ffaf839b000 	C:\WINDOWS\SYSTEM32\CRYPTSP.dll
0x00007ffaf7ab0000 - 0x00007ffaf7ae5000 	C:\WINDOWS\system32\rsaenh.dll
0x00007ffaf80d0000 - 0x00007ffaf80fc000 	C:\WINDOWS\SYSTEM32\USERENV.dll
0x00007ffaf8360000 - 0x00007ffaf836c000 	C:\WINDOWS\SYSTEM32\CRYPTBASE.dll
0x00007ffaf75b0000 - 0x00007ffaf75dd000 	C:\WINDOWS\SYSTEM32\IPHLPAPI.DLL
0x00007ffaf9f40000 - 0x00007ffaf9f49000 	C:\WINDOWS\System32\NSI.dll
0x00007ffaf3220000 - 0x00007ffaf3239000 	C:\WINDOWS\SYSTEM32\dhcpcsvc6.DLL
0x00007ffaf2fb0000 - 0x00007ffaf2fcf000 	C:\WINDOWS\SYSTEM32\dhcpcsvc.DLL
0x00007ffaf75e0000 - 0x00007ffaf76d9000 	C:\WINDOWS\SYSTEM32\DNSAPI.dll
0x00007ffaedb80000 - 0x00007ffaedb88000 	C:\WINDOWS\system32\wshunix.dll

dbghelp: loaded successfully - version: 4.0.5 - missing functions: none
symbol engine: initialized successfully - sym options: 0x614 - pdb path: .;C:\Program Files\Android\Android Studio\jbr\bin;C:\WINDOWS\SYSTEM32;C:\Program Files\Avast Software\Avast;C:\WINDOWS\WinSxS\amd64_microsoft.windows.common-controls_6595b64144ccf1df_6.0.22621.2506_none_270c5ae97388e100;C:\Program Files\Android\Android Studio\jbr\bin\server;C:\Users\A S U S\.gradle\native\68d5fa5c4cc2d200863cafc0d521ce42e7d3e7ee720ec0a83991735586a16f82\windows-amd64;C:\Users\A S U S\.gradle\native\e376f236ea51e6404a007f0833ffe2c6e607c4080706a723a18a27aeea778392\windows-amd64

VM Arguments:
jvm_args: --add-opens=java.base/java.util=ALL-UNNAMED --add-opens=java.base/java.lang=ALL-UNNAMED --add-opens=java.base/java.lang.invoke=ALL-UNNAMED --add-opens=java.prefs/java.util.prefs=ALL-UNNAMED --add-opens=java.base/java.nio.charset=ALL-UNNAMED --add-opens=java.base/java.net=ALL-UNNAMED --add-opens=java.base/java.util.concurrent.atomic=ALL-UNNAMED -Xmx2048m -Dfile.encoding=UTF-8 -Duser.country=EC -Duser.language=es -Duser.variant -javaagent:C:\Users\A S U S\.gradle\wrapper\dists\gradle-8.2-bin\bbg7u40eoinfdyxsxr3z4i7ta\gradle-8.2\lib\agents\gradle-instrumentation-agent-8.2.jar 
java_command: org.gradle.launcher.daemon.bootstrap.GradleDaemon 8.2
java_class_path (initial): C:\Users\A S U S\.gradle\wrapper\dists\gradle-8.2-bin\bbg7u40eoinfdyxsxr3z4i7ta\gradle-8.2\lib\gradle-launcher-8.2.jar
Launcher Type: SUN_STANDARD

[Global flags]
     intx CICompilerCount                          = 4                                         {product} {ergonomic}
     uint ConcGCThreads                            = 3                                         {product} {ergonomic}
     uint G1ConcRefinementThreads                  = 10                                        {product} {ergonomic}
   size_t G1HeapRegionSize                         = 1048576                                   {product} {ergonomic}
    uintx GCDrainStackTargetSize                   = 64                                        {product} {ergonomic}
   size_t InitialHeapSize                          = 125829120                                 {product} {ergonomic}
   size_t MarkStackSize                            = 4194304                                   {product} {ergonomic}
   size_t MaxHeapSize                              = 2147483648                                {product} {command line}
   size_t MaxNewSize                               = 1287651328                                {product} {ergonomic}
   size_t MinHeapDeltaBytes                        = 1048576                                   {product} {ergonomic}
   size_t MinHeapSize                              = 8388608                                   {product} {ergonomic}
    uintx NonNMethodCodeHeapSize                   = 5839372                                {pd product} {ergonomic}
    uintx NonProfiledCodeHeapSize                  = 122909434                              {pd product} {ergonomic}
    uintx ProfiledCodeHeapSize                     = 122909434                              {pd product} {ergonomic}
    uintx ReservedCodeCacheSize                    = 251658240                              {pd product} {ergonomic}
     bool SegmentedCodeCache                       = true                                      {product} {ergonomic}
   size_t SoftMaxHeapSize                          = 2147483648                             {manageable} {ergonomic}
     bool UseCompressedClassPointers               = true                           {product lp64_product} {ergonomic}
     bool UseCompressedOops                        = true                           {product lp64_product} {ergonomic}
     bool UseG1GC                                  = true                                      {product} {ergonomic}
     bool UseLargePagesIndividualAllocation        = false                                  {pd product} {ergonomic}

Logging:
Log output configuration:
 #0: stdout all=warning uptime,level,tags
 #1: stderr all=off uptime,level,tags

Environment Variables:
PATH=C:\Program Files\Common Files\Oracle\Java\javapath;C:\Program Files (x86)\Common Files\Oracle\Java\javapath;C:\Windows\system32;C:\Windows;C:\Windows\System32\Wbem;C:\Windows\System32\WindowsPowerShell\v1.0\;C:\Windows\System32\OpenSSH\;C:\Program Files (x86)\dotnet\;C:\Program Files\dotnet\;C:\Program Files (x86)\NVIDIA Corporation\PhysX\Common;C:\WINDOWS\system32;C:\WINDOWS;C:\WINDOWS\System32\Wbem;C:\WINDOWS\System32\WindowsPowerShell\v1.0\;C:\WINDOWS\System32\OpenSSH\;C:\Program Files\NVIDIA Corporation\NVIDIA NvDLISR;C:\Program Files\nodejs\;C:\Program Files\Git\cmd;C:\Users\A S U S\AppData\Local\Programs\Python\Python39\Scripts\;C:\Users\A S U S\AppData\Local\Programs\Python\Python39\;C:\Users\A S U S\AppData\Local\Microsoft\WindowsApps;C:\Users\A S U S\AppData\Local\Programs\Microsoft VS Code\bin;C:\Program Files\MongoDB\Server\6.0\bin;C:\Users\A S U S\AppData\Roaming\npm;C:\Users\A S U S\AppData\Local\GitHubDesktop\bin
USERNAME=A S U S
OS=Windows_NT
PROCESSOR_IDENTIFIER=AMD64 Family 23 Model 96 Stepping 1, AuthenticAMD
TMP=C:\Users\ASUS~1\AppData\Local\Temp
TEMP=C:\Users\ASUS~1\AppData\Local\Temp


JNI global refs:
JNI global refs: 27, weak refs: 3

JNI global refs memory usage: 843, weak refs: 841

OOME stack traces (most recent first):
Classloader memory used:
Loader org.gradle.internal.classloader.VisitableURLClassLoader                         : 3403K
Loader bootstrap                                                                       : 2454K
Loader org.gradle.initialization.MixInLegacyTypesClassLoader                           : 973K
Loader org.gradle.internal.classloader.VisitableURLClassLoader$InstrumentingVisitableURLClassLoader: 689K
Loader jdk.internal.loader.ClassLoaders$PlatformClassLoader                            : 68025B
Loader jdk.internal.loader.ClassLoaders$AppClassLoader                                 : 28450B
Loader jdk.internal.reflect.DelegatingClassLoader                                      : 17468B
Loader org.gradle.groovy.scripts.internal.DefaultScriptCompilationHandler$ScriptClassLoader: 1754B
Loader org.codehaus.groovy.runtime.callsite.CallSiteClassLoader                        : 356B

Classes loaded by more than one classloader:
Class Program                                                                         : loaded 4 times (x 72B)
Class com.google.common.collect.Iterators$MergingIterator                             : loaded 2 times (x 79B)
Class [Lcom.google.common.collect.AbstractMapEntry;                                   : loaded 2 times (x 67B)
Class com.google.common.collect.SingletonImmutableList                                : loaded 2 times (x 167B)
Class com.google.common.cache.CacheLoader$SupplierToCacheLoader                       : loaded 2 times (x 73B)
Class org.gradle.internal.classpath.ClassPath                                         : loaded 2 times (x 68B)
Class com.google.common.cache.RemovalListener                                         : loaded 2 times (x 68B)
Class org.gradle.api.internal.classpath.DefaultModuleRegistry                         : loaded 2 times (x 84B)
Class Settings_gradle$1$1                                                             : loaded 2 times (x 72B)
Class com.google.common.collect.ListMultimap                                          : loaded 2 times (x 68B)
Class com.google.common.base.CharMatcher$JavaDigit                                    : loaded 2 times (x 109B)
Class com.google.common.base.CharMatcher$Digit                                        : loaded 2 times (x 110B)
Class com.google.common.collect.AbstractMultimap                                      : loaded 2 times (x 121B)
Class com.google.common.cache.CacheBuilder$OneWeigher                                 : loaded 2 times (x 80B)
Class org.gradle.api.Action                                                           : loaded 2 times (x 68B)
Class com.google.common.collect.ImmutableEntry                                        : loaded 2 times (x 80B)
Class com.google.common.collect.Lists$StringAsImmutableList                           : loaded 2 times (x 167B)
Class com.google.common.cache.LocalCache$StrongEntry                                  : loaded 2 times (x 106B)
Class com.google.common.base.CharMatcher                                              : loaded 2 times (x 109B)
Class com.google.common.base.CharMatcher$IsNot                                        : loaded 2 times (x 109B)
Class com.google.common.base.Splitter                                                 : loaded 2 times (x 70B)
Class [Lcom.google.common.cache.Weigher;                                              : loaded 2 times (x 67B)
Class com.google.common.collect.Iterators$ArrayItr                                    : loaded 2 times (x 95B)
Class com.google.common.cache.LocalCache$Segment                                      : loaded 2 times (x 152B)
Class org.gradle.api.internal.DefaultClassPathProvider                                : loaded 2 times (x 74B)
Class org.gradle.internal.installation.GradleInstallation$1                           : loaded 2 times (x 73B)
Class com.google.common.cache.LocalCache$AbstractReferenceEntry                       : loaded 2 times (x 105B)
Class com.google.common.util.concurrent.AbstractFuture$Failure                        : loaded 2 times (x 70B)
Class com.google.common.base.CharMatcher$BitSetMatcher                                : loaded 2 times (x 110B)
Class com.google.common.collect.ImmutableMap$IteratorBasedImmutableMap                : loaded 2 times (x 123B)
Class com.google.common.collect.ImmutableMap                                          : loaded 2 times (x 118B)
Class com.google.common.base.Converter                                                : loaded 2 times (x 88B)
Class com.google.common.collect.ImmutableSet$EmptySetBuilderImpl                      : loaded 2 times (x 74B)
Class com.google.common.base.Equivalence                                              : loaded 2 times (x 80B)
Class com.google.common.cache.LocalCache$EntryFactory$1                               : loaded 2 times (x 81B)
Class com.google.common.cache.LocalCache$EntryFactory$2                               : loaded 2 times (x 81B)
Class com.google.common.cache.LocalCache$EntryFactory$3                               : loaded 2 times (x 81B)
Class com.google.common.cache.LocalCache$EntryFactory$4                               : loaded 2 times (x 81B)
Class com.google.common.cache.LocalCache$EntryFactory$5                               : loaded 2 times (x 81B)
Class com.google.common.cache.LocalCache$EntryFactory$6                               : loaded 2 times (x 81B)
Class com.google.common.cache.LocalCache$EntryFactory$7                               : loaded 2 times (x 81B)
Class com.google.common.cache.LocalCache$EntryFactory$8                               : loaded 2 times (x 81B)
Class com.google.common.base.Predicate                                                : loaded 2 times (x 68B)
Class com.google.common.cache.LocalCache$StrongValueReference                         : loaded 2 times (x 88B)
Class org.gradle.internal.classloader.FilteringClassLoader                            : loaded 2 times (x 102B)
Class com.google.common.collect.RegularImmutableSet                                   : loaded 2 times (x 146B)
Class [Lcom.google.common.cache.LocalCache$Strength;                                  : loaded 2 times (x 67B)
Class org.gradle.internal.classpath.DefaultClassPath$ImmutableUniqueList$Builder      : loaded 2 times (x 73B)
Class com.google.common.collect.Maps$8                                                : loaded 2 times (x 80B)
Class com.google.common.base.PatternCompiler                                          : loaded 2 times (x 68B)
Class [Lcom.google.common.cache.CacheBuilder$NullListener;                            : loaded 2 times (x 67B)
Class com.google.common.base.CharMatcher$InRange                                      : loaded 2 times (x 109B)
Class com.google.common.collect.BiMap                                                 : loaded 2 times (x 68B)
Class com.google.common.collect.Lists                                                 : loaded 2 times (x 69B)
Class com.google.common.math.IntMath$1                                                : loaded 2 times (x 69B)
Class org.gradle.internal.classloader.ClassLoaderVisitor                              : loaded 2 times (x 74B)
Class com.google.common.cache.CacheBuilder$NullListener                               : loaded 2 times (x 80B)
Class com.google.common.math.MathPreconditions                                        : loaded 2 times (x 69B)
Class org.gradle.internal.service.DefaultServiceLocator                               : loaded 2 times (x 81B)
Class org.gradle.internal.service.UnknownServiceException                             : loaded 2 times (x 81B)
Class com.google.common.util.concurrent.AbstractFuture$SynchronizedHelper             : loaded 2 times (x 76B)
Class com.google.common.collect.ArrayListMultimap                                     : loaded 2 times (x 170B)
Class com.google.common.cache.CacheLoader$InvalidCacheLoadException                   : loaded 2 times (x 80B)
Class org.gradle.internal.classloader.DefaultClassLoaderFactory                       : loaded 2 times (x 80B)
Class com.google.common.collect.UnmodifiableIterator                                  : loaded 2 times (x 78B)
Class com.google.common.base.Stopwatch                                                : loaded 2 times (x 70B)
Class com.google.common.base.Platform$JdkPatternCompiler                              : loaded 2 times (x 73B)
Class com.google.common.cache.LocalCache$LoadingValueReference                        : loaded 2 times (x 94B)
Class com.google.common.base.CharMatcher$SingleWidth                                  : loaded 2 times (x 110B)
Class com.google.common.collect.Hashing                                               : loaded 2 times (x 69B)
Class com.google.common.base.JdkPattern                                               : loaded 2 times (x 73B)
Class com.google.common.collect.Multimap                                              : loaded 2 times (x 68B)
Class com.google.common.base.FunctionalEquivalence                                    : loaded 2 times (x 81B)
Class com.google.common.cache.LocalCache$1                                            : loaded 2 times (x 87B)
Class com.google.common.cache.LocalCache$2                                            : loaded 2 times (x 140B)
Class org.gradle.internal.classloader.VisitableURLClassLoader$Spec                    : loaded 2 times (x 72B)
Class org.gradle.api.GradleException                                                  : loaded 2 times (x 80B)
Class com.google.common.base.CharMatcher$JavaLetterOrDigit                            : loaded 2 times (x 109B)
Class org.gradle.api.internal.classpath.ModuleRegistry                                : loaded 2 times (x 68B)
Class com.google.common.cache.CacheBuilder                                            : loaded 2 times (x 70B)
Class com.google.common.collect.ImmutableCollection                                   : loaded 2 times (x 123B)
Class com.google.common.base.PairwiseEquivalence                                      : loaded 2 times (x 81B)
Class com.google.common.base.Ticker                                                   : loaded 2 times (x 70B)
Class org.gradle.api.internal.ClassPathProvider                                       : loaded 2 times (x 68B)
Class com.google.common.collect.RegularImmutableMap$Values                            : loaded 2 times (x 167B)
Class org.gradle.internal.classloader.ClasspathUtil$1                                 : loaded 2 times (x 74B)
Class com.google.common.collect.ImmutableEnumMap                                      : loaded 2 times (x 123B)
Class com.google.common.collect.ImmutableList$ReverseImmutableList                    : loaded 2 times (x 168B)
Class com.google.common.cache.AbstractCache$StatsCounter                              : loaded 2 times (x 68B)
Class com.google.common.cache.LocalCache$Strength$1                                   : loaded 2 times (x 79B)
Class com.google.common.cache.LocalCache$Strength$2                                   : loaded 2 times (x 79B)
Class com.google.common.cache.LocalCache$Strength$3                                   : loaded 2 times (x 79B)
Class org.gradle.internal.classloader.ClassLoaderFactory                              : loaded 2 times (x 68B)
Class com.google.common.collect.ObjectArrays                                          : loaded 2 times (x 69B)
Class com.google.common.util.concurrent.AbstractFuture$Waiter                         : loaded 2 times (x 70B)
Class com.google.common.util.concurrent.Uninterruptibles                              : loaded 2 times (x 69B)
Class com.google.common.collect.Iterators$10                                          : loaded 2 times (x 79B)
Class com.google.common.collect.ImmutableList                                         : loaded 2 times (x 166B)
Class org.gradle.api.internal.classpath.ManifestUtil                                  : loaded 2 times (x 69B)
Class org.gradle.api.specs.Spec                                                       : loaded 2 times (x 68B)
Class com.google.common.cache.CacheLoader$UnsupportedLoadingOperationException        : loaded 2 times (x 80B)
Class com.google.common.base.CharMatcher$Whitespace                                   : loaded 2 times (x 110B)
Class com.google.common.util.concurrent.ListenableFuture                              : loaded 2 times (x 68B)
Class com.google.common.collect.Iterators$1                                           : loaded 2 times (x 79B)
Class com.google.common.collect.Iterators$4                                           : loaded 2 times (x 80B)
Class com.google.common.collect.RegularImmutableMap$BucketOverflowException           : loaded 2 times (x 80B)
Class com.google.common.collect.Iterators$5                                           : loaded 2 times (x 80B)
Class com.google.common.util.concurrent.AbstractFuture$UnsafeAtomicHelper             : loaded 2 times (x 76B)
Class com.google.common.base.Equivalence$Equals                                       : loaded 2 times (x 80B)
Class com.google.common.base.Preconditions                                            : loaded 2 times (x 69B)
Class com.google.common.base.Function                                                 : loaded 2 times (x 68B)
Class com.google.common.collect.Iterators$9                                           : loaded 2 times (x 79B)
Class org.gradle.internal.IoActions                                                   : loaded 2 times (x 69B)
Class com.google.common.cache.ReferenceEntry                                          : loaded 2 times (x 68B)
Class com.google.common.collect.RegularImmutableMap$KeySet                            : loaded 2 times (x 148B)
Class com.google.common.collect.CollectPreconditions                                  : loaded 2 times (x 69B)
Class com.google.common.collect.Maps                                                  : loaded 2 times (x 69B)
Class com.google.common.collect.RegularImmutableMap                                   : loaded 2 times (x 119B)
Class com.google.common.collect.AbstractIndexedListIterator                           : loaded 2 times (x 94B)
Class com.google.common.base.CharMatcher$None                                         : loaded 2 times (x 110B)
Class org.gradle.api.internal.classpath.EffectiveClassPath                            : loaded 2 times (x 88B)
Class com.google.common.collect.UnmodifiableListIterator                              : loaded 2 times (x 93B)
Class com.google.common.cache.CacheLoader$FunctionToCacheLoader                       : loaded 2 times (x 73B)
Class com.google.common.cache.CacheBuilder$1                                          : loaded 2 times (x 83B)
Class com.google.common.cache.CacheBuilder$2                                          : loaded 2 times (x 77B)
Class com.google.common.collect.ImmutableList$1                                       : loaded 2 times (x 95B)
Class com.google.common.base.Splitter$Strategy                                        : loaded 2 times (x 68B)
Class com.google.common.cache.CacheBuilder$3                                          : loaded 2 times (x 70B)
Class com.google.common.collect.ImmutableMapEntrySet$RegularEntrySet                  : loaded 2 times (x 149B)
Class [Lcom.google.common.cache.RemovalListener;                                      : loaded 2 times (x 67B)
Class [Lcom.google.common.collect.ImmutableMapEntry;                                  : loaded 2 times (x 67B)
Class org.gradle.internal.installation.CurrentGradleInstallation                      : loaded 2 times (x 71B)
Class org.gradle.internal.agents.InstrumentingClassLoader                             : loaded 2 times (x 68B)
Class org.gradle.internal.installation.CurrentGradleInstallationLocator               : loaded 2 times (x 69B)
Class [Lcom.google.common.cache.LocalCache$Segment;                                   : loaded 2 times (x 67B)
Class org.gradle.api.internal.classpath.Module                                        : loaded 2 times (x 68B)
Class com.google.common.base.Splitter$1$1                                             : loaded 2 times (x 84B)
Class com.google.common.collect.ImmutableSet$JdkBackedSetBuilderImpl                  : loaded 2 times (x 74B)
Class com.google.common.collect.ImmutableSet$RegularSetBuilderImpl                    : loaded 2 times (x 75B)
Class org.gradle.internal.service.CachingServiceLocator                               : loaded 2 times (x 80B)
Class [Lcom.google.common.collect.ImmutableEntry;                                     : loaded 2 times (x 67B)
Class org.gradle.internal.classpath.DefaultClassPath                                  : loaded 2 times (x 88B)
Class com.google.common.util.concurrent.AbstractFuture$SetFuture                      : loaded 2 times (x 73B)
Class com.google.common.base.Splitter$SplittingIterator                               : loaded 2 times (x 82B)
Class com.google.common.cache.LocalCache$LocalManualCache$1                           : loaded 2 times (x 73B)
Class [Lcom.google.common.cache.LocalCache$EntryFactory;                              : loaded 2 times (x 67B)
Class com.google.common.base.CharMatcher$Is                                           : loaded 2 times (x 109B)
Class com.google.common.base.Platform                                                 : loaded 2 times (x 69B)
Class com.google.common.collect.RegularImmutableAsList                                : loaded 2 times (x 176B)
Class com.google.common.collect.PeekingIterator                                       : loaded 2 times (x 68B)
Class com.google.common.collect.ImmutableMapEntrySet                                  : loaded 2 times (x 149B)
Class com.google.common.cache.CacheLoader                                             : loaded 2 times (x 72B)
Class com.google.common.collect.ImmutableBiMapFauxverideShim                          : loaded 2 times (x 118B)
Class com.google.common.cache.Cache                                                   : loaded 2 times (x 68B)
Class org.gradle.internal.classloader.SystemClassLoaderSpec                           : loaded 2 times (x 69B)
Class com.google.common.util.concurrent.internal.InternalFutureFailureAccess          : loaded 2 times (x 70B)
Class com.google.common.collect.SingletonImmutableSet                                 : loaded 2 times (x 144B)
Class [Lcom.google.common.base.AbstractIterator$State;                                : loaded 2 times (x 67B)
Class com.google.common.collect.ImmutableMap$Builder                                  : loaded 2 times (x 80B)
Class com.google.common.base.AbstractIterator                                         : loaded 2 times (x 78B)
Class com.google.common.base.AbstractIterator$1                                       : loaded 2 times (x 69B)
Class [Lcom.google.common.cache.CacheBuilder$OneWeigher;                              : loaded 2 times (x 67B)
Class com.google.common.collect.Iterators                                             : loaded 2 times (x 69B)
Class com.google.common.base.CharMatcher$1                                            : loaded 2 times (x 111B)
Class com.google.common.base.CharMatcher$Ascii                                        : loaded 2 times (x 110B)
Class com.google.common.cache.LocalCache$ComputingValueReference                      : loaded 2 times (x 94B)
Class org.gradle.api.UncheckedIOException                                             : loaded 2 times (x 80B)
Class com.google.common.base.CharMatcher$And                                          : loaded 2 times (x 110B)
Class com.google.common.collect.IndexedImmutableSet                                   : loaded 2 times (x 148B)
Class com.google.common.collect.AbstractListMultimap                                  : loaded 2 times (x 170B)
Class com.google.common.base.CharMatcher$Any                                          : loaded 2 times (x 110B)
Class org.gradle.internal.installation.GradleInstallation                             : loaded 2 times (x 73B)
Class com.google.common.cache.LocalCache$Strength                                     : loaded 2 times (x 79B)
Class com.google.common.collect.ArrayListMultimapGwtSerializationDependencies         : loaded 2 times (x 170B)
Class com.google.common.base.CharMatcher$RangesMatcher                                : loaded 2 times (x 110B)
Class com.google.common.collect.ImmutableList$SubList                                 : loaded 2 times (x 168B)
Class com.google.common.cache.LocalCache$ValueReference                               : loaded 2 times (x 68B)
Class org.gradle.internal.classloader.ClasspathUtil                                   : loaded 2 times (x 69B)
Class com.google.common.util.concurrent.AbstractFuture                                : loaded 2 times (x 93B)
Class com.google.common.base.Splitter$1                                               : loaded 2 times (x 75B)
Class com.google.common.base.Ticker$1                                                 : loaded 2 times (x 70B)
Class com.google.common.collect.Maps$BiMapConverter                                   : loaded 2 times (x 88B)
Class org.gradle.api.internal.DefaultClassPathRegistry                                : loaded 2 times (x 74B)
Class com.google.common.util.concurrent.AbstractFuture$Cancellation                   : loaded 2 times (x 70B)
Class com.google.common.collect.ImmutableSet$SetBuilderImpl                           : loaded 2 times (x 74B)
Class org.gradle.api.internal.classpath.DefaultModuleRegistry$DefaultModule           : loaded 2 times (x 84B)
Class com.google.common.base.CharMatcher$JavaIsoControl                               : loaded 2 times (x 110B)
Class com.google.common.collect.ImmutableMap$1                                        : loaded 2 times (x 79B)
Class com.google.common.base.CharMatcher$Or                                           : loaded 2 times (x 110B)
Class com.google.common.base.Suppliers$SupplierOfInstance                             : loaded 2 times (x 77B)
Class com.google.common.collect.Iterables                                             : loaded 2 times (x 69B)
Class com.google.common.base.CharMatcher$JavaLowerCase                                : loaded 2 times (x 109B)
Class org.gradle.api.internal.classpath.UnknownModuleException                        : loaded 2 times (x 80B)
Class com.google.common.util.concurrent.AbstractFuture$Listener                       : loaded 2 times (x 70B)
Class com.google.common.collect.Maps$EntryTransformer                                 : loaded 2 times (x 68B)
Class com.google.common.collect.ImmutableCollection$Builder                           : loaded 2 times (x 74B)
Class com.google.common.base.CommonPattern                                            : loaded 2 times (x 72B)
Class com.google.common.base.Suppliers                                                : loaded 2 times (x 69B)
Class com.google.common.cache.LoadingCache                                            : loaded 2 times (x 68B)
Class org.gradle.internal.service.ServiceLookupException                              : loaded 2 times (x 80B)
Class org.gradle.cache.GlobalCache                                                    : loaded 2 times (x 68B)
Class com.google.common.base.CharMatcher$NegatedFastMatcher                           : loaded 2 times (x 111B)
Class [Lorg.gradle.api.internal.ClassPathProvider;                                    : loaded 2 times (x 67B)
Class com.google.common.util.concurrent.AbstractFuture$SafeAtomicHelper               : loaded 2 times (x 77B)
Class org.gradle.util.internal.GUtil                                                  : loaded 2 times (x 69B)
Class com.google.common.math.IntMath                                                  : loaded 2 times (x 69B)
Class com.google.common.collect.AbstractIterator                                      : loaded 2 times (x 80B)
Class org.gradle.internal.classloader.ClassLoaderSpec                                 : loaded 2 times (x 69B)
Class com.google.common.base.NullnessCasts                                            : loaded 2 times (x 69B)
Class com.google.common.cache.LocalCache$LocalManualCache                             : loaded 2 times (x 97B)
Class com.google.common.collect.AbstractMapEntry                                      : loaded 2 times (x 79B)
Class com.google.common.base.CharMatcher$Negated                                      : loaded 2 times (x 111B)
Class com.google.common.cache.CacheLoader$1                                           : loaded 2 times (x 73B)
Class com.google.common.util.concurrent.AbstractFuture$TrustedFuture                  : loaded 2 times (x 95B)
Class com.google.common.collect.ImmutableSet$Builder                                  : loaded 2 times (x 83B)
Class com.google.common.base.CharMatcher$ForPredicate                                 : loaded 2 times (x 110B)
Class com.google.common.collect.ImmutableMap$MapViewOfValuesAsSingletonSets           : loaded 2 times (x 123B)
Class com.google.common.base.MoreObjects                                              : loaded 2 times (x 69B)
Class com.google.common.collect.SortedMapDifference                                   : loaded 2 times (x 68B)
Class com.google.common.cache.CacheStats                                              : loaded 2 times (x 69B)
Class org.gradle.internal.classloader.VisitableURLClassLoader                         : loaded 2 times (x 114B)
Class com.google.common.cache.LocalCache$LocalLoadingCache                            : loaded 2 times (x 132B)
Class com.google.common.base.Supplier                                                 : loaded 2 times (x 68B)
Class com.google.common.util.concurrent.AbstractFuture$AtomicHelper                   : loaded 2 times (x 76B)
Class com.google.common.collect.ImmutableBiMap                                        : loaded 2 times (x 141B)
Class org.gradle.internal.Cast                                                        : loaded 2 times (x 69B)
Class org.gradle.api.internal.ClassPathRegistry                                       : loaded 2 times (x 68B)
Class com.google.common.cache.LocalCache$EntryFactory                                 : loaded 2 times (x 81B)
Class com.google.common.util.concurrent.UncheckedExecutionException                   : loaded 2 times (x 80B)
Class com.google.common.collect.ImmutableSet                                          : loaded 2 times (x 143B)
Class org.gradle.internal.classloader.VisitableURLClassLoader$InstrumentingVisitableURLClassLoader: loaded 2 times (x 120B)
Class org.gradle.internal.classloader.ClassLoaderHierarchy                            : loaded 2 times (x 68B)
Class com.google.common.base.AbstractIterator$State                                   : loaded 2 times (x 77B)
Class com.google.common.cache.Weigher                                                 : loaded 2 times (x 68B)
Class com.google.common.base.CharMatcher$NamedFastMatcher                             : loaded 2 times (x 110B)
Class org.gradle.internal.InternalTransformer                                         : loaded 2 times (x 68B)
Class org.gradle.internal.service.ServiceLocator                                      : loaded 2 times (x 68B)
Class Settings_gradle$1                                                               : loaded 2 times (x 72B)
Class com.google.common.util.concurrent.SettableFuture                                : loaded 2 times (x 95B)
Class com.google.common.collect.ImmutableMapEntry                                     : loaded 2 times (x 83B)
Class com.google.common.base.CharMatcher$Invisible                                    : loaded 2 times (x 110B)
Class com.google.common.base.CharMatcher$FastMatcher                                  : loaded 2 times (x 109B)
Class org.gradle.internal.classpath.DefaultClassPath$ImmutableUniqueList              : loaded 2 times (x 159B)
Class com.google.common.base.CharMatcher$JavaLetter                                   : loaded 2 times (x 109B)
Class org.gradle.internal.classpath.TransformedClassPath                              : loaded 2 times (x 94B)
Class com.google.common.collect.MapDifference                                         : loaded 2 times (x 68B)
Class com.google.common.util.concurrent.AbstractFuture$Trusted                        : loaded 2 times (x 68B)
Class Settings_gradle                                                                 : loaded 2 times (x 126B)
Class com.google.common.collect.Platform                                              : loaded 2 times (x 69B)
Class com.google.common.collect.ImmutableAsList                                       : loaded 2 times (x 169B)
Class com.google.common.util.concurrent.ExecutionError                                : loaded 2 times (x 80B)
Class com.google.common.base.Equivalence$Identity                                     : loaded 2 times (x 80B)
Class com.google.common.base.CharMatcher$AnyOf                                        : loaded 2 times (x 110B)
Class com.google.common.base.CharMatcher$IsEither                                     : loaded 2 times (x 109B)
Class com.google.common.cache.LocalCache                                              : loaded 2 times (x 185B)
Class com.google.common.collect.RegularImmutableList                                  : loaded 2 times (x 172B)
Class com.google.common.util.concurrent.AbstractFuture$UnsafeAtomicHelper$1           : loaded 2 times (x 74B)
Class com.google.common.base.CharMatcher$JavaUpperCase                                : loaded 2 times (x 109B)
Class com.google.common.collect.Multiset                                              : loaded 2 times (x 68B)
Class com.google.common.collect.ImmutableSet$CachingAsList                            : loaded 2 times (x 145B)
Class com.google.common.collect.ImmutableMapEntry$NonTerminalImmutableMapEntry        : loaded 2 times (x 83B)
Class com.google.common.collect.AbstractMapBasedMultimap                              : loaded 2 times (x 137B)


---------------  S Y S T E M  ---------------

OS:
 Windows 11 , 64 bit Build 22621 (10.0.22621.3085)
OS uptime: 4 days 11:23 hours
Hyper-V role detected

CPU: total 12 (initial active 12) (12 cores per cpu, 2 threads per core) family 23 model 96 stepping 1 microcode 0x0, cx8, cmov, fxsr, ht, mmx, 3dnowpref, sse, sse2, sse3, ssse3, sse4a, sse4.1, sse4.2, popcnt, lzcnt, tsc, tscinvbit, avx, avx2, aes, clmul, bmi1, bmi2, adx, sha, fma, vzeroupper, clflush, clflushopt, hv

Memory: 4k page, system-wide physical 7597M (390M free)
TotalPageFile size 31149M (AvailPageFile size 1M)
current process WorkingSet (physical memory assigned to process): 300M, peak: 300M
current process commit charge ("private bytes"): 338M, peak: 340M

vm_info: OpenJDK 64-Bit Server VM (17.0.7+0-b2043.56-10550314) for windows-amd64 JRE (17.0.7+0-b2043.56-10550314), built on Jul 24 2023 18:27:45 by "androidbuild" with MS VC++ 16.10 / 16.11 (VS2019)

END.
