#
# There is insufficient memory for the Java Runtime Environment to continue.
# Native memory allocation (mmap) failed to map 360448 bytes for G1 virtual space
# Possible reasons:
#   The system is out of physical RAM or swap space
#   The process is running with CompressedOops enabled, and the Java Heap may be blocking the growth of the native heap
# Possible solutions:
#   Reduce memory load on the system
#   Increase physical memory or swap space
#   Check if swap backing store is full
#   Decrease Java heap size (-Xmx/-Xms)
#   Decrease number of Java threads
#   Decrease Java thread stack sizes (-Xss)
#   Set larger code cache with -XX:ReservedCodeCacheSize=
#   JVM is running with Unscaled Compressed Oops mode in which the Java heap is
#     placed in the first 4GB address space. The Java Heap base address is the
#     maximum limit for the native heap growth. Please use -XX:HeapBaseMinAddress
#     to set the Java Heap base and to place the Java Heap above 4GB virtual address.
# This output file may be truncated or incomplete.
#
#  Out of Memory Error (os_windows.cpp:3771), pid=368, tid=20664
#
# JRE version: OpenJDK Runtime Environment (17.0.7) (build 17.0.7+0-b2043.56-10550314)
# Java VM: OpenJDK 64-Bit Server VM (17.0.7+0-b2043.56-10550314, mixed mode, tiered, compressed oops, compressed class ptrs, g1 gc, windows-amd64)
# No core dump will be written. Minidumps are not enabled by default on client versions of Windows
#

---------------  S U M M A R Y ------------

Command Line: --add-opens=java.base/java.util=ALL-UNNAMED --add-opens=java.base/java.lang=ALL-UNNAMED --add-opens=java.base/java.lang.invoke=ALL-UNNAMED --add-opens=java.prefs/java.util.prefs=ALL-UNNAMED --add-opens=java.base/java.nio.charset=ALL-UNNAMED --add-opens=java.base/java.net=ALL-UNNAMED --add-opens=java.base/java.util.concurrent.atomic=ALL-UNNAMED -Xmx2048m -Dfile.encoding=UTF-8 -Duser.country=EC -Duser.language=es -Duser.variant -javaagent:C:\Users\A S U S\.gradle\wrapper\dists\gradle-8.2-bin\bbg7u40eoinfdyxsxr3z4i7ta\gradle-8.2\lib\agents\gradle-instrumentation-agent-8.2.jar org.gradle.launcher.daemon.bootstrap.GradleDaemon 8.2

Host: AMD Ryzen 5 4600H with Radeon Graphics         , 12 cores, 7G,  Windows 11 , 64 bit Build 22621 (10.0.22621.3085)
Time: Mon Feb 26 10:30:08 2024 Hora est. Pacífico, Sudamérica elapsed time: 9.910610 seconds (0d 0h 0m 9s)

---------------  T H R E A D  ---------------

Current thread (0x000001c4dc5edc50):  VMThread "VM Thread" [stack: 0x0000000cd0d00000,0x0000000cd0e00000] [id=20664]

Stack: [0x0000000cd0d00000,0x0000000cd0e00000]
Native frames: (J=compiled Java code, j=interpreted, Vv=VM code, C=native code)
V  [jvm.dll+0x683bfa]
V  [jvm.dll+0x8430a4]
V  [jvm.dll+0x8449be]
V  [jvm.dll+0x845023]
V  [jvm.dll+0x24ad2f]
V  [jvm.dll+0x680ac9]
V  [jvm.dll+0x67519a]
V  [jvm.dll+0x30b3cb]
V  [jvm.dll+0x312876]
V  [jvm.dll+0x362233]
V  [jvm.dll+0x36244f]
V  [jvm.dll+0x2e14a8]
V  [jvm.dll+0x2df684]
V  [jvm.dll+0x2dec8c]
V  [jvm.dll+0x32382b]
V  [jvm.dll+0x8496eb]
V  [jvm.dll+0x84a424]
V  [jvm.dll+0x84a93d]
V  [jvm.dll+0x84ad14]
V  [jvm.dll+0x84ade0]
V  [jvm.dll+0x7f2aea]
V  [jvm.dll+0x682a35]
C  [ucrtbase.dll+0x29363]
C  [KERNEL32.DLL+0x1257d]
C  [ntdll.dll+0x5aa58]

VM_Operation (0x0000000cd25f1fe0): G1CollectForAllocation, mode: safepoint, requested by thread 0x000001c4e2645ac0


---------------  P R O C E S S  ---------------

Threads class SMR info:
_java_thread_list=0x000001c4e547ee20, length=62, elements={
0x000001c4c019ea30, 0x000001c4dc5f0190, 0x000001c4dc5f0f10, 0x000001c4dc61e6b0,
0x000001c4dc77de60, 0x000001c4dc7819a0, 0x000001c4dc782260, 0x000001c4dc783510,
0x000001c4dc78f7e0, 0x000001c4dc7920f0, 0x000001c4dc830130, 0x000001c4dca16410,
0x000001c4e102fa10, 0x000001c4e2434b10, 0x000001c4e3446cf0, 0x000001c4e19b7570,
0x000001c4e20020e0, 0x000001c4e22451f0, 0x000001c4e24465b0, 0x000001c4e2645ac0,
0x000001c4e1cc0f30, 0x000001c4e1cc0a60, 0x000001c4e1cc1400, 0x000001c4e1cc18d0,
0x000001c4e1cc2270, 0x000001c4e1cc1da0, 0x000001c4e36b16d0, 0x000001c4e36ac9d0,
0x000001c4e36ac030, 0x000001c4e36ac500, 0x000001c4e36ae6b0, 0x000001c4e36b1200,
0x000001c4e36b2ee0, 0x000001c4e36b1ba0, 0x000001c4e36b3880, 0x000001c4e36acea0,
0x000001c4e36b2540, 0x000001c4e36b2a10, 0x000001c4e36ad840, 0x000001c4e36ae1e0,
0x000001c4e36b0860, 0x000001c4e36aeb80, 0x000001c4e36af050, 0x000001c4e36af520,
0x000001c4e36b0390, 0x000001c4e36afec0, 0x000001c4e5d333b0, 0x000001c4e5d34220,
0x000001c4e5d32a10, 0x000001c4e5d346f0, 0x000001c4e5d32ee0, 0x000001c4e5d32540,
0x000001c4e5d33880, 0x000001c4e5d34bc0, 0x000001c4e5d35090, 0x000001c4e5d33d50,
0x000001c4e5d35560, 0x000001c4e5d32070, 0x000001c4e5d35a30, 0x000001c4e56833a0,
0x000001c4e5683d40, 0x000001c4e5684bb0
}

Java Threads: ( => current thread )
  0x000001c4c019ea30 JavaThread "main" [_thread_blocked, id=1872, stack(0x0000000cd0700000,0x0000000cd0800000)]
  0x000001c4dc5f0190 JavaThread "Reference Handler" daemon [_thread_blocked, id=20496, stack(0x0000000cd0e00000,0x0000000cd0f00000)]
  0x000001c4dc5f0f10 JavaThread "Finalizer" daemon [_thread_blocked, id=21212, stack(0x0000000cd0f00000,0x0000000cd1000000)]
  0x000001c4dc61e6b0 JavaThread "Signal Dispatcher" daemon [_thread_blocked, id=15800, stack(0x0000000cd1000000,0x0000000cd1100000)]
  0x000001c4dc77de60 JavaThread "Attach Listener" daemon [_thread_blocked, id=5100, stack(0x0000000cd1100000,0x0000000cd1200000)]
  0x000001c4dc7819a0 JavaThread "Service Thread" daemon [_thread_blocked, id=23596, stack(0x0000000cd1200000,0x0000000cd1300000)]
  0x000001c4dc782260 JavaThread "Monitor Deflation Thread" daemon [_thread_blocked, id=20544, stack(0x0000000cd1300000,0x0000000cd1400000)]
  0x000001c4dc783510 JavaThread "C2 CompilerThread0" daemon [_thread_blocked, id=10220, stack(0x0000000cd1400000,0x0000000cd1500000)]
  0x000001c4dc78f7e0 JavaThread "C1 CompilerThread0" daemon [_thread_blocked, id=4188, stack(0x0000000cd1500000,0x0000000cd1600000)]
  0x000001c4dc7920f0 JavaThread "Sweeper thread" daemon [_thread_blocked, id=20336, stack(0x0000000cd1600000,0x0000000cd1700000)]
  0x000001c4dc830130 JavaThread "Common-Cleaner" daemon [_thread_blocked, id=23052, stack(0x0000000cd1700000,0x0000000cd1800000)]
  0x000001c4dca16410 JavaThread "Notification Thread" daemon [_thread_blocked, id=15068, stack(0x0000000cd1800000,0x0000000cd1900000)]
  0x000001c4e102fa10 JavaThread "C2 CompilerThread1" daemon [_thread_blocked, id=11908, stack(0x0000000cd1a00000,0x0000000cd1b00000)]
  0x000001c4e2434b10 JavaThread "Daemon health stats" [_thread_blocked, id=5596, stack(0x0000000cd1f00000,0x0000000cd2000000)]
  0x000001c4e3446cf0 JavaThread "Incoming local TCP Connector on port 51113" [_thread_in_native, id=16312, stack(0x0000000cd2000000,0x0000000cd2100000)]
  0x000001c4e19b7570 JavaThread "Daemon periodic checks" [_thread_blocked, id=20744, stack(0x0000000cd2100000,0x0000000cd2200000)]
  0x000001c4e20020e0 JavaThread "Daemon" [_thread_blocked, id=21948, stack(0x0000000cd2200000,0x0000000cd2300000)]
  0x000001c4e22451f0 JavaThread "Handler for socket connection from /127.0.0.1:51113 to /127.0.0.1:51114" [_thread_in_native, id=2596, stack(0x0000000cd2300000,0x0000000cd2400000)]
  0x000001c4e24465b0 JavaThread "Cancel handler" [_thread_blocked, id=6672, stack(0x0000000cd2400000,0x0000000cd2500000)]
  0x000001c4e2645ac0 JavaThread "Daemon worker" [_thread_blocked, id=8612, stack(0x0000000cd2500000,0x0000000cd2600000)]
  0x000001c4e1cc0f30 JavaThread "Asynchronous log dispatcher for DefaultDaemonConnection: socket connection from /127.0.0.1:51113 to /127.0.0.1:51114" [_thread_blocked, id=23544, stack(0x0000000cd2600000,0x0000000cd2700000)]
  0x000001c4e1cc0a60 JavaThread "Stdin handler" [_thread_blocked, id=7880, stack(0x0000000cd2700000,0x0000000cd2800000)]
  0x000001c4e1cc1400 JavaThread "Daemon client event forwarder" [_thread_blocked, id=11712, stack(0x0000000cd2800000,0x0000000cd2900000)]
  0x000001c4e1cc18d0 JavaThread "Cache worker for journal cache (C:\Users\A S U S\.gradle\caches\journal-1)" [_thread_blocked, id=21040, stack(0x0000000cd3000000,0x0000000cd3100000)]
  0x000001c4e1cc2270 JavaThread "File lock request listener" [_thread_in_native, id=4564, stack(0x0000000cd3100000,0x0000000cd3200000)]
  0x000001c4e1cc1da0 JavaThread "Cache worker for file hash cache (C:\Users\A S U S\.gradle\caches\8.2\fileHashes)" [_thread_blocked, id=11120, stack(0x0000000cd3200000,0x0000000cd3300000)]
  0x000001c4e36b16d0 JavaThread "File watcher server" daemon [_thread_in_native, id=24276, stack(0x0000000cd3300000,0x0000000cd3400000)]
  0x000001c4e36ac9d0 JavaThread "File watcher consumer" daemon [_thread_blocked, id=10112, stack(0x0000000cd3400000,0x0000000cd3500000)]
  0x000001c4e36ac030 JavaThread "Cache worker for checksums cache (C:\Users\A S U S\Desktop\Frans\Tesis\Tesis_App\.gradle\8.2\checksums)" [_thread_blocked, id=14228, stack(0x0000000cd3500000,0x0000000cd3600000)]
  0x000001c4e36ac500 JavaThread "Cache worker for cache directory md-rule (C:\Users\A S U S\.gradle\caches\8.2\md-rule)" [_thread_blocked, id=9012, stack(0x0000000cd3600000,0x0000000cd3700000)]
  0x000001c4e36ae6b0 JavaThread "Cache worker for file content cache (C:\Users\A S U S\.gradle\caches\8.2\fileContent)" [_thread_blocked, id=8152, stack(0x0000000cd3700000,0x0000000cd3800000)]
  0x000001c4e36b1200 JavaThread "Cache worker for file hash cache (C:\Users\A S U S\Desktop\Frans\Tesis\Tesis_App\.gradle\8.2\fileHashes)" [_thread_blocked, id=23700, stack(0x0000000cd3800000,0x0000000cd3900000)]
  0x000001c4e36b2ee0 JavaThread "Cache worker for cache directory md-supplier (C:\Users\A S U S\.gradle\caches\8.2\md-supplier)" [_thread_blocked, id=8008, stack(0x0000000cd3900000,0x0000000cd3a00000)]
  0x000001c4e36b1ba0 JavaThread "Cache worker for execution history cache (C:\Users\A S U S\.gradle\caches\8.2\executionHistory)" [_thread_blocked, id=6576, stack(0x0000000cd3a00000,0x0000000cd3b00000)]
  0x000001c4e36b3880 JavaThread "jar transforms" [_thread_blocked, id=3752, stack(0x0000000cd3b00000,0x0000000cd3c00000)]
  0x000001c4e36acea0 JavaThread "jar transforms Thread 2" [_thread_blocked, id=16316, stack(0x0000000cd3c00000,0x0000000cd3d00000)]
  0x000001c4e36b2540 JavaThread "Cache worker for kotlin-dsl (C:\Users\A S U S\.gradle\caches\8.2\kotlin-dsl)" [_thread_blocked, id=24144, stack(0x0000000cd3e00000,0x0000000cd3f00000)]
  0x000001c4e36b2a10 JavaThread "jar transforms Thread 3" [_thread_blocked, id=20416, stack(0x0000000cd3f00000,0x0000000cd4000000)]
  0x000001c4e36ad840 JavaThread "jar transforms Thread 4" [_thread_blocked, id=23560, stack(0x0000000cd4000000,0x0000000cd4100000)]
  0x000001c4e36ae1e0 JavaThread "jar transforms Thread 5" [_thread_blocked, id=20388, stack(0x0000000cd4100000,0x0000000cd4200000)]
  0x000001c4e36b0860 JavaThread "jar transforms Thread 6" [_thread_blocked, id=22356, stack(0x0000000cd4200000,0x0000000cd4300000)]
  0x000001c4e36aeb80 JavaThread "Cache worker for dependencies-accessors (C:\Users\A S U S\Desktop\Frans\Tesis\Tesis_App\.gradle\8.2\dependencies-accessors)" [_thread_blocked, id=11468, stack(0x0000000cd4300000,0x0000000cd4400000)]
  0x000001c4e36af050 JavaThread "Cache worker for Build Output Cleanup Cache (C:\Users\A S U S\Desktop\Frans\Tesis\Tesis_App\.gradle\buildOutputCleanup)" [_thread_blocked, id=19680, stack(0x0000000cd4400000,0x0000000cd4500000)]
  0x000001c4e36af520 JavaThread "jar transforms Thread 7" [_thread_blocked, id=13388, stack(0x0000000cd4500000,0x0000000cd4600000)]
  0x000001c4e36b0390 JavaThread "jar transforms Thread 8" [_thread_blocked, id=9380, stack(0x0000000cd4600000,0x0000000cd4700000)]
  0x000001c4e36afec0 JavaThread "Unconstrained build operations" [_thread_blocked, id=1356, stack(0x0000000cd4800000,0x0000000cd4900000)]
  0x000001c4e5d333b0 JavaThread "Unconstrained build operations Thread 2" [_thread_blocked, id=14804, stack(0x0000000cd4900000,0x0000000cd4a00000)]
  0x000001c4e5d34220 JavaThread "Unconstrained build operations Thread 3" [_thread_blocked, id=24244, stack(0x0000000cd4a00000,0x0000000cd4b00000)]
  0x000001c4e5d32a10 JavaThread "Unconstrained build operations Thread 4" [_thread_blocked, id=1484, stack(0x0000000cd4b00000,0x0000000cd4c00000)]
  0x000001c4e5d346f0 JavaThread "Unconstrained build operations Thread 5" [_thread_blocked, id=10116, stack(0x0000000cd4c00000,0x0000000cd4d00000)]
  0x000001c4e5d32ee0 JavaThread "Unconstrained build operations Thread 6" [_thread_blocked, id=4880, stack(0x0000000cd4d00000,0x0000000cd4e00000)]
  0x000001c4e5d32540 JavaThread "Unconstrained build operations Thread 7" [_thread_blocked, id=11656, stack(0x0000000cd4e00000,0x0000000cd4f00000)]
  0x000001c4e5d33880 JavaThread "Unconstrained build operations Thread 8" [_thread_blocked, id=15920, stack(0x0000000cd4f00000,0x0000000cd5000000)]
  0x000001c4e5d34bc0 JavaThread "Unconstrained build operations Thread 9" [_thread_blocked, id=348, stack(0x0000000cd5000000,0x0000000cd5100000)]
  0x000001c4e5d35090 JavaThread "Unconstrained build operations Thread 10" [_thread_blocked, id=17660, stack(0x0000000cd5100000,0x0000000cd5200000)]
  0x000001c4e5d33d50 JavaThread "Unconstrained build operations Thread 11" [_thread_blocked, id=18760, stack(0x0000000cd5200000,0x0000000cd5300000)]
  0x000001c4e5d35560 JavaThread "jar transforms Thread 9" [_thread_blocked, id=7536, stack(0x0000000cd5300000,0x0000000cd5400000)]
  0x000001c4e5d32070 JavaThread "jar transforms Thread 10" [_thread_blocked, id=20840, stack(0x0000000cd5400000,0x0000000cd5500000)]
  0x000001c4e5d35a30 JavaThread "jar transforms Thread 11" [_thread_blocked, id=21432, stack(0x0000000cd5500000,0x0000000cd5600000)]
  0x000001c4e56833a0 JavaThread "jar transforms Thread 12" [_thread_blocked, id=20096, stack(0x0000000cd5600000,0x0000000cd5700000)]
  0x000001c4e5683d40 JavaThread "build event listener" [_thread_blocked, id=23924, stack(0x0000000cd5700000,0x0000000cd5800000)]
  0x000001c4e5684bb0 JavaThread "Memory manager" [_thread_blocked, id=17988, stack(0x0000000cd5800000,0x0000000cd5900000)]

Other Threads:
=>0x000001c4dc5edc50 VMThread "VM Thread" [stack: 0x0000000cd0d00000,0x0000000cd0e00000] [id=20664]
  0x000001c4c23d37d0 WatcherThread [stack: 0x0000000cd1900000,0x0000000cd1a00000] [id=23968]
  0x000001c4c23b65d0 GCTaskThread "GC Thread#0" [stack: 0x0000000cd0800000,0x0000000cd0900000] [id=14256]
  0x000001c4e19b4250 GCTaskThread "GC Thread#1" [stack: 0x0000000cd1b00000,0x0000000cd1c00000] [id=10496]
  0x000001c4e1366220 GCTaskThread "GC Thread#2" [stack: 0x0000000cd1c00000,0x0000000cd1d00000] [id=4068]
  0x000001c4e13664d0 GCTaskThread "GC Thread#3" [stack: 0x0000000cd1d00000,0x0000000cd1e00000] [id=5504]
  0x000001c4e1365f70 GCTaskThread "GC Thread#4" [stack: 0x0000000cd1e00000,0x0000000cd1f00000] [id=22744]
  0x000001c4e1365a10 GCTaskThread "GC Thread#5" [stack: 0x0000000cd2900000,0x0000000cd2a00000] [id=17260]
  0x000001c4e1365200 GCTaskThread "GC Thread#6" [stack: 0x0000000cd2a00000,0x0000000cd2b00000] [id=6644]
  0x000001c4e1365cc0 GCTaskThread "GC Thread#7" [stack: 0x0000000cd2b00000,0x0000000cd2c00000] [id=5492]
  0x000001c4e1366a30 GCTaskThread "GC Thread#8" [stack: 0x0000000cd2c00000,0x0000000cd2d00000] [id=6504]
  0x000001c4e1366ce0 GCTaskThread "GC Thread#9" [stack: 0x0000000cd2d00000,0x0000000cd2e00000] [id=4788]
  0x000001c4c23c7420 ConcurrentGCThread "G1 Main Marker" [stack: 0x0000000cd0900000,0x0000000cd0a00000] [id=24120]
  0x000001c4c23c7d40 ConcurrentGCThread "G1 Conc#0" [stack: 0x0000000cd0a00000,0x0000000cd0b00000] [id=18584]
  0x000001c4e13654b0 ConcurrentGCThread "G1 Conc#1" [stack: 0x0000000cd2e00000,0x0000000cd2f00000] [id=9164]
  0x000001c4e2494300 ConcurrentGCThread "G1 Conc#2" [stack: 0x0000000cd2f00000,0x0000000cd3000000] [id=19472]
  0x000001c4c240d840 ConcurrentGCThread "G1 Refine#0" [stack: 0x0000000cd0b00000,0x0000000cd0c00000] [id=6388]
  0x000001c4e238c370 ConcurrentGCThread "G1 Refine#1" [stack: 0x0000000cd3d00000,0x0000000cd3e00000] [id=16084]
  0x000001c4c240e170 ConcurrentGCThread "G1 Service" [stack: 0x0000000cd0c00000,0x0000000cd0d00000] [id=17208]

Threads with active compile tasks:
C2 CompilerThread0     9944 6848 %     4       java.math.BigInteger::implSquareToLen @ 9 (154 bytes)
C2 CompilerThread1     9944 6775       4       org.gradle.internal.reflect.MethodSet::add (50 bytes)

VM state: at safepoint (normal execution)

VM Mutex/Monitor currently owned by a thread:  ([mutex/lock_event])
[0x000001c4c2352d40] Threads_lock - owner thread: 0x000001c4dc5edc50
[0x000001c4c23549f0] Heap_lock - owner thread: 0x000001c4e2645ac0

Heap address: 0x0000000080000000, size: 2048 MB, Compressed Oops mode: 32-bit

CDS archive(s) not mapped
Compressed class space mapped at: 0x0000000100000000-0x0000000140000000, reserved size: 1073741824
Narrow klass base: 0x0000000000000000, Narrow klass shift: 3, Narrow klass range: 0x140000000

GC Precious Log:
 CPUs: 12 total, 12 available
 Memory: 7597M
 Large Page Support: Disabled
 NUMA Support: Disabled
 Compressed Oops: Enabled (32-bit)
 Heap Region Size: 1M
 Heap Min Capacity: 8M
 Heap Initial Capacity: 120M
 Heap Max Capacity: 2G
 Pre-touch: Disabled
 Parallel Workers: 10
 Concurrent Workers: 3
 Concurrent Refinement Workers: 10
 Periodic GC: Disabled

Heap:
 garbage-first heap   total 100352K, used 56472K [0x0000000080000000, 0x0000000100000000)
  region size 1024K, 1 young (1024K), 1 survivors (1024K)
 Metaspace       used 71714K, committed 72256K, reserved 1114112K
  class space    used 9536K, committed 9792K, reserved 1048576K

Heap Regions: E=young(eden), S=young(survivor), O=old, HS=humongous(starts), HC=humongous(continues), CS=collection set, F=free, OA=open archive, CA=closed archive, TAMS=top-at-mark-start (previous, next)
|   0|0x0000000080000000, 0x0000000080100000, 0x0000000080100000|100%|HS|  |TAMS 0x0000000080100000, 0x0000000080000000| Complete 
|   1|0x0000000080100000, 0x0000000080200000, 0x0000000080200000|100%|HC|  |TAMS 0x0000000080200000, 0x0000000080100000| Complete 
|   2|0x0000000080200000, 0x0000000080300000, 0x0000000080300000|100%|HC|  |TAMS 0x0000000080300000, 0x0000000080200000| Complete 
|   3|0x0000000080300000, 0x0000000080400000, 0x0000000080400000|100%|HC|  |TAMS 0x0000000080400000, 0x0000000080300000| Complete 
|   4|0x0000000080400000, 0x0000000080500000, 0x0000000080500000|100%| O|  |TAMS 0x0000000080500000, 0x0000000080400000| Untracked 
|   5|0x0000000080500000, 0x0000000080500000, 0x0000000080600000|  0%| F|  |TAMS 0x0000000080500000, 0x0000000080500000| Untracked 
|   6|0x0000000080600000, 0x0000000080700000, 0x0000000080700000|100%| O|  |TAMS 0x0000000080700000, 0x0000000080600000| Untracked 
|   7|0x0000000080700000, 0x0000000080800000, 0x0000000080800000|100%| O|  |TAMS 0x0000000080800000, 0x0000000080700000| Untracked 
|   8|0x0000000080800000, 0x0000000080900000, 0x0000000080900000|100%| O|  |TAMS 0x0000000080900000, 0x0000000080800000| Untracked 
|   9|0x0000000080900000, 0x0000000080a00000, 0x0000000080a00000|100%| O|  |TAMS 0x0000000080a00000, 0x0000000080900000| Untracked 
|  10|0x0000000080a00000, 0x0000000080ac8e00, 0x0000000080b00000| 78%| O|  |TAMS 0x0000000080ac8e00, 0x0000000080a00000| Untracked 
|  11|0x0000000080b00000, 0x0000000080c00000, 0x0000000080c00000|100%| O|  |TAMS 0x0000000080c00000, 0x0000000080b00000| Untracked 
|  12|0x0000000080c00000, 0x0000000080d00000, 0x0000000080d00000|100%| O|  |TAMS 0x0000000080d00000, 0x0000000080c00000| Untracked 
|  13|0x0000000080d00000, 0x0000000080e00000, 0x0000000080e00000|100%| O|  |TAMS 0x0000000080e00000, 0x0000000080d00000| Untracked 
|  14|0x0000000080e00000, 0x0000000080f00000, 0x0000000080f00000|100%| O|  |TAMS 0x0000000080f00000, 0x0000000080e00000| Untracked 
|  15|0x0000000080f00000, 0x0000000081000000, 0x0000000081000000|100%| O|  |TAMS 0x0000000081000000, 0x0000000080f00000| Untracked 
|  16|0x0000000081000000, 0x0000000081100000, 0x0000000081100000|100%| O|  |TAMS 0x0000000081100000, 0x0000000081000000| Untracked 
|  17|0x0000000081100000, 0x0000000081200000, 0x0000000081200000|100%| O|  |TAMS 0x0000000081200000, 0x0000000081100000| Untracked 
|  18|0x0000000081200000, 0x0000000081300000, 0x0000000081300000|100%| O|  |TAMS 0x0000000081300000, 0x0000000081200000| Untracked 
|  19|0x0000000081300000, 0x0000000081400000, 0x0000000081400000|100%| O|  |TAMS 0x0000000081400000, 0x0000000081300000| Untracked 
|  20|0x0000000081400000, 0x0000000081500000, 0x0000000081500000|100%| O|  |TAMS 0x0000000081500000, 0x0000000081400000| Untracked 
|  21|0x0000000081500000, 0x0000000081600000, 0x0000000081600000|100%| O|  |TAMS 0x0000000081600000, 0x0000000081500000| Untracked 
|  22|0x0000000081600000, 0x0000000081700000, 0x0000000081700000|100%| O|  |TAMS 0x0000000081674600, 0x0000000081600000| Untracked 
|  23|0x0000000081700000, 0x0000000081800000, 0x0000000081800000|100%| O|  |TAMS 0x0000000081800000, 0x0000000081700000| Untracked 
|  24|0x0000000081800000, 0x0000000081900000, 0x0000000081900000|100%| O|  |TAMS 0x0000000081900000, 0x0000000081800000| Untracked 
|  25|0x0000000081900000, 0x0000000081a00000, 0x0000000081a00000|100%| O|  |TAMS 0x0000000081a00000, 0x0000000081900000| Untracked 
|  26|0x0000000081a00000, 0x0000000081b00000, 0x0000000081b00000|100%| O|  |TAMS 0x0000000081b00000, 0x0000000081a00000| Untracked 
|  27|0x0000000081b00000, 0x0000000081c00000, 0x0000000081c00000|100%| O|  |TAMS 0x0000000081c00000, 0x0000000081b00000| Untracked 
|  28|0x0000000081c00000, 0x0000000081d00000, 0x0000000081d00000|100%| O|  |TAMS 0x0000000081d00000, 0x0000000081c00000| Untracked 
|  29|0x0000000081d00000, 0x0000000081e00000, 0x0000000081e00000|100%| O|  |TAMS 0x0000000081e00000, 0x0000000081d00000| Untracked 
|  30|0x0000000081e00000, 0x0000000081f00000, 0x0000000081f00000|100%| O|  |TAMS 0x0000000081f00000, 0x0000000081e00000| Untracked 
|  31|0x0000000081f00000, 0x0000000082000000, 0x0000000082000000|100%| O|  |TAMS 0x0000000082000000, 0x0000000081f00000| Untracked 
|  32|0x0000000082000000, 0x0000000082100000, 0x0000000082100000|100%| O|  |TAMS 0x0000000082100000, 0x0000000082000000| Untracked 
|  33|0x0000000082100000, 0x0000000082200000, 0x0000000082200000|100%| O|  |TAMS 0x0000000082200000, 0x0000000082100000| Untracked 
|  34|0x0000000082200000, 0x0000000082300000, 0x0000000082300000|100%| O|  |TAMS 0x0000000082300000, 0x0000000082200000| Untracked 
|  35|0x0000000082300000, 0x0000000082400000, 0x0000000082400000|100%| O|  |TAMS 0x0000000082400000, 0x0000000082300000| Untracked 
|  36|0x0000000082400000, 0x0000000082500000, 0x0000000082500000|100%| O|  |TAMS 0x0000000082500000, 0x0000000082400000| Untracked 
|  37|0x0000000082500000, 0x0000000082600000, 0x0000000082600000|100%| O|  |TAMS 0x0000000082600000, 0x0000000082500000| Untracked 
|  38|0x0000000082600000, 0x0000000082700000, 0x0000000082700000|100%|HS|  |TAMS 0x0000000082700000, 0x0000000082600000| Complete 
|  39|0x0000000082700000, 0x0000000082800000, 0x0000000082800000|100%|HS|  |TAMS 0x0000000082800000, 0x0000000082700000| Complete 
|  40|0x0000000082800000, 0x0000000082900000, 0x0000000082900000|100%| O|  |TAMS 0x0000000082900000, 0x0000000082800000| Untracked 
|  41|0x0000000082900000, 0x0000000082a00000, 0x0000000082a00000|100%| O|  |TAMS 0x0000000082a00000, 0x0000000082900000| Untracked 
|  42|0x0000000082a00000, 0x0000000082b00000, 0x0000000082b00000|100%|HS|  |TAMS 0x0000000082a00000, 0x0000000082a00000| Complete 
|  43|0x0000000082b00000, 0x0000000082c00000, 0x0000000082c00000|100%|HS|  |TAMS 0x0000000082c00000, 0x0000000082b00000| Complete 
|  44|0x0000000082c00000, 0x0000000082d00000, 0x0000000082d00000|100%| O|  |TAMS 0x0000000082d00000, 0x0000000082c00000| Untracked 
|  45|0x0000000082d00000, 0x0000000082e00000, 0x0000000082e00000|100%|HS|  |TAMS 0x0000000082e00000, 0x0000000082d00000| Complete 
|  46|0x0000000082e00000, 0x0000000082f00000, 0x0000000082f00000|100%| O|  |TAMS 0x0000000082f00000, 0x0000000082e00000| Untracked 
|  47|0x0000000082f00000, 0x0000000083000000, 0x0000000083000000|100%| O|  |TAMS 0x0000000083000000, 0x0000000082f00000| Untracked 
|  48|0x0000000083000000, 0x0000000083100000, 0x0000000083100000|100%| O|  |TAMS 0x0000000083100000, 0x0000000083000000| Untracked 
|  49|0x0000000083100000, 0x0000000083200000, 0x0000000083200000|100%|HS|  |TAMS 0x0000000083200000, 0x0000000083100000| Complete 
|  50|0x0000000083200000, 0x0000000083300000, 0x0000000083300000|100%| O|  |TAMS 0x0000000083300000, 0x0000000083200000| Untracked 
|  51|0x0000000083300000, 0x0000000083400000, 0x0000000083400000|100%| O|  |TAMS 0x0000000083400000, 0x0000000083300000| Untracked 
|  52|0x0000000083400000, 0x0000000083500000, 0x0000000083500000|100%| O|  |TAMS 0x0000000083500000, 0x0000000083400000| Untracked 
|  53|0x0000000083500000, 0x0000000083600000, 0x0000000083600000|100%| O|  |TAMS 0x0000000083500000, 0x0000000083500000| Untracked 
|  54|0x0000000083600000, 0x0000000083700000, 0x0000000083700000|100%| O|  |TAMS 0x0000000083600000, 0x0000000083600000| Untracked 
|  55|0x0000000083700000, 0x00000000837cde00, 0x0000000083800000| 80%| O|  |TAMS 0x0000000083700000, 0x0000000083700000| Untracked 
|  56|0x0000000083800000, 0x0000000083800000, 0x0000000083900000|  0%| F|  |TAMS 0x0000000083800000, 0x0000000083800000| Untracked 
|  57|0x0000000083900000, 0x0000000083900000, 0x0000000083a00000|  0%| F|  |TAMS 0x0000000083900000, 0x0000000083900000| Untracked 
|  58|0x0000000083a00000, 0x0000000083a00000, 0x0000000083b00000|  0%| F|  |TAMS 0x0000000083a00000, 0x0000000083a00000| Untracked 
|  59|0x0000000083b00000, 0x0000000083b00000, 0x0000000083c00000|  0%| F|  |TAMS 0x0000000083b00000, 0x0000000083b00000| Untracked 
|  60|0x0000000083c00000, 0x0000000083c00000, 0x0000000083d00000|  0%| F|  |TAMS 0x0000000083c00000, 0x0000000083c00000| Untracked 
|  61|0x0000000083d00000, 0x0000000083d00000, 0x0000000083e00000|  0%| F|  |TAMS 0x0000000083d00000, 0x0000000083d00000| Untracked 
|  62|0x0000000083e00000, 0x0000000083e00000, 0x0000000083f00000|  0%| F|  |TAMS 0x0000000083e00000, 0x0000000083e00000| Untracked 
|  63|0x0000000083f00000, 0x0000000083f00000, 0x0000000084000000|  0%| F|  |TAMS 0x0000000083f00000, 0x0000000083f00000| Untracked 
|  64|0x0000000084000000, 0x0000000084000000, 0x0000000084100000|  0%| F|  |TAMS 0x0000000084000000, 0x0000000084000000| Untracked 
|  65|0x0000000084100000, 0x0000000084100000, 0x0000000084200000|  0%| F|  |TAMS 0x0000000084100000, 0x0000000084100000| Untracked 
|  66|0x0000000084200000, 0x0000000084200000, 0x0000000084300000|  0%| F|  |TAMS 0x0000000084200000, 0x0000000084200000| Untracked 
|  67|0x0000000084300000, 0x0000000084300000, 0x0000000084400000|  0%| F|  |TAMS 0x0000000084300000, 0x0000000084300000| Untracked 
|  68|0x0000000084400000, 0x0000000084400000, 0x0000000084500000|  0%| F|  |TAMS 0x0000000084400000, 0x0000000084400000| Untracked 
|  69|0x0000000084500000, 0x0000000084500000, 0x0000000084600000|  0%| F|  |TAMS 0x0000000084500000, 0x0000000084500000| Untracked 
|  70|0x0000000084600000, 0x0000000084600000, 0x0000000084700000|  0%| F|  |TAMS 0x0000000084600000, 0x0000000084600000| Untracked 
|  71|0x0000000084700000, 0x0000000084700000, 0x0000000084800000|  0%| F|  |TAMS 0x0000000084700000, 0x0000000084700000| Untracked 
|  72|0x0000000084800000, 0x0000000084800000, 0x0000000084900000|  0%| F|  |TAMS 0x0000000084800000, 0x0000000084800000| Untracked 
|  73|0x0000000084900000, 0x0000000084900000, 0x0000000084a00000|  0%| F|  |TAMS 0x0000000084900000, 0x0000000084900000| Untracked 
|  74|0x0000000084a00000, 0x0000000084a00000, 0x0000000084b00000|  0%| F|  |TAMS 0x0000000084a00000, 0x0000000084a00000| Untracked 
|  75|0x0000000084b00000, 0x0000000084b00000, 0x0000000084c00000|  0%| F|  |TAMS 0x0000000084b00000, 0x0000000084b00000| Untracked 
|  76|0x0000000084c00000, 0x0000000084c00000, 0x0000000084d00000|  0%| F|  |TAMS 0x0000000084c00000, 0x0000000084c00000| Untracked 
|  77|0x0000000084d00000, 0x0000000084d00000, 0x0000000084e00000|  0%| F|  |TAMS 0x0000000084d00000, 0x0000000084d00000| Untracked 
|  78|0x0000000084e00000, 0x0000000084e00000, 0x0000000084f00000|  0%| F|  |TAMS 0x0000000084e00000, 0x0000000084e00000| Untracked 
|  79|0x0000000084f00000, 0x0000000084f00000, 0x0000000085000000|  0%| F|  |TAMS 0x0000000084f00000, 0x0000000084f00000| Untracked 
|  80|0x0000000085000000, 0x0000000085000000, 0x0000000085100000|  0%| F|  |TAMS 0x0000000085000000, 0x0000000085000000| Untracked 
|  81|0x0000000085100000, 0x0000000085100000, 0x0000000085200000|  0%| F|  |TAMS 0x0000000085100000, 0x0000000085100000| Untracked 
|  82|0x0000000085200000, 0x0000000085200000, 0x0000000085300000|  0%| F|  |TAMS 0x0000000085200000, 0x0000000085200000| Untracked 
|  83|0x0000000085300000, 0x0000000085300000, 0x0000000085400000|  0%| F|  |TAMS 0x0000000085300000, 0x0000000085300000| Untracked 
|  84|0x0000000085400000, 0x0000000085400000, 0x0000000085500000|  0%| F|  |TAMS 0x0000000085400000, 0x0000000085400000| Untracked 
|  85|0x0000000085500000, 0x0000000085500000, 0x0000000085600000|  0%| F|  |TAMS 0x0000000085500000, 0x0000000085500000| Untracked 
|  86|0x0000000085600000, 0x0000000085600000, 0x0000000085700000|  0%| F|  |TAMS 0x0000000085600000, 0x0000000085600000| Untracked 
|  87|0x0000000085700000, 0x0000000085700000, 0x0000000085800000|  0%| F|  |TAMS 0x0000000085700000, 0x0000000085700000| Untracked 
|  88|0x0000000085800000, 0x0000000085800000, 0x0000000085900000|  0%| F|  |TAMS 0x0000000085800000, 0x0000000085800000| Untracked 
|  89|0x0000000085900000, 0x0000000085900000, 0x0000000085a00000|  0%| F|  |TAMS 0x0000000085900000, 0x0000000085900000| Untracked 
|  90|0x0000000085a00000, 0x0000000085a00000, 0x0000000085b00000|  0%| F|  |TAMS 0x0000000085a00000, 0x0000000085a00000| Untracked 
|  91|0x0000000085b00000, 0x0000000085b00000, 0x0000000085c00000|  0%| F|  |TAMS 0x0000000085b00000, 0x0000000085b00000| Untracked 
|  92|0x0000000085c00000, 0x0000000085c00000, 0x0000000085d00000|  0%| F|  |TAMS 0x0000000085c00000, 0x0000000085c00000| Untracked 
|  93|0x0000000085d00000, 0x0000000085d00000, 0x0000000085e00000|  0%| F|  |TAMS 0x0000000085d00000, 0x0000000085d00000| Untracked 
|  94|0x0000000085e00000, 0x0000000085e00000, 0x0000000085f00000|  0%| F|  |TAMS 0x0000000085e00000, 0x0000000085e00000| Untracked 
|  95|0x0000000085f00000, 0x0000000085f00000, 0x0000000086000000|  0%| F|  |TAMS 0x0000000085f00000, 0x0000000085f00000| Untracked 
|  96|0x0000000086000000, 0x000000008608f540, 0x0000000086100000| 55%| S|CS|TAMS 0x0000000086000000, 0x0000000086000000| Complete 
| 119|0x0000000087700000, 0x0000000087700000, 0x0000000087800000|  0%| F|  |TAMS 0x0000000087700000, 0x0000000087700000| Untracked 

Card table byte_map: [0x000001c4d5170000,0x000001c4d5570000] _byte_map_base: 0x000001c4d4d70000

Marking Bits (Prev, Next): (CMBitMap*) 0x000001c4c23b6af0, (CMBitMap*) 0x000001c4c23b6b30
 Prev Bits: [0x000001c4d5970000, 0x000001c4d7970000)
 Next Bits: [0x000001c4d7970000, 0x000001c4d9970000)

Polling page: 0x000001c4c1b10000

Metaspace:

Usage:
  Non-class:     60.72 MB used.
      Class:      9.31 MB used.
       Both:     70.03 MB used.

Virtual space:
  Non-class space:       64.00 MB reserved,      61.00 MB ( 95%) committed,  1 nodes.
      Class space:        1.00 GB reserved,       9.56 MB ( <1%) committed,  1 nodes.
             Both:        1.06 GB reserved,      70.56 MB (  6%) committed. 

Chunk freelists:
   Non-Class:  2.22 MB
       Class:  6.45 MB
        Both:  8.67 MB

MaxMetaspaceSize: unlimited
CompressedClassSpaceSize: 1.00 GB
Initial GC threshold: 21.00 MB
Current GC threshold: 112.81 MB
CDS: off
MetaspaceReclaimPolicy: balanced
 - commit_granule_bytes: 65536.
 - commit_granule_words: 8192.
 - virtual_space_node_default_size: 8388608.
 - enlarge_chunks_in_place: 1.
 - new_chunks_are_fully_committed: 0.
 - uncommit_free_chunks: 1.
 - use_allocation_guard: 0.
 - handle_deallocations: 1.


Internal statistics:

num_allocs_failed_limit: 9.
num_arena_births: 742.
num_arena_deaths: 0.
num_vsnodes_births: 2.
num_vsnodes_deaths: 0.
num_space_committed: 1129.
num_space_uncommitted: 0.
num_chunks_returned_to_freelist: 9.
num_chunks_taken_from_freelist: 2984.
num_chunk_merges: 6.
num_chunk_splits: 2007.
num_chunks_enlarged: 1375.
num_inconsistent_stats: 0.

CodeHeap 'non-profiled nmethods': size=120000Kb used=3124Kb max_used=3246Kb free=116875Kb
 bounds [0x000001c4cd2f0000, 0x000001c4cd620000, 0x000001c4d4820000]
CodeHeap 'profiled nmethods': size=120000Kb used=11094Kb max_used=11094Kb free=108905Kb
 bounds [0x000001c4c5820000, 0x000001c4c6300000, 0x000001c4ccd50000]
CodeHeap 'non-nmethods': size=5760Kb used=2385Kb max_used=2430Kb free=3374Kb
 bounds [0x000001c4ccd50000, 0x000001c4ccfc0000, 0x000001c4cd2f0000]
 total_blobs=6899 nmethods=5985 adapters=826
 compilation: enabled
              stopped_count=0, restarted_count=0
 full_count=0

Compilation events (20 events):
Event: 9.886 Thread 0x000001c4dc78f7e0 6835       3       sun.security.x509.OIDMap::getClass (26 bytes)
Event: 9.886 Thread 0x000001c4dc78f7e0 nmethod 6835 0x000001c4c62f0310 code [0x000001c4c62f04e0, 0x000001c4c62f08d8]
Event: 9.886 Thread 0x000001c4dc78f7e0 6837       3       sun.security.x509.Extension::<init> (20 bytes)
Event: 9.886 Thread 0x000001c4dc78f7e0 nmethod 6837 0x000001c4c62f0a10 code [0x000001c4c62f0ba0, 0x000001c4c62f0d58]
Event: 9.889 Thread 0x000001c4dc78f7e0 6847       3       java.math.BigInteger::multiplyToLenCheck (28 bytes)
Event: 9.889 Thread 0x000001c4dc78f7e0 nmethod 6847 0x000001c4c62f0e10 code [0x000001c4c62f0fe0, 0x000001c4c62f1378]
Event: 9.890 Thread 0x000001c4dc78f7e0 6849       3       java.math.MutableBigInteger::divWord (108 bytes)
Event: 9.890 Thread 0x000001c4dc78f7e0 nmethod 6849 0x000001c4c62f1510 code [0x000001c4c62f16c0, 0x000001c4c62f1a38]
Event: 9.890 Thread 0x000001c4dc78f7e0 6850   !   3       sun.security.x509.AlgorithmId::getName (113 bytes)
Event: 9.891 Thread 0x000001c4dc78f7e0 nmethod 6850 0x000001c4c62f1b90 code [0x000001c4c62f1e80, 0x000001c4c62f2a78]
Event: 9.892 Thread 0x000001c4dc78f7e0 6851       3       sun.security.util.SignatureFileVerifier::updateSigners (132 bytes)
Event: 9.892 Thread 0x000001c4dc783510 nmethod 6811 0x000001c4cd368e90 code [0x000001c4cd369040, 0x000001c4cd369718]
Event: 9.892 Thread 0x000001c4dc783510 6846 %     4       java.math.BigInteger::shiftLeftImplWorker @ 9 (43 bytes)
Event: 9.893 Thread 0x000001c4dc78f7e0 nmethod 6851 0x000001c4c62f3010 code [0x000001c4c62f32c0, 0x000001c4c62f4258]
Event: 9.893 Thread 0x000001c4dc78f7e0 6852       3       sun.security.util.SignatureFileVerifier::matches (93 bytes)
Event: 9.894 Thread 0x000001c4dc78f7e0 nmethod 6852 0x000001c4c62f4890 code [0x000001c4c62f4ac0, 0x000001c4c62f5378]
Event: 9.894 Thread 0x000001c4dc78f7e0 6853       3       sun.security.util.SecurityProviderConstants::getAliases (65 bytes)
Event: 9.895 Thread 0x000001c4dc78f7e0 nmethod 6853 0x000001c4c62f5690 code [0x000001c4c62f5900, 0x000001c4c62f61e8]
Event: 9.901 Thread 0x000001c4dc783510 nmethod 6846% 0x000001c4cd38b790 code [0x000001c4cd38b920, 0x000001c4cd38be18]
Event: 9.901 Thread 0x000001c4dc783510 6848 %     4       java.math.BigInteger::implSquareToLen @ 9 (154 bytes)

GC Heap History (20 events):
Event: 8.003 GC heap after
{Heap after GC invocations=19 (full 0):
 garbage-first heap   total 100352K, used 44641K [0x0000000080000000, 0x0000000100000000)
  region size 1024K, 2 young (2048K), 2 survivors (2048K)
 Metaspace       used 60740K, committed 61312K, reserved 1114112K
  class space    used 8128K, committed 8384K, reserved 1048576K
}
Event: 8.101 GC heap before
{Heap before GC invocations=19 (full 0):
 garbage-first heap   total 100352K, used 47713K [0x0000000080000000, 0x0000000100000000)
  region size 1024K, 6 young (6144K), 2 survivors (2048K)
 Metaspace       used 60755K, committed 61312K, reserved 1114112K
  class space    used 8128K, committed 8384K, reserved 1048576K
}
Event: 8.106 GC heap after
{Heap after GC invocations=20 (full 0):
 garbage-first heap   total 100352K, used 48625K [0x0000000080000000, 0x0000000100000000)
  region size 1024K, 3 young (3072K), 3 survivors (3072K)
 Metaspace       used 60755K, committed 61312K, reserved 1114112K
  class space    used 8128K, committed 8384K, reserved 1048576K
}
Event: 8.208 GC heap before
{Heap before GC invocations=21 (full 0):
 garbage-first heap   total 100352K, used 51697K [0x0000000080000000, 0x0000000100000000)
  region size 1024K, 6 young (6144K), 3 survivors (3072K)
 Metaspace       used 60797K, committed 61312K, reserved 1114112K
  class space    used 8132K, committed 8384K, reserved 1048576K
}
Event: 8.212 GC heap after
{Heap after GC invocations=22 (full 0):
 garbage-first heap   total 100352K, used 49518K [0x0000000080000000, 0x0000000100000000)
  region size 1024K, 2 young (2048K), 2 survivors (2048K)
 Metaspace       used 60797K, committed 61312K, reserved 1114112K
  class space    used 8132K, committed 8384K, reserved 1048576K
}
Event: 8.458 GC heap before
{Heap before GC invocations=23 (full 0):
 garbage-first heap   total 100352K, used 67950K [0x0000000080000000, 0x0000000100000000)
  region size 1024K, 19 young (19456K), 2 survivors (2048K)
 Metaspace       used 62142K, committed 62656K, reserved 1114112K
  class space    used 8303K, committed 8576K, reserved 1048576K
}
Event: 8.460 GC heap after
{Heap after GC invocations=24 (full 0):
 garbage-first heap   total 100352K, used 52807K [0x0000000080000000, 0x0000000100000000)
  region size 1024K, 3 young (3072K), 3 survivors (3072K)
 Metaspace       used 62142K, committed 62656K, reserved 1114112K
  class space    used 8303K, committed 8576K, reserved 1048576K
}
Event: 8.478 GC heap before
{Heap before GC invocations=24 (full 0):
 garbage-first heap   total 100352K, used 53831K [0x0000000080000000, 0x0000000100000000)
  region size 1024K, 4 young (4096K), 3 survivors (3072K)
 Metaspace       used 62253K, committed 62784K, reserved 1114112K
  class space    used 8318K, committed 8576K, reserved 1048576K
}
Event: 8.480 GC heap after
{Heap after GC invocations=25 (full 0):
 garbage-first heap   total 100352K, used 52432K [0x0000000080000000, 0x0000000100000000)
  region size 1024K, 1 young (1024K), 1 survivors (1024K)
 Metaspace       used 62253K, committed 62784K, reserved 1114112K
  class space    used 8318K, committed 8576K, reserved 1048576K
}
Event: 8.760 GC heap before
{Heap before GC invocations=25 (full 0):
 garbage-first heap   total 100352K, used 69840K [0x0000000080000000, 0x0000000100000000)
  region size 1024K, 18 young (18432K), 1 survivors (1024K)
 Metaspace       used 63818K, committed 64384K, reserved 1114112K
  class space    used 8554K, committed 8832K, reserved 1048576K
}
Event: 8.762 GC heap after
{Heap after GC invocations=26 (full 0):
 garbage-first heap   total 100352K, used 53036K [0x0000000080000000, 0x0000000100000000)
  region size 1024K, 1 young (1024K), 1 survivors (1024K)
 Metaspace       used 63818K, committed 64384K, reserved 1114112K
  class space    used 8554K, committed 8832K, reserved 1048576K
}
Event: 9.069 GC heap before
{Heap before GC invocations=27 (full 0):
 garbage-first heap   total 100352K, used 71468K [0x0000000080000000, 0x0000000100000000)
  region size 1024K, 20 young (20480K), 1 survivors (1024K)
 Metaspace       used 66128K, committed 66624K, reserved 1114112K
  class space    used 8806K, committed 9024K, reserved 1048576K
}
Event: 9.072 GC heap after
{Heap after GC invocations=28 (full 0):
 garbage-first heap   total 100352K, used 53341K [0x0000000080000000, 0x0000000100000000)
  region size 1024K, 1 young (1024K), 1 survivors (1024K)
 Metaspace       used 66128K, committed 66624K, reserved 1114112K
  class space    used 8806K, committed 9024K, reserved 1048576K
}
Event: 9.116 GC heap before
{Heap before GC invocations=28 (full 0):
 garbage-first heap   total 100352K, used 56413K [0x0000000080000000, 0x0000000100000000)
  region size 1024K, 4 young (4096K), 1 survivors (1024K)
 Metaspace       used 66463K, committed 66944K, reserved 1114112K
  class space    used 8851K, committed 9088K, reserved 1048576K
}
Event: 9.119 GC heap after
{Heap after GC invocations=29 (full 0):
 garbage-first heap   total 100352K, used 53093K [0x0000000080000000, 0x0000000100000000)
  region size 1024K, 1 young (1024K), 1 survivors (1024K)
 Metaspace       used 66463K, committed 66944K, reserved 1114112K
  class space    used 8851K, committed 9088K, reserved 1048576K
}
Event: 9.428 GC heap before
{Heap before GC invocations=29 (full 0):
 garbage-first heap   total 100352K, used 73573K [0x0000000080000000, 0x0000000100000000)
  region size 1024K, 22 young (22528K), 1 survivors (1024K)
 Metaspace       used 68569K, committed 69056K, reserved 1114112K
  class space    used 9078K, committed 9280K, reserved 1048576K
}
Event: 9.431 GC heap after
{Heap after GC invocations=30 (full 0):
 garbage-first heap   total 100352K, used 53828K [0x0000000080000000, 0x0000000100000000)
  region size 1024K, 2 young (2048K), 2 survivors (2048K)
 Metaspace       used 68569K, committed 69056K, reserved 1114112K
  class space    used 9078K, committed 9280K, reserved 1048576K
}
Event: 9.880 GC heap before
{Heap before GC invocations=31 (full 0):
 garbage-first heap   total 100352K, used 76356K [0x0000000080000000, 0x0000000100000000)
  region size 1024K, 24 young (24576K), 2 survivors (2048K)
 Metaspace       used 71673K, committed 72256K, reserved 1114112K
  class space    used 9532K, committed 9792K, reserved 1048576K
}
Event: 9.885 GC heap after
{Heap after GC invocations=32 (full 0):
 garbage-first heap   total 100352K, used 55881K [0x0000000080000000, 0x0000000100000000)
  region size 1024K, 3 young (3072K), 3 survivors (3072K)
 Metaspace       used 71673K, committed 72256K, reserved 1114112K
  class space    used 9532K, committed 9792K, reserved 1048576K
}
Event: 9.903 GC heap before
{Heap before GC invocations=32 (full 0):
 garbage-first heap   total 100352K, used 57929K [0x0000000080000000, 0x0000000100000000)
  region size 1024K, 4 young (4096K), 3 survivors (3072K)
 Metaspace       used 71714K, committed 72256K, reserved 1114112K
  class space    used 9536K, committed 9792K, reserved 1048576K
}

Dll operation events (3 events):
Event: 0.012 Loaded shared library C:\Program Files\Android\Android Studio\jbr\bin\java.dll
Event: 0.149 Loaded shared library C:\Program Files\Android\Android Studio\jbr\bin\zip.dll
Event: 0.500 Loaded shared library C:\Program Files\Android\Android Studio\jbr\bin\verify.dll

Deoptimization events (20 events):
Event: 9.900 Thread 0x000001c4e2645ac0 Uncommon trap: trap_request=0xffffff45 fr.pc=0x000001c4cd4f1ed0 relative=0x00000000000000b0
Event: 9.900 Thread 0x000001c4e2645ac0 Uncommon trap: reason=unstable_if action=reinterpret pc=0x000001c4cd4f1ed0 method=java.util.jar.JarFile.maybeInstantiateVerifier()V @ 4 c2
Event: 9.900 Thread 0x000001c4e2645ac0 DEOPT PACKING pc=0x000001c4cd4f1ed0 sp=0x0000000cd25f1180
Event: 9.900 Thread 0x000001c4e2645ac0 DEOPT UNPACKING pc=0x000001c4ccda69a3 sp=0x0000000cd25f10b0 mode 2
Event: 9.900 Thread 0x000001c4e2645ac0 Uncommon trap: trap_request=0xffffff45 fr.pc=0x000001c4cd59b6b8 relative=0x0000000000001478
Event: 9.900 Thread 0x000001c4e2645ac0 Uncommon trap: reason=unstable_if action=reinterpret pc=0x000001c4cd59b6b8 method=java.security.CodeSource.matchCerts(Ljava/security/CodeSource;Z)Z @ 11 c2
Event: 9.900 Thread 0x000001c4e2645ac0 DEOPT PACKING pc=0x000001c4cd59b6b8 sp=0x0000000cd25f10b0
Event: 9.900 Thread 0x000001c4e2645ac0 DEOPT UNPACKING pc=0x000001c4ccda69a3 sp=0x0000000cd25f0f30 mode 2
Event: 9.900 Thread 0x000001c4e2645ac0 Uncommon trap: trap_request=0xffffff45 fr.pc=0x000001c4cd50aeec relative=0x000000000000006c
Event: 9.900 Thread 0x000001c4e2645ac0 Uncommon trap: reason=unstable_if action=reinterpret pc=0x000001c4cd50aeec method=java.lang.ClassLoader.compareCerts([Ljava/security/cert/Certificate;[Ljava/security/cert/Certificate;)Z @ 2 c2
Event: 9.900 Thread 0x000001c4e2645ac0 DEOPT PACKING pc=0x000001c4cd50aeec sp=0x0000000cd25f0ef0
Event: 9.900 Thread 0x000001c4e2645ac0 DEOPT UNPACKING pc=0x000001c4ccda69a3 sp=0x0000000cd25f0e30 mode 2
Event: 9.900 Thread 0x000001c4e2645ac0 Uncommon trap: trap_request=0xffffff45 fr.pc=0x000001c4cd4f85d8 relative=0x0000000000001118
Event: 9.900 Thread 0x000001c4e2645ac0 Uncommon trap: reason=unstable_if action=reinterpret pc=0x000001c4cd4f85d8 method=java.security.CodeSource.getCertificates()[Ljava/security/cert/Certificate; @ 4 c2
Event: 9.900 Thread 0x000001c4e2645ac0 DEOPT PACKING pc=0x000001c4cd4f85d8 sp=0x0000000cd25f1040
Event: 9.900 Thread 0x000001c4e2645ac0 DEOPT UNPACKING pc=0x000001c4ccda69a3 sp=0x0000000cd25f0fc0 mode 2
Event: 9.900 Thread 0x000001c4e2645ac0 Uncommon trap: trap_request=0xffffff45 fr.pc=0x000001c4cd340ba4 relative=0x00000000000008a4
Event: 9.900 Thread 0x000001c4e2645ac0 Uncommon trap: reason=unstable_if action=reinterpret pc=0x000001c4cd340ba4 method=java.util.jar.JarFile.getEntry(Ljava/lang/String;)Ljava/util/zip/ZipEntry; @ 15 c2
Event: 9.900 Thread 0x000001c4e2645ac0 DEOPT PACKING pc=0x000001c4cd340ba4 sp=0x0000000cd25f2b80
Event: 9.900 Thread 0x000001c4e2645ac0 DEOPT UNPACKING pc=0x000001c4ccda69a3 sp=0x0000000cd25f2b68 mode 2

Classes unloaded (0 events):
No events

Classes redefined (0 events):
No events

Internal exceptions (20 events):
Event: 7.826 Thread 0x000001c4e1cc1400 Exception <a 'java/lang/NoSuchMethodError'{0x0000000084005dd8}: static Lorg/gradle/internal/build/event/types/DefaultOperationFinishedProgressEvent;.<clinit>()V> (0x0000000084005dd8) 
thrown [s\src\hotspot\share\prims\jni.cpp, line 1108]
Event: 7.828 Thread 0x000001c4e1cc1400 Exception <a 'java/lang/NoSuchMethodError'{0x000000008402cd60}: static Lorg/gradle/internal/build/event/types/DefaultProjectConfigurationSuccessResult;.<clinit>()V> (0x000000008402cd60) 
thrown [s\src\hotspot\share\prims\jni.cpp, line 1108]
Event: 7.828 Thread 0x000001c4e1cc1400 Exception <a 'java/lang/NoSuchMethodError'{0x000000008402e068}: static Lorg/gradle/internal/build/event/types/AbstractProjectConfigurationResult;.<clinit>()V> (0x000000008402e068) 
thrown [s\src\hotspot\share\prims\jni.cpp, line 1108]
Event: 7.829 Thread 0x000001c4e1cc1400 Exception <a 'java/lang/NoSuchMethodError'{0x000000008402f568}: static Lorg/gradle/internal/build/event/types/AbstractOperationResult;.<clinit>()V> (0x000000008402f568) 
thrown [s\src\hotspot\share\prims\jni.cpp, line 1108]
Event: 7.829 Thread 0x000001c4e1cc1400 Exception <a 'java/lang/NoSuchMethodError'{0x0000000084030768}: static Lorg/gradle/internal/build/event/types/AbstractResult;.<clinit>()V> (0x0000000084030768) 
thrown [s\src\hotspot\share\prims\jni.cpp, line 1108]
Event: 7.830 Thread 0x000001c4e1cc1400 Exception <a 'java/lang/NoSuchMethodError'{0x0000000084046e30}: static Lorg/gradle/internal/build/event/types/DefaultPluginApplicationResult;.<clinit>()V> (0x0000000084046e30) 
thrown [s\src\hotspot\share\prims\jni.cpp, line 1108]
Event: 7.831 Thread 0x000001c4e1cc1400 Exception <a 'java/lang/NoSuchMethodError'{0x0000000084052a10}: static Lorg/gradle/internal/build/event/types/DefaultBinaryPluginIdentifier;.<clinit>()V> (0x0000000084052a10) 
thrown [s\src\hotspot\share\prims\jni.cpp, line 1108]
Event: 7.833 Thread 0x000001c4e1cc1400 Exception <a 'java/lang/NoSuchMethodError'{0x00000000840e8d10}: static Lorg/gradle/internal/build/event/types/DefaultScriptPluginIdentifier;.<clinit>()V> (0x00000000840e8d10) 
thrown [s\src\hotspot\share\prims\jni.cpp, line 1108]
Event: 8.145 Thread 0x000001c4dc5f0f10 Implicit null exception at 0x000001c4cd5583dd to 0x000001c4cd558530
Event: 8.202 Thread 0x000001c4e2645ac0 Exception <a 'java/lang/ClassNotFoundException'{0x0000000085f52128}: sun/misc/SharedSecrets> (0x0000000085f52128) 
thrown [s\src\hotspot\share\classfile\systemDictionary.cpp, line 256]
Event: 8.202 Thread 0x000001c4e2645ac0 Exception <a 'java/lang/ClassNotFoundException'{0x0000000085f53700}: org/gradle/api/internal/plugins/DefaultObjectConfigurationActionBeanInfo> (0x0000000085f53700) 
thrown [s\src\hotspot\share\classfile\systemDictionary.cpp, line 256]
Event: 8.203 Thread 0x000001c4e2645ac0 Exception <a 'java/lang/ClassNotFoundException'{0x0000000085f6d160}: org/gradle/api/internal/plugins/DefaultObjectConfigurationActionCustomizer> (0x0000000085f6d160) 
thrown [s\src\hotspot\share\classfile\systemDictionary.cpp, line 256]
Event: 8.504 Thread 0x000001c4e2645ac0 Exception <a 'java/lang/NoSuchMethodError'{0x0000000085f98b30}: 'java.lang.Object java.lang.invoke.DirectMethodHandle$Holder.newInvokeSpecial(java.lang.Object, java.lang.Object, java.lang.Object, java.lang.Object, int)'> (0x0000000085f98b30) 
thrown [s\src\hotspot\share\interpreter\linkResolver.cpp, line 771]
Event: 8.504 Thread 0x000001c4e2645ac0 Exception <a 'java/lang/NoSuchMethodError'{0x0000000085f9e1d0}: 'java.lang.Object java.lang.invoke.DirectMethodHandle$Holder.invokeSpecial(java.lang.Object, java.lang.Object, java.lang.Object, java.lang.Object, java.lang.Object, int)'> (0x0000000085f9e1d0) 
thrown [s\src\hotspot\share\interpreter\linkResolver.cpp, line 771]
Event: 8.505 Thread 0x000001c4e2645ac0 Exception <a 'java/lang/NoSuchMethodError'{0x0000000085fa2f50}: 'java.lang.Object java.lang.invoke.Invokers$Holder.linkToTargetMethod(java.lang.Object, java.lang.Object, java.lang.Object, int, java.lang.Object)'> (0x0000000085fa2f50) 
thrown [s\src\hotspot\share\interpreter\linkResolver.cpp, line 771]
Event: 8.851 Thread 0x000001c4e2645ac0 Exception <a 'java/lang/NoSuchMethodError'{0x0000000085e34630}: 'int java.lang.invoke.DirectMethodHandle$Holder.invokeInterface(java.lang.Object, java.lang.Object, java.lang.Object, java.lang.Object)'> (0x0000000085e34630) 
thrown [s\src\hotspot\share\interpreter\linkResolver.cpp, line 771]
Event: 9.661 Thread 0x000001c4e2645ac0 Exception <a 'java/lang/IncompatibleClassChangeError'{0x00000000858498f8}: Found class java.lang.Object, but interface was expected> (0x00000000858498f8) 
thrown [s\src\hotspot\share\interpreter\linkResolver.cpp, line 838]
Event: 9.720 Thread 0x000001c4e2645ac0 Implicit null exception at 0x000001c4cd367dd4 to 0x000001c4cd368110
Event: 9.720 Thread 0x000001c4e2645ac0 Implicit null exception at 0x000001c4cd5d0426 to 0x000001c4cd5d0b10
Event: 9.853 Thread 0x000001c4e2645ac0 Implicit null exception at 0x000001c4cd4a5c8c to 0x000001c4cd4a5dbe

VM Operations (20 events):
Event: 8.820 Executing VM operation: G1Concurrent done
Event: 8.842 Executing VM operation: HandshakeAllThreads
Event: 8.842 Executing VM operation: HandshakeAllThreads done
Event: 8.850 Executing VM operation: HandshakeAllThreads
Event: 8.850 Executing VM operation: HandshakeAllThreads done
Event: 9.069 Executing VM operation: G1CollectForAllocation
Event: 9.072 Executing VM operation: G1CollectForAllocation done
Event: 9.116 Executing VM operation: G1CollectForAllocation
Event: 9.119 Executing VM operation: G1CollectForAllocation done
Event: 9.428 Executing VM operation: G1CollectForAllocation
Event: 9.431 Executing VM operation: G1CollectForAllocation done
Event: 9.459 Executing VM operation: G1Concurrent
Event: 9.464 Executing VM operation: G1Concurrent done
Event: 9.478 Executing VM operation: G1Concurrent
Event: 9.478 Executing VM operation: G1Concurrent done
Event: 9.858 Executing VM operation: HandshakeAllThreads
Event: 9.858 Executing VM operation: HandshakeAllThreads done
Event: 9.880 Executing VM operation: G1CollectForAllocation
Event: 9.885 Executing VM operation: G1CollectForAllocation done
Event: 9.903 Executing VM operation: G1CollectForAllocation

Events (20 events):
Event: 9.868 loading class java/security/cert/CertPathValidatorException
Event: 9.868 loading class java/security/cert/CertPathValidatorException done
Event: 9.868 loading class java/time/format/DateTimePrintContext
Event: 9.869 loading class java/time/format/DateTimePrintContext done
Event: 9.869 loading class java/time/Instant$1
Event: 9.869 loading class java/time/Instant$1 done
Event: 9.869 loading class java/security/cert/CertPathValidatorException$BasicReason
Event: 9.869 loading class java/security/cert/CertPathValidatorException$Reason
Event: 9.869 loading class java/security/cert/CertPathValidatorException$Reason done
Event: 9.869 loading class java/security/cert/CertPathValidatorException$BasicReason done
Event: 9.891 loading class java/util/Base64
Event: 9.891 loading class java/util/Base64 done
Event: 9.891 loading class java/util/Base64$Decoder
Event: 9.891 loading class java/util/Base64$Decoder done
Event: 9.891 loading class java/util/Base64$Encoder
Event: 9.892 loading class java/util/Base64$Encoder done
Event: 9.893 loading class java/util/jar/JarVerifier$VerifierStream
Event: 9.893 loading class java/util/jar/JarVerifier$VerifierStream done
Event: 9.894 loading class sun/security/util/ManifestEntryVerifier$SunProviderHolder
Event: 9.894 loading class sun/security/util/ManifestEntryVerifier$SunProviderHolder done


Dynamic libraries:
0x00007ff75dc80000 - 0x00007ff75dc8a000 	C:\Program Files\Android\Android Studio\jbr\bin\java.exe
0x00007ffafb810000 - 0x00007ffafba27000 	C:\WINDOWS\SYSTEM32\ntdll.dll
0x00007ffab9970000 - 0x00007ffab9989000 	C:\Program Files\Avast Software\Avast\aswhook.dll
0x00007ffaf9900000 - 0x00007ffaf99c4000 	C:\WINDOWS\System32\KERNEL32.DLL
0x00007ffaf9080000 - 0x00007ffaf9426000 	C:\WINDOWS\System32\KERNELBASE.dll
0x00007ffaf8b50000 - 0x00007ffaf8c61000 	C:\WINDOWS\System32\ucrtbase.dll
0x00007ffaf18c0000 - 0x00007ffaf18d7000 	C:\Program Files\Android\Android Studio\jbr\bin\jli.dll
0x00007ffaeef90000 - 0x00007ffaeefab000 	C:\Program Files\Android\Android Studio\jbr\bin\VCRUNTIME140.dll
0x00007ffafa890000 - 0x00007ffafaa3e000 	C:\WINDOWS\System32\USER32.dll
0x00007ffaf8d90000 - 0x00007ffaf8db6000 	C:\WINDOWS\System32\win32u.dll
0x00007ffae59b0000 - 0x00007ffae5c43000 	C:\WINDOWS\WinSxS\amd64_microsoft.windows.common-controls_6595b64144ccf1df_6.0.22621.2506_none_270c5ae97388e100\COMCTL32.dll
0x00007ffafaa40000 - 0x00007ffafaa69000 	C:\WINDOWS\System32\GDI32.dll
0x00007ffaf96f0000 - 0x00007ffaf9797000 	C:\WINDOWS\System32\msvcrt.dll
0x00007ffaf8c70000 - 0x00007ffaf8d88000 	C:\WINDOWS\System32\gdi32full.dll
0x00007ffaf8f30000 - 0x00007ffaf8fca000 	C:\WINDOWS\System32\msvcp_win.dll
0x00007ffafa6d0000 - 0x00007ffafa701000 	C:\WINDOWS\System32\IMM32.DLL
0x00007ffaf5b20000 - 0x00007ffaf5b2c000 	C:\Program Files\Android\Android Studio\jbr\bin\vcruntime140_1.dll
0x00007ffab99d0000 - 0x00007ffab9a5d000 	C:\Program Files\Android\Android Studio\jbr\bin\msvcp140.dll
0x00007ffa7dd20000 - 0x00007ffa7e9a0000 	C:\Program Files\Android\Android Studio\jbr\bin\server\jvm.dll
0x00007ffafa7d0000 - 0x00007ffafa883000 	C:\WINDOWS\System32\ADVAPI32.dll
0x00007ffaf9fb0000 - 0x00007ffafa058000 	C:\WINDOWS\System32\sechost.dll
0x00007ffaf9050000 - 0x00007ffaf9078000 	C:\WINDOWS\System32\bcrypt.dll
0x00007ffaf95d0000 - 0x00007ffaf96e7000 	C:\WINDOWS\System32\RPCRT4.dll
0x00007ffaf22a0000 - 0x00007ffaf22d4000 	C:\WINDOWS\SYSTEM32\WINMM.dll
0x00007ffaef630000 - 0x00007ffaef63a000 	C:\WINDOWS\SYSTEM32\VERSION.dll
0x00007ffadfa20000 - 0x00007ffadfa29000 	C:\WINDOWS\SYSTEM32\WSOCK32.dll
0x00007ffafacb0000 - 0x00007ffafad21000 	C:\WINDOWS\System32\WS2_32.dll
0x00007ffaf7b50000 - 0x00007ffaf7b68000 	C:\WINDOWS\SYSTEM32\kernel.appcore.dll
0x00007ffaf3f50000 - 0x00007ffaf3f5a000 	C:\Program Files\Android\Android Studio\jbr\bin\jimage.dll
0x00007ffaef1e0000 - 0x00007ffaef413000 	C:\WINDOWS\SYSTEM32\DBGHELP.DLL
0x00007ffafa060000 - 0x00007ffafa3e9000 	C:\WINDOWS\System32\combase.dll
0x00007ffafad30000 - 0x00007ffafae07000 	C:\WINDOWS\System32\OLEAUT32.dll
0x00007ffaef5f0000 - 0x00007ffaef622000 	C:\WINDOWS\SYSTEM32\dbgcore.DLL
0x00007ffaf8fd0000 - 0x00007ffaf904a000 	C:\WINDOWS\System32\bcryptPrimitives.dll
0x00007ffaf22f0000 - 0x00007ffaf22fe000 	C:\Program Files\Android\Android Studio\jbr\bin\instrument.dll
0x00007ffaf09b0000 - 0x00007ffaf09d5000 	C:\Program Files\Android\Android Studio\jbr\bin\java.dll
0x00007ffaf3eb0000 - 0x00007ffaf3ec8000 	C:\Program Files\Android\Android Studio\jbr\bin\zip.dll
0x00007ffafae10000 - 0x00007ffafb66b000 	C:\WINDOWS\System32\SHELL32.dll
0x00007ffaf6a60000 - 0x00007ffaf7356000 	C:\WINDOWS\SYSTEM32\windows.storage.dll
0x00007ffaf6920000 - 0x00007ffaf6a5e000 	C:\WINDOWS\SYSTEM32\wintypes.dll
0x00007ffafa5d0000 - 0x00007ffafa6c3000 	C:\WINDOWS\System32\SHCORE.dll
0x00007ffaf9f50000 - 0x00007ffaf9fae000 	C:\WINDOWS\System32\shlwapi.dll
0x00007ffaf8a80000 - 0x00007ffaf8aa6000 	C:\WINDOWS\SYSTEM32\profapi.dll
0x00007ffaf3d80000 - 0x00007ffaf3d99000 	C:\Program Files\Android\Android Studio\jbr\bin\net.dll
0x00007ffaf3570000 - 0x00007ffaf36a7000 	C:\WINDOWS\SYSTEM32\WINHTTP.dll
0x00007ffaf8030000 - 0x00007ffaf8099000 	C:\WINDOWS\system32\mswsock.dll
0x00007ffaf2140000 - 0x00007ffaf2156000 	C:\Program Files\Android\Android Studio\jbr\bin\nio.dll
0x00007ffaf3e80000 - 0x00007ffaf3e90000 	C:\Program Files\Android\Android Studio\jbr\bin\verify.dll
0x00007ffaf0ab0000 - 0x00007ffaf0ad7000 	C:\Users\A S U S\.gradle\native\68d5fa5c4cc2d200863cafc0d521ce42e7d3e7ee720ec0a83991735586a16f82\windows-amd64\native-platform.dll
0x00007ffa9a960000 - 0x00007ffa9aaa4000 	C:\Users\A S U S\.gradle\native\e376f236ea51e6404a007f0833ffe2c6e607c4080706a723a18a27aeea778392\windows-amd64\native-platform-file-events.dll
0x00007ffaf3e50000 - 0x00007ffaf3e59000 	C:\Program Files\Android\Android Studio\jbr\bin\management.dll
0x00007ffaf3020000 - 0x00007ffaf302b000 	C:\Program Files\Android\Android Studio\jbr\bin\management_ext.dll
0x00007ffafab00000 - 0x00007ffafab08000 	C:\WINDOWS\System32\PSAPI.DLL
0x00007ffaf8380000 - 0x00007ffaf839b000 	C:\WINDOWS\SYSTEM32\CRYPTSP.dll
0x00007ffaf7ab0000 - 0x00007ffaf7ae5000 	C:\WINDOWS\system32\rsaenh.dll
0x00007ffaf80d0000 - 0x00007ffaf80fc000 	C:\WINDOWS\SYSTEM32\USERENV.dll
0x00007ffaf8360000 - 0x00007ffaf836c000 	C:\WINDOWS\SYSTEM32\CRYPTBASE.dll
0x00007ffaf75b0000 - 0x00007ffaf75dd000 	C:\WINDOWS\SYSTEM32\IPHLPAPI.DLL
0x00007ffaf9f40000 - 0x00007ffaf9f49000 	C:\WINDOWS\System32\NSI.dll
0x00007ffaf3220000 - 0x00007ffaf3239000 	C:\WINDOWS\SYSTEM32\dhcpcsvc6.DLL
0x00007ffaf2fb0000 - 0x00007ffaf2fcf000 	C:\WINDOWS\SYSTEM32\dhcpcsvc.DLL
0x00007ffaf75e0000 - 0x00007ffaf76d9000 	C:\WINDOWS\SYSTEM32\DNSAPI.dll
0x00007ffaedb80000 - 0x00007ffaedb88000 	C:\WINDOWS\system32\wshunix.dll
0x00007ffaf1770000 - 0x00007ffaf177a000 	C:\Windows\System32\rasadhlp.dll
0x00007ffaf1f70000 - 0x00007ffaf1ff3000 	C:\WINDOWS\System32\fwpuclnt.dll

dbghelp: loaded successfully - version: 4.0.5 - missing functions: none
symbol engine: initialized successfully - sym options: 0x614 - pdb path: .;C:\Program Files\Android\Android Studio\jbr\bin;C:\WINDOWS\SYSTEM32;C:\Program Files\Avast Software\Avast;C:\WINDOWS\WinSxS\amd64_microsoft.windows.common-controls_6595b64144ccf1df_6.0.22621.2506_none_270c5ae97388e100;C:\Program Files\Android\Android Studio\jbr\bin\server;C:\Users\A S U S\.gradle\native\68d5fa5c4cc2d200863cafc0d521ce42e7d3e7ee720ec0a83991735586a16f82\windows-amd64;C:\Users\A S U S\.gradle\native\e376f236ea51e6404a007f0833ffe2c6e607c4080706a723a18a27aeea778392\windows-amd64

VM Arguments:
jvm_args: --add-opens=java.base/java.util=ALL-UNNAMED --add-opens=java.base/java.lang=ALL-UNNAMED --add-opens=java.base/java.lang.invoke=ALL-UNNAMED --add-opens=java.prefs/java.util.prefs=ALL-UNNAMED --add-opens=java.base/java.nio.charset=ALL-UNNAMED --add-opens=java.base/java.net=ALL-UNNAMED --add-opens=java.base/java.util.concurrent.atomic=ALL-UNNAMED -Xmx2048m -Dfile.encoding=UTF-8 -Duser.country=EC -Duser.language=es -Duser.variant -javaagent:C:\Users\A S U S\.gradle\wrapper\dists\gradle-8.2-bin\bbg7u40eoinfdyxsxr3z4i7ta\gradle-8.2\lib\agents\gradle-instrumentation-agent-8.2.jar 
java_command: org.gradle.launcher.daemon.bootstrap.GradleDaemon 8.2
java_class_path (initial): C:\Users\A S U S\.gradle\wrapper\dists\gradle-8.2-bin\bbg7u40eoinfdyxsxr3z4i7ta\gradle-8.2\lib\gradle-launcher-8.2.jar
Launcher Type: SUN_STANDARD

[Global flags]
     intx CICompilerCount                          = 4                                         {product} {ergonomic}
     uint ConcGCThreads                            = 3                                         {product} {ergonomic}
     uint G1ConcRefinementThreads                  = 10                                        {product} {ergonomic}
   size_t G1HeapRegionSize                         = 1048576                                   {product} {ergonomic}
    uintx GCDrainStackTargetSize                   = 64                                        {product} {ergonomic}
   size_t InitialHeapSize                          = 125829120                                 {product} {ergonomic}
   size_t MarkStackSize                            = 4194304                                   {product} {ergonomic}
   size_t MaxHeapSize                              = 2147483648                                {product} {command line}
   size_t MaxNewSize                               = 1287651328                                {product} {ergonomic}
   size_t MinHeapDeltaBytes                        = 1048576                                   {product} {ergonomic}
   size_t MinHeapSize                              = 8388608                                   {product} {ergonomic}
    uintx NonNMethodCodeHeapSize                   = 5839372                                {pd product} {ergonomic}
    uintx NonProfiledCodeHeapSize                  = 122909434                              {pd product} {ergonomic}
    uintx ProfiledCodeHeapSize                     = 122909434                              {pd product} {ergonomic}
    uintx ReservedCodeCacheSize                    = 251658240                              {pd product} {ergonomic}
     bool SegmentedCodeCache                       = true                                      {product} {ergonomic}
   size_t SoftMaxHeapSize                          = 2147483648                             {manageable} {ergonomic}
     bool UseCompressedClassPointers               = true                           {product lp64_product} {ergonomic}
     bool UseCompressedOops                        = true                           {product lp64_product} {ergonomic}
     bool UseG1GC                                  = true                                      {product} {ergonomic}
     bool UseLargePagesIndividualAllocation        = false                                  {pd product} {ergonomic}

Logging:
Log output configuration:
 #0: stdout all=warning uptime,level,tags
 #1: stderr all=off uptime,level,tags

Environment Variables:
PATH=C:\Program Files\Common Files\Oracle\Java\javapath;C:\Program Files (x86)\Common Files\Oracle\Java\javapath;C:\Windows\system32;C:\Windows;C:\Windows\System32\Wbem;C:\Windows\System32\WindowsPowerShell\v1.0\;C:\Windows\System32\OpenSSH\;C:\Program Files (x86)\dotnet\;C:\Program Files\dotnet\;C:\Program Files (x86)\NVIDIA Corporation\PhysX\Common;C:\WINDOWS\system32;C:\WINDOWS;C:\WINDOWS\System32\Wbem;C:\WINDOWS\System32\WindowsPowerShell\v1.0\;C:\WINDOWS\System32\OpenSSH\;C:\Program Files\NVIDIA Corporation\NVIDIA NvDLISR;C:\Program Files\nodejs\;C:\Program Files\Git\cmd;C:\Users\A S U S\AppData\Local\Programs\Python\Python39\Scripts\;C:\Users\A S U S\AppData\Local\Programs\Python\Python39\;C:\Users\A S U S\AppData\Local\Microsoft\WindowsApps;C:\Users\A S U S\AppData\Local\Programs\Microsoft VS Code\bin;C:\Program Files\MongoDB\Server\6.0\bin;C:\Users\A S U S\AppData\Roaming\npm;C:\Users\A S U S\AppData\Local\GitHubDesktop\bin
USERNAME=A S U S
OS=Windows_NT
PROCESSOR_IDENTIFIER=AMD64 Family 23 Model 96 Stepping 1, AuthenticAMD
TMP=C:\Users\ASUS~1\AppData\Local\Temp
TEMP=C:\Users\ASUS~1\AppData\Local\Temp


JNI global refs:
JNI global refs: 28, weak refs: 0

JNI global refs memory usage: 843, weak refs: 209

OOME stack traces (most recent first):
Classloader memory used:
Loader org.gradle.internal.classloader.VisitableURLClassLoader                         : 3496K
Loader bootstrap                                                                       : 3255K
Loader org.gradle.initialization.MixInLegacyTypesClassLoader                           : 1251K
Loader org.gradle.internal.classloader.VisitableURLClassLoader$InstrumentingVisitableURLClassLoader: 804K
Loader jdk.internal.loader.ClassLoaders$PlatformClassLoader                            : 101469B
Loader jdk.internal.loader.ClassLoaders$AppClassLoader                                 : 28450B
Loader jdk.internal.reflect.DelegatingClassLoader                                      : 27042B
Loader org.gradle.groovy.scripts.internal.DefaultScriptCompilationHandler$ScriptClassLoader: 1712B
Loader sun.reflect.misc.MethodUtil                                                     : 373B
Loader org.codehaus.groovy.runtime.callsite.CallSiteClassLoader                        : 356B

Classes loaded by more than one classloader:
Class Program                                                                         : loaded 4 times (x 72B)
Class com.google.common.collect.Iterators$MergingIterator                             : loaded 2 times (x 79B)
Class [Lcom.google.common.collect.AbstractMapEntry;                                   : loaded 2 times (x 67B)
Class com.google.common.collect.SingletonImmutableList                                : loaded 2 times (x 167B)
Class com.google.common.cache.CacheLoader$SupplierToCacheLoader                       : loaded 2 times (x 73B)
Class org.gradle.internal.classpath.ClassPath                                         : loaded 2 times (x 68B)
Class com.google.common.cache.RemovalListener                                         : loaded 2 times (x 68B)
Class org.gradle.api.internal.classpath.DefaultModuleRegistry                         : loaded 2 times (x 84B)
Class Settings_gradle$1$1                                                             : loaded 2 times (x 72B)
Class com.google.common.collect.ListMultimap                                          : loaded 2 times (x 68B)
Class com.google.common.base.CharMatcher$JavaDigit                                    : loaded 2 times (x 109B)
Class com.google.common.base.CharMatcher$Digit                                        : loaded 2 times (x 110B)
Class com.google.common.collect.AbstractMultimap                                      : loaded 2 times (x 121B)
Class com.google.common.cache.CacheBuilder$OneWeigher                                 : loaded 2 times (x 80B)
Class org.gradle.api.Action                                                           : loaded 2 times (x 68B)
Class com.google.common.collect.ImmutableEntry                                        : loaded 2 times (x 80B)
Class com.google.common.collect.Lists$StringAsImmutableList                           : loaded 2 times (x 167B)
Class com.google.common.cache.LocalCache$StrongEntry                                  : loaded 2 times (x 106B)
Class com.google.common.base.CharMatcher                                              : loaded 2 times (x 109B)
Class com.google.common.base.CharMatcher$IsNot                                        : loaded 2 times (x 109B)
Class com.google.common.base.Splitter                                                 : loaded 2 times (x 70B)
Class [Lcom.google.common.cache.Weigher;                                              : loaded 2 times (x 67B)
Class com.google.common.collect.Iterators$ArrayItr                                    : loaded 2 times (x 95B)
Class com.google.common.cache.LocalCache$Segment                                      : loaded 2 times (x 152B)
Class org.gradle.api.internal.DefaultClassPathProvider                                : loaded 2 times (x 74B)
Class org.gradle.internal.installation.GradleInstallation$1                           : loaded 2 times (x 73B)
Class com.google.common.cache.LocalCache$AbstractReferenceEntry                       : loaded 2 times (x 105B)
Class com.google.common.util.concurrent.AbstractFuture$Failure                        : loaded 2 times (x 70B)
Class com.google.common.base.CharMatcher$BitSetMatcher                                : loaded 2 times (x 110B)
Class com.google.common.collect.ImmutableMap$IteratorBasedImmutableMap                : loaded 2 times (x 123B)
Class com.google.common.collect.ImmutableMap                                          : loaded 2 times (x 118B)
Class com.google.common.base.Converter                                                : loaded 2 times (x 88B)
Class com.google.common.collect.ImmutableSet$EmptySetBuilderImpl                      : loaded 2 times (x 74B)
Class com.google.common.base.Equivalence                                              : loaded 2 times (x 80B)
Class com.google.common.cache.LocalCache$EntryFactory$1                               : loaded 2 times (x 81B)
Class com.google.common.cache.LocalCache$EntryFactory$2                               : loaded 2 times (x 81B)
Class com.google.common.cache.LocalCache$EntryFactory$3                               : loaded 2 times (x 81B)
Class com.google.common.cache.LocalCache$EntryFactory$4                               : loaded 2 times (x 81B)
Class com.google.common.cache.LocalCache$EntryFactory$5                               : loaded 2 times (x 81B)
Class com.google.common.cache.LocalCache$EntryFactory$6                               : loaded 2 times (x 81B)
Class com.google.common.cache.LocalCache$EntryFactory$7                               : loaded 2 times (x 81B)
Class com.google.common.cache.LocalCache$EntryFactory$8                               : loaded 2 times (x 81B)
Class com.google.common.base.Predicate                                                : loaded 2 times (x 68B)
Class com.google.common.cache.LocalCache$StrongValueReference                         : loaded 2 times (x 88B)
Class org.gradle.internal.classloader.FilteringClassLoader                            : loaded 2 times (x 102B)
Class com.google.common.collect.RegularImmutableSet                                   : loaded 2 times (x 146B)
Class [Lcom.google.common.cache.LocalCache$Strength;                                  : loaded 2 times (x 67B)
Class org.gradle.internal.classpath.DefaultClassPath$ImmutableUniqueList$Builder      : loaded 2 times (x 73B)
Class com.google.common.collect.Maps$8                                                : loaded 2 times (x 80B)
Class com.google.common.base.PatternCompiler                                          : loaded 2 times (x 68B)
Class [Lcom.google.common.cache.CacheBuilder$NullListener;                            : loaded 2 times (x 67B)
Class com.google.common.base.CharMatcher$InRange                                      : loaded 2 times (x 109B)
Class com.google.common.collect.BiMap                                                 : loaded 2 times (x 68B)
Class com.google.common.collect.Lists                                                 : loaded 2 times (x 69B)
Class com.google.common.math.IntMath$1                                                : loaded 2 times (x 69B)
Class org.gradle.internal.classloader.ClassLoaderVisitor                              : loaded 2 times (x 74B)
Class com.google.common.cache.CacheBuilder$NullListener                               : loaded 2 times (x 80B)
Class com.google.common.math.MathPreconditions                                        : loaded 2 times (x 69B)
Class org.gradle.internal.service.DefaultServiceLocator                               : loaded 2 times (x 81B)
Class org.gradle.internal.service.UnknownServiceException                             : loaded 2 times (x 81B)
Class com.google.common.util.concurrent.AbstractFuture$SynchronizedHelper             : loaded 2 times (x 76B)
Class com.google.common.collect.ArrayListMultimap                                     : loaded 2 times (x 170B)
Class com.google.common.base.Strings                                                  : loaded 2 times (x 69B)
Class com.google.common.cache.CacheLoader$InvalidCacheLoadException                   : loaded 2 times (x 80B)
Class org.gradle.internal.classloader.DefaultClassLoaderFactory                       : loaded 2 times (x 80B)
Class com.google.common.collect.UnmodifiableIterator                                  : loaded 2 times (x 78B)
Class com.google.common.base.Stopwatch                                                : loaded 2 times (x 70B)
Class com.google.common.base.Platform$JdkPatternCompiler                              : loaded 2 times (x 73B)
Class com.google.common.cache.LocalCache$LoadingValueReference                        : loaded 2 times (x 94B)
Class com.google.common.base.CharMatcher$SingleWidth                                  : loaded 2 times (x 110B)
Class com.google.common.collect.Hashing                                               : loaded 2 times (x 69B)
Class com.google.common.base.JdkPattern                                               : loaded 2 times (x 73B)
Class com.google.common.collect.Multimap                                              : loaded 2 times (x 68B)
Class com.google.common.base.FunctionalEquivalence                                    : loaded 2 times (x 81B)
Class com.google.common.cache.LocalCache$1                                            : loaded 2 times (x 87B)
Class com.google.common.cache.LocalCache$2                                            : loaded 2 times (x 140B)
Class com.google.common.collect.RegularImmutableBiMap                                 : loaded 2 times (x 146B)
Class org.gradle.internal.classloader.VisitableURLClassLoader$Spec                    : loaded 2 times (x 72B)
Class org.gradle.api.GradleException                                                  : loaded 2 times (x 80B)
Class com.google.common.base.CharMatcher$JavaLetterOrDigit                            : loaded 2 times (x 109B)
Class org.gradle.api.internal.classpath.ModuleRegistry                                : loaded 2 times (x 68B)
Class com.google.common.collect.ForwardingObject                                      : loaded 2 times (x 70B)
Class com.google.common.cache.CacheBuilder                                            : loaded 2 times (x 70B)
Class com.google.common.collect.ImmutableCollection                                   : loaded 2 times (x 123B)
Class com.google.common.base.PairwiseEquivalence                                      : loaded 2 times (x 81B)
Class com.google.common.base.Ticker                                                   : loaded 2 times (x 70B)
Class org.gradle.api.internal.ClassPathProvider                                       : loaded 2 times (x 68B)
Class com.google.common.collect.RegularImmutableMap$Values                            : loaded 2 times (x 167B)
Class org.gradle.internal.classloader.ClasspathUtil$1                                 : loaded 2 times (x 74B)
Class com.google.common.collect.ImmutableEnumMap                                      : loaded 2 times (x 123B)
Class com.google.common.collect.ForwardingMap                                         : loaded 2 times (x 130B)
Class com.google.common.collect.ImmutableList$ReverseImmutableList                    : loaded 2 times (x 168B)
Class com.google.common.cache.AbstractCache$StatsCounter                              : loaded 2 times (x 68B)
Class com.google.common.cache.LocalCache$Strength$1                                   : loaded 2 times (x 79B)
Class com.google.common.cache.LocalCache$Strength$2                                   : loaded 2 times (x 79B)
Class com.google.common.cache.LocalCache$Strength$3                                   : loaded 2 times (x 79B)
Class org.gradle.internal.classloader.ClassLoaderFactory                              : loaded 2 times (x 68B)
Class com.google.common.collect.ObjectArrays                                          : loaded 2 times (x 69B)
Class com.google.common.util.concurrent.AbstractFuture$Waiter                         : loaded 2 times (x 70B)
Class com.google.common.util.concurrent.Uninterruptibles                              : loaded 2 times (x 69B)
Class com.google.common.collect.Iterators$10                                          : loaded 2 times (x 79B)
Class com.google.common.collect.ImmutableList                                         : loaded 2 times (x 166B)
Class org.gradle.api.internal.classpath.ManifestUtil                                  : loaded 2 times (x 69B)
Class org.gradle.api.specs.Spec                                                       : loaded 2 times (x 68B)
Class com.google.common.cache.CacheLoader$UnsupportedLoadingOperationException        : loaded 2 times (x 80B)
Class com.google.common.base.CharMatcher$Whitespace                                   : loaded 2 times (x 110B)
Class com.google.common.util.concurrent.ListenableFuture                              : loaded 2 times (x 68B)
Class com.google.common.collect.Iterators$1                                           : loaded 2 times (x 79B)
Class com.google.common.collect.Iterators$4                                           : loaded 2 times (x 80B)
Class com.google.common.collect.RegularImmutableMap$BucketOverflowException           : loaded 2 times (x 80B)
Class com.google.common.collect.Iterators$5                                           : loaded 2 times (x 80B)
Class com.google.common.util.concurrent.AbstractFuture$UnsafeAtomicHelper             : loaded 2 times (x 76B)
Class com.google.common.base.Equivalence$Equals                                       : loaded 2 times (x 80B)
Class com.google.common.base.Preconditions                                            : loaded 2 times (x 69B)
Class com.google.common.base.Function                                                 : loaded 2 times (x 68B)
Class com.google.common.collect.Iterators$9                                           : loaded 2 times (x 79B)
Class org.gradle.internal.IoActions                                                   : loaded 2 times (x 69B)
Class com.google.common.cache.ReferenceEntry                                          : loaded 2 times (x 68B)
Class com.google.common.collect.RegularImmutableMap$KeySet                            : loaded 2 times (x 148B)
Class com.google.common.collect.CollectPreconditions                                  : loaded 2 times (x 69B)
Class com.google.common.collect.Maps                                                  : loaded 2 times (x 69B)
Class com.google.common.collect.RegularImmutableMap                                   : loaded 2 times (x 119B)
Class com.google.common.collect.AbstractIndexedListIterator                           : loaded 2 times (x 94B)
Class com.google.common.base.CharMatcher$None                                         : loaded 2 times (x 110B)
Class org.gradle.api.internal.classpath.EffectiveClassPath                            : loaded 2 times (x 88B)
Class com.google.common.collect.UnmodifiableListIterator                              : loaded 2 times (x 93B)
Class com.google.common.cache.CacheLoader$FunctionToCacheLoader                       : loaded 2 times (x 73B)
Class com.google.common.cache.CacheBuilder$1                                          : loaded 2 times (x 83B)
Class com.google.common.cache.CacheBuilder$2                                          : loaded 2 times (x 77B)
Class com.google.common.collect.ImmutableList$1                                       : loaded 2 times (x 95B)
Class com.google.common.base.Splitter$Strategy                                        : loaded 2 times (x 68B)
Class com.google.common.cache.CacheBuilder$3                                          : loaded 2 times (x 70B)
Class com.google.common.collect.ImmutableMapEntrySet$RegularEntrySet                  : loaded 2 times (x 149B)
Class [Lcom.google.common.cache.RemovalListener;                                      : loaded 2 times (x 67B)
Class [Lcom.google.common.collect.ImmutableMapEntry;                                  : loaded 2 times (x 67B)
Class org.gradle.internal.installation.CurrentGradleInstallation                      : loaded 2 times (x 71B)
Class org.gradle.internal.agents.InstrumentingClassLoader                             : loaded 2 times (x 68B)
Class org.gradle.internal.installation.CurrentGradleInstallationLocator               : loaded 2 times (x 69B)
Class [Lcom.google.common.cache.LocalCache$Segment;                                   : loaded 2 times (x 67B)
Class org.gradle.api.internal.classpath.Module                                        : loaded 2 times (x 68B)
Class com.google.common.base.Splitter$1$1                                             : loaded 2 times (x 84B)
Class com.google.common.collect.ImmutableSet$JdkBackedSetBuilderImpl                  : loaded 2 times (x 74B)
Class com.google.common.collect.ImmutableSet$RegularSetBuilderImpl                    : loaded 2 times (x 75B)
Class org.gradle.internal.service.CachingServiceLocator                               : loaded 2 times (x 80B)
Class [Lcom.google.common.collect.ImmutableEntry;                                     : loaded 2 times (x 67B)
Class org.gradle.internal.classpath.DefaultClassPath                                  : loaded 2 times (x 88B)
Class com.google.common.util.concurrent.AbstractFuture$SetFuture                      : loaded 2 times (x 73B)
Class com.google.common.base.Splitter$SplittingIterator                               : loaded 2 times (x 82B)
Class com.google.common.cache.LocalCache$LocalManualCache$1                           : loaded 2 times (x 73B)
Class [Lcom.google.common.cache.LocalCache$EntryFactory;                              : loaded 2 times (x 67B)
Class com.google.common.base.CharMatcher$Is                                           : loaded 2 times (x 109B)
Class com.google.common.base.Platform                                                 : loaded 2 times (x 69B)
Class com.google.common.collect.RegularImmutableAsList                                : loaded 2 times (x 176B)
Class com.google.common.collect.PeekingIterator                                       : loaded 2 times (x 68B)
Class com.google.common.collect.ImmutableMapEntrySet                                  : loaded 2 times (x 149B)
Class com.google.common.cache.CacheLoader                                             : loaded 2 times (x 72B)
Class com.google.common.collect.ImmutableBiMapFauxverideShim                          : loaded 2 times (x 118B)
Class com.google.common.cache.Cache                                                   : loaded 2 times (x 68B)
Class org.gradle.internal.classloader.SystemClassLoaderSpec                           : loaded 2 times (x 69B)
Class com.google.common.util.concurrent.internal.InternalFutureFailureAccess          : loaded 2 times (x 70B)
Class com.google.common.collect.SingletonImmutableSet                                 : loaded 2 times (x 144B)
Class [Lcom.google.common.base.AbstractIterator$State;                                : loaded 2 times (x 67B)
Class com.google.common.collect.ImmutableMap$Builder                                  : loaded 2 times (x 80B)
Class com.google.common.base.AbstractIterator                                         : loaded 2 times (x 78B)
Class com.google.common.base.AbstractIterator$1                                       : loaded 2 times (x 69B)
Class [Lcom.google.common.cache.CacheBuilder$OneWeigher;                              : loaded 2 times (x 67B)
Class com.google.common.collect.Iterators                                             : loaded 2 times (x 69B)
Class com.google.common.base.CharMatcher$1                                            : loaded 2 times (x 111B)
Class com.google.common.base.CharMatcher$Ascii                                        : loaded 2 times (x 110B)
Class com.google.common.cache.LocalCache$ComputingValueReference                      : loaded 2 times (x 94B)
Class org.gradle.api.UncheckedIOException                                             : loaded 2 times (x 80B)
Class com.google.common.base.CharMatcher$And                                          : loaded 2 times (x 110B)
Class com.google.common.collect.IndexedImmutableSet                                   : loaded 2 times (x 148B)
Class com.google.common.collect.AbstractListMultimap                                  : loaded 2 times (x 170B)
Class com.google.common.base.CharMatcher$Any                                          : loaded 2 times (x 110B)
Class org.gradle.internal.installation.GradleInstallation                             : loaded 2 times (x 73B)
Class com.google.common.cache.LocalCache$Strength                                     : loaded 2 times (x 79B)
Class com.google.common.collect.ArrayListMultimapGwtSerializationDependencies         : loaded 2 times (x 170B)
Class com.google.common.base.CharMatcher$RangesMatcher                                : loaded 2 times (x 110B)
Class com.google.common.collect.ImmutableList$SubList                                 : loaded 2 times (x 168B)
Class com.google.common.cache.LocalCache$ValueReference                               : loaded 2 times (x 68B)
Class org.gradle.internal.classloader.ClasspathUtil                                   : loaded 2 times (x 69B)
Class com.google.common.util.concurrent.AbstractFuture                                : loaded 2 times (x 93B)
Class com.google.common.base.Splitter$1                                               : loaded 2 times (x 75B)
Class com.google.common.base.Ticker$1                                                 : loaded 2 times (x 70B)
Class com.google.common.collect.Maps$BiMapConverter                                   : loaded 2 times (x 88B)
Class org.gradle.api.internal.DefaultClassPathRegistry                                : loaded 2 times (x 74B)
Class com.google.common.util.concurrent.AbstractFuture$Cancellation                   : loaded 2 times (x 70B)
Class com.google.common.collect.ImmutableSet$SetBuilderImpl                           : loaded 2 times (x 74B)
Class org.gradle.api.internal.classpath.DefaultModuleRegistry$DefaultModule           : loaded 2 times (x 84B)
Class com.google.common.base.CharMatcher$JavaIsoControl                               : loaded 2 times (x 110B)
Class com.google.common.collect.ImmutableMap$1                                        : loaded 2 times (x 79B)
Class com.google.common.base.CharMatcher$Or                                           : loaded 2 times (x 110B)
Class com.google.common.base.Suppliers$SupplierOfInstance                             : loaded 2 times (x 77B)
Class com.google.common.collect.Iterables                                             : loaded 2 times (x 69B)
Class com.google.common.base.CharMatcher$JavaLowerCase                                : loaded 2 times (x 109B)
Class org.gradle.api.internal.classpath.UnknownModuleException                        : loaded 2 times (x 80B)
Class com.google.common.util.concurrent.AbstractFuture$Listener                       : loaded 2 times (x 70B)
Class com.google.common.collect.Maps$EntryTransformer                                 : loaded 2 times (x 68B)
Class com.google.common.collect.ImmutableCollection$Builder                           : loaded 2 times (x 74B)
Class com.google.common.collect.SingletonImmutableBiMap                               : loaded 2 times (x 141B)
Class com.google.common.base.CommonPattern                                            : loaded 2 times (x 72B)
Class com.google.common.base.Suppliers                                                : loaded 2 times (x 69B)
Class com.google.common.cache.LoadingCache                                            : loaded 2 times (x 68B)
Class org.gradle.internal.service.ServiceLookupException                              : loaded 2 times (x 80B)
Class org.gradle.cache.GlobalCache                                                    : loaded 2 times (x 68B)
Class com.google.common.base.CharMatcher$NegatedFastMatcher                           : loaded 2 times (x 111B)
Class [Lorg.gradle.api.internal.ClassPathProvider;                                    : loaded 2 times (x 67B)
Class com.google.common.util.concurrent.AbstractFuture$SafeAtomicHelper               : loaded 2 times (x 77B)
Class org.gradle.util.internal.GUtil                                                  : loaded 2 times (x 69B)
Class com.google.common.math.IntMath                                                  : loaded 2 times (x 69B)
Class com.google.common.collect.AbstractIterator                                      : loaded 2 times (x 80B)
Class org.gradle.internal.classloader.ClassLoaderSpec                                 : loaded 2 times (x 69B)
Class com.google.common.base.NullnessCasts                                            : loaded 2 times (x 69B)
Class com.google.common.cache.LocalCache$LocalManualCache                             : loaded 2 times (x 97B)
Class com.google.common.collect.AbstractMapEntry                                      : loaded 2 times (x 79B)
Class com.google.common.base.CharMatcher$Negated                                      : loaded 2 times (x 111B)
Class com.google.common.cache.CacheLoader$1                                           : loaded 2 times (x 73B)
Class com.google.common.util.concurrent.AbstractFuture$TrustedFuture                  : loaded 2 times (x 95B)
Class com.google.common.collect.ImmutableSet$Builder                                  : loaded 2 times (x 83B)
Class com.google.common.base.CharMatcher$ForPredicate                                 : loaded 2 times (x 110B)
Class com.google.common.collect.ImmutableMap$MapViewOfValuesAsSingletonSets           : loaded 2 times (x 123B)
Class com.google.common.base.MoreObjects                                              : loaded 2 times (x 69B)
Class com.google.common.collect.SortedMapDifference                                   : loaded 2 times (x 68B)
Class com.google.common.cache.CacheStats                                              : loaded 2 times (x 69B)
Class org.gradle.internal.classloader.VisitableURLClassLoader                         : loaded 2 times (x 114B)
Class com.google.common.cache.LocalCache$LocalLoadingCache                            : loaded 2 times (x 132B)
Class com.google.common.base.Supplier                                                 : loaded 2 times (x 68B)
Class com.google.common.util.concurrent.AbstractFuture$AtomicHelper                   : loaded 2 times (x 76B)
Class com.google.common.collect.ImmutableBiMap                                        : loaded 2 times (x 141B)
Class org.gradle.internal.Cast                                                        : loaded 2 times (x 69B)
Class org.gradle.api.internal.ClassPathRegistry                                       : loaded 2 times (x 68B)
Class com.google.common.cache.LocalCache$EntryFactory                                 : loaded 2 times (x 81B)
Class com.google.common.util.concurrent.UncheckedExecutionException                   : loaded 2 times (x 80B)
Class com.google.common.collect.ImmutableSet                                          : loaded 2 times (x 143B)
Class org.gradle.internal.classloader.VisitableURLClassLoader$InstrumentingVisitableURLClassLoader: loaded 2 times (x 120B)
Class org.gradle.internal.classloader.ClassLoaderHierarchy                            : loaded 2 times (x 68B)
Class com.google.common.base.AbstractIterator$State                                   : loaded 2 times (x 77B)
Class com.google.common.cache.Weigher                                                 : loaded 2 times (x 68B)
Class com.google.common.base.CharMatcher$NamedFastMatcher                             : loaded 2 times (x 110B)
Class org.gradle.internal.InternalTransformer                                         : loaded 2 times (x 68B)
Class org.gradle.internal.service.ServiceLocator                                      : loaded 2 times (x 68B)
Class Settings_gradle$1                                                               : loaded 2 times (x 72B)
Class com.google.common.util.concurrent.SettableFuture                                : loaded 2 times (x 95B)
Class com.google.common.collect.ImmutableMapEntry                                     : loaded 2 times (x 83B)
Class com.google.common.base.CharMatcher$Invisible                                    : loaded 2 times (x 110B)
Class com.google.common.base.CharMatcher$FastMatcher                                  : loaded 2 times (x 109B)
Class org.gradle.internal.classpath.DefaultClassPath$ImmutableUniqueList              : loaded 2 times (x 159B)
Class com.google.common.base.CharMatcher$JavaLetter                                   : loaded 2 times (x 109B)
Class org.gradle.internal.classpath.TransformedClassPath                              : loaded 2 times (x 94B)
Class com.google.common.collect.MapDifference                                         : loaded 2 times (x 68B)
Class com.google.common.util.concurrent.AbstractFuture$Trusted                        : loaded 2 times (x 68B)
Class Settings_gradle                                                                 : loaded 2 times (x 126B)
Class com.google.common.collect.Platform                                              : loaded 2 times (x 69B)
Class com.google.common.collect.ImmutableAsList                                       : loaded 2 times (x 169B)
Class com.google.common.util.concurrent.ExecutionError                                : loaded 2 times (x 80B)
Class com.google.common.base.Equivalence$Identity                                     : loaded 2 times (x 80B)
Class com.google.common.base.CharMatcher$AnyOf                                        : loaded 2 times (x 110B)
Class com.google.common.base.CharMatcher$IsEither                                     : loaded 2 times (x 109B)
Class com.google.common.cache.LocalCache                                              : loaded 2 times (x 185B)
Class com.google.common.collect.RegularImmutableList                                  : loaded 2 times (x 172B)
Class com.google.common.util.concurrent.AbstractFuture$UnsafeAtomicHelper$1           : loaded 2 times (x 74B)
Class com.google.common.base.CharMatcher$JavaUpperCase                                : loaded 2 times (x 109B)
Class com.google.common.collect.Multiset                                              : loaded 2 times (x 68B)
Class com.google.common.collect.ImmutableSet$CachingAsList                            : loaded 2 times (x 145B)
Class com.google.common.collect.ImmutableMapEntry$NonTerminalImmutableMapEntry        : loaded 2 times (x 83B)
Class com.google.common.collect.AbstractMapBasedMultimap                              : loaded 2 times (x 137B)


---------------  S Y S T E M  ---------------

OS:
 Windows 11 , 64 bit Build 22621 (10.0.22621.3085)
OS uptime: 4 days 11:22 hours
Hyper-V role detected

CPU: total 12 (initial active 12) (12 cores per cpu, 2 threads per core) family 23 model 96 stepping 1 microcode 0x0, cx8, cmov, fxsr, ht, mmx, 3dnowpref, sse, sse2, sse3, ssse3, sse4a, sse4.1, sse4.2, popcnt, lzcnt, tsc, tscinvbit, avx, avx2, aes, clmul, bmi1, bmi2, adx, sha, fma, vzeroupper, clflush, clflushopt, hv

Memory: 4k page, system-wide physical 7597M (407M free)
TotalPageFile size 31149M (AvailPageFile size 6M)
current process WorkingSet (physical memory assigned to process): 324M, peak: 327M
current process commit charge ("private bytes"): 380M, peak: 382M

vm_info: OpenJDK 64-Bit Server VM (17.0.7+0-b2043.56-10550314) for windows-amd64 JRE (17.0.7+0-b2043.56-10550314), built on Jul 24 2023 18:27:45 by "androidbuild" with MS VC++ 16.10 / 16.11 (VS2019)

END.
