#
# There is insufficient memory for the Java Runtime Environment to continue.
# Native memory allocation (malloc) failed to allocate 1785360 bytes for Chunk::new
# Possible reasons:
#   The system is out of physical RAM or swap space
#   The process is running with CompressedOops enabled, and the Java Heap may be blocking the growth of the native heap
# Possible solutions:
#   Reduce memory load on the system
#   Increase physical memory or swap space
#   Check if swap backing store is full
#   Decrease Java heap size (-Xmx/-Xms)
#   Decrease number of Java threads
#   Decrease Java thread stack sizes (-Xss)
#   Set larger code cache with -XX:ReservedCodeCacheSize=
#   JVM is running with Unscaled Compressed Oops mode in which the Java heap is
#     placed in the first 4GB address space. The Java Heap base address is the
#     maximum limit for the native heap growth. Please use -XX:HeapBaseMinAddress
#     to set the Java Heap base and to place the Java Heap above 4GB virtual address.
# This output file may be truncated or incomplete.
#
#  Out of Memory Error (arena.cpp:189), pid=15024, tid=7156
#
# JRE version: OpenJDK Runtime Environment (17.0.7) (build 17.0.7+0-b2043.56-10550314)
# Java VM: OpenJDK 64-Bit Server VM (17.0.7+0-b2043.56-10550314, mixed mode, tiered, compressed oops, compressed class ptrs, g1 gc, windows-amd64)
# No core dump will be written. Minidumps are not enabled by default on client versions of Windows
#

---------------  S U M M A R Y ------------

Command Line: --add-opens=java.base/java.util=ALL-UNNAMED --add-opens=java.base/java.lang=ALL-UNNAMED --add-opens=java.base/java.lang.invoke=ALL-UNNAMED --add-opens=java.prefs/java.util.prefs=ALL-UNNAMED --add-opens=java.base/java.nio.charset=ALL-UNNAMED --add-opens=java.base/java.net=ALL-UNNAMED --add-opens=java.base/java.util.concurrent.atomic=ALL-UNNAMED -Xmx2048m -Dfile.encoding=UTF-8 -Duser.country=EC -Duser.language=es -Duser.variant -javaagent:C:\Users\A S U S\.gradle\wrapper\dists\gradle-8.2-bin\bbg7u40eoinfdyxsxr3z4i7ta\gradle-8.2\lib\agents\gradle-instrumentation-agent-8.2.jar org.gradle.launcher.daemon.bootstrap.GradleDaemon 8.2

Host: AMD Ryzen 5 4600H with Radeon Graphics         , 12 cores, 7G,  Windows 11 , 64 bit Build 22621 (10.0.22621.3085)
Time: Mon Feb 26 10:29:35 2024 Hora est. Pacífico, Sudamérica elapsed time: 8.237065 seconds (0d 0h 0m 8s)

---------------  T H R E A D  ---------------

Current thread (0x00000287a2040430):  JavaThread "C2 CompilerThread1" daemon [_thread_in_native, id=7156, stack(0x000000cf9b000000,0x000000cf9b100000)]


Current CompileTask:
C2:   8237 5010   !   4       java.net.URLClassLoader$1::run (81 bytes)

Stack: [0x000000cf9b000000,0x000000cf9b100000]
Native frames: (J=compiled Java code, j=interpreted, Vv=VM code, C=native code)
V  [jvm.dll+0x683bfa]
V  [jvm.dll+0x8430a4]
V  [jvm.dll+0x8449be]
V  [jvm.dll+0x845023]
V  [jvm.dll+0x24ad2f]
V  [jvm.dll+0xac25c]
V  [jvm.dll+0xac82c]
V  [jvm.dll+0x36a187]
V  [jvm.dll+0x334821]
V  [jvm.dll+0x333cca]
V  [jvm.dll+0x21d251]
V  [jvm.dll+0x21c671]
V  [jvm.dll+0x1a605d]
V  [jvm.dll+0x22c148]
V  [jvm.dll+0x22a209]
V  [jvm.dll+0x7f858c]
V  [jvm.dll+0x7f2aea]
V  [jvm.dll+0x682a35]
C  [ucrtbase.dll+0x29363]
C  [KERNEL32.DLL+0x1257d]
C  [ntdll.dll+0x5aa58]


---------------  P R O C E S S  ---------------

Threads class SMR info:
_java_thread_list=0x00000287a60c6db0, length=49, elements={
0x00000287830bc940, 0x000002879d354570, 0x000002879d3552f0, 0x000002879d37bc60,
0x000002879d37c720, 0x000002879d37d0e0, 0x000002879d37d9a0, 0x000002879d37e590,
0x000002879d4f1d50, 0x000002879d4fee70, 0x000002879d633af0, 0x000002879d72e330,
0x00000287a2040430, 0x00000287a39e2010, 0x00000287a3e5e6a0, 0x00000287a3e5e1d0,
0x00000287a3e5b1b0, 0x00000287a3e5ce90, 0x00000287a3e5dd00, 0x00000287a3e5d830,
0x00000287a3e5eb70, 0x00000287a3e5b680, 0x00000287a3e5d360, 0x00000287a3e5c020,
0x00000287a3e5bb50, 0x00000287a3e5c4f0, 0x00000287a3e5c9c0, 0x00000287a44933a0,
0x00000287a44980a0, 0x00000287a4493870, 0x00000287a4496d60, 0x00000287a4493d40,
0x00000287a4497700, 0x00000287a44946e0, 0x00000287a44916c0, 0x00000287a4492060,
0x00000287a4498570, 0x00000287a4494210, 0x00000287a44963c0, 0x00000287a4495ef0,
0x00000287a4494bb0, 0x00000287a4497bd0, 0x00000287a4496890, 0x00000287a4498a40,
0x00000287a4497230, 0x00000287a4492530, 0x00000287a4492a00, 0x00000287a4492ed0,
0x00000287a4495550
}

Java Threads: ( => current thread )
  0x00000287830bc940 JavaThread "main" [_thread_blocked, id=23140, stack(0x000000cf99d00000,0x000000cf99e00000)]
  0x000002879d354570 JavaThread "Reference Handler" daemon [_thread_blocked, id=23344, stack(0x000000cf9a400000,0x000000cf9a500000)]
  0x000002879d3552f0 JavaThread "Finalizer" daemon [_thread_blocked, id=17840, stack(0x000000cf9a500000,0x000000cf9a600000)]
  0x000002879d37bc60 JavaThread "Signal Dispatcher" daemon [_thread_blocked, id=14420, stack(0x000000cf9a600000,0x000000cf9a700000)]
  0x000002879d37c720 JavaThread "Attach Listener" daemon [_thread_blocked, id=7552, stack(0x000000cf9a700000,0x000000cf9a800000)]
  0x000002879d37d0e0 JavaThread "Service Thread" daemon [_thread_blocked, id=9776, stack(0x000000cf9a800000,0x000000cf9a900000)]
  0x000002879d37d9a0 JavaThread "Monitor Deflation Thread" daemon [_thread_blocked, id=11388, stack(0x000000cf9a900000,0x000000cf9aa00000)]
  0x000002879d37e590 JavaThread "C2 CompilerThread0" daemon [_thread_in_native, id=21288, stack(0x000000cf9aa00000,0x000000cf9ab00000)]
  0x000002879d4f1d50 JavaThread "C1 CompilerThread0" daemon [_thread_blocked, id=20608, stack(0x000000cf9ab00000,0x000000cf9ac00000)]
  0x000002879d4fee70 JavaThread "Sweeper thread" daemon [_thread_blocked, id=19336, stack(0x000000cf9ac00000,0x000000cf9ad00000)]
  0x000002879d633af0 JavaThread "Common-Cleaner" daemon [_thread_blocked, id=1380, stack(0x000000cf9ad00000,0x000000cf9ae00000)]
  0x000002879d72e330 JavaThread "Notification Thread" daemon [_thread_blocked, id=13092, stack(0x000000cf9ae00000,0x000000cf9af00000)]
=>0x00000287a2040430 JavaThread "C2 CompilerThread1" daemon [_thread_in_native, id=7156, stack(0x000000cf9b000000,0x000000cf9b100000)]
  0x00000287a39e2010 JavaThread "Daemon health stats" [_thread_blocked, id=6204, stack(0x000000cf9b500000,0x000000cf9b600000)]
  0x00000287a3e5e6a0 JavaThread "Incoming local TCP Connector on port 51110" [_thread_in_native, id=17536, stack(0x000000cf9b600000,0x000000cf9b700000)]
  0x00000287a3e5e1d0 JavaThread "Daemon periodic checks" [_thread_blocked, id=9572, stack(0x000000cf9b700000,0x000000cf9b800000)]
  0x00000287a3e5b1b0 JavaThread "Daemon" [_thread_blocked, id=13080, stack(0x000000cf9b800000,0x000000cf9b900000)]
  0x00000287a3e5ce90 JavaThread "Handler for socket connection from /127.0.0.1:51110 to /127.0.0.1:51111" [_thread_in_native, id=23252, stack(0x000000cf9b900000,0x000000cf9ba00000)]
  0x00000287a3e5dd00 JavaThread "Cancel handler" [_thread_blocked, id=23648, stack(0x000000cf9ba00000,0x000000cf9bb00000)]
  0x00000287a3e5d830 JavaThread "Daemon worker" [_thread_in_native, id=16752, stack(0x000000cf9bb00000,0x000000cf9bc00000)]
  0x00000287a3e5eb70 JavaThread "Asynchronous log dispatcher for DefaultDaemonConnection: socket connection from /127.0.0.1:51110 to /127.0.0.1:51111" [_thread_blocked, id=16576, stack(0x000000cf9bc00000,0x000000cf9bd00000)]
  0x00000287a3e5b680 JavaThread "Stdin handler" [_thread_blocked, id=6084, stack(0x000000cf9bd00000,0x000000cf9be00000)]
  0x00000287a3e5d360 JavaThread "Daemon client event forwarder" [_thread_blocked, id=4292, stack(0x000000cf9be00000,0x000000cf9bf00000)]
  0x00000287a3e5c020 JavaThread "Cache worker for journal cache (C:\Users\A S U S\.gradle\caches\journal-1)" [_thread_blocked, id=20528, stack(0x000000cf9c600000,0x000000cf9c700000)]
  0x00000287a3e5bb50 JavaThread "File lock request listener" [_thread_in_native, id=4732, stack(0x000000cf9c700000,0x000000cf9c800000)]
  0x00000287a3e5c4f0 JavaThread "Cache worker for file hash cache (C:\Users\A S U S\.gradle\caches\8.2\fileHashes)" [_thread_blocked, id=22500, stack(0x000000cf9c800000,0x000000cf9c900000)]
  0x00000287a3e5c9c0 JavaThread "File watcher server" daemon [_thread_in_native, id=22684, stack(0x000000cf9c900000,0x000000cf9ca00000)]
  0x00000287a44933a0 JavaThread "File watcher consumer" daemon [_thread_blocked, id=19384, stack(0x000000cf9ca00000,0x000000cf9cb00000)]
  0x00000287a44980a0 JavaThread "jar transforms" [_thread_blocked, id=7388, stack(0x000000cf9cb00000,0x000000cf9cc00000)]
  0x00000287a4493870 JavaThread "jar transforms Thread 2" [_thread_blocked, id=23352, stack(0x000000cf9cc00000,0x000000cf9cd00000)]
  0x00000287a4496d60 JavaThread "jar transforms Thread 3" [_thread_blocked, id=13036, stack(0x000000cf9cd00000,0x000000cf9ce00000)]
  0x00000287a4493d40 JavaThread "jar transforms Thread 4" [_thread_blocked, id=7348, stack(0x000000cf9ce00000,0x000000cf9cf00000)]
  0x00000287a4497700 JavaThread "jar transforms Thread 5" [_thread_blocked, id=7844, stack(0x000000cf9cf00000,0x000000cf9d000000)]
  0x00000287a44946e0 JavaThread "jar transforms Thread 6" [_thread_blocked, id=2472, stack(0x000000cf9d000000,0x000000cf9d100000)]
  0x00000287a44916c0 JavaThread "jar transforms Thread 7" [_thread_blocked, id=3176, stack(0x000000cf9d100000,0x000000cf9d200000)]
  0x00000287a4492060 JavaThread "jar transforms Thread 8" [_thread_blocked, id=6760, stack(0x000000cf9d200000,0x000000cf9d300000)]
  0x00000287a4498570 JavaThread "jar transforms Thread 9" [_thread_blocked, id=7852, stack(0x000000cf9d300000,0x000000cf9d400000)]
  0x00000287a4494210 JavaThread "jar transforms Thread 10" [_thread_blocked, id=8900, stack(0x000000cf9d400000,0x000000cf9d500000)]
  0x00000287a44963c0 JavaThread "jar transforms Thread 11" [_thread_blocked, id=12076, stack(0x000000cf9d500000,0x000000cf9d600000)]
  0x00000287a4495ef0 JavaThread "jar transforms Thread 12" [_thread_blocked, id=4352, stack(0x000000cf9d600000,0x000000cf9d700000)]
  0x00000287a4494bb0 JavaThread "Cache worker for checksums cache (C:\Users\A S U S\Desktop\Frans\Tesis\Tesis_App\.gradle\8.2\checksums)" [_thread_blocked, id=4828, stack(0x000000cf9d700000,0x000000cf9d800000)]
  0x00000287a4497bd0 JavaThread "Cache worker for cache directory md-rule (C:\Users\A S U S\.gradle\caches\8.2\md-rule)" [_thread_blocked, id=4248, stack(0x000000cf9d800000,0x000000cf9d900000)]
  0x00000287a4496890 JavaThread "Cache worker for file content cache (C:\Users\A S U S\.gradle\caches\8.2\fileContent)" [_thread_blocked, id=840, stack(0x000000cf9d900000,0x000000cf9da00000)]
  0x00000287a4498a40 JavaThread "Cache worker for file hash cache (C:\Users\A S U S\Desktop\Frans\Tesis\Tesis_App\.gradle\8.2\fileHashes)" [_thread_blocked, id=3976, stack(0x000000cf9da00000,0x000000cf9db00000)]
  0x00000287a4497230 JavaThread "Cache worker for cache directory md-supplier (C:\Users\A S U S\.gradle\caches\8.2\md-supplier)" [_thread_blocked, id=14460, stack(0x000000cf9db00000,0x000000cf9dc00000)]
  0x00000287a4492530 JavaThread "Cache worker for execution history cache (C:\Users\A S U S\.gradle\caches\8.2\executionHistory)" [_thread_blocked, id=2728, stack(0x000000cf9dc00000,0x000000cf9dd00000)]
  0x00000287a4492a00 JavaThread "Cache worker for kotlin-dsl (C:\Users\A S U S\.gradle\caches\8.2\kotlin-dsl)" [_thread_blocked, id=22164, stack(0x000000cf9dd00000,0x000000cf9de00000)]
  0x00000287a4492ed0 JavaThread "Cache worker for dependencies-accessors (C:\Users\A S U S\Desktop\Frans\Tesis\Tesis_App\.gradle\8.2\dependencies-accessors)" [_thread_blocked, id=3260, stack(0x000000cf9de00000,0x000000cf9df00000)]
  0x00000287a4495550 JavaThread "Cache worker for Build Output Cleanup Cache (C:\Users\A S U S\Desktop\Frans\Tesis\Tesis_App\.gradle\buildOutputCleanup)" [_thread_blocked, id=7648, stack(0x000000cf9df00000,0x000000cf9e000000)]

Other Threads:
  0x000002879d352030 VMThread "VM Thread" [stack: 0x000000cf9a300000,0x000000cf9a400000] [id=16112]
  0x000002879d72e800 WatcherThread [stack: 0x000000cf9af00000,0x000000cf9b000000] [id=9324]
  0x0000028783118f10 GCTaskThread "GC Thread#0" [stack: 0x000000cf99e00000,0x000000cf99f00000] [id=24348]
  0x00000287a24722b0 GCTaskThread "GC Thread#1" [stack: 0x000000cf9b100000,0x000000cf9b200000] [id=15508]
  0x00000287a2a0ed10 GCTaskThread "GC Thread#2" [stack: 0x000000cf9b200000,0x000000cf9b300000] [id=2752]
  0x00000287a2a0efc0 GCTaskThread "GC Thread#3" [stack: 0x000000cf9b300000,0x000000cf9b400000] [id=2376]
  0x00000287a2f6ec30 GCTaskThread "GC Thread#4" [stack: 0x000000cf9b400000,0x000000cf9b500000] [id=22780]
  0x00000287a3377be0 GCTaskThread "GC Thread#5" [stack: 0x000000cf9bf00000,0x000000cf9c000000] [id=5316]
  0x00000287a2fdb2e0 GCTaskThread "GC Thread#6" [stack: 0x000000cf9c000000,0x000000cf9c100000] [id=7344]
  0x00000287a3011570 GCTaskThread "GC Thread#7" [stack: 0x000000cf9c100000,0x000000cf9c200000] [id=21116]
  0x00000287a2fc07c0 GCTaskThread "GC Thread#8" [stack: 0x000000cf9c200000,0x000000cf9c300000] [id=6044]
  0x00000287a3aca670 GCTaskThread "GC Thread#9" [stack: 0x000000cf9c300000,0x000000cf9c400000] [id=13340]
  0x0000028780ebdf90 ConcurrentGCThread "G1 Main Marker" [stack: 0x000000cf99f00000,0x000000cf9a000000] [id=15576]
  0x0000028780ebe8b0 ConcurrentGCThread "G1 Conc#0" [stack: 0x000000cf9a000000,0x000000cf9a100000] [id=8540]
  0x00000287a4150c70 ConcurrentGCThread "G1 Conc#1" [stack: 0x000000cf9c400000,0x000000cf9c500000] [id=20420]
  0x00000287a414f610 ConcurrentGCThread "G1 Conc#2" [stack: 0x000000cf9c500000,0x000000cf9c600000] [id=3804]
  0x000002878316e020 ConcurrentGCThread "G1 Refine#0" [stack: 0x000000cf9a100000,0x000000cf9a200000] [id=15504]
  0x000002878316e950 ConcurrentGCThread "G1 Service" [stack: 0x000000cf9a200000,0x000000cf9a300000] [id=5404]

Threads with active compile tasks:
C2 CompilerThread0     8269 5009       4       java.net.URLClassLoader$1::run (5 bytes)
C2 CompilerThread1     8269 5010   !   4       java.net.URLClassLoader$1::run (81 bytes)

VM state: not at safepoint (normal execution)

VM Mutex/Monitor currently owned by a thread: None

Heap address: 0x0000000080000000, size: 2048 MB, Compressed Oops mode: 32-bit

CDS archive(s) not mapped
Compressed class space mapped at: 0x0000000100000000-0x0000000140000000, reserved size: 1073741824
Narrow klass base: 0x0000000000000000, Narrow klass shift: 3, Narrow klass range: 0x140000000

GC Precious Log:
 CPUs: 12 total, 12 available
 Memory: 7597M
 Large Page Support: Disabled
 NUMA Support: Disabled
 Compressed Oops: Enabled (32-bit)
 Heap Region Size: 1M
 Heap Min Capacity: 8M
 Heap Initial Capacity: 120M
 Heap Max Capacity: 2G
 Pre-touch: Disabled
 Parallel Workers: 10
 Concurrent Workers: 3
 Concurrent Refinement Workers: 10
 Periodic GC: Disabled

Heap:
 garbage-first heap   total 154624K, used 77625K [0x0000000080000000, 0x0000000100000000)
  region size 1024K, 13 young (13312K), 4 survivors (4096K)
 Metaspace       used 56314K, committed 56960K, reserved 1114112K
  class space    used 7657K, committed 8000K, reserved 1048576K

Heap Regions: E=young(eden), S=young(survivor), O=old, HS=humongous(starts), HC=humongous(continues), CS=collection set, F=free, OA=open archive, CA=closed archive, TAMS=top-at-mark-start (previous, next)
|   0|0x0000000080000000, 0x0000000080100000, 0x0000000080100000|100%|HS|  |TAMS 0x0000000080100000, 0x0000000080000000| Complete 
|   1|0x0000000080100000, 0x0000000080200000, 0x0000000080200000|100%|HC|  |TAMS 0x0000000080200000, 0x0000000080100000| Complete 
|   2|0x0000000080200000, 0x0000000080300000, 0x0000000080300000|100%|HC|  |TAMS 0x0000000080300000, 0x0000000080200000| Complete 
|   3|0x0000000080300000, 0x0000000080400000, 0x0000000080400000|100%|HC|  |TAMS 0x0000000080400000, 0x0000000080300000| Complete 
|   4|0x0000000080400000, 0x0000000080500000, 0x0000000080500000|100%| O|  |TAMS 0x0000000080500000, 0x0000000080400000| Untracked 
|   5|0x0000000080500000, 0x0000000080600000, 0x0000000080600000|100%| O|  |TAMS 0x0000000080600000, 0x0000000080500000| Untracked 
|   6|0x0000000080600000, 0x0000000080700000, 0x0000000080700000|100%| O|  |TAMS 0x0000000080700000, 0x0000000080600000| Untracked 
|   7|0x0000000080700000, 0x0000000080800000, 0x0000000080800000|100%| O|  |TAMS 0x0000000080800000, 0x0000000080700000| Untracked 
|   8|0x0000000080800000, 0x0000000080900000, 0x0000000080900000|100%| O|  |TAMS 0x0000000080900000, 0x0000000080800000| Untracked 
|   9|0x0000000080900000, 0x0000000080a00000, 0x0000000080a00000|100%| O|  |TAMS 0x0000000080a00000, 0x0000000080900000| Untracked 
|  10|0x0000000080a00000, 0x0000000080aacc00, 0x0000000080b00000| 67%| O|  |TAMS 0x0000000080aacc00, 0x0000000080a00000| Untracked 
|  11|0x0000000080b00000, 0x0000000080c00000, 0x0000000080c00000|100%| O|  |TAMS 0x0000000080c00000, 0x0000000080b00000| Untracked 
|  12|0x0000000080c00000, 0x0000000080d00000, 0x0000000080d00000|100%| O|  |TAMS 0x0000000080d00000, 0x0000000080c00000| Untracked 
|  13|0x0000000080d00000, 0x0000000080e00000, 0x0000000080e00000|100%| O|  |TAMS 0x0000000080e00000, 0x0000000080d00000| Untracked 
|  14|0x0000000080e00000, 0x0000000080f00000, 0x0000000080f00000|100%| O|  |TAMS 0x0000000080f00000, 0x0000000080e00000| Untracked 
|  15|0x0000000080f00000, 0x0000000081000000, 0x0000000081000000|100%| O|  |TAMS 0x0000000081000000, 0x0000000080f00000| Untracked 
|  16|0x0000000081000000, 0x0000000081100000, 0x0000000081100000|100%| O|  |TAMS 0x0000000081100000, 0x0000000081000000| Untracked 
|  17|0x0000000081100000, 0x0000000081200000, 0x0000000081200000|100%| O|  |TAMS 0x0000000081200000, 0x0000000081100000| Untracked 
|  18|0x0000000081200000, 0x0000000081300000, 0x0000000081300000|100%| O|  |TAMS 0x0000000081300000, 0x0000000081200000| Untracked 
|  19|0x0000000081300000, 0x0000000081400000, 0x0000000081400000|100%|HS|  |TAMS 0x0000000081400000, 0x0000000081300000| Complete 
|  20|0x0000000081400000, 0x0000000081500000, 0x0000000081500000|100%|HC|  |TAMS 0x0000000081500000, 0x0000000081400000| Complete 
|  21|0x0000000081500000, 0x0000000081600000, 0x0000000081600000|100%|HS|  |TAMS 0x0000000081600000, 0x0000000081500000| Complete 
|  22|0x0000000081600000, 0x0000000081700000, 0x0000000081700000|100%|HC|  |TAMS 0x0000000081700000, 0x0000000081600000| Complete 
|  23|0x0000000081700000, 0x0000000081800000, 0x0000000081800000|100%|HC|  |TAMS 0x0000000081800000, 0x0000000081700000| Complete 
|  24|0x0000000081800000, 0x0000000081900000, 0x0000000081900000|100%| O|  |TAMS 0x0000000081900000, 0x0000000081800000| Untracked 
|  25|0x0000000081900000, 0x0000000081a00000, 0x0000000081a00000|100%| O|  |TAMS 0x0000000081a00000, 0x0000000081900000| Untracked 
|  26|0x0000000081a00000, 0x0000000081b00000, 0x0000000081b00000|100%| O|  |TAMS 0x0000000081b00000, 0x0000000081a00000| Untracked 
|  27|0x0000000081b00000, 0x0000000081c00000, 0x0000000081c00000|100%| O|  |TAMS 0x0000000081c00000, 0x0000000081b00000| Untracked 
|  28|0x0000000081c00000, 0x0000000081d00000, 0x0000000081d00000|100%|HS|  |TAMS 0x0000000081d00000, 0x0000000081c00000| Complete 
|  29|0x0000000081d00000, 0x0000000081e00000, 0x0000000081e00000|100%|HC|  |TAMS 0x0000000081e00000, 0x0000000081d00000| Complete 
|  30|0x0000000081e00000, 0x0000000081f00000, 0x0000000081f00000|100%| O|  |TAMS 0x0000000081f00000, 0x0000000081e00000| Untracked 
|  31|0x0000000081f00000, 0x0000000082000000, 0x0000000082000000|100%|HS|  |TAMS 0x0000000082000000, 0x0000000081f00000| Complete 
|  32|0x0000000082000000, 0x0000000082100000, 0x0000000082100000|100%|HC|  |TAMS 0x0000000082100000, 0x0000000082000000| Complete 
|  33|0x0000000082100000, 0x0000000082200000, 0x0000000082200000|100%|HC|  |TAMS 0x0000000082200000, 0x0000000082100000| Complete 
|  34|0x0000000082200000, 0x0000000082300000, 0x0000000082300000|100%|HC|  |TAMS 0x0000000082300000, 0x0000000082200000| Complete 
|  35|0x0000000082300000, 0x0000000082400000, 0x0000000082400000|100%|HC|  |TAMS 0x0000000082400000, 0x0000000082300000| Complete 
|  36|0x0000000082400000, 0x0000000082500000, 0x0000000082500000|100%|HC|  |TAMS 0x0000000082500000, 0x0000000082400000| Complete 
|  37|0x0000000082500000, 0x0000000082600000, 0x0000000082600000|100%|HC|  |TAMS 0x0000000082600000, 0x0000000082500000| Complete 
|  38|0x0000000082600000, 0x0000000082700000, 0x0000000082700000|100%|HC|  |TAMS 0x0000000082700000, 0x0000000082600000| Complete 
|  39|0x0000000082700000, 0x0000000082800000, 0x0000000082800000|100%|HC|  |TAMS 0x0000000082800000, 0x0000000082700000| Complete 
|  40|0x0000000082800000, 0x0000000082900000, 0x0000000082900000|100%|HC|  |TAMS 0x0000000082900000, 0x0000000082800000| Complete 
|  41|0x0000000082900000, 0x0000000082a00000, 0x0000000082a00000|100%|HC|  |TAMS 0x0000000082a00000, 0x0000000082900000| Complete 
|  42|0x0000000082a00000, 0x0000000082b00000, 0x0000000082b00000|100%|HC|  |TAMS 0x0000000082b00000, 0x0000000082a00000| Complete 
|  43|0x0000000082b00000, 0x0000000082c00000, 0x0000000082c00000|100%|HS|  |TAMS 0x0000000082c00000, 0x0000000082b00000| Complete 
|  44|0x0000000082c00000, 0x0000000082d00000, 0x0000000082d00000|100%|HC|  |TAMS 0x0000000082d00000, 0x0000000082c00000| Complete 
|  45|0x0000000082d00000, 0x0000000082e00000, 0x0000000082e00000|100%| O|  |TAMS 0x0000000082e00000, 0x0000000082d00000| Untracked 
|  46|0x0000000082e00000, 0x0000000082f00000, 0x0000000082f00000|100%| O|  |TAMS 0x0000000082f00000, 0x0000000082e00000| Untracked 
|  47|0x0000000082f00000, 0x0000000083000000, 0x0000000083000000|100%| O|  |TAMS 0x0000000083000000, 0x0000000082f00000| Untracked 
|  48|0x0000000083000000, 0x0000000083100000, 0x0000000083100000|100%| O|  |TAMS 0x00000000830e2800, 0x0000000083000000| Untracked 
|  49|0x0000000083100000, 0x0000000083200000, 0x0000000083200000|100%| O|  |TAMS 0x0000000083100000, 0x0000000083100000| Untracked 
|  50|0x0000000083200000, 0x0000000083300000, 0x0000000083300000|100%| O|  |TAMS 0x0000000083200000, 0x0000000083200000| Untracked 
|  51|0x0000000083300000, 0x0000000083400000, 0x0000000083400000|100%| O|  |TAMS 0x0000000083300000, 0x0000000083300000| Untracked 
|  52|0x0000000083400000, 0x0000000083500000, 0x0000000083500000|100%| O|  |TAMS 0x0000000083400000, 0x0000000083400000| Untracked 
|  53|0x0000000083500000, 0x0000000083600000, 0x0000000083600000|100%|HS|  |TAMS 0x0000000083500000, 0x0000000083500000| Complete 
|  54|0x0000000083600000, 0x0000000083700000, 0x0000000083700000|100%|HC|  |TAMS 0x0000000083600000, 0x0000000083600000| Complete 
|  55|0x0000000083700000, 0x0000000083800000, 0x0000000083800000|100%|HC|  |TAMS 0x0000000083700000, 0x0000000083700000| Complete 
|  56|0x0000000083800000, 0x0000000083900000, 0x0000000083900000|100%| O|  |TAMS 0x0000000083800000, 0x0000000083800000| Untracked 
|  57|0x0000000083900000, 0x0000000083a00000, 0x0000000083a00000|100%| O|  |TAMS 0x0000000083900000, 0x0000000083900000| Untracked 
|  58|0x0000000083a00000, 0x0000000083b00000, 0x0000000083b00000|100%| O|  |TAMS 0x0000000083a00000, 0x0000000083a00000| Untracked 
|  59|0x0000000083b00000, 0x0000000083c00000, 0x0000000083c00000|100%| O|  |TAMS 0x0000000083b00000, 0x0000000083b00000| Untracked 
|  60|0x0000000083c00000, 0x0000000083d00000, 0x0000000083d00000|100%| O|  |TAMS 0x0000000083c00000, 0x0000000083c00000| Untracked 
|  61|0x0000000083d00000, 0x0000000083e00000, 0x0000000083e00000|100%| O|  |TAMS 0x0000000083d00000, 0x0000000083d00000| Untracked 
|  62|0x0000000083e00000, 0x0000000083f00000, 0x0000000083f00000|100%| O|  |TAMS 0x0000000083e00000, 0x0000000083e00000| Untracked 
|  63|0x0000000083f00000, 0x0000000084000000, 0x0000000084000000|100%| O|  |TAMS 0x0000000083f00000, 0x0000000083f00000| Untracked 
|  64|0x0000000084000000, 0x00000000840dd600, 0x0000000084100000| 86%| O|  |TAMS 0x0000000084000000, 0x0000000084000000| Untracked 
|  65|0x0000000084100000, 0x0000000084100000, 0x0000000084200000|  0%| F|  |TAMS 0x0000000084100000, 0x0000000084100000| Untracked 
|  66|0x0000000084200000, 0x0000000084200000, 0x0000000084300000|  0%| F|  |TAMS 0x0000000084200000, 0x0000000084200000| Untracked 
|  67|0x0000000084300000, 0x0000000084300000, 0x0000000084400000|  0%| F|  |TAMS 0x0000000084300000, 0x0000000084300000| Untracked 
|  68|0x0000000084400000, 0x0000000084400000, 0x0000000084500000|  0%| F|  |TAMS 0x0000000084400000, 0x0000000084400000| Untracked 
|  69|0x0000000084500000, 0x0000000084500000, 0x0000000084600000|  0%| F|  |TAMS 0x0000000084500000, 0x0000000084500000| Untracked 
|  70|0x0000000084600000, 0x0000000084600000, 0x0000000084700000|  0%| F|  |TAMS 0x0000000084600000, 0x0000000084600000| Untracked 
|  71|0x0000000084700000, 0x0000000084700000, 0x0000000084800000|  0%| F|  |TAMS 0x0000000084700000, 0x0000000084700000| Untracked 
|  72|0x0000000084800000, 0x0000000084800000, 0x0000000084900000|  0%| F|  |TAMS 0x0000000084800000, 0x0000000084800000| Untracked 
|  73|0x0000000084900000, 0x0000000084900000, 0x0000000084a00000|  0%| F|  |TAMS 0x0000000084900000, 0x0000000084900000| Untracked 
|  74|0x0000000084a00000, 0x0000000084a00000, 0x0000000084b00000|  0%| F|  |TAMS 0x0000000084a00000, 0x0000000084a00000| Untracked 
|  75|0x0000000084b00000, 0x0000000084b00000, 0x0000000084c00000|  0%| F|  |TAMS 0x0000000084b00000, 0x0000000084b00000| Untracked 
|  76|0x0000000084c00000, 0x0000000084c00000, 0x0000000084d00000|  0%| F|  |TAMS 0x0000000084c00000, 0x0000000084c00000| Untracked 
|  77|0x0000000084d00000, 0x0000000084d00000, 0x0000000084e00000|  0%| F|  |TAMS 0x0000000084d00000, 0x0000000084d00000| Untracked 
|  78|0x0000000084e00000, 0x0000000084e00000, 0x0000000084f00000|  0%| F|  |TAMS 0x0000000084e00000, 0x0000000084e00000| Untracked 
|  79|0x0000000084f00000, 0x0000000084f00000, 0x0000000085000000|  0%| F|  |TAMS 0x0000000084f00000, 0x0000000084f00000| Untracked 
|  80|0x0000000085000000, 0x0000000085000000, 0x0000000085100000|  0%| F|  |TAMS 0x0000000085000000, 0x0000000085000000| Untracked 
|  81|0x0000000085100000, 0x0000000085100000, 0x0000000085200000|  0%| F|  |TAMS 0x0000000085100000, 0x0000000085100000| Untracked 
|  82|0x0000000085200000, 0x0000000085200000, 0x0000000085300000|  0%| F|  |TAMS 0x0000000085200000, 0x0000000085200000| Untracked 
|  83|0x0000000085300000, 0x0000000085300000, 0x0000000085400000|  0%| F|  |TAMS 0x0000000085300000, 0x0000000085300000| Untracked 
|  84|0x0000000085400000, 0x0000000085400000, 0x0000000085500000|  0%| F|  |TAMS 0x0000000085400000, 0x0000000085400000| Untracked 
|  85|0x0000000085500000, 0x0000000085500000, 0x0000000085600000|  0%| F|  |TAMS 0x0000000085500000, 0x0000000085500000| Untracked 
|  86|0x0000000085600000, 0x0000000085600000, 0x0000000085700000|  0%| F|  |TAMS 0x0000000085600000, 0x0000000085600000| Untracked 
|  87|0x0000000085700000, 0x0000000085700000, 0x0000000085800000|  0%| F|  |TAMS 0x0000000085700000, 0x0000000085700000| Untracked 
|  88|0x0000000085800000, 0x0000000085800000, 0x0000000085900000|  0%| F|  |TAMS 0x0000000085800000, 0x0000000085800000| Untracked 
|  89|0x0000000085900000, 0x0000000085900000, 0x0000000085a00000|  0%| F|  |TAMS 0x0000000085900000, 0x0000000085900000| Untracked 
|  90|0x0000000085a00000, 0x0000000085a00000, 0x0000000085b00000|  0%| F|  |TAMS 0x0000000085a00000, 0x0000000085a00000| Untracked 
|  91|0x0000000085b00000, 0x0000000085b00000, 0x0000000085c00000|  0%| F|  |TAMS 0x0000000085b00000, 0x0000000085b00000| Untracked 
|  92|0x0000000085c00000, 0x0000000085c00000, 0x0000000085d00000|  0%| F|  |TAMS 0x0000000085c00000, 0x0000000085c00000| Untracked 
|  93|0x0000000085d00000, 0x0000000085d00000, 0x0000000085e00000|  0%| F|  |TAMS 0x0000000085d00000, 0x0000000085d00000| Untracked 
|  94|0x0000000085e00000, 0x0000000085e00000, 0x0000000085f00000|  0%| F|  |TAMS 0x0000000085e00000, 0x0000000085e00000| Untracked 
|  95|0x0000000085f00000, 0x0000000085f00000, 0x0000000086000000|  0%| F|  |TAMS 0x0000000085f00000, 0x0000000085f00000| Untracked 
|  96|0x0000000086000000, 0x0000000086000000, 0x0000000086100000|  0%| F|  |TAMS 0x0000000086000000, 0x0000000086000000| Untracked 
|  97|0x0000000086100000, 0x0000000086100000, 0x0000000086200000|  0%| F|  |TAMS 0x0000000086100000, 0x0000000086100000| Untracked 
|  98|0x0000000086200000, 0x00000000862443d0, 0x0000000086300000| 26%| S|CS|TAMS 0x0000000086200000, 0x0000000086200000| Complete 
|  99|0x0000000086300000, 0x0000000086400000, 0x0000000086400000|100%| S|CS|TAMS 0x0000000086300000, 0x0000000086300000| Complete 
| 100|0x0000000086400000, 0x0000000086500000, 0x0000000086500000|100%| S|CS|TAMS 0x0000000086400000, 0x0000000086400000| Complete 
| 101|0x0000000086500000, 0x0000000086600000, 0x0000000086600000|100%| S|CS|TAMS 0x0000000086500000, 0x0000000086500000| Complete 
| 102|0x0000000086600000, 0x0000000086600000, 0x0000000086700000|  0%| F|  |TAMS 0x0000000086600000, 0x0000000086600000| Untracked 
| 103|0x0000000086700000, 0x0000000086700000, 0x0000000086800000|  0%| F|  |TAMS 0x0000000086700000, 0x0000000086700000| Untracked 
| 104|0x0000000086800000, 0x0000000086800000, 0x0000000086900000|  0%| F|  |TAMS 0x0000000086800000, 0x0000000086800000| Untracked 
| 105|0x0000000086900000, 0x0000000086900000, 0x0000000086a00000|  0%| F|  |TAMS 0x0000000086900000, 0x0000000086900000| Untracked 
| 106|0x0000000086a00000, 0x0000000086a00000, 0x0000000086b00000|  0%| F|  |TAMS 0x0000000086a00000, 0x0000000086a00000| Untracked 
| 107|0x0000000086b00000, 0x0000000086b00000, 0x0000000086c00000|  0%| F|  |TAMS 0x0000000086b00000, 0x0000000086b00000| Untracked 
| 108|0x0000000086c00000, 0x0000000086c00000, 0x0000000086d00000|  0%| F|  |TAMS 0x0000000086c00000, 0x0000000086c00000| Untracked 
| 109|0x0000000086d00000, 0x0000000086d00000, 0x0000000086e00000|  0%| F|  |TAMS 0x0000000086d00000, 0x0000000086d00000| Untracked 
| 110|0x0000000086e00000, 0x0000000086e00000, 0x0000000086f00000|  0%| F|  |TAMS 0x0000000086e00000, 0x0000000086e00000| Untracked 
| 111|0x0000000086f00000, 0x0000000086f00000, 0x0000000087000000|  0%| F|  |TAMS 0x0000000086f00000, 0x0000000086f00000| Untracked 
| 112|0x0000000087000000, 0x0000000087000000, 0x0000000087100000|  0%| F|  |TAMS 0x0000000087000000, 0x0000000087000000| Untracked 
| 113|0x0000000087100000, 0x0000000087100000, 0x0000000087200000|  0%| F|  |TAMS 0x0000000087100000, 0x0000000087100000| Untracked 
| 114|0x0000000087200000, 0x0000000087200000, 0x0000000087300000|  0%| F|  |TAMS 0x0000000087200000, 0x0000000087200000| Untracked 
| 115|0x0000000087300000, 0x0000000087300000, 0x0000000087400000|  0%| F|  |TAMS 0x0000000087300000, 0x0000000087300000| Untracked 
| 116|0x0000000087400000, 0x0000000087400000, 0x0000000087500000|  0%| F|  |TAMS 0x0000000087400000, 0x0000000087400000| Untracked 
| 117|0x0000000087500000, 0x0000000087500000, 0x0000000087600000|  0%| F|  |TAMS 0x0000000087500000, 0x0000000087500000| Untracked 
| 118|0x0000000087600000, 0x0000000087600000, 0x0000000087700000|  0%| F|  |TAMS 0x0000000087600000, 0x0000000087600000| Untracked 
| 119|0x0000000087700000, 0x0000000087700000, 0x0000000087800000|  0%| F|  |TAMS 0x0000000087700000, 0x0000000087700000| Untracked 
| 120|0x0000000087800000, 0x0000000087800000, 0x0000000087900000|  0%| F|  |TAMS 0x0000000087800000, 0x0000000087800000| Untracked 
| 121|0x0000000087900000, 0x0000000087900000, 0x0000000087a00000|  0%| F|  |TAMS 0x0000000087900000, 0x0000000087900000| Untracked 
| 122|0x0000000087a00000, 0x0000000087a00000, 0x0000000087b00000|  0%| F|  |TAMS 0x0000000087a00000, 0x0000000087a00000| Untracked 
| 123|0x0000000087b00000, 0x0000000087b00000, 0x0000000087c00000|  0%| F|  |TAMS 0x0000000087b00000, 0x0000000087b00000| Untracked 
| 124|0x0000000087c00000, 0x0000000087c00000, 0x0000000087d00000|  0%| F|  |TAMS 0x0000000087c00000, 0x0000000087c00000| Untracked 
| 125|0x0000000087d00000, 0x0000000087d00000, 0x0000000087e00000|  0%| F|  |TAMS 0x0000000087d00000, 0x0000000087d00000| Untracked 
| 126|0x0000000087e00000, 0x0000000087e00000, 0x0000000087f00000|  0%| F|  |TAMS 0x0000000087e00000, 0x0000000087e00000| Untracked 
| 127|0x0000000087f00000, 0x0000000087f00000, 0x0000000088000000|  0%| F|  |TAMS 0x0000000087f00000, 0x0000000087f00000| Untracked 
| 128|0x0000000088000000, 0x0000000088000000, 0x0000000088100000|  0%| F|  |TAMS 0x0000000088000000, 0x0000000088000000| Untracked 
| 129|0x0000000088100000, 0x0000000088100000, 0x0000000088200000|  0%| F|  |TAMS 0x0000000088100000, 0x0000000088100000| Untracked 
| 130|0x0000000088200000, 0x0000000088200000, 0x0000000088300000|  0%| F|  |TAMS 0x0000000088200000, 0x0000000088200000| Untracked 
| 131|0x0000000088300000, 0x0000000088300000, 0x0000000088400000|  0%| F|  |TAMS 0x0000000088300000, 0x0000000088300000| Untracked 
| 132|0x0000000088400000, 0x0000000088400000, 0x0000000088500000|  0%| F|  |TAMS 0x0000000088400000, 0x0000000088400000| Untracked 
| 133|0x0000000088500000, 0x0000000088500000, 0x0000000088600000|  0%| F|  |TAMS 0x0000000088500000, 0x0000000088500000| Untracked 
| 134|0x0000000088600000, 0x0000000088600000, 0x0000000088700000|  0%| F|  |TAMS 0x0000000088600000, 0x0000000088600000| Untracked 
| 135|0x0000000088700000, 0x0000000088700000, 0x0000000088800000|  0%| F|  |TAMS 0x0000000088700000, 0x0000000088700000| Untracked 
| 136|0x0000000088800000, 0x0000000088800000, 0x0000000088900000|  0%| F|  |TAMS 0x0000000088800000, 0x0000000088800000| Untracked 
| 137|0x0000000088900000, 0x0000000088900000, 0x0000000088a00000|  0%| F|  |TAMS 0x0000000088900000, 0x0000000088900000| Untracked 
| 138|0x0000000088a00000, 0x0000000088a00000, 0x0000000088b00000|  0%| F|  |TAMS 0x0000000088a00000, 0x0000000088a00000| Untracked 
| 139|0x0000000088b00000, 0x0000000088b00000, 0x0000000088c00000|  0%| F|  |TAMS 0x0000000088b00000, 0x0000000088b00000| Untracked 
| 140|0x0000000088c00000, 0x0000000088c00000, 0x0000000088d00000|  0%| F|  |TAMS 0x0000000088c00000, 0x0000000088c00000| Untracked 
| 141|0x0000000088d00000, 0x0000000088d00000, 0x0000000088e00000|  0%| F|  |TAMS 0x0000000088d00000, 0x0000000088d00000| Untracked 
| 142|0x0000000088e00000, 0x0000000088e80800, 0x0000000088f00000| 50%| E|  |TAMS 0x0000000088e00000, 0x0000000088e00000| Complete 
| 143|0x0000000088f00000, 0x0000000089000000, 0x0000000089000000|100%| E|CS|TAMS 0x0000000088f00000, 0x0000000088f00000| Complete 
| 144|0x0000000089000000, 0x0000000089100000, 0x0000000089100000|100%| E|CS|TAMS 0x0000000089000000, 0x0000000089000000| Complete 
| 145|0x0000000089100000, 0x0000000089200000, 0x0000000089200000|100%| E|CS|TAMS 0x0000000089100000, 0x0000000089100000| Complete 
| 146|0x0000000089200000, 0x0000000089300000, 0x0000000089300000|100%| E|CS|TAMS 0x0000000089200000, 0x0000000089200000| Complete 
| 147|0x0000000089300000, 0x0000000089400000, 0x0000000089400000|100%| E|CS|TAMS 0x0000000089300000, 0x0000000089300000| Complete 
| 148|0x0000000089400000, 0x0000000089500000, 0x0000000089500000|100%| E|CS|TAMS 0x0000000089400000, 0x0000000089400000| Complete 
| 149|0x0000000089500000, 0x0000000089600000, 0x0000000089600000|100%| E|CS|TAMS 0x0000000089500000, 0x0000000089500000| Complete 
| 150|0x0000000089600000, 0x0000000089700000, 0x0000000089700000|100%| E|CS|TAMS 0x0000000089600000, 0x0000000089600000| Complete 

Card table byte_map: [0x0000028795ed0000,0x00000287962d0000] _byte_map_base: 0x0000028795ad0000

Marking Bits (Prev, Next): (CMBitMap*) 0x0000028783119470, (CMBitMap*) 0x0000028783119430
 Prev Bits: [0x00000287986d0000, 0x000002879a6d0000)
 Next Bits: [0x00000287966d0000, 0x00000287986d0000)

Polling page: 0x0000028781090000

Metaspace:

Usage:
  Non-class:     47.52 MB used.
      Class:      7.48 MB used.
       Both:     55.00 MB used.

Virtual space:
  Non-class space:       64.00 MB reserved,      47.81 MB ( 75%) committed,  1 nodes.
      Class space:        1.00 GB reserved,       7.81 MB ( <1%) committed,  1 nodes.
             Both:        1.06 GB reserved,      55.62 MB (  5%) committed. 

Chunk freelists:
   Non-Class:  15.27 MB
       Class:  8.16 MB
        Both:  23.42 MB

MaxMetaspaceSize: unlimited
CompressedClassSpaceSize: 1.00 GB
Initial GC threshold: 21.00 MB
Current GC threshold: 71.56 MB
CDS: off
MetaspaceReclaimPolicy: balanced
 - commit_granule_bytes: 65536.
 - commit_granule_words: 8192.
 - virtual_space_node_default_size: 8388608.
 - enlarge_chunks_in_place: 1.
 - new_chunks_are_fully_committed: 0.
 - uncommit_free_chunks: 1.
 - use_allocation_guard: 0.
 - handle_deallocations: 1.


Internal statistics:

num_allocs_failed_limit: 6.
num_arena_births: 708.
num_arena_deaths: 0.
num_vsnodes_births: 2.
num_vsnodes_deaths: 0.
num_space_committed: 890.
num_space_uncommitted: 0.
num_chunks_returned_to_freelist: 6.
num_chunks_taken_from_freelist: 2668.
num_chunk_merges: 3.
num_chunk_splits: 1696.
num_chunks_enlarged: 1095.
num_inconsistent_stats: 0.

CodeHeap 'non-profiled nmethods': size=120000Kb used=3155Kb max_used=3155Kb free=116844Kb
 bounds [0x000002878e050000, 0x000002878e370000, 0x0000028795580000]
CodeHeap 'profiled nmethods': size=120000Kb used=10854Kb max_used=10854Kb free=109145Kb
 bounds [0x0000028786580000, 0x0000028787020000, 0x000002878dab0000]
CodeHeap 'non-nmethods': size=5760Kb used=2315Kb max_used=2360Kb free=3444Kb
 bounds [0x000002878dab0000, 0x000002878dd20000, 0x000002878e050000]
 total_blobs=6200 nmethods=5366 adapters=746
 compilation: enabled
              stopped_count=0, restarted_count=0
 full_count=0

Compilation events (20 events):
Event: 8.223 Thread 0x000002879d4f1d50 5340       3       org.gradle.internal.component.external.model.AbstractLazyModuleComponentResolveMetadata::getVariantDerivationStrategy (5 bytes)
Event: 8.223 Thread 0x000002879d4f1d50 nmethod 5340 0x0000028786fff610 code [0x0000028786fff7a0, 0x0000028786fff8b8]
Event: 8.223 Thread 0x000002879d4f1d50 5341       1       org.gradle.api.internal.artifacts.ivyservice.resolveengine.result.ComponentIdentifierSerializer$Implementation::access$000 (5 bytes)
Event: 8.224 Thread 0x000002879d4f1d50 nmethod 5341 0x000002878e360e10 code [0x000002878e360fa0, 0x000002878e361058]
Event: 8.226 Thread 0x000002879d4f1d50 5342       3       org.gradle.internal.serialize.AbstractDecoder::readBinary (16 bytes)
Event: 8.226 Thread 0x000002879d4f1d50 nmethod 5342 0x0000028786fff990 code [0x0000028786fffb40, 0x0000028786ffff58]
Event: 8.228 Thread 0x000002879d4f1d50 5343       1       org.gradle.internal.hash.HashCode$ByteArrayBackedHashCode::bytes (5 bytes)
Event: 8.228 Thread 0x000002879d4f1d50 nmethod 5343 0x000002878e361110 code [0x000002878e3612a0, 0x000002878e361378]
Event: 8.230 Thread 0x000002879d4f1d50 5345       3       com.esotericsoftware.kryo.io.Input::readBytes (93 bytes)
Event: 8.230 Thread 0x000002879d4f1d50 nmethod 5345 0x0000028787000090 code [0x0000028787000280, 0x0000028787000828]
Event: 8.230 Thread 0x000002879d4f1d50 5344   !   3       org.gradle.internal.serialize.kryo.KryoBackedDecoder::readBytes (23 bytes)
Event: 8.231 Thread 0x000002879d4f1d50 nmethod 5344 0x0000028787000a10 code [0x0000028787000c20, 0x00000287870011c8]
Event: 8.231 Thread 0x000002879d4f1d50 5346       3       org.gradle.cache.internal.DefaultFileLockManager$DefaultFileLock::assertOpenAndIntegral (41 bytes)
Event: 8.231 Thread 0x000002879d4f1d50 nmethod 5346 0x0000028787001410 code [0x00000287870016c0, 0x00000287870024a8]
Event: 8.233 Thread 0x000002879d4f1d50 5347       1       org.gradle.api.internal.artifacts.ivyservice.WritableArtifactCacheLockingAccessCoordinator::access$000 (5 bytes)
Event: 8.233 Thread 0x000002879d4f1d50 nmethod 5347 0x000002878e361410 code [0x000002878e3615a0, 0x000002878e361658]
Event: 8.233 Thread 0x000002879d4f1d50 5349   !   3       org.gradle.cache.internal.DefaultMultiProcessSafeIndexedCache::getIfPresent (25 bytes)
Event: 8.233 Thread 0x000002879d4f1d50 nmethod 5349 0x0000028787002990 code [0x0000028787002c20, 0x00000287870039d8]
Event: 8.233 Thread 0x000002879d4f1d50 5348       1       org.gradle.util.internal.BuildCommencedTimeProvider::getCurrentTime (5 bytes)
Event: 8.234 Thread 0x000002879d4f1d50 nmethod 5348 0x000002878e361710 code [0x000002878e3618a0, 0x000002878e361978]

GC Heap History (20 events):
Event: 3.964 GC heap before
{Heap before GC invocations=5 (full 0):
 garbage-first heap   total 71680K, used 55784K [0x0000000080000000, 0x0000000100000000)
  region size 1024K, 31 young (31744K), 3 survivors (3072K)
 Metaspace       used 29854K, committed 30208K, reserved 1114112K
  class space    used 4048K, committed 4224K, reserved 1048576K
}
Event: 3.969 GC heap after
{Heap after GC invocations=6 (full 0):
 garbage-first heap   total 71680K, used 30912K [0x0000000080000000, 0x0000000100000000)
  region size 1024K, 4 young (4096K), 4 survivors (4096K)
 Metaspace       used 29854K, committed 30208K, reserved 1114112K
  class space    used 4048K, committed 4224K, reserved 1048576K
}
Event: 3.998 GC heap before
{Heap before GC invocations=6 (full 0):
 garbage-first heap   total 71680K, used 31936K [0x0000000080000000, 0x0000000100000000)
  region size 1024K, 7 young (7168K), 4 survivors (4096K)
 Metaspace       used 29955K, committed 30272K, reserved 1114112K
  class space    used 4067K, committed 4224K, reserved 1048576K
}
Event: 4.002 GC heap after
{Heap after GC invocations=7 (full 0):
 garbage-first heap   total 71680K, used 32762K [0x0000000080000000, 0x0000000100000000)
  region size 1024K, 2 young (2048K), 2 survivors (2048K)
 Metaspace       used 29955K, committed 30272K, reserved 1114112K
  class space    used 4067K, committed 4224K, reserved 1048576K
}
Event: 4.017 GC heap before
{Heap before GC invocations=7 (full 0):
 garbage-first heap   total 71680K, used 45050K [0x0000000080000000, 0x0000000100000000)
  region size 1024K, 3 young (3072K), 2 survivors (2048K)
 Metaspace       used 29955K, committed 30272K, reserved 1114112K
  class space    used 4067K, committed 4224K, reserved 1048576K
}
Event: 4.019 GC heap after
{Heap after GC invocations=8 (full 0):
 garbage-first heap   total 103424K, used 44592K [0x0000000080000000, 0x0000000100000000)
  region size 1024K, 2 young (2048K), 2 survivors (2048K)
 Metaspace       used 29955K, committed 30272K, reserved 1114112K
  class space    used 4067K, committed 4224K, reserved 1048576K
}
Event: 4.540 GC heap before
{Heap before GC invocations=8 (full 0):
 garbage-first heap   total 103424K, used 75312K [0x0000000080000000, 0x0000000100000000)
  region size 1024K, 31 young (31744K), 2 survivors (2048K)
 Metaspace       used 33410K, committed 33792K, reserved 1114112K
  class space    used 4613K, committed 4800K, reserved 1048576K
}
Event: 4.544 GC heap after
{Heap after GC invocations=9 (full 0):
 garbage-first heap   total 103424K, used 49551K [0x0000000080000000, 0x0000000100000000)
  region size 1024K, 4 young (4096K), 4 survivors (4096K)
 Metaspace       used 33410K, committed 33792K, reserved 1114112K
  class space    used 4613K, committed 4800K, reserved 1048576K
}
Event: 4.805 GC heap before
{Heap before GC invocations=9 (full 0):
 garbage-first heap   total 103424K, used 64911K [0x0000000080000000, 0x0000000100000000)
  region size 1024K, 20 young (20480K), 4 survivors (4096K)
 Metaspace       used 35614K, committed 35968K, reserved 1114112K
  class space    used 4956K, committed 5120K, reserved 1048576K
}
Event: 4.808 GC heap after
{Heap after GC invocations=10 (full 0):
 garbage-first heap   total 103424K, used 50084K [0x0000000080000000, 0x0000000100000000)
  region size 1024K, 1 young (1024K), 1 survivors (1024K)
 Metaspace       used 35614K, committed 35968K, reserved 1114112K
  class space    used 4956K, committed 5120K, reserved 1048576K
}
Event: 5.354 GC heap before
{Heap before GC invocations=11 (full 0):
 garbage-first heap   total 103424K, used 77732K [0x0000000080000000, 0x0000000100000000)
  region size 1024K, 29 young (29696K), 1 survivors (1024K)
 Metaspace       used 42007K, committed 42368K, reserved 1114112K
  class space    used 5659K, committed 5824K, reserved 1048576K
}
Event: 5.360 GC heap after
{Heap after GC invocations=12 (full 0):
 garbage-first heap   total 103424K, used 53821K [0x0000000080000000, 0x0000000100000000)
  region size 1024K, 4 young (4096K), 4 survivors (4096K)
 Metaspace       used 42007K, committed 42368K, reserved 1114112K
  class space    used 5659K, committed 5824K, reserved 1048576K
}
Event: 5.577 GC heap before
{Heap before GC invocations=12 (full 0):
 garbage-first heap   total 103424K, used 77373K [0x0000000080000000, 0x0000000100000000)
  region size 1024K, 29 young (29696K), 4 survivors (4096K)
 Metaspace       used 42967K, committed 43328K, reserved 1114112K
  class space    used 5747K, committed 5952K, reserved 1048576K
}
Event: 5.583 GC heap after
{Heap after GC invocations=13 (full 0):
 garbage-first heap   total 103424K, used 56939K [0x0000000080000000, 0x0000000100000000)
  region size 1024K, 4 young (4096K), 4 survivors (4096K)
 Metaspace       used 42967K, committed 43328K, reserved 1114112K
  class space    used 5747K, committed 5952K, reserved 1048576K
}
Event: 5.988 GC heap before
{Heap before GC invocations=14 (full 0):
 garbage-first heap   total 107520K, used 85611K [0x0000000080000000, 0x0000000100000000)
  region size 1024K, 27 young (27648K), 4 survivors (4096K)
 Metaspace       used 46242K, committed 46720K, reserved 1114112K
  class space    used 6148K, committed 6400K, reserved 1048576K
}
Event: 5.992 GC heap after
{Heap after GC invocations=15 (full 0):
 garbage-first heap   total 154624K, used 58265K [0x0000000080000000, 0x0000000100000000)
  region size 1024K, 2 young (2048K), 2 survivors (2048K)
 Metaspace       used 46242K, committed 46720K, reserved 1114112K
  class space    used 6148K, committed 6400K, reserved 1048576K
}
Event: 6.953 GC heap before
{Heap before GC invocations=15 (full 0):
 garbage-first heap   total 154624K, used 117657K [0x0000000080000000, 0x0000000100000000)
  region size 1024K, 56 young (57344K), 2 survivors (2048K)
 Metaspace       used 50380K, committed 50944K, reserved 1114112K
  class space    used 6640K, committed 6912K, reserved 1048576K
}
Event: 6.960 GC heap after
{Heap after GC invocations=16 (full 0):
 garbage-first heap   total 154624K, used 66048K [0x0000000080000000, 0x0000000100000000)
  region size 1024K, 7 young (7168K), 7 survivors (7168K)
 Metaspace       used 50380K, committed 50944K, reserved 1114112K
  class space    used 6640K, committed 6912K, reserved 1048576K
}
Event: 7.919 GC heap before
{Heap before GC invocations=16 (full 0):
 garbage-first heap   total 154624K, used 116224K [0x0000000080000000, 0x0000000100000000)
  region size 1024K, 56 young (57344K), 7 survivors (7168K)
 Metaspace       used 55708K, committed 56320K, reserved 1114112K
  class space    used 7579K, committed 7872K, reserved 1048576K
}
Event: 7.927 GC heap after
{Heap after GC invocations=17 (full 0):
 garbage-first heap   total 154624K, used 69433K [0x0000000080000000, 0x0000000100000000)
  region size 1024K, 4 young (4096K), 4 survivors (4096K)
 Metaspace       used 55708K, committed 56320K, reserved 1114112K
  class space    used 7579K, committed 7872K, reserved 1048576K
}

Dll operation events (3 events):
Event: 0.015 Loaded shared library C:\Program Files\Android\Android Studio\jbr\bin\java.dll
Event: 0.215 Loaded shared library C:\Program Files\Android\Android Studio\jbr\bin\zip.dll
Event: 0.675 Loaded shared library C:\Program Files\Android\Android Studio\jbr\bin\verify.dll

Deoptimization events (20 events):
Event: 7.715 Thread 0x00000287a3e5d830 DEOPT PACKING pc=0x000002878e076aa8 sp=0x000000cf9bbf8de0
Event: 7.715 Thread 0x00000287a3e5d830 DEOPT UNPACKING pc=0x000002878db069a3 sp=0x000000cf9bbf8d90 mode 2
Event: 7.773 Thread 0x00000287a3e5d830 Uncommon trap: trap_request=0xffffff45 fr.pc=0x000002878e2e85b0 relative=0x0000000000000370
Event: 7.773 Thread 0x00000287a3e5d830 Uncommon trap: reason=unstable_if action=reinterpret pc=0x000002878e2e85b0 method=org.gradle.internal.snapshot.PathUtil.equalChars(CCLorg/gradle/internal/snapshot/CaseSensitivity;)Z @ 40 c2
Event: 7.773 Thread 0x00000287a3e5d830 DEOPT PACKING pc=0x000002878e2e85b0 sp=0x000000cf9bbf69a0
Event: 7.773 Thread 0x00000287a3e5d830 DEOPT UNPACKING pc=0x000002878db069a3 sp=0x000000cf9bbf6930 mode 2
Event: 7.785 Thread 0x00000287a3e5d830 Uncommon trap: trap_request=0xffffffc6 fr.pc=0x000002878e1b3280 relative=0x0000000000000240
Event: 7.785 Thread 0x00000287a3e5d830 Uncommon trap: reason=bimorphic_or_optimized_type_check action=maybe_recompile pc=0x000002878e1b3280 method=com.google.common.base.CharMatcher.indexIn(Ljava/lang/CharSequence;I)I @ 31 c2
Event: 7.785 Thread 0x00000287a3e5d830 DEOPT PACKING pc=0x000002878e1b3280 sp=0x000000cf9bbf9300
Event: 7.785 Thread 0x00000287a3e5d830 DEOPT UNPACKING pc=0x000002878db069a3 sp=0x000000cf9bbf92a8 mode 2
Event: 7.795 Thread 0x00000287a3e5d830 Uncommon trap: trap_request=0xffffffc6 fr.pc=0x000002878e1b3280 relative=0x0000000000000240
Event: 7.795 Thread 0x00000287a3e5d830 Uncommon trap: reason=bimorphic_or_optimized_type_check action=maybe_recompile pc=0x000002878e1b3280 method=com.google.common.base.CharMatcher.indexIn(Ljava/lang/CharSequence;I)I @ 31 c2
Event: 7.795 Thread 0x00000287a3e5d830 DEOPT PACKING pc=0x000002878e1b3280 sp=0x000000cf9bbf8960
Event: 7.795 Thread 0x00000287a3e5d830 DEOPT UNPACKING pc=0x000002878db069a3 sp=0x000000cf9bbf8908 mode 2
Event: 7.882 Thread 0x00000287a3e5d830 DEOPT PACKING pc=0x0000028786927a1b sp=0x000000cf9bbf61b0
Event: 7.882 Thread 0x00000287a3e5d830 DEOPT UNPACKING pc=0x000002878db07143 sp=0x000000cf9bbf5620 mode 0
Event: 7.972 Thread 0x00000287a3e5d830 Uncommon trap: trap_request=0xffffffcc fr.pc=0x000002878e3438b4 relative=0x0000000000000314
Event: 7.972 Thread 0x00000287a3e5d830 Uncommon trap: reason=intrinsic_or_type_checked_inlining action=make_not_entrant pc=0x000002878e3438b4 method=java.util.Arrays.copyOf([Ljava/lang/Object;ILjava/lang/Class;)[Ljava/lang/Object; @ 35 c2
Event: 7.972 Thread 0x00000287a3e5d830 DEOPT PACKING pc=0x000002878e3438b4 sp=0x000000cf9bbf8530
Event: 7.972 Thread 0x00000287a3e5d830 DEOPT UNPACKING pc=0x000002878db069a3 sp=0x000000cf9bbf84c0 mode 2

Classes unloaded (0 events):
No events

Classes redefined (0 events):
No events

Internal exceptions (20 events):
Event: 7.171 Thread 0x00000287a3e5d830 Exception <a 'java/lang/IncompatibleClassChangeError'{0x0000000088c7e630}: Found class java.lang.Object, but interface was expected> (0x0000000088c7e630) 
thrown [s\src\hotspot\share\interpreter\linkResolver.cpp, line 838]
Event: 7.273 Thread 0x00000287a3e5d830 Exception <a 'java/lang/ClassNotFoundException'{0x000000008878efa0}: org/jetbrains/plugins/gradle/model/web/WebConfigurationBeanInfo> (0x000000008878efa0) 
thrown [s\src\hotspot\share\classfile\systemDictionary.cpp, line 256]
Event: 7.273 Thread 0x00000287a3e5d830 Exception <a 'java/lang/ClassNotFoundException'{0x0000000088797da8}: org/jetbrains/plugins/gradle/model/web/WebConfigurationCustomizer> (0x0000000088797da8) 
thrown [s\src\hotspot\share\classfile\systemDictionary.cpp, line 256]
Event: 7.276 Thread 0x00000287a3e5d830 Exception <a 'java/lang/ClassNotFoundException'{0x00000000887bba78}: org/jetbrains/plugins/gradle/model/scala/ScalaModelBeanInfo> (0x00000000887bba78) 
thrown [s\src\hotspot\share\classfile\systemDictionary.cpp, line 256]
Event: 7.276 Thread 0x00000287a3e5d830 Exception <a 'java/lang/ClassNotFoundException'{0x00000000887c3fc0}: org/jetbrains/plugins/gradle/model/scala/ScalaModelCustomizer> (0x00000000887c3fc0) 
thrown [s\src\hotspot\share\classfile\systemDictionary.cpp, line 256]
Event: 7.281 Thread 0x00000287a3e5d830 Exception <a 'java/lang/ClassNotFoundException'{0x00000000887ff248}: org/jetbrains/plugins/gradle/model/DependencyAccessorsModelBeanInfo> (0x00000000887ff248) 
thrown [s\src\hotspot\share\classfile\systemDictionary.cpp, line 256]
Event: 7.281 Thread 0x00000287a3e5d830 Exception <a 'java/lang/ClassNotFoundException'{0x0000000088607d48}: org/jetbrains/plugins/gradle/model/DependencyAccessorsModelCustomizer> (0x0000000088607d48) 
thrown [s\src\hotspot\share\classfile\systemDictionary.cpp, line 256]
Event: 7.443 Thread 0x00000287a3e5d830 Exception <a 'java/lang/ClassNotFoundException'{0x0000000087e1a898}: org/gradle/api/internal/project/DefaultProject_DecoratedBeanInfo> (0x0000000087e1a898) 
thrown [s\src\hotspot\share\classfile\systemDictionary.cpp, line 256]
Event: 7.444 Thread 0x00000287a3e5d830 Exception <a 'java/lang/ClassNotFoundException'{0x0000000087e277d0}: org/gradle/api/internal/project/DefaultProjectBeanInfo> (0x0000000087e277d0) 
thrown [s\src\hotspot\share\classfile\systemDictionary.cpp, line 256]
Event: 7.444 Thread 0x00000287a3e5d830 Exception <a 'java/lang/ClassNotFoundException'{0x0000000087e34730}: org/gradle/api/internal/project/DefaultProjectCustomizer> (0x0000000087e34730) 
thrown [s\src\hotspot\share\classfile\systemDictionary.cpp, line 256]
Event: 7.448 Thread 0x00000287a3e5d830 Exception <a 'java/lang/ClassNotFoundException'{0x0000000087edcc00}: org/gradle/api/internal/project/DefaultProject_DecoratedCustomizer> (0x0000000087edcc00) 
thrown [s\src\hotspot\share\classfile\systemDictionary.cpp, line 256]
Event: 7.605 Thread 0x00000287a3e5d830 Exception <a 'java/lang/NoSuchMethodError'{0x000000008754d478}: 'long java.lang.invoke.DirectMethodHandle$Holder.invokeStatic(java.lang.Object, long)'> (0x000000008754d478) 
thrown [s\src\hotspot\share\interpreter\linkResolver.cpp, line 771]
Event: 7.729 Thread 0x00000287a3e5d830 Exception <a 'java/lang/NoSuchMethodError'{0x0000000086f87e20}: 'java.lang.Object java.lang.invoke.DelegatingMethodHandle$Holder.reinvoke_L(java.lang.Object, java.lang.Object, java.lang.Object, java.lang.Object, java.lang.Object, java.lang.Object, java.lang.Object, java.lang.Object, java.lang.Object, java.lang.Object, java.lang.Object, java.lang.Object, java.lang.Object, java.lang.Object, java.lang.Object, java.lang.Object, java.lang.Object, java.lang.Object, java.lang.Object, java.lang.Object, java.lang.O
Event: 7.730 Thread 0x00000287a3e5d830 Exception <a 'java/lang/NoSuchMethodError'{0x0000000086f93658}: 'java.lang.Object java.lang.invoke.DirectMethodHandle$Holder.invokeSpecial(java.lang.Object, java.lang.Object, java.lang.Object, java.lang.Object, java.lang.Object, java.lang.Object, java.lang.Object, java.lang.Object, java.lang.Object, java.lang.Object, java.lang.Object, java.lang.Object, java.lang.Object, java.lang.Object, java.lang.Object, java.lang.Object, java.lang.Object, java.lang.Object, java.lang.Object, java.lang.Object, java.lang.Ob
Event: 7.730 Thread 0x00000287a3e5d830 Exception <a 'java/lang/NoSuchMethodError'{0x0000000086f992a0}: 'java.lang.Object java.lang.invoke.Invokers$Holder.invoker(java.lang.Object, java.lang.Object, java.lang.Object, java.lang.Object, java.lang.Object, java.lang.Object, java.lang.Object, java.lang.Object, java.lang.Object, java.lang.Object, java.lang.Object, java.lang.Object, java.lang.Object, java.lang.Object, java.lang.Object, java.lang.Object, java.lang.Object, java.lang.Object, java.lang.Object, java.lang.Object, java.lang.Object)'> (0x00000
Event: 7.730 Thread 0x00000287a3e5d830 Exception <a 'java/lang/NoSuchMethodError'{0x0000000086f9f900}: 'java.lang.Object java.lang.invoke.DelegatingMethodHandle$Holder.delegate(java.lang.Object, java.lang.Object, java.lang.Object, java.lang.Object, java.lang.Object, java.lang.Object, java.lang.Object, java.lang.Object, java.lang.Object, java.lang.Object, java.lang.Object, java.lang.Object, java.lang.Object, java.lang.Object, java.lang.Object, java.lang.Object, java.lang.Object, java.lang.Object, java.lang.Object, java.lang.Object, java.lang.Obj
Event: 7.882 Thread 0x00000287a3e5d830 Exception <a 'java/lang/NoSuchMethodError'{0x00000000868ec380}: 'int java.lang.invoke.DirectMethodHandle$Holder.invokeSpecialIFC(java.lang.Object, java.lang.Object, java.lang.Object)'> (0x00000000868ec380) 
thrown [s\src\hotspot\share\interpreter\linkResolver.cpp, line 771]
Event: 7.954 Thread 0x00000287a3e5d830 Exception <a 'java/lang/NoSuchMethodError'{0x0000000089576660}: 'java.lang.Object java.lang.invoke.DirectMethodHandle$Holder.newInvokeSpecial(java.lang.Object, java.lang.Object, java.lang.Object, java.lang.Object, java.lang.Object, int)'> (0x0000000089576660) 
thrown [s\src\hotspot\share\interpreter\linkResolver.cpp, line 771]
Event: 7.955 Thread 0x00000287a3e5d830 Exception <a 'java/lang/NoSuchMethodError'{0x000000008957bcb8}: 'java.lang.Object java.lang.invoke.DirectMethodHandle$Holder.invokeSpecial(java.lang.Object, java.lang.Object, java.lang.Object, java.lang.Object, java.lang.Object, java.lang.Object, int)'> (0x000000008957bcb8) 
thrown [s\src\hotspot\share\interpreter\linkResolver.cpp, line 771]
Event: 7.968 Thread 0x00000287a3e5d830 Exception <a 'java/lang/NoSuchMethodError'{0x000000008942cff8}: 'void java.lang.invoke.DirectMethodHandle$Holder.invokeStatic(java.lang.Object, java.lang.Object, java.lang.Object, int, java.lang.Object)'> (0x000000008942cff8) 
thrown [s\src\hotspot\share\interpreter\linkResolver.cpp, line 771]

VM Operations (20 events):
Event: 5.988 Executing VM operation: G1CollectForAllocation
Event: 5.992 Executing VM operation: G1CollectForAllocation done
Event: 6.248 Executing VM operation: HandshakeAllThreads
Event: 6.248 Executing VM operation: HandshakeAllThreads done
Event: 6.762 Executing VM operation: ICBufferFull
Event: 6.762 Executing VM operation: ICBufferFull done
Event: 6.924 Executing VM operation: HandshakeAllThreads
Event: 6.924 Executing VM operation: HandshakeAllThreads done
Event: 6.953 Executing VM operation: G1CollectForAllocation
Event: 6.960 Executing VM operation: G1CollectForAllocation done
Event: 7.377 Executing VM operation: HandshakeAllThreads
Event: 7.378 Executing VM operation: HandshakeAllThreads done
Event: 7.517 Executing VM operation: ICBufferFull
Event: 7.517 Executing VM operation: ICBufferFull done
Event: 7.547 Executing VM operation: HandshakeAllThreads
Event: 7.547 Executing VM operation: HandshakeAllThreads done
Event: 7.903 Executing VM operation: HandshakeAllThreads
Event: 7.903 Executing VM operation: HandshakeAllThreads done
Event: 7.919 Executing VM operation: G1CollectForAllocation
Event: 7.927 Executing VM operation: G1CollectForAllocation done

Events (20 events):
Event: 7.686 loading class javax/net/ssl/HostnameVerifier done
Event: 7.688 loading class javax/net/ssl/TrustManager
Event: 7.688 loading class javax/net/ssl/TrustManager done
Event: 7.689 loading class javax/net/ssl/X509TrustManager
Event: 7.689 loading class javax/net/ssl/X509TrustManager done
Event: 7.691 loading class javax/net/ssl/SSLException
Event: 7.691 loading class javax/net/ssl/SSLException done
Event: 7.691 loading class javax/net/ssl/SSLPeerUnverifiedException
Event: 7.691 loading class javax/net/ssl/SSLPeerUnverifiedException done
Event: 7.691 loading class javax/naming/NamingException
Event: 7.692 loading class javax/naming/NamingException done
Event: 7.692 loading class javax/naming/InvalidNameException
Event: 7.692 loading class javax/naming/InvalidNameException done
Event: 7.692 loading class java/security/cert/CertificateParsingException
Event: 7.692 loading class java/security/cert/CertificateException
Event: 7.692 loading class java/security/cert/CertificateException done
Event: 7.692 loading class java/security/cert/CertificateParsingException done
Event: 7.722 loading class java/util/Collections$SingletonMap
Event: 7.722 loading class java/util/Collections$SingletonMap done
Event: 7.726 Thread 0x00000287a4495550 Thread added: 0x00000287a4495550


Dynamic libraries:
0x00007ff75dc80000 - 0x00007ff75dc8a000 	C:\Program Files\Android\Android Studio\jbr\bin\java.exe
0x00007ffafb810000 - 0x00007ffafba27000 	C:\WINDOWS\SYSTEM32\ntdll.dll
0x00007ffab9970000 - 0x00007ffab9989000 	C:\Program Files\Avast Software\Avast\aswhook.dll
0x00007ffaf9900000 - 0x00007ffaf99c4000 	C:\WINDOWS\System32\KERNEL32.DLL
0x00007ffaf9080000 - 0x00007ffaf9426000 	C:\WINDOWS\System32\KERNELBASE.dll
0x00007ffaf8b50000 - 0x00007ffaf8c61000 	C:\WINDOWS\System32\ucrtbase.dll
0x00007ffaf18c0000 - 0x00007ffaf18d7000 	C:\Program Files\Android\Android Studio\jbr\bin\jli.dll
0x00007ffaeef90000 - 0x00007ffaeefab000 	C:\Program Files\Android\Android Studio\jbr\bin\VCRUNTIME140.dll
0x00007ffafa890000 - 0x00007ffafaa3e000 	C:\WINDOWS\System32\USER32.dll
0x00007ffaf8d90000 - 0x00007ffaf8db6000 	C:\WINDOWS\System32\win32u.dll
0x00007ffafaa40000 - 0x00007ffafaa69000 	C:\WINDOWS\System32\GDI32.dll
0x00007ffaf8c70000 - 0x00007ffaf8d88000 	C:\WINDOWS\System32\gdi32full.dll
0x00007ffae59b0000 - 0x00007ffae5c43000 	C:\WINDOWS\WinSxS\amd64_microsoft.windows.common-controls_6595b64144ccf1df_6.0.22621.2506_none_270c5ae97388e100\COMCTL32.dll
0x00007ffaf8f30000 - 0x00007ffaf8fca000 	C:\WINDOWS\System32\msvcp_win.dll
0x00007ffaf96f0000 - 0x00007ffaf9797000 	C:\WINDOWS\System32\msvcrt.dll
0x00007ffafa6d0000 - 0x00007ffafa701000 	C:\WINDOWS\System32\IMM32.DLL
0x00007ffaf5b20000 - 0x00007ffaf5b2c000 	C:\Program Files\Android\Android Studio\jbr\bin\vcruntime140_1.dll
0x00007ffab99d0000 - 0x00007ffab9a5d000 	C:\Program Files\Android\Android Studio\jbr\bin\msvcp140.dll
0x00007ffa7dd20000 - 0x00007ffa7e9a0000 	C:\Program Files\Android\Android Studio\jbr\bin\server\jvm.dll
0x00007ffafa7d0000 - 0x00007ffafa883000 	C:\WINDOWS\System32\ADVAPI32.dll
0x00007ffaf9fb0000 - 0x00007ffafa058000 	C:\WINDOWS\System32\sechost.dll
0x00007ffaf9050000 - 0x00007ffaf9078000 	C:\WINDOWS\System32\bcrypt.dll
0x00007ffaf95d0000 - 0x00007ffaf96e7000 	C:\WINDOWS\System32\RPCRT4.dll
0x00007ffaef630000 - 0x00007ffaef63a000 	C:\WINDOWS\SYSTEM32\VERSION.dll
0x00007ffaf22a0000 - 0x00007ffaf22d4000 	C:\WINDOWS\SYSTEM32\WINMM.dll
0x00007ffadfa20000 - 0x00007ffadfa29000 	C:\WINDOWS\SYSTEM32\WSOCK32.dll
0x00007ffafacb0000 - 0x00007ffafad21000 	C:\WINDOWS\System32\WS2_32.dll
0x00007ffaf7b50000 - 0x00007ffaf7b68000 	C:\WINDOWS\SYSTEM32\kernel.appcore.dll
0x00007ffaf3f50000 - 0x00007ffaf3f5a000 	C:\Program Files\Android\Android Studio\jbr\bin\jimage.dll
0x00007ffaef1e0000 - 0x00007ffaef413000 	C:\WINDOWS\SYSTEM32\DBGHELP.DLL
0x00007ffafa060000 - 0x00007ffafa3e9000 	C:\WINDOWS\System32\combase.dll
0x00007ffafad30000 - 0x00007ffafae07000 	C:\WINDOWS\System32\OLEAUT32.dll
0x00007ffaef5f0000 - 0x00007ffaef622000 	C:\WINDOWS\SYSTEM32\dbgcore.DLL
0x00007ffaf8fd0000 - 0x00007ffaf904a000 	C:\WINDOWS\System32\bcryptPrimitives.dll
0x00007ffaf22f0000 - 0x00007ffaf22fe000 	C:\Program Files\Android\Android Studio\jbr\bin\instrument.dll
0x00007ffaf09b0000 - 0x00007ffaf09d5000 	C:\Program Files\Android\Android Studio\jbr\bin\java.dll
0x00007ffaf3eb0000 - 0x00007ffaf3ec8000 	C:\Program Files\Android\Android Studio\jbr\bin\zip.dll
0x00007ffafae10000 - 0x00007ffafb66b000 	C:\WINDOWS\System32\SHELL32.dll
0x00007ffaf6a60000 - 0x00007ffaf7356000 	C:\WINDOWS\SYSTEM32\windows.storage.dll
0x00007ffaf6920000 - 0x00007ffaf6a5e000 	C:\WINDOWS\SYSTEM32\wintypes.dll
0x00007ffafa5d0000 - 0x00007ffafa6c3000 	C:\WINDOWS\System32\SHCORE.dll
0x00007ffaf9f50000 - 0x00007ffaf9fae000 	C:\WINDOWS\System32\shlwapi.dll
0x00007ffaf8a80000 - 0x00007ffaf8aa6000 	C:\WINDOWS\SYSTEM32\profapi.dll
0x00007ffaf3d80000 - 0x00007ffaf3d99000 	C:\Program Files\Android\Android Studio\jbr\bin\net.dll
0x00007ffaf3570000 - 0x00007ffaf36a7000 	C:\WINDOWS\SYSTEM32\WINHTTP.dll
0x00007ffaf8030000 - 0x00007ffaf8099000 	C:\WINDOWS\system32\mswsock.dll
0x00007ffaf2140000 - 0x00007ffaf2156000 	C:\Program Files\Android\Android Studio\jbr\bin\nio.dll
0x00007ffaf3e80000 - 0x00007ffaf3e90000 	C:\Program Files\Android\Android Studio\jbr\bin\verify.dll
0x00007ffaf0ab0000 - 0x00007ffaf0ad7000 	C:\Users\A S U S\.gradle\native\68d5fa5c4cc2d200863cafc0d521ce42e7d3e7ee720ec0a83991735586a16f82\windows-amd64\native-platform.dll
0x00007ffa9a960000 - 0x00007ffa9aaa4000 	C:\Users\A S U S\.gradle\native\e376f236ea51e6404a007f0833ffe2c6e607c4080706a723a18a27aeea778392\windows-amd64\native-platform-file-events.dll
0x00007ffaf3e50000 - 0x00007ffaf3e59000 	C:\Program Files\Android\Android Studio\jbr\bin\management.dll
0x00007ffaf3020000 - 0x00007ffaf302b000 	C:\Program Files\Android\Android Studio\jbr\bin\management_ext.dll
0x00007ffafab00000 - 0x00007ffafab08000 	C:\WINDOWS\System32\PSAPI.DLL
0x00007ffaf8380000 - 0x00007ffaf839b000 	C:\WINDOWS\SYSTEM32\CRYPTSP.dll
0x00007ffaf7ab0000 - 0x00007ffaf7ae5000 	C:\WINDOWS\system32\rsaenh.dll
0x00007ffaf80d0000 - 0x00007ffaf80fc000 	C:\WINDOWS\SYSTEM32\USERENV.dll
0x00007ffaf8360000 - 0x00007ffaf836c000 	C:\WINDOWS\SYSTEM32\CRYPTBASE.dll
0x00007ffaf75b0000 - 0x00007ffaf75dd000 	C:\WINDOWS\SYSTEM32\IPHLPAPI.DLL
0x00007ffaf9f40000 - 0x00007ffaf9f49000 	C:\WINDOWS\System32\NSI.dll
0x00007ffaf3220000 - 0x00007ffaf3239000 	C:\WINDOWS\SYSTEM32\dhcpcsvc6.DLL
0x00007ffaf2fb0000 - 0x00007ffaf2fcf000 	C:\WINDOWS\SYSTEM32\dhcpcsvc.DLL
0x00007ffaf75e0000 - 0x00007ffaf76d9000 	C:\WINDOWS\SYSTEM32\DNSAPI.dll
0x00007ffaedb80000 - 0x00007ffaedb88000 	C:\WINDOWS\system32\wshunix.dll

dbghelp: loaded successfully - version: 4.0.5 - missing functions: none
symbol engine: initialized successfully - sym options: 0x614 - pdb path: .;C:\Program Files\Android\Android Studio\jbr\bin;C:\WINDOWS\SYSTEM32;C:\Program Files\Avast Software\Avast;C:\WINDOWS\WinSxS\amd64_microsoft.windows.common-controls_6595b64144ccf1df_6.0.22621.2506_none_270c5ae97388e100;C:\Program Files\Android\Android Studio\jbr\bin\server;C:\Users\A S U S\.gradle\native\68d5fa5c4cc2d200863cafc0d521ce42e7d3e7ee720ec0a83991735586a16f82\windows-amd64;C:\Users\A S U S\.gradle\native\e376f236ea51e6404a007f0833ffe2c6e607c4080706a723a18a27aeea778392\windows-amd64

VM Arguments:
jvm_args: --add-opens=java.base/java.util=ALL-UNNAMED --add-opens=java.base/java.lang=ALL-UNNAMED --add-opens=java.base/java.lang.invoke=ALL-UNNAMED --add-opens=java.prefs/java.util.prefs=ALL-UNNAMED --add-opens=java.base/java.nio.charset=ALL-UNNAMED --add-opens=java.base/java.net=ALL-UNNAMED --add-opens=java.base/java.util.concurrent.atomic=ALL-UNNAMED -Xmx2048m -Dfile.encoding=UTF-8 -Duser.country=EC -Duser.language=es -Duser.variant -javaagent:C:\Users\A S U S\.gradle\wrapper\dists\gradle-8.2-bin\bbg7u40eoinfdyxsxr3z4i7ta\gradle-8.2\lib\agents\gradle-instrumentation-agent-8.2.jar 
java_command: org.gradle.launcher.daemon.bootstrap.GradleDaemon 8.2
java_class_path (initial): C:\Users\A S U S\.gradle\wrapper\dists\gradle-8.2-bin\bbg7u40eoinfdyxsxr3z4i7ta\gradle-8.2\lib\gradle-launcher-8.2.jar
Launcher Type: SUN_STANDARD

[Global flags]
     intx CICompilerCount                          = 4                                         {product} {ergonomic}
     uint ConcGCThreads                            = 3                                         {product} {ergonomic}
     uint G1ConcRefinementThreads                  = 10                                        {product} {ergonomic}
   size_t G1HeapRegionSize                         = 1048576                                   {product} {ergonomic}
    uintx GCDrainStackTargetSize                   = 64                                        {product} {ergonomic}
   size_t InitialHeapSize                          = 125829120                                 {product} {ergonomic}
   size_t MarkStackSize                            = 4194304                                   {product} {ergonomic}
   size_t MaxHeapSize                              = 2147483648                                {product} {command line}
   size_t MaxNewSize                               = 1287651328                                {product} {ergonomic}
   size_t MinHeapDeltaBytes                        = 1048576                                   {product} {ergonomic}
   size_t MinHeapSize                              = 8388608                                   {product} {ergonomic}
    uintx NonNMethodCodeHeapSize                   = 5839372                                {pd product} {ergonomic}
    uintx NonProfiledCodeHeapSize                  = 122909434                              {pd product} {ergonomic}
    uintx ProfiledCodeHeapSize                     = 122909434                              {pd product} {ergonomic}
    uintx ReservedCodeCacheSize                    = 251658240                              {pd product} {ergonomic}
     bool SegmentedCodeCache                       = true                                      {product} {ergonomic}
   size_t SoftMaxHeapSize                          = 2147483648                             {manageable} {ergonomic}
     bool UseCompressedClassPointers               = true                           {product lp64_product} {ergonomic}
     bool UseCompressedOops                        = true                           {product lp64_product} {ergonomic}
     bool UseG1GC                                  = true                                      {product} {ergonomic}
     bool UseLargePagesIndividualAllocation        = false                                  {pd product} {ergonomic}

Logging:
Log output configuration:
 #0: stdout all=warning uptime,level,tags
 #1: stderr all=off uptime,level,tags

Environment Variables:
PATH=C:\Program Files\Common Files\Oracle\Java\javapath;C:\Program Files (x86)\Common Files\Oracle\Java\javapath;C:\Windows\system32;C:\Windows;C:\Windows\System32\Wbem;C:\Windows\System32\WindowsPowerShell\v1.0\;C:\Windows\System32\OpenSSH\;C:\Program Files (x86)\dotnet\;C:\Program Files\dotnet\;C:\Program Files (x86)\NVIDIA Corporation\PhysX\Common;C:\WINDOWS\system32;C:\WINDOWS;C:\WINDOWS\System32\Wbem;C:\WINDOWS\System32\WindowsPowerShell\v1.0\;C:\WINDOWS\System32\OpenSSH\;C:\Program Files\NVIDIA Corporation\NVIDIA NvDLISR;C:\Program Files\nodejs\;C:\Program Files\Git\cmd;C:\Users\A S U S\AppData\Local\Programs\Python\Python39\Scripts\;C:\Users\A S U S\AppData\Local\Programs\Python\Python39\;C:\Users\A S U S\AppData\Local\Microsoft\WindowsApps;C:\Users\A S U S\AppData\Local\Programs\Microsoft VS Code\bin;C:\Program Files\MongoDB\Server\6.0\bin;C:\Users\A S U S\AppData\Roaming\npm;C:\Users\A S U S\AppData\Local\GitHubDesktop\bin
USERNAME=A S U S
OS=Windows_NT
PROCESSOR_IDENTIFIER=AMD64 Family 23 Model 96 Stepping 1, AuthenticAMD
TMP=C:\Users\ASUS~1\AppData\Local\Temp
TEMP=C:\Users\ASUS~1\AppData\Local\Temp


JNI global refs:
JNI global refs: 27, weak refs: 8

JNI global refs memory usage: 843, weak refs: 841

OOME stack traces (most recent first):
Classloader memory used:
Loader org.gradle.internal.classloader.VisitableURLClassLoader                         : 3350K
Loader bootstrap                                                                       : 2432K
Loader org.gradle.initialization.MixInLegacyTypesClassLoader                           : 954K
Loader org.gradle.internal.classloader.VisitableURLClassLoader$InstrumentingVisitableURLClassLoader: 94463B
Loader org.gradle.internal.classloader.VisitableURLClassLoader                         : 73924B
Loader jdk.internal.loader.ClassLoaders$PlatformClassLoader                            : 68006B
Loader jdk.internal.loader.ClassLoaders$AppClassLoader                                 : 28450B
Loader jdk.internal.reflect.DelegatingClassLoader                                      : 27131B
Loader org.gradle.groovy.scripts.internal.DefaultScriptCompilationHandler$ScriptClassLoader: 11461B
Loader org.codehaus.groovy.runtime.callsite.CallSiteClassLoader                        : 6725B

Classes loaded by more than one classloader:
Class org.gradle.internal.Cast                                                        : loaded 3 times (x 69B)
Class Program                                                                         : loaded 3 times (x 70B)
Class org.gradle.api.GradleException                                                  : loaded 3 times (x 80B)
Class org.gradle.internal.classpath.ClassPath                                         : loaded 2 times (x 68B)
Class org.gradle.api.internal.classpath.DefaultModuleRegistry                         : loaded 2 times (x 84B)
Class Settings_gradle$1$1                                                             : loaded 2 times (x 72B)
Class com.intellij.openapi.externalSystem.model.ExternalSystemException               : loaded 2 times (x 84B)
Class org.gradle.api.Action                                                           : loaded 2 times (x 68B)
Class org.jetbrains.kotlin.idea.gradleTooling.model.samWithReceiver.SamWithReceiverModel: loaded 2 times (x 68B)
Class org.jetbrains.plugins.gradle.model.ExternalProject                              : loaded 2 times (x 68B)
Class org.jetbrains.plugins.gradle.model.IntelliJSettings                             : loaded 2 times (x 68B)
Class sync_studio_tooling1_488bbncp6ze90elakpy60j0kg$_run_closure1                    : loaded 2 times (x 134B)
Class org.jetbrains.kotlin.idea.gradleTooling.KotlinMPPGradleModel                    : loaded 2 times (x 68B)
Class org.gradle.api.internal.DefaultClassPathProvider                                : loaded 2 times (x 74B)
Class org.gradle.internal.installation.GradleInstallation$1                           : loaded 2 times (x 73B)
Class org.gradle.internal.exceptions.DefaultMultiCauseException                       : loaded 2 times (x 85B)
Class org.gradle.tooling.model.UnsupportedMethodException                             : loaded 2 times (x 80B)
Class org.gradle.internal.time.MonotonicClock                                         : loaded 2 times (x 75B)
Class org.gradle.internal.classloader.FilteringClassLoader                            : loaded 2 times (x 102B)
Class org.gradle.tooling.model.Model                                                  : loaded 2 times (x 68B)
Class org.gradle.internal.classpath.DefaultClassPath$ImmutableUniqueList$Builder      : loaded 2 times (x 73B)
Class org.jetbrains.kotlin.idea.gradleTooling.KotlinSourceSetContainer                : loaded 2 times (x 68B)
Class org.gradle.internal.classloader.ClassLoaderVisitor                              : loaded 2 times (x 74B)
Class org.gradle.internal.time.DefaultCountdownTimer                                  : loaded 2 times (x 86B)
Class org.gradle.internal.service.DefaultServiceLocator                               : loaded 2 times (x 81B)
Class org.gradle.internal.service.UnknownServiceException                             : loaded 2 times (x 81B)
Class org.jetbrains.plugins.gradle.model.DependencyAccessorsModel                     : loaded 2 times (x 68B)
Class org.gradle.internal.classloader.DefaultClassLoaderFactory                       : loaded 2 times (x 80B)
Class org.jetbrains.plugins.gradle.model.GradleExtensions                             : loaded 2 times (x 68B)
Class ijinit_emb0wxyce5cn691rqjnyyg9hr                                                : loaded 2 times (x 177B)
Class org.jetbrains.plugins.gradle.model.VersionCatalogsModel                         : loaded 2 times (x 68B)
Class org.gradle.internal.classloader.VisitableURLClassLoader$Spec                    : loaded 2 times (x 72B)
Class org.gradle.tooling.model.ProjectModel                                           : loaded 2 times (x 68B)
Class org.jetbrains.plugins.gradle.model.MavenRepositoryModel                         : loaded 2 times (x 68B)
Class org.gradle.util.GradleVersion                                                   : loaded 2 times (x 81B)
Class org.gradle.api.internal.classpath.ModuleRegistry                                : loaded 2 times (x 68B)
Class org.jetbrains.plugins.gradle.model.RepositoriesModel                            : loaded 2 times (x 68B)
Class kotlin.jvm.internal.markers.KMappedMarker                                       : loaded 2 times (x 68B)
Class org.gradle.api.internal.ClassPathProvider                                       : loaded 2 times (x 68B)
Class org.gradle.internal.classloader.ClasspathUtil$1                                 : loaded 2 times (x 74B)
Class org.gradle.internal.classloader.ClassLoaderFactory                              : loaded 2 times (x 68B)
Class org.gradle.api.internal.classpath.ManifestUtil                                  : loaded 2 times (x 69B)
Class org.gradle.api.specs.Spec                                                       : loaded 2 times (x 68B)
Class org.gradle.tooling.internal.gradle.GradleBuildIdentity                          : loaded 2 times (x 68B)
Class org.gradle.internal.IoActions                                                   : loaded 2 times (x 69B)
Class org.gradle.api.internal.classpath.EffectiveClassPath                            : loaded 2 times (x 88B)
Class kotlin.jvm.internal.DefaultConstructorMarker                                    : loaded 2 times (x 69B)
Class org.jetbrains.kotlin.idea.gradleTooling.model.annotation.AnnotationBasedPluginModel: loaded 2 times (x 68B)
Class org.jetbrains.kotlin.idea.gradleTooling.model.assignment.AssignmentModel        : loaded 2 times (x 68B)
Class org.gradle.internal.installation.CurrentGradleInstallation                      : loaded 2 times (x 71B)
Class org.gradle.internal.agents.InstrumentingClassLoader                             : loaded 2 times (x 68B)
Class org.gradle.internal.installation.CurrentGradleInstallationLocator               : loaded 2 times (x 69B)
Class org.gradle.api.internal.classpath.Module                                        : loaded 2 times (x 68B)
Class org.gradle.internal.service.CachingServiceLocator                               : loaded 2 times (x 80B)
Class org.gradle.internal.time.Timer                                                  : loaded 2 times (x 68B)
Class org.jetbrains.plugins.gradle.model.tests.ExternalTestsModel                     : loaded 2 times (x 68B)
Class org.jetbrains.kotlin.idea.gradleTooling.KotlinDslScriptAdditionalTask           : loaded 2 times (x 68B)
Class org.gradle.internal.classpath.DefaultClassPath                                  : loaded 2 times (x 88B)
Class com.intellij.openapi.externalSystem.model.project.dependencies.ProjectDependencies: loaded 2 times (x 68B)
Class org.jetbrains.kotlin.idea.gradleTooling.PrepareKotlinIdeImportTaskModel         : loaded 2 times (x 68B)
Class org.gradle.internal.impldep.com.google.common.base.Preconditions                : loaded 2 times (x 69B)
Class kotlin.jvm.functions.Function1                                                  : loaded 2 times (x 68B)
Class org.gradle.internal.time.Time                                                   : loaded 2 times (x 69B)
Class org.gradle.internal.time.TimeSource$1                                           : loaded 2 times (x 75B)
Class org.gradle.internal.classloader.SystemClassLoaderSpec                           : loaded 2 times (x 69B)
Class kotlin.Function                                                                 : loaded 2 times (x 68B)
Class org.gradle.api.UncheckedIOException                                             : loaded 2 times (x 80B)
Class org.gradle.tooling.internal.gradle.DefaultProjectIdentifier                     : loaded 2 times (x 84B)
Class sync_studio_tooling1_488bbncp6ze90elakpy60j0kg                                  : loaded 2 times (x 177B)
Class org.gradle.tooling.internal.gradle.GradleProjectIdentity                        : loaded 2 times (x 68B)
Class org.gradle.internal.time.CountdownTimer                                         : loaded 2 times (x 68B)
Class org.gradle.internal.time.Clock                                                  : loaded 2 times (x 68B)
Class org.gradle.internal.classloader.ClasspathUtil                                   : loaded 2 times (x 69B)
Class org.gradle.tooling.model.BuildIdentifier                                        : loaded 2 times (x 68B)
Class org.gradle.api.internal.DefaultClassPathRegistry                                : loaded 2 times (x 74B)
Class org.gradle.api.internal.classpath.DefaultModuleRegistry$DefaultModule           : loaded 2 times (x 84B)
Class org.gradle.internal.time.TimeSource                                             : loaded 2 times (x 68B)
Class org.jetbrains.kotlin.android.synthetic.idea.AndroidExtensionsGradleModel        : loaded 2 times (x 68B)
Class org.gradle.api.internal.classpath.UnknownModuleException                        : loaded 2 times (x 80B)
Class org.jetbrains.plugins.gradle.model.IntelliJProjectSettings                      : loaded 2 times (x 68B)
Class org.gradle.internal.service.ServiceLookupException                              : loaded 2 times (x 80B)
Class org.gradle.cache.GlobalCache                                                    : loaded 2 times (x 68B)
Class org.jetbrains.kotlin.idea.gradleTooling.model.lombok.LombokModel                : loaded 2 times (x 68B)
Class org.gradle.tooling.model.ProjectIdentifier                                      : loaded 2 times (x 68B)
Class [Lorg.gradle.api.internal.ClassPathProvider;                                    : loaded 2 times (x 67B)
Class org.gradle.internal.operations.MultipleBuildOperationFailures                   : loaded 2 times (x 85B)
Class org.gradle.util.internal.GUtil                                                  : loaded 2 times (x 69B)
Class org.jetbrains.plugins.gradle.model.AnnotationProcessingModel                    : loaded 2 times (x 68B)
Class org.gradle.internal.classloader.ClassLoaderSpec                                 : loaded 2 times (x 69B)
Class org.jetbrains.plugins.gradle.model.BuildScriptClasspathModel                    : loaded 2 times (x 68B)
Class org.gradle.internal.classloader.VisitableURLClassLoader                         : loaded 2 times (x 114B)
Class org.gradle.internal.installation.GradleInstallation                             : loaded 2 times (x 73B)
Class org.gradle.api.internal.ClassPathRegistry                                       : loaded 2 times (x 68B)
Class org.gradle.internal.classloader.VisitableURLClassLoader$InstrumentingVisitableURLClassLoader: loaded 2 times (x 120B)
Class org.gradle.internal.classloader.ClassLoaderHierarchy                            : loaded 2 times (x 68B)
Class org.gradle.internal.exceptions.MultiCauseException                              : loaded 2 times (x 68B)
Class org.jetbrains.kotlin.idea.gradleTooling.model.parcelize.ParcelizeGradleModel    : loaded 2 times (x 68B)
Class org.gradle.internal.InternalTransformer                                         : loaded 2 times (x 68B)
Class org.jetbrains.kotlin.idea.gradleTooling.model.noarg.NoArgModel                  : loaded 2 times (x 68B)
Class org.jetbrains.kotlin.idea.gradleTooling.KotlinGradleModel                       : loaded 2 times (x 68B)
Class org.gradle.tooling.internal.gradle.DefaultBuildIdentifier                       : loaded 2 times (x 77B)
Class org.gradle.internal.service.ServiceLocator                                      : loaded 2 times (x 68B)
Class Settings_gradle$1                                                               : loaded 2 times (x 72B)
Class org.jetbrains.kotlin.idea.gradleTooling.model.allopen.AllOpenModel              : loaded 2 times (x 68B)
Class org.gradle.internal.classpath.DefaultClassPath$ImmutableUniqueList              : loaded 2 times (x 159B)
Class org.gradle.internal.time.DefaultTimer                                           : loaded 2 times (x 78B)
Class org.gradle.internal.classpath.TransformedClassPath                              : loaded 2 times (x 94B)
Class Settings_gradle                                                                 : loaded 2 times (x 126B)


---------------  S Y S T E M  ---------------

OS:
 Windows 11 , 64 bit Build 22621 (10.0.22621.3085)
OS uptime: 4 days 11:21 hours
Hyper-V role detected

CPU: total 12 (initial active 12) (12 cores per cpu, 2 threads per core) family 23 model 96 stepping 1 microcode 0x0, cx8, cmov, fxsr, ht, mmx, 3dnowpref, sse, sse2, sse3, ssse3, sse4a, sse4.1, sse4.2, popcnt, lzcnt, tsc, tscinvbit, avx, avx2, aes, clmul, bmi1, bmi2, adx, sha, fma, vzeroupper, clflush, clflushopt, hv

Memory: 4k page, system-wide physical 7597M (349M free)
TotalPageFile size 31149M (AvailPageFile size 8M)
current process WorkingSet (physical memory assigned to process): 332M, peak: 336M
current process commit charge ("private bytes"): 376M, peak: 380M

vm_info: OpenJDK 64-Bit Server VM (17.0.7+0-b2043.56-10550314) for windows-amd64 JRE (17.0.7+0-b2043.56-10550314), built on Jul 24 2023 18:27:45 by "androidbuild" with MS VC++ 16.10 / 16.11 (VS2019)

END.
