#
# There is insufficient memory for the Java Runtime Environment to continue.
# Native memory allocation (malloc) failed to allocate 1814576 bytes for Chunk::new
# Possible reasons:
#   The system is out of physical RAM or swap space
#   The process is running with CompressedOops enabled, and the Java Heap may be blocking the growth of the native heap
# Possible solutions:
#   Reduce memory load on the system
#   Increase physical memory or swap space
#   Check if swap backing store is full
#   Decrease Java heap size (-Xmx/-Xms)
#   Decrease number of Java threads
#   Decrease Java thread stack sizes (-Xss)
#   Set larger code cache with -XX:ReservedCodeCacheSize=
#   JVM is running with Unscaled Compressed Oops mode in which the Java heap is
#     placed in the first 4GB address space. The Java Heap base address is the
#     maximum limit for the native heap growth. Please use -XX:HeapBaseMinAddress
#     to set the Java Heap base and to place the Java Heap above 4GB virtual address.
# This output file may be truncated or incomplete.
#
#  Out of Memory Error (arena.cpp:189), pid=3212, tid=22092
#
# JRE version: OpenJDK Runtime Environment (17.0.7) (build 17.0.7+0-b2043.56-10550314)
# Java VM: OpenJDK 64-Bit Server VM (17.0.7+0-b2043.56-10550314, mixed mode, tiered, compressed oops, compressed class ptrs, g1 gc, windows-amd64)
# No core dump will be written. Minidumps are not enabled by default on client versions of Windows
#

---------------  S U M M A R Y ------------

Command Line: --add-opens=java.base/java.util=ALL-UNNAMED --add-opens=java.base/java.lang=ALL-UNNAMED --add-opens=java.base/java.lang.invoke=ALL-UNNAMED --add-opens=java.prefs/java.util.prefs=ALL-UNNAMED --add-opens=java.base/java.nio.charset=ALL-UNNAMED --add-opens=java.base/java.net=ALL-UNNAMED --add-opens=java.base/java.util.concurrent.atomic=ALL-UNNAMED -Xmx2048m -Dfile.encoding=UTF-8 -Duser.country=EC -Duser.language=es -Duser.variant -javaagent:C:\Users\A S U S\.gradle\wrapper\dists\gradle-8.2-bin\bbg7u40eoinfdyxsxr3z4i7ta\gradle-8.2\lib\agents\gradle-instrumentation-agent-8.2.jar org.gradle.launcher.daemon.bootstrap.GradleDaemon 8.2

Host: AMD Ryzen 5 4600H with Radeon Graphics         , 12 cores, 7G,  Windows 11 , 64 bit Build 22621 (10.0.22621.3085)
Time: Mon Feb 26 10:31:13 2024 Hora est. Pacífico, Sudamérica elapsed time: 7.359494 seconds (0d 0h 0m 7s)

---------------  T H R E A D  ---------------

Current thread (0x0000024d1f9d2040):  JavaThread "C2 CompilerThread1" daemon [_thread_in_native, id=22092, stack(0x000000d626e00000,0x000000d626f00000)]


Current CompileTask:
C2:   7359 4636       4       java.net.URLClassLoader$1::run (5 bytes)

Stack: [0x000000d626e00000,0x000000d626f00000]
Native frames: (J=compiled Java code, j=interpreted, Vv=VM code, C=native code)
V  [jvm.dll+0x683bfa]
V  [jvm.dll+0x8430a4]
V  [jvm.dll+0x8449be]
V  [jvm.dll+0x845023]
V  [jvm.dll+0x24ad2f]
V  [jvm.dll+0xac25c]
V  [jvm.dll+0xac82c]
V  [jvm.dll+0x36a132]
V  [jvm.dll+0x334821]
V  [jvm.dll+0x333cca]
V  [jvm.dll+0x21d251]
V  [jvm.dll+0x21c671]
V  [jvm.dll+0x1a605d]
V  [jvm.dll+0x22c148]
V  [jvm.dll+0x22a209]
V  [jvm.dll+0x7f858c]
V  [jvm.dll+0x7f2aea]
V  [jvm.dll+0x682a35]
C  [ucrtbase.dll+0x29363]
C  [KERNEL32.DLL+0x1257d]
C  [ntdll.dll+0x5aa58]


---------------  P R O C E S S  ---------------

Threads class SMR info:
_java_thread_list=0x0000024d22a2d480, length=47, elements={
0x0000024d7d80d000, 0x0000024d19c823f0, 0x0000024d19c83780, 0x0000024d1e0412b0,
0x0000024d1e041c70, 0x0000024d1e044640, 0x0000024d1e044f00, 0x0000024d1e045ba0,
0x0000024d1e049a50, 0x0000024d1e04c360, 0x0000024d1e144690, 0x0000024d1e2e79f0,
0x0000024d1e569560, 0x0000024d1e2ee860, 0x0000024d20dc4200, 0x0000024d1f9d2040,
0x0000024d1f72daa0, 0x0000024d2020d1d0, 0x0000024d201803b0, 0x0000024d2017fa10,
0x0000024d2017fee0, 0x0000024d20180880, 0x0000024d2017f070, 0x0000024d2017f540,
0x0000024d20db1560, 0x0000024d20db1a30, 0x0000024d20dafd50, 0x0000024d20daea10,
0x0000024d20dae070, 0x0000024d20daeee0, 0x0000024d20db06f0, 0x0000024d20dae540,
0x0000024d20daf3b0, 0x0000024d20db0bc0, 0x0000024d20db0220, 0x0000024d20daf880,
0x0000024d20db1090, 0x0000024d219bde40, 0x0000024d219bd970, 0x0000024d219bcfd0,
0x0000024d219c0990, 0x0000024d219bc160, 0x0000024d219bf650, 0x0000024d219bb2f0,
0x0000024d219c04c0, 0x0000024d219bd4a0, 0x0000024d219bc630
}

Java Threads: ( => current thread )
  0x0000024d7d80d000 JavaThread "main" [_thread_blocked, id=24332, stack(0x000000d625400000,0x000000d625500000)]
  0x0000024d19c823f0 JavaThread "Reference Handler" daemon [_thread_blocked, id=6656, stack(0x000000d625b00000,0x000000d625c00000)]
  0x0000024d19c83780 JavaThread "Finalizer" daemon [_thread_blocked, id=18536, stack(0x000000d625c00000,0x000000d625d00000)]
  0x0000024d1e0412b0 JavaThread "Signal Dispatcher" daemon [_thread_blocked, id=23004, stack(0x000000d625d00000,0x000000d625e00000)]
  0x0000024d1e041c70 JavaThread "Attach Listener" daemon [_thread_blocked, id=21360, stack(0x000000d625e00000,0x000000d625f00000)]
  0x0000024d1e044640 JavaThread "Service Thread" daemon [_thread_blocked, id=19744, stack(0x000000d625f00000,0x000000d626000000)]
  0x0000024d1e044f00 JavaThread "Monitor Deflation Thread" daemon [_thread_blocked, id=23668, stack(0x000000d626000000,0x000000d626100000)]
  0x0000024d1e045ba0 JavaThread "C2 CompilerThread0" daemon [_thread_in_native, id=4432, stack(0x000000d626100000,0x000000d626200000)]
  0x0000024d1e049a50 JavaThread "C1 CompilerThread0" daemon [_thread_blocked, id=24356, stack(0x000000d626200000,0x000000d626300000)]
  0x0000024d1e04c360 JavaThread "Sweeper thread" daemon [_thread_blocked, id=18864, stack(0x000000d626300000,0x000000d626400000)]
  0x0000024d1e144690 JavaThread "Common-Cleaner" daemon [_thread_blocked, id=2812, stack(0x000000d626400000,0x000000d626500000)]
  0x0000024d1e2e79f0 JavaThread "Notification Thread" daemon [_thread_blocked, id=17940, stack(0x000000d626500000,0x000000d626600000)]
  0x0000024d1e569560 JavaThread "Daemon health stats" [_thread_blocked, id=23736, stack(0x000000d626c00000,0x000000d626d00000)]
  0x0000024d1e2ee860 JavaThread "Incoming local TCP Connector on port 51134" [_thread_in_native, id=20652, stack(0x000000d626700000,0x000000d626800000)]
  0x0000024d20dc4200 JavaThread "Daemon periodic checks" [_thread_blocked, id=3884, stack(0x000000d626d00000,0x000000d626e00000)]
=>0x0000024d1f9d2040 JavaThread "C2 CompilerThread1" daemon [_thread_in_native, id=22092, stack(0x000000d626e00000,0x000000d626f00000)]
  0x0000024d1f72daa0 JavaThread "Daemon" [_thread_blocked, id=22652, stack(0x000000d626f00000,0x000000d627000000)]
  0x0000024d2020d1d0 JavaThread "Handler for socket connection from /127.0.0.1:51134 to /127.0.0.1:51135" [_thread_in_native, id=18292, stack(0x000000d627000000,0x000000d627100000)]
  0x0000024d201803b0 JavaThread "Cancel handler" [_thread_blocked, id=15884, stack(0x000000d627100000,0x000000d627200000)]
  0x0000024d2017fa10 JavaThread "Daemon worker" [_thread_in_Java, id=4072, stack(0x000000d627200000,0x000000d627300000)]
  0x0000024d2017fee0 JavaThread "Asynchronous log dispatcher for DefaultDaemonConnection: socket connection from /127.0.0.1:51134 to /127.0.0.1:51135" [_thread_blocked, id=10620, stack(0x000000d627300000,0x000000d627400000)]
  0x0000024d20180880 JavaThread "Stdin handler" [_thread_blocked, id=4276, stack(0x000000d627400000,0x000000d627500000)]
  0x0000024d2017f070 JavaThread "Daemon client event forwarder" [_thread_blocked, id=8232, stack(0x000000d627500000,0x000000d627600000)]
  0x0000024d2017f540 JavaThread "Cache worker for journal cache (C:\Users\A S U S\.gradle\caches\journal-1)" [_thread_blocked, id=5944, stack(0x000000d627d00000,0x000000d627e00000)]
  0x0000024d20db1560 JavaThread "File lock request listener" [_thread_in_native, id=23728, stack(0x000000d627e00000,0x000000d627f00000)]
  0x0000024d20db1a30 JavaThread "Cache worker for file hash cache (C:\Users\A S U S\.gradle\caches\8.2\fileHashes)" [_thread_blocked, id=14956, stack(0x000000d627f00000,0x000000d628000000)]
  0x0000024d20dafd50 JavaThread "File watcher server" daemon [_thread_in_native, id=17956, stack(0x000000d628000000,0x000000d628100000)]
  0x0000024d20daea10 JavaThread "File watcher consumer" daemon [_thread_blocked, id=3064, stack(0x000000d628100000,0x000000d628200000)]
  0x0000024d20dae070 JavaThread "jar transforms" [_thread_blocked, id=13544, stack(0x000000d628200000,0x000000d628300000)]
  0x0000024d20daeee0 JavaThread "jar transforms Thread 2" [_thread_blocked, id=22852, stack(0x000000d628300000,0x000000d628400000)]
  0x0000024d20db06f0 JavaThread "jar transforms Thread 3" [_thread_blocked, id=15900, stack(0x000000d628400000,0x000000d628500000)]
  0x0000024d20dae540 JavaThread "jar transforms Thread 4" [_thread_blocked, id=12776, stack(0x000000d628500000,0x000000d628600000)]
  0x0000024d20daf3b0 JavaThread "jar transforms Thread 5" [_thread_blocked, id=2768, stack(0x000000d628600000,0x000000d628700000)]
  0x0000024d20db0bc0 JavaThread "jar transforms Thread 6" [_thread_blocked, id=21476, stack(0x000000d628700000,0x000000d628800000)]
  0x0000024d20db0220 JavaThread "jar transforms Thread 7" [_thread_blocked, id=6496, stack(0x000000d628800000,0x000000d628900000)]
  0x0000024d20daf880 JavaThread "jar transforms Thread 8" [_thread_blocked, id=3624, stack(0x000000d628900000,0x000000d628a00000)]
  0x0000024d20db1090 JavaThread "jar transforms Thread 9" [_thread_blocked, id=22844, stack(0x000000d628a00000,0x000000d628b00000)]
  0x0000024d219bde40 JavaThread "jar transforms Thread 10" [_thread_blocked, id=20300, stack(0x000000d628b00000,0x000000d628c00000)]
  0x0000024d219bd970 JavaThread "jar transforms Thread 11" [_thread_blocked, id=20820, stack(0x000000d628c00000,0x000000d628d00000)]
  0x0000024d219bcfd0 JavaThread "jar transforms Thread 12" [_thread_blocked, id=22380, stack(0x000000d628d00000,0x000000d628e00000)]
  0x0000024d219c0990 JavaThread "Cache worker for checksums cache (C:\Users\A S U S\Desktop\Frans\Tesis\Tesis_App\.gradle\8.2\checksums)" [_thread_blocked, id=10024, stack(0x000000d628e00000,0x000000d628f00000)]
  0x0000024d219bc160 JavaThread "Cache worker for cache directory md-rule (C:\Users\A S U S\.gradle\caches\8.2\md-rule)" [_thread_blocked, id=6056, stack(0x000000d628f00000,0x000000d629000000)]
  0x0000024d219bf650 JavaThread "Cache worker for file content cache (C:\Users\A S U S\.gradle\caches\8.2\fileContent)" [_thread_blocked, id=2876, stack(0x000000d629000000,0x000000d629100000)]
  0x0000024d219bb2f0 JavaThread "Cache worker for file hash cache (C:\Users\A S U S\Desktop\Frans\Tesis\Tesis_App\.gradle\8.2\fileHashes)" [_thread_blocked, id=22888, stack(0x000000d629100000,0x000000d629200000)]
  0x0000024d219c04c0 JavaThread "Cache worker for cache directory md-supplier (C:\Users\A S U S\.gradle\caches\8.2\md-supplier)" [_thread_blocked, id=19192, stack(0x000000d629200000,0x000000d629300000)]
  0x0000024d219bd4a0 JavaThread "Cache worker for execution history cache (C:\Users\A S U S\.gradle\caches\8.2\executionHistory)" [_thread_blocked, id=9680, stack(0x000000d629300000,0x000000d629400000)]
  0x0000024d219bc630 JavaThread "Cache worker for kotlin-dsl (C:\Users\A S U S\.gradle\caches\8.2\kotlin-dsl)" [_thread_blocked, id=11532, stack(0x000000d629400000,0x000000d629500000)]

Other Threads:
  0x0000024d19c7bea0 VMThread "VM Thread" [stack: 0x000000d625a00000,0x000000d625b00000] [id=10712]
  0x0000024d7f9b6ec0 WatcherThread [stack: 0x000000d626600000,0x000000d626700000] [id=10880]
  0x0000024d7fa12710 GCTaskThread "GC Thread#0" [stack: 0x000000d625500000,0x000000d625600000] [id=1780]
  0x0000024d1f1c0cc0 GCTaskThread "GC Thread#1" [stack: 0x000000d626800000,0x000000d626900000] [id=15484]
  0x0000024d1e6d5b30 GCTaskThread "GC Thread#2" [stack: 0x000000d626900000,0x000000d626a00000] [id=13944]
  0x0000024d1efc61f0 GCTaskThread "GC Thread#3" [stack: 0x000000d626a00000,0x000000d626b00000] [id=22504]
  0x0000024d1f0f6c40 GCTaskThread "GC Thread#4" [stack: 0x000000d626b00000,0x000000d626c00000] [id=5396]
  0x0000024d1ffcf030 GCTaskThread "GC Thread#5" [stack: 0x000000d627600000,0x000000d627700000] [id=14036]
  0x0000024d2006d8e0 GCTaskThread "GC Thread#6" [stack: 0x000000d627700000,0x000000d627800000] [id=23060]
  0x0000024d1e569a30 GCTaskThread "GC Thread#7" [stack: 0x000000d627800000,0x000000d627900000] [id=10784]
  0x0000024d1ff03040 GCTaskThread "GC Thread#8" [stack: 0x000000d627900000,0x000000d627a00000] [id=19484]
  0x0000024d2035da00 GCTaskThread "GC Thread#9" [stack: 0x000000d627a00000,0x000000d627b00000] [id=11076]
  0x0000024d7fa23560 ConcurrentGCThread "G1 Main Marker" [stack: 0x000000d625600000,0x000000d625700000] [id=18648]
  0x0000024d7fa23e80 ConcurrentGCThread "G1 Conc#0" [stack: 0x000000d625700000,0x000000d625800000] [id=11472]
  0x0000024d20183ae0 ConcurrentGCThread "G1 Conc#1" [stack: 0x000000d627b00000,0x000000d627c00000] [id=8012]
  0x0000024d2041be20 ConcurrentGCThread "G1 Conc#2" [stack: 0x000000d627c00000,0x000000d627d00000] [id=13180]
  0x0000024d7fa6ebe0 ConcurrentGCThread "G1 Refine#0" [stack: 0x000000d625800000,0x000000d625900000] [id=19160]
  0x0000024d19ae8640 ConcurrentGCThread "G1 Service" [stack: 0x000000d625900000,0x000000d625a00000] [id=5104]

Threads with active compile tasks:
C2 CompilerThread0     7396 4731       4       jdk.internal.loader.URLClassPath$JarLoader$2::getBytes (48 bytes)
C2 CompilerThread1     7396 4636       4       java.net.URLClassLoader$1::run (5 bytes)

VM state: not at safepoint (normal execution)

VM Mutex/Monitor currently owned by a thread: None

Heap address: 0x0000000080000000, size: 2048 MB, Compressed Oops mode: 32-bit

CDS archive(s) not mapped
Compressed class space mapped at: 0x0000000100000000-0x0000000140000000, reserved size: 1073741824
Narrow klass base: 0x0000000000000000, Narrow klass shift: 3, Narrow klass range: 0x140000000

GC Precious Log:
 CPUs: 12 total, 12 available
 Memory: 7597M
 Large Page Support: Disabled
 NUMA Support: Disabled
 Compressed Oops: Enabled (32-bit)
 Heap Region Size: 1M
 Heap Min Capacity: 8M
 Heap Initial Capacity: 120M
 Heap Max Capacity: 2G
 Pre-touch: Disabled
 Parallel Workers: 10
 Concurrent Workers: 3
 Concurrent Refinement Workers: 10
 Periodic GC: Disabled

Heap:
 garbage-first heap   total 140288K, used 89341K [0x0000000080000000, 0x0000000100000000)
  region size 1024K, 27 young (27648K), 3 survivors (3072K)
 Metaspace       used 51613K, committed 52096K, reserved 1114112K
  class space    used 6892K, committed 7104K, reserved 1048576K

Heap Regions: E=young(eden), S=young(survivor), O=old, HS=humongous(starts), HC=humongous(continues), CS=collection set, F=free, OA=open archive, CA=closed archive, TAMS=top-at-mark-start (previous, next)
|   0|0x0000000080000000, 0x0000000080100000, 0x0000000080100000|100%|HS|  |TAMS 0x0000000080100000, 0x0000000080000000| Complete 
|   1|0x0000000080100000, 0x0000000080200000, 0x0000000080200000|100%|HC|  |TAMS 0x0000000080200000, 0x0000000080100000| Complete 
|   2|0x0000000080200000, 0x0000000080300000, 0x0000000080300000|100%|HC|  |TAMS 0x0000000080300000, 0x0000000080200000| Complete 
|   3|0x0000000080300000, 0x0000000080400000, 0x0000000080400000|100%|HC|  |TAMS 0x0000000080400000, 0x0000000080300000| Complete 
|   4|0x0000000080400000, 0x0000000080500000, 0x0000000080500000|100%| O|  |TAMS 0x0000000080500000, 0x0000000080400000| Untracked 
|   5|0x0000000080500000, 0x0000000080600000, 0x0000000080600000|100%| O|  |TAMS 0x0000000080600000, 0x0000000080500000| Untracked 
|   6|0x0000000080600000, 0x0000000080700000, 0x0000000080700000|100%| O|  |TAMS 0x0000000080700000, 0x0000000080600000| Untracked 
|   7|0x0000000080700000, 0x0000000080800000, 0x0000000080800000|100%| O|  |TAMS 0x0000000080800000, 0x0000000080700000| Untracked 
|   8|0x0000000080800000, 0x0000000080900000, 0x0000000080900000|100%| O|  |TAMS 0x0000000080900000, 0x0000000080800000| Untracked 
|   9|0x0000000080900000, 0x0000000080a00000, 0x0000000080a00000|100%| O|  |TAMS 0x0000000080a00000, 0x0000000080900000| Untracked 
|  10|0x0000000080a00000, 0x0000000080ac3400, 0x0000000080b00000| 76%| O|  |TAMS 0x0000000080ac3400, 0x0000000080a00000| Untracked 
|  11|0x0000000080b00000, 0x0000000080c00000, 0x0000000080c00000|100%| O|  |TAMS 0x0000000080c00000, 0x0000000080b00000| Untracked 
|  12|0x0000000080c00000, 0x0000000080d00000, 0x0000000080d00000|100%| O|  |TAMS 0x0000000080d00000, 0x0000000080c00000| Untracked 
|  13|0x0000000080d00000, 0x0000000080e00000, 0x0000000080e00000|100%| O|  |TAMS 0x0000000080e00000, 0x0000000080d00000| Untracked 
|  14|0x0000000080e00000, 0x0000000080f00000, 0x0000000080f00000|100%| O|  |TAMS 0x0000000080f00000, 0x0000000080e00000| Untracked 
|  15|0x0000000080f00000, 0x0000000081000000, 0x0000000081000000|100%| O|  |TAMS 0x0000000081000000, 0x0000000080f00000| Untracked 
|  16|0x0000000081000000, 0x0000000081100000, 0x0000000081100000|100%| O|  |TAMS 0x0000000081100000, 0x0000000081000000| Untracked 
|  17|0x0000000081100000, 0x0000000081200000, 0x0000000081200000|100%| O|  |TAMS 0x0000000081200000, 0x0000000081100000| Untracked 
|  18|0x0000000081200000, 0x0000000081300000, 0x0000000081300000|100%| O|  |TAMS 0x0000000081300000, 0x0000000081200000| Untracked 
|  19|0x0000000081300000, 0x0000000081400000, 0x0000000081400000|100%|HS|  |TAMS 0x0000000081400000, 0x0000000081300000| Complete 
|  20|0x0000000081400000, 0x0000000081500000, 0x0000000081500000|100%|HC|  |TAMS 0x0000000081500000, 0x0000000081400000| Complete 
|  21|0x0000000081500000, 0x0000000081600000, 0x0000000081600000|100%|HS|  |TAMS 0x0000000081600000, 0x0000000081500000| Complete 
|  22|0x0000000081600000, 0x0000000081700000, 0x0000000081700000|100%|HC|  |TAMS 0x0000000081700000, 0x0000000081600000| Complete 
|  23|0x0000000081700000, 0x0000000081800000, 0x0000000081800000|100%|HC|  |TAMS 0x0000000081800000, 0x0000000081700000| Complete 
|  24|0x0000000081800000, 0x0000000081900000, 0x0000000081900000|100%|HS|  |TAMS 0x0000000081900000, 0x0000000081800000| Complete 
|  25|0x0000000081900000, 0x0000000081a00000, 0x0000000081a00000|100%|HC|  |TAMS 0x0000000081a00000, 0x0000000081900000| Complete 
|  26|0x0000000081a00000, 0x0000000081b00000, 0x0000000081b00000|100%| O|  |TAMS 0x0000000081b00000, 0x0000000081a00000| Untracked 
|  27|0x0000000081b00000, 0x0000000081c00000, 0x0000000081c00000|100%| O|  |TAMS 0x0000000081c00000, 0x0000000081b00000| Untracked 
|  28|0x0000000081c00000, 0x0000000081d00000, 0x0000000081d00000|100%|HS|  |TAMS 0x0000000081d00000, 0x0000000081c00000| Complete 
|  29|0x0000000081d00000, 0x0000000081e00000, 0x0000000081e00000|100%|HC|  |TAMS 0x0000000081e00000, 0x0000000081d00000| Complete 
|  30|0x0000000081e00000, 0x0000000081f00000, 0x0000000081f00000|100%|HC|  |TAMS 0x0000000081f00000, 0x0000000081e00000| Complete 
|  31|0x0000000081f00000, 0x0000000082000000, 0x0000000082000000|100%|HC|  |TAMS 0x0000000082000000, 0x0000000081f00000| Complete 
|  32|0x0000000082000000, 0x0000000082100000, 0x0000000082100000|100%|HC|  |TAMS 0x0000000082100000, 0x0000000082000000| Complete 
|  33|0x0000000082100000, 0x0000000082200000, 0x0000000082200000|100%|HC|  |TAMS 0x0000000082200000, 0x0000000082100000| Complete 
|  34|0x0000000082200000, 0x0000000082300000, 0x0000000082300000|100%|HC|  |TAMS 0x0000000082300000, 0x0000000082200000| Complete 
|  35|0x0000000082300000, 0x0000000082400000, 0x0000000082400000|100%|HC|  |TAMS 0x0000000082400000, 0x0000000082300000| Complete 
|  36|0x0000000082400000, 0x0000000082500000, 0x0000000082500000|100%|HC|  |TAMS 0x0000000082500000, 0x0000000082400000| Complete 
|  37|0x0000000082500000, 0x0000000082600000, 0x0000000082600000|100%|HC|  |TAMS 0x0000000082600000, 0x0000000082500000| Complete 
|  38|0x0000000082600000, 0x0000000082700000, 0x0000000082700000|100%|HC|  |TAMS 0x0000000082700000, 0x0000000082600000| Complete 
|  39|0x0000000082700000, 0x0000000082800000, 0x0000000082800000|100%|HC|  |TAMS 0x0000000082800000, 0x0000000082700000| Complete 
|  40|0x0000000082800000, 0x0000000082900000, 0x0000000082900000|100%| O|  |TAMS 0x0000000082900000, 0x0000000082800000| Untracked 
|  41|0x0000000082900000, 0x0000000082a00000, 0x0000000082a00000|100%| O|  |TAMS 0x0000000082a00000, 0x0000000082900000| Untracked 
|  42|0x0000000082a00000, 0x0000000082b00000, 0x0000000082b00000|100%|HS|  |TAMS 0x0000000082b00000, 0x0000000082a00000| Complete 
|  43|0x0000000082b00000, 0x0000000082c00000, 0x0000000082c00000|100%|HC|  |TAMS 0x0000000082c00000, 0x0000000082b00000| Complete 
|  44|0x0000000082c00000, 0x0000000082d00000, 0x0000000082d00000|100%| O|  |TAMS 0x0000000082d00000, 0x0000000082c00000| Untracked 
|  45|0x0000000082d00000, 0x0000000082e00000, 0x0000000082e00000|100%| O|  |TAMS 0x0000000082e00000, 0x0000000082d00000| Untracked 
|  46|0x0000000082e00000, 0x0000000082f00000, 0x0000000082f00000|100%| O|  |TAMS 0x0000000082f00000, 0x0000000082e00000| Untracked 
|  47|0x0000000082f00000, 0x0000000083000000, 0x0000000083000000|100%| O|  |TAMS 0x0000000083000000, 0x0000000082f00000| Untracked 
|  48|0x0000000083000000, 0x0000000083100000, 0x0000000083100000|100%| O|  |TAMS 0x0000000083100000, 0x0000000083000000| Untracked 
|  49|0x0000000083100000, 0x0000000083200000, 0x0000000083200000|100%| O|  |TAMS 0x0000000083200000, 0x0000000083100000| Untracked 
|  50|0x0000000083200000, 0x0000000083300000, 0x0000000083300000|100%| O|  |TAMS 0x0000000083300000, 0x0000000083200000| Untracked 
|  51|0x0000000083300000, 0x0000000083400000, 0x0000000083400000|100%| O|  |TAMS 0x0000000083400000, 0x0000000083300000| Untracked 
|  52|0x0000000083400000, 0x0000000083500000, 0x0000000083500000|100%| O|  |TAMS 0x0000000083500000, 0x0000000083400000| Untracked 
|  53|0x0000000083500000, 0x0000000083600000, 0x0000000083600000|100%|HS|  |TAMS 0x0000000083600000, 0x0000000083500000| Complete 
|  54|0x0000000083600000, 0x0000000083700000, 0x0000000083700000|100%|HC|  |TAMS 0x0000000083700000, 0x0000000083600000| Complete 
|  55|0x0000000083700000, 0x0000000083800000, 0x0000000083800000|100%|HC|  |TAMS 0x0000000083800000, 0x0000000083700000| Complete 
|  56|0x0000000083800000, 0x0000000083900000, 0x0000000083900000|100%| O|  |TAMS 0x0000000083800000, 0x0000000083800000| Untracked 
|  57|0x0000000083900000, 0x0000000083a00000, 0x0000000083a00000|100%| O|  |TAMS 0x0000000083900000, 0x0000000083900000| Untracked 
|  58|0x0000000083a00000, 0x0000000083b00000, 0x0000000083b00000|100%| O|  |TAMS 0x0000000083b00000, 0x0000000083a00000| Untracked 
|  59|0x0000000083b00000, 0x0000000083c00000, 0x0000000083c00000|100%| O|  |TAMS 0x0000000083c00000, 0x0000000083b00000| Untracked 
|  60|0x0000000083c00000, 0x0000000083d00000, 0x0000000083d00000|100%| O|  |TAMS 0x0000000083c6c800, 0x0000000083c00000| Untracked 
|  61|0x0000000083d00000, 0x0000000083e00000, 0x0000000083e00000|100%| O|  |TAMS 0x0000000083d00000, 0x0000000083d00000| Untracked 
|  62|0x0000000083e00000, 0x0000000083e1f800, 0x0000000083f00000| 12%| O|  |TAMS 0x0000000083e00000, 0x0000000083e00000| Untracked 
|  63|0x0000000083f00000, 0x0000000083f00000, 0x0000000084000000|  0%| F|  |TAMS 0x0000000083f00000, 0x0000000083f00000| Untracked 
|  64|0x0000000084000000, 0x0000000084000000, 0x0000000084100000|  0%| F|  |TAMS 0x0000000084000000, 0x0000000084000000| Untracked 
|  65|0x0000000084100000, 0x0000000084100000, 0x0000000084200000|  0%| F|  |TAMS 0x0000000084100000, 0x0000000084100000| Untracked 
|  66|0x0000000084200000, 0x0000000084200000, 0x0000000084300000|  0%| F|  |TAMS 0x0000000084200000, 0x0000000084200000| Untracked 
|  67|0x0000000084300000, 0x0000000084300000, 0x0000000084400000|  0%| F|  |TAMS 0x0000000084300000, 0x0000000084300000| Untracked 
|  68|0x0000000084400000, 0x0000000084400000, 0x0000000084500000|  0%| F|  |TAMS 0x0000000084400000, 0x0000000084400000| Untracked 
|  69|0x0000000084500000, 0x0000000084500000, 0x0000000084600000|  0%| F|  |TAMS 0x0000000084500000, 0x0000000084500000| Untracked 
|  70|0x0000000084600000, 0x0000000084600000, 0x0000000084700000|  0%| F|  |TAMS 0x0000000084600000, 0x0000000084600000| Untracked 
|  71|0x0000000084700000, 0x0000000084700000, 0x0000000084800000|  0%| F|  |TAMS 0x0000000084700000, 0x0000000084700000| Untracked 
|  72|0x0000000084800000, 0x0000000084800000, 0x0000000084900000|  0%| F|  |TAMS 0x0000000084800000, 0x0000000084800000| Untracked 
|  73|0x0000000084900000, 0x0000000084900000, 0x0000000084a00000|  0%| F|  |TAMS 0x0000000084900000, 0x0000000084900000| Untracked 
|  74|0x0000000084a00000, 0x0000000084a00000, 0x0000000084b00000|  0%| F|  |TAMS 0x0000000084a00000, 0x0000000084a00000| Untracked 
|  75|0x0000000084b00000, 0x0000000084b00000, 0x0000000084c00000|  0%| F|  |TAMS 0x0000000084b00000, 0x0000000084b00000| Untracked 
|  76|0x0000000084c00000, 0x0000000084c00000, 0x0000000084d00000|  0%| F|  |TAMS 0x0000000084c00000, 0x0000000084c00000| Untracked 
|  77|0x0000000084d00000, 0x0000000084d00000, 0x0000000084e00000|  0%| F|  |TAMS 0x0000000084d00000, 0x0000000084d00000| Untracked 
|  78|0x0000000084e00000, 0x0000000084e00000, 0x0000000084f00000|  0%| F|  |TAMS 0x0000000084e00000, 0x0000000084e00000| Untracked 
|  79|0x0000000084f00000, 0x0000000084f00000, 0x0000000085000000|  0%| F|  |TAMS 0x0000000084f00000, 0x0000000084f00000| Untracked 
|  80|0x0000000085000000, 0x0000000085000000, 0x0000000085100000|  0%| F|  |TAMS 0x0000000085000000, 0x0000000085000000| Untracked 
|  81|0x0000000085100000, 0x0000000085100000, 0x0000000085200000|  0%| F|  |TAMS 0x0000000085100000, 0x0000000085100000| Untracked 
|  82|0x0000000085200000, 0x0000000085200000, 0x0000000085300000|  0%| F|  |TAMS 0x0000000085200000, 0x0000000085200000| Untracked 
|  83|0x0000000085300000, 0x0000000085300000, 0x0000000085400000|  0%| F|  |TAMS 0x0000000085300000, 0x0000000085300000| Untracked 
|  84|0x0000000085400000, 0x0000000085400000, 0x0000000085500000|  0%| F|  |TAMS 0x0000000085400000, 0x0000000085400000| Untracked 
|  85|0x0000000085500000, 0x0000000085500000, 0x0000000085600000|  0%| F|  |TAMS 0x0000000085500000, 0x0000000085500000| Untracked 
|  86|0x0000000085600000, 0x0000000085600000, 0x0000000085700000|  0%| F|  |TAMS 0x0000000085600000, 0x0000000085600000| Untracked 
|  87|0x0000000085700000, 0x0000000085700000, 0x0000000085800000|  0%| F|  |TAMS 0x0000000085700000, 0x0000000085700000| Untracked 
|  88|0x0000000085800000, 0x0000000085800000, 0x0000000085900000|  0%| F|  |TAMS 0x0000000085800000, 0x0000000085800000| Untracked 
|  89|0x0000000085900000, 0x000000008595ca70, 0x0000000085a00000| 36%| S|CS|TAMS 0x0000000085900000, 0x0000000085900000| Complete 
|  90|0x0000000085a00000, 0x0000000085b00000, 0x0000000085b00000|100%| S|CS|TAMS 0x0000000085a00000, 0x0000000085a00000| Complete 
|  91|0x0000000085b00000, 0x0000000085c00000, 0x0000000085c00000|100%| S|CS|TAMS 0x0000000085b00000, 0x0000000085b00000| Complete 
|  92|0x0000000085c00000, 0x0000000085c00000, 0x0000000085d00000|  0%| F|  |TAMS 0x0000000085c00000, 0x0000000085c00000| Untracked 
|  93|0x0000000085d00000, 0x0000000085d00000, 0x0000000085e00000|  0%| F|  |TAMS 0x0000000085d00000, 0x0000000085d00000| Untracked 
|  94|0x0000000085e00000, 0x0000000085e00000, 0x0000000085f00000|  0%| F|  |TAMS 0x0000000085e00000, 0x0000000085e00000| Untracked 
|  95|0x0000000085f00000, 0x0000000085f00000, 0x0000000086000000|  0%| F|  |TAMS 0x0000000085f00000, 0x0000000085f00000| Untracked 
|  96|0x0000000086000000, 0x0000000086000000, 0x0000000086100000|  0%| F|  |TAMS 0x0000000086000000, 0x0000000086000000| Untracked 
|  97|0x0000000086100000, 0x0000000086100000, 0x0000000086200000|  0%| F|  |TAMS 0x0000000086100000, 0x0000000086100000| Untracked 
|  98|0x0000000086200000, 0x0000000086200000, 0x0000000086300000|  0%| F|  |TAMS 0x0000000086200000, 0x0000000086200000| Untracked 
|  99|0x0000000086300000, 0x0000000086300000, 0x0000000086400000|  0%| F|  |TAMS 0x0000000086300000, 0x0000000086300000| Untracked 
| 100|0x0000000086400000, 0x0000000086400000, 0x0000000086500000|  0%| F|  |TAMS 0x0000000086400000, 0x0000000086400000| Untracked 
| 101|0x0000000086500000, 0x0000000086500000, 0x0000000086600000|  0%| F|  |TAMS 0x0000000086500000, 0x0000000086500000| Untracked 
| 102|0x0000000086600000, 0x0000000086600000, 0x0000000086700000|  0%| F|  |TAMS 0x0000000086600000, 0x0000000086600000| Untracked 
| 103|0x0000000086700000, 0x0000000086700000, 0x0000000086800000|  0%| F|  |TAMS 0x0000000086700000, 0x0000000086700000| Untracked 
| 104|0x0000000086800000, 0x0000000086800000, 0x0000000086900000|  0%| F|  |TAMS 0x0000000086800000, 0x0000000086800000| Untracked 
| 105|0x0000000086900000, 0x0000000086900000, 0x0000000086a00000|  0%| F|  |TAMS 0x0000000086900000, 0x0000000086900000| Untracked 
| 106|0x0000000086a00000, 0x0000000086a00000, 0x0000000086b00000|  0%| F|  |TAMS 0x0000000086a00000, 0x0000000086a00000| Untracked 
| 107|0x0000000086b00000, 0x0000000086b00000, 0x0000000086c00000|  0%| F|  |TAMS 0x0000000086b00000, 0x0000000086b00000| Untracked 
| 108|0x0000000086c00000, 0x0000000086c00000, 0x0000000086d00000|  0%| F|  |TAMS 0x0000000086c00000, 0x0000000086c00000| Untracked 
| 109|0x0000000086d00000, 0x0000000086d00000, 0x0000000086e00000|  0%| F|  |TAMS 0x0000000086d00000, 0x0000000086d00000| Untracked 
| 110|0x0000000086e00000, 0x0000000086e00000, 0x0000000086f00000|  0%| F|  |TAMS 0x0000000086e00000, 0x0000000086e00000| Untracked 
| 111|0x0000000086f00000, 0x0000000086f00000, 0x0000000087000000|  0%| F|  |TAMS 0x0000000086f00000, 0x0000000086f00000| Untracked 
| 112|0x0000000087000000, 0x0000000087000000, 0x0000000087100000|  0%| F|  |TAMS 0x0000000087000000, 0x0000000087000000| Untracked 
| 113|0x0000000087100000, 0x000000008714cd70, 0x0000000087200000| 30%| E|  |TAMS 0x0000000087100000, 0x0000000087100000| Complete 
| 114|0x0000000087200000, 0x0000000087300000, 0x0000000087300000|100%| E|CS|TAMS 0x0000000087200000, 0x0000000087200000| Complete 
| 115|0x0000000087300000, 0x0000000087400000, 0x0000000087400000|100%| E|CS|TAMS 0x0000000087300000, 0x0000000087300000| Complete 
| 116|0x0000000087400000, 0x0000000087500000, 0x0000000087500000|100%| E|CS|TAMS 0x0000000087400000, 0x0000000087400000| Complete 
| 117|0x0000000087500000, 0x0000000087600000, 0x0000000087600000|100%| E|CS|TAMS 0x0000000087500000, 0x0000000087500000| Complete 
| 118|0x0000000087600000, 0x0000000087700000, 0x0000000087700000|100%| E|CS|TAMS 0x0000000087600000, 0x0000000087600000| Complete 
| 119|0x0000000087700000, 0x0000000087800000, 0x0000000087800000|100%| E|CS|TAMS 0x0000000087700000, 0x0000000087700000| Complete 
| 120|0x0000000087800000, 0x0000000087900000, 0x0000000087900000|100%| E|CS|TAMS 0x0000000087800000, 0x0000000087800000| Complete 
| 121|0x0000000087900000, 0x0000000087a00000, 0x0000000087a00000|100%| E|CS|TAMS 0x0000000087900000, 0x0000000087900000| Complete 
| 122|0x0000000087a00000, 0x0000000087b00000, 0x0000000087b00000|100%| E|CS|TAMS 0x0000000087a00000, 0x0000000087a00000| Complete 
| 123|0x0000000087b00000, 0x0000000087c00000, 0x0000000087c00000|100%| E|CS|TAMS 0x0000000087b00000, 0x0000000087b00000| Complete 
| 124|0x0000000087c00000, 0x0000000087d00000, 0x0000000087d00000|100%| E|CS|TAMS 0x0000000087c00000, 0x0000000087c00000| Complete 
| 125|0x0000000087d00000, 0x0000000087e00000, 0x0000000087e00000|100%| E|CS|TAMS 0x0000000087d00000, 0x0000000087d00000| Complete 
| 126|0x0000000087e00000, 0x0000000087f00000, 0x0000000087f00000|100%| E|CS|TAMS 0x0000000087e00000, 0x0000000087e00000| Complete 
| 127|0x0000000087f00000, 0x0000000088000000, 0x0000000088000000|100%| E|CS|TAMS 0x0000000087f00000, 0x0000000087f00000| Complete 
| 128|0x0000000088000000, 0x0000000088100000, 0x0000000088100000|100%| E|CS|TAMS 0x0000000088000000, 0x0000000088000000| Complete 
| 129|0x0000000088100000, 0x0000000088200000, 0x0000000088200000|100%| E|CS|TAMS 0x0000000088100000, 0x0000000088100000| Complete 
| 130|0x0000000088200000, 0x0000000088300000, 0x0000000088300000|100%| E|CS|TAMS 0x0000000088200000, 0x0000000088200000| Complete 
| 131|0x0000000088300000, 0x0000000088400000, 0x0000000088400000|100%| E|CS|TAMS 0x0000000088300000, 0x0000000088300000| Complete 
| 132|0x0000000088400000, 0x0000000088500000, 0x0000000088500000|100%| E|CS|TAMS 0x0000000088400000, 0x0000000088400000| Complete 
| 133|0x0000000088500000, 0x0000000088600000, 0x0000000088600000|100%| E|CS|TAMS 0x0000000088500000, 0x0000000088500000| Complete 
| 134|0x0000000088600000, 0x0000000088700000, 0x0000000088700000|100%| E|CS|TAMS 0x0000000088600000, 0x0000000088600000| Complete 
| 135|0x0000000088700000, 0x0000000088800000, 0x0000000088800000|100%| E|CS|TAMS 0x0000000088700000, 0x0000000088700000| Complete 
| 136|0x0000000088800000, 0x0000000088900000, 0x0000000088900000|100%| E|CS|TAMS 0x0000000088800000, 0x0000000088800000| Complete 

Card table byte_map: [0x0000024d12810000,0x0000024d12c10000] _byte_map_base: 0x0000024d12410000

Marking Bits (Prev, Next): (CMBitMap*) 0x0000024d7fa12c70, (CMBitMap*) 0x0000024d7fa12c30
 Prev Bits: [0x0000024d15010000, 0x0000024d17010000)
 Next Bits: [0x0000024d13010000, 0x0000024d15010000)

Polling page: 0x0000024d7d920000

Metaspace:

Usage:
  Non-class:     43.68 MB used.
      Class:      6.73 MB used.
       Both:     50.41 MB used.

Virtual space:
  Non-class space:       64.00 MB reserved,      44.00 MB ( 69%) committed,  1 nodes.
      Class space:        1.00 GB reserved,       7.00 MB ( <1%) committed,  1 nodes.
             Both:        1.06 GB reserved,      51.00 MB (  5%) committed. 

Chunk freelists:
   Non-Class:  3.49 MB
       Class:  8.94 MB
        Both:  12.43 MB

MaxMetaspaceSize: unlimited
CompressedClassSpaceSize: 1.00 GB
Initial GC threshold: 21.00 MB
Current GC threshold: 79.62 MB
CDS: off
MetaspaceReclaimPolicy: balanced
 - commit_granule_bytes: 65536.
 - commit_granule_words: 8192.
 - virtual_space_node_default_size: 8388608.
 - enlarge_chunks_in_place: 1.
 - new_chunks_are_fully_committed: 0.
 - uncommit_free_chunks: 1.
 - use_allocation_guard: 0.
 - handle_deallocations: 1.


Internal statistics:

num_allocs_failed_limit: 3.
num_arena_births: 624.
num_arena_deaths: 0.
num_vsnodes_births: 2.
num_vsnodes_deaths: 0.
num_space_committed: 816.
num_space_uncommitted: 0.
num_chunks_returned_to_freelist: 3.
num_chunks_taken_from_freelist: 2307.
num_chunk_merges: 3.
num_chunk_splits: 1498.
num_chunks_enlarged: 1003.
num_inconsistent_stats: 0.

CodeHeap 'non-profiled nmethods': size=120000Kb used=2865Kb max_used=2865Kb free=117135Kb
 bounds [0x0000024d0aee0000, 0x0000024d0b1b0000, 0x0000024d12410000]
CodeHeap 'profiled nmethods': size=120000Kb used=9964Kb max_used=9964Kb free=110035Kb
 bounds [0x0000024d03410000, 0x0000024d03dd0000, 0x0000024d0a940000]
CodeHeap 'non-nmethods': size=5760Kb used=2336Kb max_used=2352Kb free=3423Kb
 bounds [0x0000024d0a940000, 0x0000024d0abb0000, 0x0000024d0aee0000]
 total_blobs=5568 nmethods=4749 adapters=729
 compilation: enabled
              stopped_count=0, restarted_count=0
 full_count=0

Compilation events (20 events):
Event: 7.250 Thread 0x0000024d1e045ba0 nmethod 4721 0x0000024d0b1aab90 code [0x0000024d0b1aad20, 0x0000024d0b1ab018]
Event: 7.254 Thread 0x0000024d1e045ba0 4730       4       jdk.internal.loader.URLClassPath$JarLoader$2::getCodeSigners (8 bytes)
Event: 7.256 Thread 0x0000024d1e045ba0 nmethod 4730 0x0000024d0b1ab190 code [0x0000024d0b1ab320, 0x0000024d0b1ab4e8]
Event: 7.256 Thread 0x0000024d1e045ba0 4731       4       jdk.internal.loader.URLClassPath$JarLoader$2::getBytes (48 bytes)
Event: 7.305 Thread 0x0000024d1e049a50 4732       3       org.gradle.model.internal.asm.ClassVisitorScope::addField (11 bytes)
Event: 7.306 Thread 0x0000024d1e049a50 nmethod 4732 0x0000024d03db0d90 code [0x0000024d03db0f40, 0x0000024d03db1108]
Event: 7.338 Thread 0x0000024d1e049a50 4736       3       sun.reflect.generics.reflectiveObjects.ParameterizedTypeImpl::hashCode (24 bytes)
Event: 7.339 Thread 0x0000024d1e049a50 nmethod 4736 0x0000024d03db1210 code [0x0000024d03db13e0, 0x0000024d03db1828]
Event: 7.339 Thread 0x0000024d1e049a50 4739       3       com.google.common.reflect.TypeResolver$TypeMappingIntrospector::map (92 bytes)
Event: 7.341 Thread 0x0000024d1e049a50 nmethod 4739 0x0000024d03db1990 code [0x0000024d03db1ca0, 0x0000024d03db3548]
Event: 7.341 Thread 0x0000024d1e049a50 4738       3       com.google.common.reflect.TypeResolver$TypeMappingIntrospector::visitParameterizedType (105 bytes)
Event: 7.342 Thread 0x0000024d1e049a50 nmethod 4738 0x0000024d03db3a90 code [0x0000024d03db3d80, 0x0000024d03db5268]
Event: 7.342 Thread 0x0000024d1e049a50 4740       3       sun.reflect.generics.reflectiveObjects.TypeVariableImpl::hashCode (16 bytes)
Event: 7.343 Thread 0x0000024d1e049a50 nmethod 4740 0x0000024d03db5890 code [0x0000024d03db5a40, 0x0000024d03db5c58]
Event: 7.343 Thread 0x0000024d1e049a50 4737       3       com.google.common.base.Preconditions::checkArgument (25 bytes)
Event: 7.343 Thread 0x0000024d1e049a50 nmethod 4737 0x0000024d03db5d90 code [0x0000024d03db5f60, 0x0000024d03db6378]
Event: 7.343 Thread 0x0000024d1e049a50 4743       3       com.google.common.collect.AbstractMapBasedMultimap$WrappedCollection$WrappedIterator::validateIterator (30 bytes)
Event: 7.344 Thread 0x0000024d1e049a50 nmethod 4743 0x0000024d03db6510 code [0x0000024d03db66c0, 0x0000024d03db6998]
Event: 7.344 Thread 0x0000024d1e049a50 4742       1       com.google.common.collect.LinkedHashMultimap$ValueSet::setSuccessorInValueSet (6 bytes)
Event: 7.344 Thread 0x0000024d1e049a50 nmethod 4742 0x0000024d0b1ab710 code [0x0000024d0b1ab8a0, 0x0000024d0b1ab9b8]

GC Heap History (20 events):
Event: 3.858 GC heap before
{Heap before GC invocations=7 (full 0):
 garbage-first heap   total 82944K, used 44807K [0x0000000080000000, 0x0000000100000000)
  region size 1024K, 6 young (6144K), 5 survivors (5120K)
 Metaspace       used 29960K, committed 30272K, reserved 1114112K
  class space    used 4068K, committed 4224K, reserved 1048576K
}
Event: 3.861 GC heap after
{Heap after GC invocations=8 (full 0):
 garbage-first heap   total 82944K, used 45102K [0x0000000080000000, 0x0000000100000000)
  region size 1024K, 3 young (3072K), 3 survivors (3072K)
 Metaspace       used 29960K, committed 30272K, reserved 1114112K
  class space    used 4068K, committed 4224K, reserved 1048576K
}
Event: 4.176 GC heap before
{Heap before GC invocations=9 (full 0):
 garbage-first heap   total 82944K, used 62510K [0x0000000080000000, 0x0000000100000000)
  region size 1024K, 19 young (19456K), 3 survivors (3072K)
 Metaspace       used 31731K, committed 32128K, reserved 1114112K
  class space    used 4342K, committed 4544K, reserved 1048576K
}
Event: 4.179 GC heap after
{Heap after GC invocations=10 (full 0):
 garbage-first heap   total 82944K, used 49311K [0x0000000080000000, 0x0000000100000000)
  region size 1024K, 3 young (3072K), 3 survivors (3072K)
 Metaspace       used 31731K, committed 32128K, reserved 1114112K
  class space    used 4342K, committed 4544K, reserved 1048576K
}
Event: 4.475 GC heap before
{Heap before GC invocations=10 (full 0):
 garbage-first heap   total 82944K, used 63647K [0x0000000080000000, 0x0000000100000000)
  region size 1024K, 17 young (17408K), 3 survivors (3072K)
 Metaspace       used 33608K, committed 33920K, reserved 1114112K
  class space    used 4645K, committed 4800K, reserved 1048576K
}
Event: 4.478 GC heap after
{Heap after GC invocations=11 (full 0):
 garbage-first heap   total 82944K, used 49646K [0x0000000080000000, 0x0000000100000000)
  region size 1024K, 1 young (1024K), 1 survivors (1024K)
 Metaspace       used 33608K, committed 33920K, reserved 1114112K
  class space    used 4645K, committed 4800K, reserved 1048576K
}
Event: 4.740 GC heap before
{Heap before GC invocations=12 (full 0):
 garbage-first heap   total 87040K, used 62958K [0x0000000080000000, 0x0000000100000000)
  region size 1024K, 15 young (15360K), 1 survivors (1024K)
 Metaspace       used 35558K, committed 35904K, reserved 1114112K
  class space    used 4957K, committed 5120K, reserved 1048576K
}
Event: 4.742 GC heap after
{Heap after GC invocations=13 (full 0):
 garbage-first heap   total 105472K, used 50128K [0x0000000080000000, 0x0000000100000000)
  region size 1024K, 2 young (2048K), 2 survivors (2048K)
 Metaspace       used 35558K, committed 35904K, reserved 1114112K
  class space    used 4957K, committed 5120K, reserved 1048576K
}
Event: 5.383 GC heap before
{Heap before GC invocations=13 (full 0):
 garbage-first heap   total 105472K, used 77776K [0x0000000080000000, 0x0000000100000000)
  region size 1024K, 30 young (30720K), 2 survivors (2048K)
 Metaspace       used 42033K, committed 42368K, reserved 1114112K
  class space    used 5661K, committed 5824K, reserved 1048576K
}
Event: 5.388 GC heap after
{Heap after GC invocations=14 (full 0):
 garbage-first heap   total 105472K, used 53902K [0x0000000080000000, 0x0000000100000000)
  region size 1024K, 4 young (4096K), 4 survivors (4096K)
 Metaspace       used 42033K, committed 42368K, reserved 1114112K
  class space    used 5661K, committed 5824K, reserved 1048576K
}
Event: 5.628 GC heap before
{Heap before GC invocations=15 (full 0):
 garbage-first heap   total 105472K, used 78478K [0x0000000080000000, 0x0000000100000000)
  region size 1024K, 29 young (29696K), 4 survivors (4096K)
 Metaspace       used 42960K, committed 43392K, reserved 1114112K
  class space    used 5749K, committed 5952K, reserved 1048576K
}
Event: 5.634 GC heap after
{Heap after GC invocations=16 (full 0):
 garbage-first heap   total 105472K, used 57098K [0x0000000080000000, 0x0000000100000000)
  region size 1024K, 4 young (4096K), 4 survivors (4096K)
 Metaspace       used 42960K, committed 43392K, reserved 1114112K
  class space    used 5749K, committed 5952K, reserved 1048576K
}
Event: 6.140 GC heap before
{Heap before GC invocations=17 (full 0):
 garbage-first heap   total 107520K, used 86794K [0x0000000080000000, 0x0000000100000000)
  region size 1024K, 28 young (28672K), 4 survivors (4096K)
 Metaspace       used 46365K, committed 46848K, reserved 1114112K
  class space    used 6167K, committed 6400K, reserved 1048576K
}
Event: 6.145 GC heap after
{Heap after GC invocations=18 (full 0):
 garbage-first heap   total 107520K, used 58328K [0x0000000080000000, 0x0000000100000000)
  region size 1024K, 2 young (2048K), 2 survivors (2048K)
 Metaspace       used 46365K, committed 46848K, reserved 1114112K
  class space    used 6167K, committed 6400K, reserved 1048576K
}
Event: 6.508 GC heap before
{Heap before GC invocations=18 (full 0):
 garbage-first heap   total 107520K, used 74712K [0x0000000080000000, 0x0000000100000000)
  region size 1024K, 19 young (19456K), 2 survivors (2048K)
 Metaspace       used 47434K, committed 47936K, reserved 1114112K
  class space    used 6334K, committed 6592K, reserved 1048576K
}
Event: 6.513 GC heap after
{Heap after GC invocations=19 (full 0):
 garbage-first heap   total 107520K, used 60463K [0x0000000080000000, 0x0000000100000000)
  region size 1024K, 4 young (4096K), 4 survivors (4096K)
 Metaspace       used 47434K, committed 47936K, reserved 1114112K
  class space    used 6334K, committed 6592K, reserved 1048576K
}
Event: 6.606 GC heap before
{Heap before GC invocations=20 (full 0):
 garbage-first heap   total 109568K, used 66607K [0x0000000080000000, 0x0000000100000000)
  region size 1024K, 9 young (9216K), 4 survivors (4096K)
 Metaspace       used 47768K, committed 48320K, reserved 1114112K
  class space    used 6357K, committed 6592K, reserved 1048576K
}
Event: 6.612 GC heap after
{Heap after GC invocations=21 (full 0):
 garbage-first heap   total 109568K, used 65074K [0x0000000080000000, 0x0000000100000000)
  region size 1024K, 2 young (2048K), 2 survivors (2048K)
 Metaspace       used 47768K, committed 48320K, reserved 1114112K
  class space    used 6357K, committed 6592K, reserved 1048576K
}
Event: 7.023 GC heap before
{Heap before GC invocations=22 (full 0):
 garbage-first heap   total 116736K, used 87602K [0x0000000080000000, 0x0000000100000000)
  region size 1024K, 22 young (22528K), 2 survivors (2048K)
 Metaspace       used 50216K, committed 50752K, reserved 1114112K
  class space    used 6618K, committed 6848K, reserved 1048576K
}
Event: 7.027 GC heap after
{Heap after GC invocations=23 (full 0):
 garbage-first heap   total 140288K, used 65789K [0x0000000080000000, 0x0000000100000000)
  region size 1024K, 3 young (3072K), 3 survivors (3072K)
 Metaspace       used 50216K, committed 50752K, reserved 1114112K
  class space    used 6618K, committed 6848K, reserved 1048576K
}

Dll operation events (3 events):
Event: 0.009 Loaded shared library C:\Program Files\Android\Android Studio\jbr\bin\java.dll
Event: 0.128 Loaded shared library C:\Program Files\Android\Android Studio\jbr\bin\zip.dll
Event: 0.504 Loaded shared library C:\Program Files\Android\Android Studio\jbr\bin\verify.dll

Deoptimization events (20 events):
Event: 7.252 Thread 0x0000024d2017fa10 Uncommon trap: trap_request=0xffffffde fr.pc=0x0000024d0b0fd090 relative=0x00000000000004f0
Event: 7.252 Thread 0x0000024d2017fa10 Uncommon trap: reason=class_check action=maybe_recompile pc=0x0000024d0b0fd090 method=jdk.internal.loader.URLClassPath.getResource(Ljava/lang/String;Z)Ljdk/internal/loader/Resource; @ 53 c2
Event: 7.252 Thread 0x0000024d2017fa10 DEOPT PACKING pc=0x0000024d0b0fd090 sp=0x000000d6272f8900
Event: 7.252 Thread 0x0000024d2017fa10 DEOPT UNPACKING pc=0x0000024d0a9969a3 sp=0x000000d6272f88c0 mode 2
Event: 7.299 Thread 0x0000024d2017fa10 Uncommon trap: trap_request=0xffffffde fr.pc=0x0000024d0b0d6b54 relative=0x0000000000005314
Event: 7.299 Thread 0x0000024d2017fa10 Uncommon trap: reason=class_check action=maybe_recompile pc=0x0000024d0b0d6b54 method=jdk.internal.loader.URLClassPath.getLoader(I)Ljdk/internal/loader/URLClassPath$Loader; @ 190 c2
Event: 7.299 Thread 0x0000024d2017fa10 DEOPT PACKING pc=0x0000024d0b0d6b54 sp=0x000000d6272f83f0
Event: 7.299 Thread 0x0000024d2017fa10 DEOPT UNPACKING pc=0x0000024d0a9969a3 sp=0x000000d6272f8410 mode 2
Event: 7.299 Thread 0x0000024d2017fa10 Uncommon trap: trap_request=0xffffffde fr.pc=0x0000024d0b0fd090 relative=0x00000000000004f0
Event: 7.299 Thread 0x0000024d2017fa10 Uncommon trap: reason=class_check action=maybe_recompile pc=0x0000024d0b0fd090 method=jdk.internal.loader.URLClassPath.getResource(Ljava/lang/String;Z)Ljdk/internal/loader/Resource; @ 53 c2
Event: 7.299 Thread 0x0000024d2017fa10 DEOPT PACKING pc=0x0000024d0b0fd090 sp=0x000000d6272f84e0
Event: 7.299 Thread 0x0000024d2017fa10 DEOPT UNPACKING pc=0x0000024d0a9969a3 sp=0x000000d6272f84a0 mode 2
Event: 7.309 Thread 0x0000024d2017fa10 Uncommon trap: trap_request=0xffffffde fr.pc=0x0000024d0b0d6b54 relative=0x0000000000005314
Event: 7.309 Thread 0x0000024d2017fa10 Uncommon trap: reason=class_check action=maybe_recompile pc=0x0000024d0b0d6b54 method=jdk.internal.loader.URLClassPath.getLoader(I)Ljdk/internal/loader/URLClassPath$Loader; @ 190 c2
Event: 7.309 Thread 0x0000024d2017fa10 DEOPT PACKING pc=0x0000024d0b0d6b54 sp=0x000000d6272f82c0
Event: 7.309 Thread 0x0000024d2017fa10 DEOPT UNPACKING pc=0x0000024d0a9969a3 sp=0x000000d6272f82e0 mode 2
Event: 7.309 Thread 0x0000024d2017fa10 Uncommon trap: trap_request=0xffffffde fr.pc=0x0000024d0b0fd090 relative=0x00000000000004f0
Event: 7.309 Thread 0x0000024d2017fa10 Uncommon trap: reason=class_check action=maybe_recompile pc=0x0000024d0b0fd090 method=jdk.internal.loader.URLClassPath.getResource(Ljava/lang/String;Z)Ljdk/internal/loader/Resource; @ 53 c2
Event: 7.310 Thread 0x0000024d2017fa10 DEOPT PACKING pc=0x0000024d0b0fd090 sp=0x000000d6272f83b0
Event: 7.310 Thread 0x0000024d2017fa10 DEOPT UNPACKING pc=0x0000024d0a9969a3 sp=0x000000d6272f8370 mode 2

Classes unloaded (0 events):
No events

Classes redefined (0 events):
No events

Internal exceptions (20 events):
Event: 6.930 Thread 0x0000024d2017fa10 Exception <a 'sun/nio/fs/WindowsException'{0x00000000861e62f8}> (0x00000000861e62f8) 
thrown [s\src\hotspot\share\prims\jni.cpp, line 517]
Event: 6.930 Thread 0x0000024d2017fa10 Exception <a 'sun/nio/fs/WindowsException'{0x00000000861e7b58}> (0x00000000861e7b58) 
thrown [s\src\hotspot\share\prims\jni.cpp, line 517]
Event: 6.932 Thread 0x0000024d2017fa10 Exception <a 'java/lang/NoSuchMethodError'{0x00000000861f9ad0}: 'java.lang.Object java.lang.invoke.Invokers$Holder.invoker(java.lang.Object, java.lang.Object, java.lang.Object, java.lang.Object, java.lang.Object, java.lang.Object, java.lang.Object, java.lang.Object, java.lang.Object)'> (0x00000000861f9ad0) 
thrown [s\src\hotspot\share\interpreter\linkResolver.cpp, line 771]
Event: 6.945 Thread 0x0000024d2017fa10 Exception <a 'java/lang/NoSuchMethodError'{0x00000000860aff80}: 'java.lang.Object java.lang.invoke.Invokers$Holder.invoker(java.lang.Object, java.lang.Object, java.lang.Object, java.lang.Object)'> (0x00000000860aff80) 
thrown [s\src\hotspot\share\interpreter\linkResolver.cpp, line 771]
Event: 6.965 Thread 0x0000024d2017fa10 Exception <a 'java/lang/NoSuchMethodError'{0x0000000085f6bd70}: 'java.lang.Object java.lang.invoke.DelegatingMethodHandle$Holder.reinvoke_L(java.lang.Object, java.lang.Object, java.lang.Object, java.lang.Object, java.lang.Object, java.lang.Object, java.lang.Object, java.lang.Object, java.lang.Object, java.lang.Object, java.lang.Object, java.lang.Object, java.lang.Object, java.lang.Object, java.lang.Object, java.lang.Object, java.lang.Object, java.lang.Object, java.lang.Object, java.lang.Object, java.lang.O
Event: 6.966 Thread 0x0000024d2017fa10 Exception <a 'java/lang/NoSuchMethodError'{0x0000000085f77288}: 'java.lang.Object java.lang.invoke.Invokers$Holder.invoker(java.lang.Object, java.lang.Object, java.lang.Object, java.lang.Object, java.lang.Object, java.lang.Object, java.lang.Object, java.lang.Object, java.lang.Object, java.lang.Object, java.lang.Object, java.lang.Object, java.lang.Object, java.lang.Object, java.lang.Object, java.lang.Object, java.lang.Object, java.lang.Object, java.lang.Object, java.lang.Object, java.lang.Object, java.lang.
Event: 6.966 Thread 0x0000024d2017fa10 Exception <a 'java/lang/NoSuchMethodError'{0x0000000085f7de90}: 'java.lang.Object java.lang.invoke.DelegatingMethodHandle$Holder.delegate(java.lang.Object, java.lang.Object, java.lang.Object, java.lang.Object, java.lang.Object, java.lang.Object, java.lang.Object, java.lang.Object, java.lang.Object, java.lang.Object, java.lang.Object, java.lang.Object, java.lang.Object, java.lang.Object, java.lang.Object, java.lang.Object, java.lang.Object, java.lang.Object, java.lang.Object, java.lang.Object, java.lang.Obj
Event: 6.975 Thread 0x0000024d2017fa10 Exception <a 'java/lang/NoSuchMethodError'{0x0000000085ff78b8}: 'java.lang.Object java.lang.invoke.DirectMethodHandle$Holder.invokeStatic(java.lang.Object, java.lang.Object, java.lang.Object, java.lang.Object, java.lang.Object, java.lang.Object, java.lang.Object, java.lang.Object, java.lang.Object, java.lang.Object, java.lang.Object, java.lang.Object, java.lang.Object, java.lang.Object, java.lang.Object, java.lang.Object, java.lang.Object)'> (0x0000000085ff78b8) 
thrown [s\src\hotspot\share\interpreter\lin
Event: 6.978 Thread 0x0000024d2017fa10 Exception <a 'java/lang/NoSuchMethodError'{0x0000000085e21130}: 'java.lang.Object java.lang.invoke.DirectMethodHandle$Holder.invokeStatic(java.lang.Object, java.lang.Object, java.lang.Object, java.lang.Object, java.lang.Object, java.lang.Object, java.lang.Object, java.lang.Object, java.lang.Object, java.lang.Object, java.lang.Object, java.lang.Object, java.lang.Object, java.lang.Object, java.lang.Object, java.lang.Object, java.lang.Object, java.lang.Object)'> (0x0000000085e21130) 
thrown [s\src\hotspot\sha
Event: 6.980 Thread 0x0000024d2017fa10 Exception <a 'java/lang/NoSuchMethodError'{0x0000000085e4b610}: 'java.lang.Object java.lang.invoke.DirectMethodHandle$Holder.invokeStatic(java.lang.Object, java.lang.Object, java.lang.Object, java.lang.Object, java.lang.Object, java.lang.Object, java.lang.Object, java.lang.Object, java.lang.Object, java.lang.Object, java.lang.Object, java.lang.Object, java.lang.Object, java.lang.Object, java.lang.Object, java.lang.Object, java.lang.Object, java.lang.Object, java.lang.Object)'> (0x0000000085e4b610) 
thrown 
Event: 6.983 Thread 0x0000024d2017fa10 Exception <a 'java/lang/NoSuchMethodError'{0x0000000085e76be0}: 'java.lang.Object java.lang.invoke.DirectMethodHandle$Holder.invokeStatic(java.lang.Object, java.lang.Object, java.lang.Object, java.lang.Object, java.lang.Object, java.lang.Object, java.lang.Object, java.lang.Object, java.lang.Object, java.lang.Object, java.lang.Object, java.lang.Object, java.lang.Object, java.lang.Object, java.lang.Object, java.lang.Object, java.lang.Object, java.lang.Object, java.lang.Object, java.lang.Object)'> (0x00000000
Event: 6.986 Thread 0x0000024d2017fa10 Exception <a 'java/lang/NoSuchMethodError'{0x0000000085ea2ef0}: 'java.lang.Object java.lang.invoke.DirectMethodHandle$Holder.invokeStatic(java.lang.Object, java.lang.Object, java.lang.Object, java.lang.Object, java.lang.Object, java.lang.Object, java.lang.Object, java.lang.Object, java.lang.Object, java.lang.Object, java.lang.Object, java.lang.Object, java.lang.Object, java.lang.Object, java.lang.Object, java.lang.Object, java.lang.Object, java.lang.Object, java.lang.Object, java.lang.Object, java.lang.Obj
Event: 6.988 Thread 0x0000024d2017fa10 Exception <a 'java/lang/NoSuchMethodError'{0x0000000085ed0040}: 'java.lang.Object java.lang.invoke.DirectMethodHandle$Holder.invokeStatic(java.lang.Object, java.lang.Object, java.lang.Object, java.lang.Object, java.lang.Object, java.lang.Object, java.lang.Object, java.lang.Object, java.lang.Object, java.lang.Object, java.lang.Object, java.lang.Object, java.lang.Object, java.lang.Object, java.lang.Object, java.lang.Object, java.lang.Object, java.lang.Object, java.lang.Object, java.lang.Object, java.lang.Obj
Event: 6.990 Thread 0x0000024d2017fa10 Exception <a 'java/lang/NoSuchMethodError'{0x0000000085efdf20}: 'java.lang.Object java.lang.invoke.DirectMethodHandle$Holder.invokeStatic(java.lang.Object, java.lang.Object, java.lang.Object, java.lang.Object, java.lang.Object, java.lang.Object, java.lang.Object, java.lang.Object, java.lang.Object, java.lang.Object, java.lang.Object, java.lang.Object, java.lang.Object, java.lang.Object, java.lang.Object, java.lang.Object, java.lang.Object, java.lang.Object, java.lang.Object, java.lang.Object, java.lang.Obj
Event: 6.993 Thread 0x0000024d2017fa10 Exception <a 'java/lang/NoSuchMethodError'{0x0000000085d2e240}: 'java.lang.Object java.lang.invoke.DirectMethodHandle$Holder.invokeStatic(java.lang.Object, java.lang.Object, java.lang.Object, java.lang.Object, java.lang.Object, java.lang.Object, java.lang.Object, java.lang.Object, java.lang.Object, java.lang.Object, java.lang.Object, java.lang.Object, java.lang.Object, java.lang.Object, java.lang.Object, java.lang.Object, java.lang.Object, java.lang.Object, java.lang.Object, java.lang.Object, java.lang.Obj
Event: 6.996 Thread 0x0000024d2017fa10 Exception <a 'java/lang/NoSuchMethodError'{0x0000000085d5fb08}: 'java.lang.Object java.lang.invoke.DirectMethodHandle$Holder.invokeStatic(java.lang.Object, java.lang.Object, java.lang.Object, java.lang.Object, java.lang.Object, java.lang.Object, java.lang.Object, java.lang.Object, java.lang.Object, java.lang.Object, java.lang.Object, java.lang.Object, java.lang.Object, java.lang.Object, java.lang.Object, java.lang.Object, java.lang.Object, java.lang.Object, java.lang.Object, java.lang.Object, java.lang.Obj
Event: 7.111 Thread 0x0000024d2017fa10 Exception <a 'java/lang/IncompatibleClassChangeError'{0x0000000087ef0588}: Found class java.lang.Object, but interface was expected> (0x0000000087ef0588) 
thrown [s\src\hotspot\share\interpreter\linkResolver.cpp, line 838]
Event: 7.190 Thread 0x0000024d2017fa10 Exception <a 'java/lang/IncompatibleClassChangeError'{0x0000000087b28550}: Found class java.lang.Object, but interface was expected> (0x0000000087b28550) 
thrown [s\src\hotspot\share\interpreter\linkResolver.cpp, line 838]
Event: 7.200 Thread 0x0000024d2017fa10 Exception <a 'java/lang/NoSuchMethodError'{0x0000000087bb2430}: 'void java.lang.invoke.DirectMethodHandle$Holder.invokeStatic(java.lang.Object, java.lang.Object, java.lang.Object, java.lang.Object, java.lang.Object, java.lang.Object)'> (0x0000000087bb2430) 
thrown [s\src\hotspot\share\interpreter\linkResolver.cpp, line 771]
Event: 7.221 Thread 0x0000024d2017fa10 Exception <a 'java/lang/NoSuchMethodError'{0x0000000087acb478}: 'int java.lang.invoke.DirectMethodHandle$Holder.invokeStaticInit(java.lang.Object, java.lang.Object, java.lang.Object, java.lang.Object, java.lang.Object)'> (0x0000000087acb478) 
thrown [s\src\hotspot\share\interpreter\linkResolver.cpp, line 771]

VM Operations (20 events):
Event: 6.140 Executing VM operation: G1CollectForAllocation
Event: 6.145 Executing VM operation: G1CollectForAllocation done
Event: 6.434 Executing VM operation: HandshakeAllThreads
Event: 6.434 Executing VM operation: HandshakeAllThreads done
Event: 6.508 Executing VM operation: G1TryInitiateConcMark
Event: 6.513 Executing VM operation: G1TryInitiateConcMark done
Event: 6.531 Executing VM operation: G1Concurrent
Event: 6.536 Executing VM operation: G1Concurrent done
Event: 6.543 Executing VM operation: G1Concurrent
Event: 6.543 Executing VM operation: G1Concurrent done
Event: 6.606 Executing VM operation: G1TryInitiateConcMark
Event: 6.612 Executing VM operation: G1TryInitiateConcMark done
Event: 6.634 Executing VM operation: G1Concurrent
Event: 6.645 Executing VM operation: G1Concurrent done
Event: 6.653 Executing VM operation: G1Concurrent
Event: 6.658 Executing VM operation: G1Concurrent done
Event: 7.023 Executing VM operation: G1CollectForAllocation
Event: 7.027 Executing VM operation: G1CollectForAllocation done
Event: 7.115 Executing VM operation: HandshakeAllThreads
Event: 7.115 Executing VM operation: HandshakeAllThreads done

Events (20 events):
Event: 7.173 loading class java/util/stream/ReferencePipeline$4
Event: 7.173 loading class java/util/stream/ReferencePipeline$4 done
Event: 7.173 loading class java/util/function/IntBinaryOperator
Event: 7.173 loading class java/util/function/IntBinaryOperator done
Event: 7.174 loading class java/util/stream/ReduceOps$6
Event: 7.174 loading class java/util/stream/ReduceOps$6 done
Event: 7.174 loading class java/util/stream/ReduceOps$5ReducingSink
Event: 7.174 loading class java/util/stream/ReduceOps$5ReducingSink done
Event: 7.174 loading class java/util/stream/ReferencePipeline$4$1
Event: 7.174 loading class java/util/stream/ReferencePipeline$4$1 done
Event: 7.242 loading class jdk/internal/loader/URLClassPath$FileLoader
Event: 7.242 loading class jdk/internal/loader/URLClassPath$FileLoader done
Event: 7.243 loading class jdk/internal/loader/URLClassPath$FileLoader$1
Event: 7.244 loading class jdk/internal/loader/URLClassPath$FileLoader$1 done
Event: 7.291 loading class java/util/concurrent/atomic/AtomicReferenceFieldUpdater
Event: 7.291 loading class java/util/concurrent/atomic/AtomicReferenceFieldUpdater done
Event: 7.291 loading class java/util/concurrent/atomic/AtomicReferenceFieldUpdater$AtomicReferenceFieldUpdaterImpl
Event: 7.291 loading class java/util/concurrent/atomic/AtomicReferenceFieldUpdater$AtomicReferenceFieldUpdaterImpl done
Event: 7.291 loading class java/util/concurrent/atomic/AtomicReferenceFieldUpdater$AtomicReferenceFieldUpdaterImpl$1
Event: 7.292 loading class java/util/concurrent/atomic/AtomicReferenceFieldUpdater$AtomicReferenceFieldUpdaterImpl$1 done


Dynamic libraries:
0x00007ff75dc80000 - 0x00007ff75dc8a000 	C:\Program Files\Android\Android Studio\jbr\bin\java.exe
0x00007ffafb810000 - 0x00007ffafba27000 	C:\WINDOWS\SYSTEM32\ntdll.dll
0x00007ffab9970000 - 0x00007ffab9989000 	C:\Program Files\Avast Software\Avast\aswhook.dll
0x00007ffaf9900000 - 0x00007ffaf99c4000 	C:\WINDOWS\System32\KERNEL32.DLL
0x00007ffaf9080000 - 0x00007ffaf9426000 	C:\WINDOWS\System32\KERNELBASE.dll
0x00007ffaf8b50000 - 0x00007ffaf8c61000 	C:\WINDOWS\System32\ucrtbase.dll
0x00007ffaf18c0000 - 0x00007ffaf18d7000 	C:\Program Files\Android\Android Studio\jbr\bin\jli.dll
0x00007ffaeef90000 - 0x00007ffaeefab000 	C:\Program Files\Android\Android Studio\jbr\bin\VCRUNTIME140.dll
0x00007ffafa890000 - 0x00007ffafaa3e000 	C:\WINDOWS\System32\USER32.dll
0x00007ffae59b0000 - 0x00007ffae5c43000 	C:\WINDOWS\WinSxS\amd64_microsoft.windows.common-controls_6595b64144ccf1df_6.0.22621.2506_none_270c5ae97388e100\COMCTL32.dll
0x00007ffaf8d90000 - 0x00007ffaf8db6000 	C:\WINDOWS\System32\win32u.dll
0x00007ffaf96f0000 - 0x00007ffaf9797000 	C:\WINDOWS\System32\msvcrt.dll
0x00007ffafaa40000 - 0x00007ffafaa69000 	C:\WINDOWS\System32\GDI32.dll
0x00007ffaf8c70000 - 0x00007ffaf8d88000 	C:\WINDOWS\System32\gdi32full.dll
0x00007ffaf8f30000 - 0x00007ffaf8fca000 	C:\WINDOWS\System32\msvcp_win.dll
0x00007ffafa6d0000 - 0x00007ffafa701000 	C:\WINDOWS\System32\IMM32.DLL
0x00007ffaf5b20000 - 0x00007ffaf5b2c000 	C:\Program Files\Android\Android Studio\jbr\bin\vcruntime140_1.dll
0x00007ffab99d0000 - 0x00007ffab9a5d000 	C:\Program Files\Android\Android Studio\jbr\bin\msvcp140.dll
0x00007ffa7dd20000 - 0x00007ffa7e9a0000 	C:\Program Files\Android\Android Studio\jbr\bin\server\jvm.dll
0x00007ffafa7d0000 - 0x00007ffafa883000 	C:\WINDOWS\System32\ADVAPI32.dll
0x00007ffaf9fb0000 - 0x00007ffafa058000 	C:\WINDOWS\System32\sechost.dll
0x00007ffaf9050000 - 0x00007ffaf9078000 	C:\WINDOWS\System32\bcrypt.dll
0x00007ffaf95d0000 - 0x00007ffaf96e7000 	C:\WINDOWS\System32\RPCRT4.dll
0x00007ffaf22a0000 - 0x00007ffaf22d4000 	C:\WINDOWS\SYSTEM32\WINMM.dll
0x00007ffaef630000 - 0x00007ffaef63a000 	C:\WINDOWS\SYSTEM32\VERSION.dll
0x00007ffadfa20000 - 0x00007ffadfa29000 	C:\WINDOWS\SYSTEM32\WSOCK32.dll
0x00007ffafacb0000 - 0x00007ffafad21000 	C:\WINDOWS\System32\WS2_32.dll
0x00007ffaf7b50000 - 0x00007ffaf7b68000 	C:\WINDOWS\SYSTEM32\kernel.appcore.dll
0x00007ffaf3f50000 - 0x00007ffaf3f5a000 	C:\Program Files\Android\Android Studio\jbr\bin\jimage.dll
0x00007ffaef1e0000 - 0x00007ffaef413000 	C:\WINDOWS\SYSTEM32\DBGHELP.DLL
0x00007ffafa060000 - 0x00007ffafa3e9000 	C:\WINDOWS\System32\combase.dll
0x00007ffafad30000 - 0x00007ffafae07000 	C:\WINDOWS\System32\OLEAUT32.dll
0x00007ffaef5f0000 - 0x00007ffaef622000 	C:\WINDOWS\SYSTEM32\dbgcore.DLL
0x00007ffaf8fd0000 - 0x00007ffaf904a000 	C:\WINDOWS\System32\bcryptPrimitives.dll
0x00007ffaf22f0000 - 0x00007ffaf22fe000 	C:\Program Files\Android\Android Studio\jbr\bin\instrument.dll
0x00007ffaf09b0000 - 0x00007ffaf09d5000 	C:\Program Files\Android\Android Studio\jbr\bin\java.dll
0x00007ffaf3eb0000 - 0x00007ffaf3ec8000 	C:\Program Files\Android\Android Studio\jbr\bin\zip.dll
0x00007ffafae10000 - 0x00007ffafb66b000 	C:\WINDOWS\System32\SHELL32.dll
0x00007ffaf6a60000 - 0x00007ffaf7356000 	C:\WINDOWS\SYSTEM32\windows.storage.dll
0x00007ffaf6920000 - 0x00007ffaf6a5e000 	C:\WINDOWS\SYSTEM32\wintypes.dll
0x00007ffafa5d0000 - 0x00007ffafa6c3000 	C:\WINDOWS\System32\SHCORE.dll
0x00007ffaf9f50000 - 0x00007ffaf9fae000 	C:\WINDOWS\System32\shlwapi.dll
0x00007ffaf8a80000 - 0x00007ffaf8aa6000 	C:\WINDOWS\SYSTEM32\profapi.dll
0x00007ffaf3d80000 - 0x00007ffaf3d99000 	C:\Program Files\Android\Android Studio\jbr\bin\net.dll
0x00007ffaf3570000 - 0x00007ffaf36a7000 	C:\WINDOWS\SYSTEM32\WINHTTP.dll
0x00007ffaf8030000 - 0x00007ffaf8099000 	C:\WINDOWS\system32\mswsock.dll
0x00007ffaf2140000 - 0x00007ffaf2156000 	C:\Program Files\Android\Android Studio\jbr\bin\nio.dll
0x00007ffaf3e80000 - 0x00007ffaf3e90000 	C:\Program Files\Android\Android Studio\jbr\bin\verify.dll
0x00007ffaf0ab0000 - 0x00007ffaf0ad7000 	C:\Users\A S U S\.gradle\native\68d5fa5c4cc2d200863cafc0d521ce42e7d3e7ee720ec0a83991735586a16f82\windows-amd64\native-platform.dll
0x00007ffa9a960000 - 0x00007ffa9aaa4000 	C:\Users\A S U S\.gradle\native\e376f236ea51e6404a007f0833ffe2c6e607c4080706a723a18a27aeea778392\windows-amd64\native-platform-file-events.dll
0x00007ffaf3e50000 - 0x00007ffaf3e59000 	C:\Program Files\Android\Android Studio\jbr\bin\management.dll
0x00007ffaf3020000 - 0x00007ffaf302b000 	C:\Program Files\Android\Android Studio\jbr\bin\management_ext.dll
0x00007ffafab00000 - 0x00007ffafab08000 	C:\WINDOWS\System32\PSAPI.DLL
0x00007ffaf8380000 - 0x00007ffaf839b000 	C:\WINDOWS\SYSTEM32\CRYPTSP.dll
0x00007ffaf7ab0000 - 0x00007ffaf7ae5000 	C:\WINDOWS\system32\rsaenh.dll
0x00007ffaf80d0000 - 0x00007ffaf80fc000 	C:\WINDOWS\SYSTEM32\USERENV.dll
0x00007ffaf8360000 - 0x00007ffaf836c000 	C:\WINDOWS\SYSTEM32\CRYPTBASE.dll
0x00007ffaf75b0000 - 0x00007ffaf75dd000 	C:\WINDOWS\SYSTEM32\IPHLPAPI.DLL
0x00007ffaf9f40000 - 0x00007ffaf9f49000 	C:\WINDOWS\System32\NSI.dll
0x00007ffaf3220000 - 0x00007ffaf3239000 	C:\WINDOWS\SYSTEM32\dhcpcsvc6.DLL
0x00007ffaf2fb0000 - 0x00007ffaf2fcf000 	C:\WINDOWS\SYSTEM32\dhcpcsvc.DLL
0x00007ffaf75e0000 - 0x00007ffaf76d9000 	C:\WINDOWS\SYSTEM32\DNSAPI.dll
0x00007ffaedb80000 - 0x00007ffaedb88000 	C:\WINDOWS\system32\wshunix.dll

dbghelp: loaded successfully - version: 4.0.5 - missing functions: none
symbol engine: initialized successfully - sym options: 0x614 - pdb path: .;C:\Program Files\Android\Android Studio\jbr\bin;C:\WINDOWS\SYSTEM32;C:\Program Files\Avast Software\Avast;C:\WINDOWS\WinSxS\amd64_microsoft.windows.common-controls_6595b64144ccf1df_6.0.22621.2506_none_270c5ae97388e100;C:\Program Files\Android\Android Studio\jbr\bin\server;C:\Users\A S U S\.gradle\native\68d5fa5c4cc2d200863cafc0d521ce42e7d3e7ee720ec0a83991735586a16f82\windows-amd64;C:\Users\A S U S\.gradle\native\e376f236ea51e6404a007f0833ffe2c6e607c4080706a723a18a27aeea778392\windows-amd64

VM Arguments:
jvm_args: --add-opens=java.base/java.util=ALL-UNNAMED --add-opens=java.base/java.lang=ALL-UNNAMED --add-opens=java.base/java.lang.invoke=ALL-UNNAMED --add-opens=java.prefs/java.util.prefs=ALL-UNNAMED --add-opens=java.base/java.nio.charset=ALL-UNNAMED --add-opens=java.base/java.net=ALL-UNNAMED --add-opens=java.base/java.util.concurrent.atomic=ALL-UNNAMED -Xmx2048m -Dfile.encoding=UTF-8 -Duser.country=EC -Duser.language=es -Duser.variant -javaagent:C:\Users\A S U S\.gradle\wrapper\dists\gradle-8.2-bin\bbg7u40eoinfdyxsxr3z4i7ta\gradle-8.2\lib\agents\gradle-instrumentation-agent-8.2.jar 
java_command: org.gradle.launcher.daemon.bootstrap.GradleDaemon 8.2
java_class_path (initial): C:\Users\A S U S\.gradle\wrapper\dists\gradle-8.2-bin\bbg7u40eoinfdyxsxr3z4i7ta\gradle-8.2\lib\gradle-launcher-8.2.jar
Launcher Type: SUN_STANDARD

[Global flags]
     intx CICompilerCount                          = 4                                         {product} {ergonomic}
     uint ConcGCThreads                            = 3                                         {product} {ergonomic}
     uint G1ConcRefinementThreads                  = 10                                        {product} {ergonomic}
   size_t G1HeapRegionSize                         = 1048576                                   {product} {ergonomic}
    uintx GCDrainStackTargetSize                   = 64                                        {product} {ergonomic}
   size_t InitialHeapSize                          = 125829120                                 {product} {ergonomic}
   size_t MarkStackSize                            = 4194304                                   {product} {ergonomic}
   size_t MaxHeapSize                              = 2147483648                                {product} {command line}
   size_t MaxNewSize                               = 1287651328                                {product} {ergonomic}
   size_t MinHeapDeltaBytes                        = 1048576                                   {product} {ergonomic}
   size_t MinHeapSize                              = 8388608                                   {product} {ergonomic}
    uintx NonNMethodCodeHeapSize                   = 5839372                                {pd product} {ergonomic}
    uintx NonProfiledCodeHeapSize                  = 122909434                              {pd product} {ergonomic}
    uintx ProfiledCodeHeapSize                     = 122909434                              {pd product} {ergonomic}
    uintx ReservedCodeCacheSize                    = 251658240                              {pd product} {ergonomic}
     bool SegmentedCodeCache                       = true                                      {product} {ergonomic}
   size_t SoftMaxHeapSize                          = 2147483648                             {manageable} {ergonomic}
     bool UseCompressedClassPointers               = true                           {product lp64_product} {ergonomic}
     bool UseCompressedOops                        = true                           {product lp64_product} {ergonomic}
     bool UseG1GC                                  = true                                      {product} {ergonomic}
     bool UseLargePagesIndividualAllocation        = false                                  {pd product} {ergonomic}

Logging:
Log output configuration:
 #0: stdout all=warning uptime,level,tags
 #1: stderr all=off uptime,level,tags

Environment Variables:
PATH=C:\Program Files\Common Files\Oracle\Java\javapath;C:\Program Files (x86)\Common Files\Oracle\Java\javapath;C:\Windows\system32;C:\Windows;C:\Windows\System32\Wbem;C:\Windows\System32\WindowsPowerShell\v1.0\;C:\Windows\System32\OpenSSH\;C:\Program Files (x86)\dotnet\;C:\Program Files\dotnet\;C:\Program Files (x86)\NVIDIA Corporation\PhysX\Common;C:\WINDOWS\system32;C:\WINDOWS;C:\WINDOWS\System32\Wbem;C:\WINDOWS\System32\WindowsPowerShell\v1.0\;C:\WINDOWS\System32\OpenSSH\;C:\Program Files\NVIDIA Corporation\NVIDIA NvDLISR;C:\Program Files\nodejs\;C:\Program Files\Git\cmd;C:\Users\A S U S\AppData\Local\Programs\Python\Python39\Scripts\;C:\Users\A S U S\AppData\Local\Programs\Python\Python39\;C:\Users\A S U S\AppData\Local\Microsoft\WindowsApps;C:\Users\A S U S\AppData\Local\Programs\Microsoft VS Code\bin;C:\Program Files\MongoDB\Server\6.0\bin;C:\Users\A S U S\AppData\Roaming\npm;C:\Users\A S U S\AppData\Local\GitHubDesktop\bin
USERNAME=A S U S
OS=Windows_NT
PROCESSOR_IDENTIFIER=AMD64 Family 23 Model 96 Stepping 1, AuthenticAMD
TMP=C:\Users\ASUS~1\AppData\Local\Temp
TEMP=C:\Users\ASUS~1\AppData\Local\Temp


JNI global refs:
JNI global refs: 25, weak refs: 0

JNI global refs memory usage: 843, weak refs: 841

OOME stack traces (most recent first):
Classloader memory used:
Loader org.gradle.internal.classloader.VisitableURLClassLoader                         : 3083K
Loader bootstrap                                                                       : 2403K
Loader org.gradle.initialization.MixInLegacyTypesClassLoader                           : 712K
Loader org.gradle.internal.classloader.VisitableURLClassLoader$InstrumentingVisitableURLClassLoader: 78820B
Loader jdk.internal.loader.ClassLoaders$PlatformClassLoader                            : 67892B
Loader org.gradle.internal.classloader.VisitableURLClassLoader                         : 52210B
Loader jdk.internal.loader.ClassLoaders$AppClassLoader                                 : 28450B
Loader jdk.internal.reflect.DelegatingClassLoader                                      : 25414B
Loader org.gradle.groovy.scripts.internal.DefaultScriptCompilationHandler$ScriptClassLoader: 11411B
Loader org.codehaus.groovy.runtime.callsite.CallSiteClassLoader                        : 6353B

Classes loaded by more than one classloader:
Class org.gradle.api.GradleException                                                  : loaded 3 times (x 80B)
Class org.gradle.util.GradleVersion                                                   : loaded 2 times (x 81B)
Class org.jetbrains.plugins.gradle.model.MavenRepositoryModel                         : loaded 2 times (x 68B)
Class org.gradle.internal.classpath.ClassPath                                         : loaded 2 times (x 68B)
Class org.gradle.api.internal.classpath.DefaultModuleRegistry                         : loaded 2 times (x 84B)
Class Settings_gradle$1$1                                                             : loaded 2 times (x 72B)
Class com.intellij.openapi.externalSystem.model.ExternalSystemException               : loaded 2 times (x 84B)
Class org.gradle.api.Action                                                           : loaded 2 times (x 68B)
Class org.jetbrains.plugins.gradle.model.ExternalProject                              : loaded 2 times (x 68B)
Class org.gradle.api.internal.DefaultClassPathProvider                                : loaded 2 times (x 74B)
Class org.gradle.internal.installation.GradleInstallation$1                           : loaded 2 times (x 73B)
Class org.gradle.internal.exceptions.DefaultMultiCauseException                       : loaded 2 times (x 85B)
Class org.gradle.internal.time.MonotonicClock                                         : loaded 2 times (x 75B)
Class org.gradle.internal.classloader.FilteringClassLoader                            : loaded 2 times (x 102B)
Class org.gradle.tooling.model.Model                                                  : loaded 2 times (x 68B)
Class org.gradle.internal.classpath.DefaultClassPath$ImmutableUniqueList$Builder      : loaded 2 times (x 73B)
Class org.gradle.internal.classloader.ClassLoaderVisitor                              : loaded 2 times (x 74B)
Class org.gradle.internal.time.DefaultCountdownTimer                                  : loaded 2 times (x 86B)
Class org.gradle.internal.service.DefaultServiceLocator                               : loaded 2 times (x 81B)
Class org.gradle.internal.service.UnknownServiceException                             : loaded 2 times (x 81B)
Class org.gradle.internal.classloader.DefaultClassLoaderFactory                       : loaded 2 times (x 80B)
Class ijinit_emb0wxyce5cn691rqjnyyg9hr                                                : loaded 2 times (x 177B)
Class org.gradle.internal.classloader.VisitableURLClassLoader$Spec                    : loaded 2 times (x 72B)
Class org.gradle.tooling.model.ProjectModel                                           : loaded 2 times (x 68B)
Class org.gradle.internal.installation.GradleInstallation                             : loaded 2 times (x 73B)
Class org.gradle.api.internal.classpath.ModuleRegistry                                : loaded 2 times (x 68B)
Class org.jetbrains.plugins.gradle.model.RepositoriesModel                            : loaded 2 times (x 68B)
Class kotlin.jvm.internal.markers.KMappedMarker                                       : loaded 2 times (x 68B)
Class org.gradle.api.internal.ClassPathProvider                                       : loaded 2 times (x 68B)
Class org.gradle.internal.classloader.ClasspathUtil$1                                 : loaded 2 times (x 74B)
Class org.gradle.internal.classloader.ClassLoaderFactory                              : loaded 2 times (x 68B)
Class org.gradle.api.internal.classpath.ManifestUtil                                  : loaded 2 times (x 69B)
Class org.gradle.api.specs.Spec                                                       : loaded 2 times (x 68B)
Class org.gradle.internal.IoActions                                                   : loaded 2 times (x 69B)
Class org.gradle.api.internal.classpath.EffectiveClassPath                            : loaded 2 times (x 88B)
Class kotlin.jvm.internal.DefaultConstructorMarker                                    : loaded 2 times (x 69B)
Class sync_studio_tooling2_9q295dkiy559cgiwtqu4wq0m9                                  : loaded 2 times (x 177B)
Class org.gradle.internal.installation.CurrentGradleInstallation                      : loaded 2 times (x 71B)
Class org.gradle.internal.agents.InstrumentingClassLoader                             : loaded 2 times (x 68B)
Class org.gradle.internal.installation.CurrentGradleInstallationLocator               : loaded 2 times (x 69B)
Class org.gradle.api.internal.classpath.Module                                        : loaded 2 times (x 68B)
Class org.gradle.internal.service.CachingServiceLocator                               : loaded 2 times (x 80B)
Class org.gradle.internal.time.Timer                                                  : loaded 2 times (x 68B)
Class org.gradle.internal.classpath.DefaultClassPath                                  : loaded 2 times (x 88B)
Class kotlin.jvm.functions.Function1                                                  : loaded 2 times (x 68B)
Class org.gradle.internal.time.Time                                                   : loaded 2 times (x 69B)
Class org.gradle.internal.time.TimeSource$1                                           : loaded 2 times (x 75B)
Class org.gradle.internal.classloader.SystemClassLoaderSpec                           : loaded 2 times (x 69B)
Class kotlin.Function                                                                 : loaded 2 times (x 68B)
Class org.gradle.api.UncheckedIOException                                             : loaded 2 times (x 80B)
Class Program                                                                         : loaded 2 times (x 70B)
Class org.gradle.internal.time.CountdownTimer                                         : loaded 2 times (x 68B)
Class org.gradle.internal.time.Clock                                                  : loaded 2 times (x 68B)
Class org.gradle.internal.classloader.ClasspathUtil                                   : loaded 2 times (x 69B)
Class org.gradle.api.internal.DefaultClassPathRegistry                                : loaded 2 times (x 74B)
Class org.gradle.api.internal.classpath.DefaultModuleRegistry$DefaultModule           : loaded 2 times (x 84B)
Class org.gradle.internal.time.TimeSource                                             : loaded 2 times (x 68B)
Class org.gradle.api.internal.classpath.UnknownModuleException                        : loaded 2 times (x 80B)
Class org.gradle.internal.service.ServiceLookupException                              : loaded 2 times (x 80B)
Class org.gradle.cache.GlobalCache                                                    : loaded 2 times (x 68B)
Class [Lorg.gradle.api.internal.ClassPathProvider;                                    : loaded 2 times (x 67B)
Class org.gradle.internal.operations.MultipleBuildOperationFailures                   : loaded 2 times (x 85B)
Class org.gradle.util.internal.GUtil                                                  : loaded 2 times (x 69B)
Class org.gradle.internal.classloader.ClassLoaderSpec                                 : loaded 2 times (x 69B)
Class org.gradle.internal.classloader.VisitableURLClassLoader                         : loaded 2 times (x 114B)
Class org.gradle.internal.Cast                                                        : loaded 2 times (x 69B)
Class org.gradle.api.internal.ClassPathRegistry                                       : loaded 2 times (x 68B)
Class org.gradle.internal.classloader.VisitableURLClassLoader$InstrumentingVisitableURLClassLoader: loaded 2 times (x 120B)
Class org.gradle.internal.classloader.ClassLoaderHierarchy                            : loaded 2 times (x 68B)
Class org.gradle.internal.exceptions.MultiCauseException                              : loaded 2 times (x 68B)
Class org.gradle.internal.InternalTransformer                                         : loaded 2 times (x 68B)
Class org.gradle.internal.service.ServiceLocator                                      : loaded 2 times (x 68B)
Class Settings_gradle$1                                                               : loaded 2 times (x 72B)
Class org.gradle.internal.classpath.DefaultClassPath$ImmutableUniqueList              : loaded 2 times (x 159B)
Class org.gradle.internal.time.DefaultTimer                                           : loaded 2 times (x 78B)
Class org.gradle.internal.classpath.TransformedClassPath                              : loaded 2 times (x 94B)
Class Settings_gradle                                                                 : loaded 2 times (x 126B)
Class sync_studio_tooling2_9q295dkiy559cgiwtqu4wq0m9$_run_closure1                    : loaded 2 times (x 134B)


---------------  S Y S T E M  ---------------

OS:
 Windows 11 , 64 bit Build 22621 (10.0.22621.3085)
OS uptime: 4 days 11:23 hours
Hyper-V role detected

CPU: total 12 (initial active 12) (12 cores per cpu, 2 threads per core) family 23 model 96 stepping 1 microcode 0x0, cx8, cmov, fxsr, ht, mmx, 3dnowpref, sse, sse2, sse3, ssse3, sse4a, sse4.1, sse4.2, popcnt, lzcnt, tsc, tscinvbit, avx, avx2, aes, clmul, bmi1, bmi2, adx, sha, fma, vzeroupper, clflush, clflushopt, hv

Memory: 4k page, system-wide physical 7597M (382M free)
TotalPageFile size 31149M (AvailPageFile size 5M)
current process WorkingSet (physical memory assigned to process): 307M, peak: 307M
current process commit charge ("private bytes"): 346M, peak: 348M

vm_info: OpenJDK 64-Bit Server VM (17.0.7+0-b2043.56-10550314) for windows-amd64 JRE (17.0.7+0-b2043.56-10550314), built on Jul 24 2023 18:27:45 by "androidbuild" with MS VC++ 16.10 / 16.11 (VS2019)

END.
