#
# There is insufficient memory for the Java Runtime Environment to continue.
# Native memory allocation (mmap) failed to map 15728640 bytes for G1 virtual space
# Possible reasons:
#   The system is out of physical RAM or swap space
#   The process is running with CompressedOops enabled, and the Java Heap may be blocking the growth of the native heap
# Possible solutions:
#   Reduce memory load on the system
#   Increase physical memory or swap space
#   Check if swap backing store is full
#   Decrease Java heap size (-Xmx/-Xms)
#   Decrease number of Java threads
#   Decrease Java thread stack sizes (-Xss)
#   Set larger code cache with -XX:ReservedCodeCacheSize=
#   JVM is running with Unscaled Compressed Oops mode in which the Java heap is
#     placed in the first 4GB address space. The Java Heap base address is the
#     maximum limit for the native heap growth. Please use -XX:HeapBaseMinAddress
#     to set the Java Heap base and to place the Java Heap above 4GB virtual address.
# This output file may be truncated or incomplete.
#
#  Out of Memory Error (os_windows.cpp:3771), pid=14464, tid=4812
#
# JRE version: OpenJDK Runtime Environment (17.0.7) (build 17.0.7+0-b2043.56-10550314)
# Java VM: OpenJDK 64-Bit Server VM (17.0.7+0-b2043.56-10550314, mixed mode, tiered, compressed oops, compressed class ptrs, g1 gc, windows-amd64)
# No core dump will be written. Minidumps are not enabled by default on client versions of Windows
#

---------------  S U M M A R Y ------------

Command Line: --add-opens=java.base/java.util=ALL-UNNAMED --add-opens=java.base/java.lang=ALL-UNNAMED --add-opens=java.base/java.lang.invoke=ALL-UNNAMED --add-opens=java.prefs/java.util.prefs=ALL-UNNAMED --add-opens=java.base/java.nio.charset=ALL-UNNAMED --add-opens=java.base/java.net=ALL-UNNAMED --add-opens=java.base/java.util.concurrent.atomic=ALL-UNNAMED -Xmx2048m -Dfile.encoding=UTF-8 -Duser.country=EC -Duser.language=es -Duser.variant -javaagent:C:\Users\A S U S\.gradle\wrapper\dists\gradle-8.2-bin\bbg7u40eoinfdyxsxr3z4i7ta\gradle-8.2\lib\agents\gradle-instrumentation-agent-8.2.jar org.gradle.launcher.daemon.bootstrap.GradleDaemon 8.2

Host: AMD Ryzen 5 4600H with Radeon Graphics         , 12 cores, 7G,  Windows 11 , 64 bit Build 22621 (10.0.22621.3085)
Time: Mon Feb 26 10:29:16 2024 Hora est. Pacífico, Sudamérica elapsed time: 24.433427 seconds (0d 0h 0m 24s)

---------------  T H R E A D  ---------------

Current thread (0x0000017379394ba0):  VMThread "VM Thread" [stack: 0x00000067c6300000,0x00000067c6400000] [id=4812]

Stack: [0x00000067c6300000,0x00000067c6400000]
Native frames: (J=compiled Java code, j=interpreted, Vv=VM code, C=native code)
V  [jvm.dll+0x683bfa]
V  [jvm.dll+0x8430a4]
V  [jvm.dll+0x8449be]
V  [jvm.dll+0x845023]
V  [jvm.dll+0x24ad2f]
V  [jvm.dll+0x680ac9]
V  [jvm.dll+0x67519a]
V  [jvm.dll+0x30b3cb]
V  [jvm.dll+0x312876]
V  [jvm.dll+0x36221e]
V  [jvm.dll+0x36244f]
V  [jvm.dll+0x2e14a8]
V  [jvm.dll+0x2df684]
V  [jvm.dll+0x2dec8c]
V  [jvm.dll+0x32382b]
V  [jvm.dll+0x8496eb]
V  [jvm.dll+0x84a424]
V  [jvm.dll+0x84a93d]
V  [jvm.dll+0x84ad14]
V  [jvm.dll+0x84ade0]
V  [jvm.dll+0x7f2aea]
V  [jvm.dll+0x682a35]
C  [ucrtbase.dll+0x29363]
C  [KERNEL32.DLL+0x1257d]
C  [ntdll.dll+0x5aa58]

VM_Operation (0x00000067c7af6010): G1CollectForAllocation, mode: safepoint, requested by thread 0x000001737eae5f70


---------------  P R O C E S S  ---------------

Threads class SMR info:
_java_thread_list=0x0000017301124860, length=45, elements={
0x000001735f0e6e50, 0x0000017379378980, 0x000001737937a6a0, 0x00000173793961d0,
0x0000017379500020, 0x00000173795008e0, 0x00000173795032a0, 0x000001737950f540,
0x0000017379511ff0, 0x00000173795129e0, 0x0000017379311390, 0x000001737973e560,
0x000001737f6dcbd0, 0x000001737efc39b0, 0x000001737ee33ca0, 0x000001737f78a580,
0x000001737f78bd00, 0x000001737eae2f50, 0x000001737eae5f70, 0x000001737eae3420,
0x000001737eae6440, 0x000001737eae5100, 0x000001737eae5aa0, 0x000001737eae4290,
0x000001737eae4760, 0x000001737eae2a80, 0x000001737eae4c30, 0x000001737eae55d0,
0x000001737eae38f0, 0x000001737eae3dc0, 0x00000173014806c0, 0x0000017301484a20,
0x0000017301483210, 0x00000173014823a0, 0x00000173014836e0, 0x0000017301482870,
0x0000017301485d60, 0x0000017301484ef0, 0x00000173014853c0, 0x0000017301485890,
0x0000017301483bb0, 0x000001730147fd20, 0x0000017301484080, 0x0000017301484550,
0x0000017301480b90
}

Java Threads: ( => current thread )
  0x000001735f0e6e50 JavaThread "main" [_thread_blocked, id=1684, stack(0x00000067c5d00000,0x00000067c5e00000)]
  0x0000017379378980 JavaThread "Reference Handler" daemon [_thread_blocked, id=10752, stack(0x00000067c6400000,0x00000067c6500000)]
  0x000001737937a6a0 JavaThread "Finalizer" daemon [_thread_blocked, id=1944, stack(0x00000067c6500000,0x00000067c6600000)]
  0x00000173793961d0 JavaThread "Signal Dispatcher" daemon [_thread_blocked, id=4164, stack(0x00000067c6600000,0x00000067c6700000)]
  0x0000017379500020 JavaThread "Attach Listener" daemon [_thread_blocked, id=2380, stack(0x00000067c6700000,0x00000067c6800000)]
  0x00000173795008e0 JavaThread "Service Thread" daemon [_thread_blocked, id=21712, stack(0x00000067c6800000,0x00000067c6900000)]
  0x00000173795032a0 JavaThread "Monitor Deflation Thread" daemon [_thread_blocked, id=8492, stack(0x00000067c6900000,0x00000067c6a00000)]
  0x000001737950f540 JavaThread "C2 CompilerThread0" daemon [_thread_blocked, id=22884, stack(0x00000067c6a00000,0x00000067c6b00000)]
  0x0000017379511ff0 JavaThread "C1 CompilerThread0" daemon [_thread_blocked, id=20392, stack(0x00000067c6b00000,0x00000067c6c00000)]
  0x00000173795129e0 JavaThread "Sweeper thread" daemon [_thread_blocked, id=22428, stack(0x00000067c6c00000,0x00000067c6d00000)]
  0x0000017379311390 JavaThread "Common-Cleaner" daemon [_thread_blocked, id=21968, stack(0x00000067c6d00000,0x00000067c6e00000)]
  0x000001737973e560 JavaThread "Notification Thread" daemon [_thread_blocked, id=5776, stack(0x00000067c6e00000,0x00000067c6f00000)]
  0x000001737f6dcbd0 JavaThread "Daemon health stats" [_thread_blocked, id=21316, stack(0x00000067c7400000,0x00000067c7500000)]
  0x000001737efc39b0 JavaThread "Incoming local TCP Connector on port 51107" [_thread_in_native, id=15892, stack(0x00000067c7500000,0x00000067c7600000)]
  0x000001737ee33ca0 JavaThread "Daemon periodic checks" [_thread_blocked, id=24228, stack(0x00000067c7600000,0x00000067c7700000)]
  0x000001737f78a580 JavaThread "Daemon" [_thread_blocked, id=12916, stack(0x00000067c7700000,0x00000067c7800000)]
  0x000001737f78bd00 JavaThread "Handler for socket connection from /127.0.0.1:51107 to /127.0.0.1:51108" [_thread_in_native, id=17180, stack(0x00000067c7800000,0x00000067c7900000)]
  0x000001737eae2f50 JavaThread "Cancel handler" [_thread_blocked, id=16180, stack(0x00000067c7900000,0x00000067c7a00000)]
  0x000001737eae5f70 JavaThread "Daemon worker" [_thread_blocked, id=18476, stack(0x00000067c7a00000,0x00000067c7b00000)]
  0x000001737eae3420 JavaThread "Asynchronous log dispatcher for DefaultDaemonConnection: socket connection from /127.0.0.1:51107 to /127.0.0.1:51108" [_thread_blocked, id=8608, stack(0x00000067c7b00000,0x00000067c7c00000)]
  0x000001737eae6440 JavaThread "Stdin handler" [_thread_blocked, id=20888, stack(0x00000067c7c00000,0x00000067c7d00000)]
  0x000001737eae5100 JavaThread "Daemon client event forwarder" [_thread_blocked, id=12716, stack(0x00000067c7d00000,0x00000067c7e00000)]
  0x000001737eae5aa0 JavaThread "Cache worker for journal cache (C:\Users\A S U S\.gradle\caches\journal-1)" [_thread_blocked, id=6868, stack(0x00000067c8500000,0x00000067c8600000)]
  0x000001737eae4290 JavaThread "File lock request listener" [_thread_in_native, id=23024, stack(0x00000067c8600000,0x00000067c8700000)]
  0x000001737eae4760 JavaThread "Cache worker for file hash cache (C:\Users\A S U S\.gradle\caches\8.2\fileHashes)" [_thread_blocked, id=19860, stack(0x00000067c8700000,0x00000067c8800000)]
  0x000001737eae2a80 JavaThread "File watcher server" daemon [_thread_in_native, id=18736, stack(0x00000067c8800000,0x00000067c8900000)]
  0x000001737eae4c30 JavaThread "File watcher consumer" daemon [_thread_blocked, id=9204, stack(0x00000067c8900000,0x00000067c8a00000)]
  0x000001737eae55d0 JavaThread "jar transforms" [_thread_blocked, id=22984, stack(0x00000067c8a00000,0x00000067c8b00000)]
  0x000001737eae38f0 JavaThread "jar transforms Thread 2" [_thread_blocked, id=7152, stack(0x00000067c8b00000,0x00000067c8c00000)]
  0x000001737eae3dc0 JavaThread "jar transforms Thread 3" [_thread_blocked, id=5472, stack(0x00000067c8c00000,0x00000067c8d00000)]
  0x00000173014806c0 JavaThread "jar transforms Thread 4" [_thread_blocked, id=15000, stack(0x00000067c8d00000,0x00000067c8e00000)]
  0x0000017301484a20 JavaThread "jar transforms Thread 5" [_thread_blocked, id=19932, stack(0x00000067c8e00000,0x00000067c8f00000)]
  0x0000017301483210 JavaThread "jar transforms Thread 6" [_thread_blocked, id=23928, stack(0x00000067c8f00000,0x00000067c9000000)]
  0x00000173014823a0 JavaThread "jar transforms Thread 7" [_thread_blocked, id=2032, stack(0x00000067c9000000,0x00000067c9100000)]
  0x00000173014836e0 JavaThread "jar transforms Thread 8" [_thread_blocked, id=21084, stack(0x00000067c9100000,0x00000067c9200000)]
  0x0000017301482870 JavaThread "jar transforms Thread 9" [_thread_blocked, id=4264, stack(0x00000067c9200000,0x00000067c9300000)]
  0x0000017301485d60 JavaThread "jar transforms Thread 10" [_thread_blocked, id=11304, stack(0x00000067c9300000,0x00000067c9400000)]
  0x0000017301484ef0 JavaThread "jar transforms Thread 11" [_thread_blocked, id=9220, stack(0x00000067c9400000,0x00000067c9500000)]
  0x00000173014853c0 JavaThread "jar transforms Thread 12" [_thread_blocked, id=21108, stack(0x00000067c9500000,0x00000067c9600000)]
  0x0000017301485890 JavaThread "Cache worker for checksums cache (C:\Users\A S U S\Desktop\Frans\Tesis\Tesis_App\.gradle\8.2\checksums)" [_thread_blocked, id=9744, stack(0x00000067c9600000,0x00000067c9700000)]
  0x0000017301483bb0 JavaThread "Cache worker for cache directory md-rule (C:\Users\A S U S\.gradle\caches\8.2\md-rule)" [_thread_blocked, id=3164, stack(0x00000067c9700000,0x00000067c9800000)]
  0x000001730147fd20 JavaThread "Cache worker for file content cache (C:\Users\A S U S\.gradle\caches\8.2\fileContent)" [_thread_blocked, id=6692, stack(0x00000067c9800000,0x00000067c9900000)]
  0x0000017301484080 JavaThread "Cache worker for file hash cache (C:\Users\A S U S\Desktop\Frans\Tesis\Tesis_App\.gradle\8.2\fileHashes)" [_thread_blocked, id=20708, stack(0x00000067c9900000,0x00000067c9a00000)]
  0x0000017301484550 JavaThread "Cache worker for cache directory md-supplier (C:\Users\A S U S\.gradle\caches\8.2\md-supplier)" [_thread_blocked, id=14636, stack(0x00000067c9a00000,0x00000067c9b00000)]
  0x0000017301480b90 JavaThread "Cache worker for execution history cache (C:\Users\A S U S\.gradle\caches\8.2\executionHistory)" [_thread_blocked, id=24436, stack(0x00000067c9b00000,0x00000067c9c00000)]

Other Threads:
=>0x0000017379394ba0 VMThread "VM Thread" [stack: 0x00000067c6300000,0x00000067c6400000] [id=4812]
  0x000001735f15a530 WatcherThread [stack: 0x00000067c6f00000,0x00000067c7000000] [id=17540]
  0x000001735f141fb0 GCTaskThread "GC Thread#0" [stack: 0x00000067c5e00000,0x00000067c5f00000] [id=3068]
  0x000001737e96c280 GCTaskThread "GC Thread#1" [stack: 0x00000067c7000000,0x00000067c7100000] [id=8308]
  0x000001737e8d5cf0 GCTaskThread "GC Thread#2" [stack: 0x00000067c7100000,0x00000067c7200000] [id=9308]
  0x000001737e9c0c80 GCTaskThread "GC Thread#3" [stack: 0x00000067c7200000,0x00000067c7300000] [id=6580]
  0x000001737ea53f70 GCTaskThread "GC Thread#4" [stack: 0x00000067c7300000,0x00000067c7400000] [id=23472]
  0x000001737e265ca0 GCTaskThread "GC Thread#5" [stack: 0x00000067c7e00000,0x00000067c7f00000] [id=21392]
  0x00000173797344f0 GCTaskThread "GC Thread#6" [stack: 0x00000067c7f00000,0x00000067c8000000] [id=16632]
  0x00000173000d4f30 GCTaskThread "GC Thread#7" [stack: 0x00000067c8000000,0x00000067c8100000] [id=17088]
  0x000001737e1b3940 GCTaskThread "GC Thread#8" [stack: 0x00000067c8100000,0x00000067c8200000] [id=6128]
  0x000001737efd1960 GCTaskThread "GC Thread#9" [stack: 0x00000067c8200000,0x00000067c8300000] [id=11020]
  0x000001735f152fd0 ConcurrentGCThread "G1 Main Marker" [stack: 0x00000067c5f00000,0x00000067c6000000] [id=21348]
  0x000001735f154180 ConcurrentGCThread "G1 Conc#0" [stack: 0x00000067c6000000,0x00000067c6100000] [id=12620]
  0x000001737f6b0c80 ConcurrentGCThread "G1 Conc#1" [stack: 0x00000067c8300000,0x00000067c8400000] [id=17836]
  0x00000173796ee1f0 ConcurrentGCThread "G1 Conc#2" [stack: 0x00000067c8400000,0x00000067c8500000] [id=7556]
  0x000001735f19e8c0 ConcurrentGCThread "G1 Refine#0" [stack: 0x00000067c6100000,0x00000067c6200000] [id=18724]
  0x00000173791da850 ConcurrentGCThread "G1 Service" [stack: 0x00000067c6200000,0x00000067c6300000] [id=19036]

Threads with active compile tasks:
C2 CompilerThread0    24471 3874       4       java.lang.AbstractStringBuilder::append (55 bytes)

VM state: at safepoint (normal execution)

VM Mutex/Monitor currently owned by a thread:  ([mutex/lock_event])
[0x000001735f0e4290] Threads_lock - owner thread: 0x0000017379394ba0
[0x000001735f0e44d0] Heap_lock - owner thread: 0x000001737eae5f70

Heap address: 0x0000000080000000, size: 2048 MB, Compressed Oops mode: 32-bit

CDS archive(s) not mapped
Compressed class space mapped at: 0x0000000100000000-0x0000000140000000, reserved size: 1073741824
Narrow klass base: 0x0000000000000000, Narrow klass shift: 3, Narrow klass range: 0x140000000

GC Precious Log:
 CPUs: 12 total, 12 available
 Memory: 7597M
 Large Page Support: Disabled
 NUMA Support: Disabled
 Compressed Oops: Enabled (32-bit)
 Heap Region Size: 1M
 Heap Min Capacity: 8M
 Heap Initial Capacity: 120M
 Heap Max Capacity: 2G
 Pre-touch: Disabled
 Parallel Workers: 10
 Concurrent Workers: 3
 Concurrent Refinement Workers: 10
 Periodic GC: Disabled

Heap:
 garbage-first heap   total 107520K, used 57333K [0x0000000080000000, 0x0000000100000000)
  region size 1024K, 2 young (2048K), 2 survivors (2048K)
 Metaspace       used 45892K, committed 46400K, reserved 1114112K
  class space    used 6096K, committed 6336K, reserved 1048576K

Heap Regions: E=young(eden), S=young(survivor), O=old, HS=humongous(starts), HC=humongous(continues), CS=collection set, F=free, OA=open archive, CA=closed archive, TAMS=top-at-mark-start (previous, next)
|   0|0x0000000080000000, 0x0000000080100000, 0x0000000080100000|100%|HS|  |TAMS 0x0000000080100000, 0x0000000080000000| Complete 
|   1|0x0000000080100000, 0x0000000080200000, 0x0000000080200000|100%|HC|  |TAMS 0x0000000080200000, 0x0000000080100000| Complete 
|   2|0x0000000080200000, 0x0000000080300000, 0x0000000080300000|100%|HC|  |TAMS 0x0000000080300000, 0x0000000080200000| Complete 
|   3|0x0000000080300000, 0x0000000080400000, 0x0000000080400000|100%|HC|  |TAMS 0x0000000080400000, 0x0000000080300000| Complete 
|   4|0x0000000080400000, 0x0000000080500000, 0x0000000080500000|100%| O|  |TAMS 0x0000000080500000, 0x0000000080400000| Untracked 
|   5|0x0000000080500000, 0x0000000080600000, 0x0000000080600000|100%| O|  |TAMS 0x0000000080600000, 0x0000000080500000| Untracked 
|   6|0x0000000080600000, 0x0000000080700000, 0x0000000080700000|100%| O|  |TAMS 0x0000000080700000, 0x0000000080600000| Untracked 
|   7|0x0000000080700000, 0x0000000080800000, 0x0000000080800000|100%| O|  |TAMS 0x0000000080800000, 0x0000000080700000| Untracked 
|   8|0x0000000080800000, 0x0000000080900000, 0x0000000080900000|100%| O|  |TAMS 0x0000000080900000, 0x0000000080800000| Untracked 
|   9|0x0000000080900000, 0x0000000080a00000, 0x0000000080a00000|100%| O|  |TAMS 0x0000000080a00000, 0x0000000080900000| Untracked 
|  10|0x0000000080a00000, 0x0000000080a79400, 0x0000000080b00000| 47%| O|  |TAMS 0x0000000080a79400, 0x0000000080a00000| Untracked 
|  11|0x0000000080b00000, 0x0000000080c00000, 0x0000000080c00000|100%| O|  |TAMS 0x0000000080c00000, 0x0000000080b00000| Untracked 
|  12|0x0000000080c00000, 0x0000000080d00000, 0x0000000080d00000|100%| O|  |TAMS 0x0000000080d00000, 0x0000000080c00000| Untracked 
|  13|0x0000000080d00000, 0x0000000080e00000, 0x0000000080e00000|100%| O|  |TAMS 0x0000000080e00000, 0x0000000080d00000| Untracked 
|  14|0x0000000080e00000, 0x0000000080f00000, 0x0000000080f00000|100%| O|  |TAMS 0x0000000080f00000, 0x0000000080e00000| Untracked 
|  15|0x0000000080f00000, 0x0000000081000000, 0x0000000081000000|100%| O|  |TAMS 0x0000000081000000, 0x0000000080f00000| Untracked 
|  16|0x0000000081000000, 0x0000000081100000, 0x0000000081100000|100%| O|  |TAMS 0x0000000081100000, 0x0000000081000000| Untracked 
|  17|0x0000000081100000, 0x0000000081200000, 0x0000000081200000|100%| O|  |TAMS 0x0000000081200000, 0x0000000081100000| Untracked 
|  18|0x0000000081200000, 0x0000000081300000, 0x0000000081300000|100%| O|  |TAMS 0x0000000081300000, 0x0000000081200000| Untracked 
|  19|0x0000000081300000, 0x0000000081400000, 0x0000000081400000|100%|HS|  |TAMS 0x0000000081400000, 0x0000000081300000| Complete 
|  20|0x0000000081400000, 0x0000000081500000, 0x0000000081500000|100%|HC|  |TAMS 0x0000000081500000, 0x0000000081400000| Complete 
|  21|0x0000000081500000, 0x0000000081600000, 0x0000000081600000|100%|HS|  |TAMS 0x0000000081600000, 0x0000000081500000| Complete 
|  22|0x0000000081600000, 0x0000000081700000, 0x0000000081700000|100%|HC|  |TAMS 0x0000000081700000, 0x0000000081600000| Complete 
|  23|0x0000000081700000, 0x0000000081800000, 0x0000000081800000|100%|HC|  |TAMS 0x0000000081800000, 0x0000000081700000| Complete 
|  24|0x0000000081800000, 0x0000000081900000, 0x0000000081900000|100%|HS|  |TAMS 0x0000000081900000, 0x0000000081800000| Complete 
|  25|0x0000000081900000, 0x0000000081a00000, 0x0000000081a00000|100%|HC|  |TAMS 0x0000000081a00000, 0x0000000081900000| Complete 
|  26|0x0000000081a00000, 0x0000000081b00000, 0x0000000081b00000|100%| O|  |TAMS 0x0000000081b00000, 0x0000000081a00000| Untracked 
|  27|0x0000000081b00000, 0x0000000081c00000, 0x0000000081c00000|100%| O|  |TAMS 0x0000000081c00000, 0x0000000081b00000| Untracked 
|  28|0x0000000081c00000, 0x0000000081d00000, 0x0000000081d00000|100%|HS|  |TAMS 0x0000000081d00000, 0x0000000081c00000| Complete 
|  29|0x0000000081d00000, 0x0000000081e00000, 0x0000000081e00000|100%|HC|  |TAMS 0x0000000081e00000, 0x0000000081d00000| Complete 
|  30|0x0000000081e00000, 0x0000000081f00000, 0x0000000081f00000|100%|HC|  |TAMS 0x0000000081f00000, 0x0000000081e00000| Complete 
|  31|0x0000000081f00000, 0x0000000082000000, 0x0000000082000000|100%|HC|  |TAMS 0x0000000082000000, 0x0000000081f00000| Complete 
|  32|0x0000000082000000, 0x0000000082100000, 0x0000000082100000|100%|HC|  |TAMS 0x0000000082100000, 0x0000000082000000| Complete 
|  33|0x0000000082100000, 0x0000000082200000, 0x0000000082200000|100%|HC|  |TAMS 0x0000000082200000, 0x0000000082100000| Complete 
|  34|0x0000000082200000, 0x0000000082300000, 0x0000000082300000|100%|HC|  |TAMS 0x0000000082300000, 0x0000000082200000| Complete 
|  35|0x0000000082300000, 0x0000000082400000, 0x0000000082400000|100%|HC|  |TAMS 0x0000000082400000, 0x0000000082300000| Complete 
|  36|0x0000000082400000, 0x0000000082500000, 0x0000000082500000|100%|HC|  |TAMS 0x0000000082500000, 0x0000000082400000| Complete 
|  37|0x0000000082500000, 0x0000000082600000, 0x0000000082600000|100%|HC|  |TAMS 0x0000000082600000, 0x0000000082500000| Complete 
|  38|0x0000000082600000, 0x0000000082700000, 0x0000000082700000|100%|HC|  |TAMS 0x0000000082700000, 0x0000000082600000| Complete 
|  39|0x0000000082700000, 0x0000000082800000, 0x0000000082800000|100%|HC|  |TAMS 0x0000000082800000, 0x0000000082700000| Complete 
|  40|0x0000000082800000, 0x0000000082900000, 0x0000000082900000|100%| O|  |TAMS 0x0000000082900000, 0x0000000082800000| Untracked 
|  41|0x0000000082900000, 0x0000000082a00000, 0x0000000082a00000|100%| O|  |TAMS 0x0000000082a00000, 0x0000000082900000| Untracked 
|  42|0x0000000082a00000, 0x0000000082b00000, 0x0000000082b00000|100%| O|  |TAMS 0x0000000082b00000, 0x0000000082a00000| Untracked 
|  43|0x0000000082b00000, 0x0000000082c00000, 0x0000000082c00000|100%| O|  |TAMS 0x0000000082c00000, 0x0000000082b00000| Untracked 
|  44|0x0000000082c00000, 0x0000000082d00000, 0x0000000082d00000|100%|HS|  |TAMS 0x0000000082d00000, 0x0000000082c00000| Complete 
|  45|0x0000000082d00000, 0x0000000082e00000, 0x0000000082e00000|100%|HC|  |TAMS 0x0000000082e00000, 0x0000000082d00000| Complete 
|  46|0x0000000082e00000, 0x0000000082f00000, 0x0000000082f00000|100%| O|  |TAMS 0x0000000082f00000, 0x0000000082e00000| Untracked 
|  47|0x0000000082f00000, 0x0000000083000000, 0x0000000083000000|100%| O|  |TAMS 0x0000000083000000, 0x0000000082f00000| Untracked 
|  48|0x0000000083000000, 0x0000000083100000, 0x0000000083100000|100%| O|  |TAMS 0x0000000083100000, 0x0000000083000000| Untracked 
|  49|0x0000000083100000, 0x0000000083200000, 0x0000000083200000|100%| O|  |TAMS 0x0000000083190600, 0x0000000083100000| Untracked 
|  50|0x0000000083200000, 0x0000000083300000, 0x0000000083300000|100%| O|  |TAMS 0x0000000083200000, 0x0000000083200000| Untracked 
|  51|0x0000000083300000, 0x0000000083400000, 0x0000000083400000|100%| O|  |TAMS 0x0000000083300000, 0x0000000083300000| Untracked 
|  52|0x0000000083400000, 0x0000000083500000, 0x0000000083500000|100%| O|  |TAMS 0x0000000083400000, 0x0000000083400000| Untracked 
|  53|0x0000000083500000, 0x0000000083600000, 0x0000000083600000|100%| O|  |TAMS 0x0000000083500000, 0x0000000083500000| Untracked 
|  54|0x0000000083600000, 0x0000000083600000, 0x0000000083700000|  0%| F|  |TAMS 0x0000000083600000, 0x0000000083600000| Untracked 
|  55|0x0000000083700000, 0x0000000083700000, 0x0000000083800000|  0%| F|  |TAMS 0x0000000083700000, 0x0000000083700000| Untracked 
|  56|0x0000000083800000, 0x0000000083800000, 0x0000000083900000|  0%| F|  |TAMS 0x0000000083800000, 0x0000000083800000| Untracked 
|  57|0x0000000083900000, 0x0000000083900000, 0x0000000083a00000|  0%| F|  |TAMS 0x0000000083900000, 0x0000000083900000| Untracked 
|  58|0x0000000083a00000, 0x0000000083a00000, 0x0000000083b00000|  0%| F|  |TAMS 0x0000000083a00000, 0x0000000083a00000| Untracked 
|  59|0x0000000083b00000, 0x0000000083bf8a00, 0x0000000083c00000| 97%| O|  |TAMS 0x0000000083b00000, 0x0000000083b00000| Untracked 
|  60|0x0000000083c00000, 0x0000000083c00000, 0x0000000083d00000|  0%| F|  |TAMS 0x0000000083c00000, 0x0000000083c00000| Untracked 
|  61|0x0000000083d00000, 0x0000000083d00000, 0x0000000083e00000|  0%| F|  |TAMS 0x0000000083d00000, 0x0000000083d00000| Untracked 
|  62|0x0000000083e00000, 0x0000000083e00000, 0x0000000083f00000|  0%| F|  |TAMS 0x0000000083e00000, 0x0000000083e00000| Untracked 
|  63|0x0000000083f00000, 0x0000000083f00000, 0x0000000084000000|  0%| F|  |TAMS 0x0000000083f00000, 0x0000000083f00000| Untracked 
|  64|0x0000000084000000, 0x0000000084000000, 0x0000000084100000|  0%| F|  |TAMS 0x0000000084000000, 0x0000000084000000| Untracked 
|  65|0x0000000084100000, 0x0000000084100000, 0x0000000084200000|  0%| F|  |TAMS 0x0000000084100000, 0x0000000084100000| Untracked 
|  66|0x0000000084200000, 0x0000000084200000, 0x0000000084300000|  0%| F|  |TAMS 0x0000000084200000, 0x0000000084200000| Untracked 
|  67|0x0000000084300000, 0x0000000084300000, 0x0000000084400000|  0%| F|  |TAMS 0x0000000084300000, 0x0000000084300000| Untracked 
|  68|0x0000000084400000, 0x0000000084400000, 0x0000000084500000|  0%| F|  |TAMS 0x0000000084400000, 0x0000000084400000| Untracked 
|  69|0x0000000084500000, 0x0000000084500000, 0x0000000084600000|  0%| F|  |TAMS 0x0000000084500000, 0x0000000084500000| Untracked 
|  70|0x0000000084600000, 0x0000000084600000, 0x0000000084700000|  0%| F|  |TAMS 0x0000000084600000, 0x0000000084600000| Untracked 
|  71|0x0000000084700000, 0x0000000084700000, 0x0000000084800000|  0%| F|  |TAMS 0x0000000084700000, 0x0000000084700000| Untracked 
|  72|0x0000000084800000, 0x0000000084800000, 0x0000000084900000|  0%| F|  |TAMS 0x0000000084800000, 0x0000000084800000| Untracked 
|  73|0x0000000084900000, 0x0000000084900000, 0x0000000084a00000|  0%| F|  |TAMS 0x0000000084900000, 0x0000000084900000| Untracked 
|  74|0x0000000084a00000, 0x0000000084a00000, 0x0000000084b00000|  0%| F|  |TAMS 0x0000000084a00000, 0x0000000084a00000| Untracked 
|  75|0x0000000084b00000, 0x0000000084b00000, 0x0000000084c00000|  0%| F|  |TAMS 0x0000000084b00000, 0x0000000084b00000| Untracked 
|  76|0x0000000084c00000, 0x0000000084c00000, 0x0000000084d00000|  0%| F|  |TAMS 0x0000000084c00000, 0x0000000084c00000| Untracked 
|  77|0x0000000084d00000, 0x0000000084d00000, 0x0000000084e00000|  0%| F|  |TAMS 0x0000000084d00000, 0x0000000084d00000| Untracked 
|  78|0x0000000084e00000, 0x0000000084e00000, 0x0000000084f00000|  0%| F|  |TAMS 0x0000000084e00000, 0x0000000084e00000| Untracked 
|  79|0x0000000084f00000, 0x0000000084f00000, 0x0000000085000000|  0%| F|  |TAMS 0x0000000084f00000, 0x0000000084f00000| Untracked 
|  80|0x0000000085000000, 0x0000000085000000, 0x0000000085100000|  0%| F|  |TAMS 0x0000000085000000, 0x0000000085000000| Untracked 
|  81|0x0000000085100000, 0x0000000085100000, 0x0000000085200000|  0%| F|  |TAMS 0x0000000085100000, 0x0000000085100000| Untracked 
|  82|0x0000000085200000, 0x0000000085200000, 0x0000000085300000|  0%| F|  |TAMS 0x0000000085200000, 0x0000000085200000| Untracked 
|  83|0x0000000085300000, 0x000000008538b860, 0x0000000085400000| 54%| S|CS|TAMS 0x0000000085300000, 0x0000000085300000| Complete 
|  84|0x0000000085400000, 0x0000000085500000, 0x0000000085500000|100%| S|CS|TAMS 0x0000000085400000, 0x0000000085400000| Complete 
|  85|0x0000000085500000, 0x0000000085500000, 0x0000000085600000|  0%| F|  |TAMS 0x0000000085500000, 0x0000000085500000| Untracked 
|  86|0x0000000085600000, 0x0000000085600000, 0x0000000085700000|  0%| F|  |TAMS 0x0000000085600000, 0x0000000085600000| Untracked 
|  87|0x0000000085700000, 0x0000000085700000, 0x0000000085800000|  0%| F|  |TAMS 0x0000000085700000, 0x0000000085700000| Untracked 
|  88|0x0000000085800000, 0x0000000085800000, 0x0000000085900000|  0%| F|  |TAMS 0x0000000085800000, 0x0000000085800000| Untracked 
|  89|0x0000000085900000, 0x0000000085900000, 0x0000000085a00000|  0%| F|  |TAMS 0x0000000085900000, 0x0000000085900000| Untracked 
|  90|0x0000000085a00000, 0x0000000085a00000, 0x0000000085b00000|  0%| F|  |TAMS 0x0000000085a00000, 0x0000000085a00000| Untracked 
|  91|0x0000000085b00000, 0x0000000085b00000, 0x0000000085c00000|  0%| F|  |TAMS 0x0000000085b00000, 0x0000000085b00000| Untracked 
|  92|0x0000000085c00000, 0x0000000085c00000, 0x0000000085d00000|  0%| F|  |TAMS 0x0000000085c00000, 0x0000000085c00000| Untracked 
|  93|0x0000000085d00000, 0x0000000085d00000, 0x0000000085e00000|  0%| F|  |TAMS 0x0000000085d00000, 0x0000000085d00000| Untracked 
|  94|0x0000000085e00000, 0x0000000085e00000, 0x0000000085f00000|  0%| F|  |TAMS 0x0000000085e00000, 0x0000000085e00000| Untracked 
|  95|0x0000000085f00000, 0x0000000085f00000, 0x0000000086000000|  0%| F|  |TAMS 0x0000000085f00000, 0x0000000085f00000| Untracked 
|  96|0x0000000086000000, 0x0000000086000000, 0x0000000086100000|  0%| F|  |TAMS 0x0000000086000000, 0x0000000086000000| Untracked 
|  97|0x0000000086100000, 0x0000000086100000, 0x0000000086200000|  0%| F|  |TAMS 0x0000000086100000, 0x0000000086100000| Untracked 
|  98|0x0000000086200000, 0x0000000086200000, 0x0000000086300000|  0%| F|  |TAMS 0x0000000086200000, 0x0000000086200000| Untracked 
|  99|0x0000000086300000, 0x0000000086300000, 0x0000000086400000|  0%| F|  |TAMS 0x0000000086300000, 0x0000000086300000| Untracked 
| 100|0x0000000086400000, 0x0000000086400000, 0x0000000086500000|  0%| F|  |TAMS 0x0000000086400000, 0x0000000086400000| Untracked 
| 101|0x0000000086500000, 0x0000000086500000, 0x0000000086600000|  0%| F|  |TAMS 0x0000000086500000, 0x0000000086500000| Untracked 
| 102|0x0000000086600000, 0x0000000086600000, 0x0000000086700000|  0%| F|  |TAMS 0x0000000086600000, 0x0000000086600000| Untracked 
| 103|0x0000000086700000, 0x0000000086700000, 0x0000000086800000|  0%| F|  |TAMS 0x0000000086700000, 0x0000000086700000| Untracked 
| 119|0x0000000087700000, 0x0000000087700000, 0x0000000087800000|  0%| F|  |TAMS 0x0000000087700000, 0x0000000087700000| Untracked 

Card table byte_map: [0x0000017371f00000,0x0000017372300000] _byte_map_base: 0x0000017371b00000

Marking Bits (Prev, Next): (CMBitMap*) 0x000001735f142600, (CMBitMap*) 0x000001735f1425c0
 Prev Bits: [0x0000017374700000, 0x0000017376700000)
 Next Bits: [0x0000017372700000, 0x0000017374700000)

Polling page: 0x000001735d040000

Metaspace:

Usage:
  Non-class:     38.86 MB used.
      Class:      5.95 MB used.
       Both:     44.82 MB used.

Virtual space:
  Non-class space:       64.00 MB reserved,      39.12 MB ( 61%) committed,  1 nodes.
      Class space:        1.00 GB reserved,       6.19 MB ( <1%) committed,  1 nodes.
             Both:        1.06 GB reserved,      45.31 MB (  4%) committed. 

Chunk freelists:
   Non-Class:  7.97 MB
       Class:  9.75 MB
        Both:  17.72 MB

MaxMetaspaceSize: unlimited
CompressedClassSpaceSize: 1.00 GB
Initial GC threshold: 21.00 MB
Current GC threshold: 71.69 MB
CDS: off
MetaspaceReclaimPolicy: balanced
 - commit_granule_bytes: 65536.
 - commit_granule_words: 8192.
 - virtual_space_node_default_size: 8388608.
 - enlarge_chunks_in_place: 1.
 - new_chunks_are_fully_committed: 0.
 - uncommit_free_chunks: 1.
 - use_allocation_guard: 0.
 - handle_deallocations: 1.


Internal statistics:

num_allocs_failed_limit: 3.
num_arena_births: 422.
num_arena_deaths: 0.
num_vsnodes_births: 2.
num_vsnodes_deaths: 0.
num_space_committed: 725.
num_space_uncommitted: 0.
num_chunks_returned_to_freelist: 3.
num_chunks_taken_from_freelist: 1813.
num_chunk_merges: 3.
num_chunk_splits: 1182.
num_chunks_enlarged: 800.
num_inconsistent_stats: 0.

CodeHeap 'non-profiled nmethods': size=120000Kb used=1965Kb max_used=1965Kb free=118035Kb
 bounds [0x000001736a080000, 0x000001736a2f0000, 0x00000173715b0000]
CodeHeap 'profiled nmethods': size=120000Kb used=8138Kb max_used=8138Kb free=111861Kb
 bounds [0x00000173625b0000, 0x0000017362db0000, 0x0000017369ae0000]
CodeHeap 'non-nmethods': size=5760Kb used=2291Kb max_used=2316Kb free=3468Kb
 bounds [0x0000017369ae0000, 0x0000017369d50000, 0x000001736a080000]
 total_blobs=4825 nmethods=4026 adapters=711
 compilation: enabled
              stopped_count=0, restarted_count=0
 full_count=0

Compilation events (20 events):
Event: 24.375 Thread 0x0000017379511ff0 4056       3       java.lang.System::getProperty (25 bytes)
Event: 24.375 Thread 0x0000017379511ff0 nmethod 4056 0x0000017362d9f310 code [0x0000017362d9f520, 0x0000017362d9fbf8]
Event: 24.386 Thread 0x0000017379511ff0 4057       3       java.util.concurrent.locks.AbstractQueuedSynchronizer$Node::setStatusRelaxed (12 bytes)
Event: 24.386 Thread 0x0000017379511ff0 nmethod 4057 0x0000017362d9fe90 code [0x0000017362da0020, 0x0000017362da0138]
Event: 24.406 Thread 0x000001737950f540 nmethod 4055 0x000001736a267b10 code [0x000001736a267d20, 0x000001736a268f90]
Event: 24.406 Thread 0x000001737950f540 4025       4       java.lang.Class::getClassLoader (28 bytes)
Event: 24.407 Thread 0x000001737950f540 nmethod 4025 0x000001736a269910 code [0x000001736a269a80, 0x000001736a269b38]
Event: 24.407 Thread 0x000001737950f540 3956       4       java.util.stream.MatchOps$1MatchSink::accept (44 bytes)
Event: 24.408 Thread 0x000001737950f540 nmethod 3956 0x000001736a269c10 code [0x000001736a269da0, 0x000001736a269e98]
Event: 24.408 Thread 0x000001737950f540 3925       4       java.lang.Class::reflectionData (43 bytes)
Event: 24.412 Thread 0x000001737950f540 nmethod 3925 0x000001736a269f90 code [0x000001736a26a120, 0x000001736a26a538]
Event: 24.412 Thread 0x000001737950f540 4051       4       org.objectweb.asm.Symbol::<init> (38 bytes)
Event: 24.414 Thread 0x000001737950f540 nmethod 4051 0x000001736a26a710 code [0x000001736a26a880, 0x000001736a26ab98]
Event: 24.414 Thread 0x000001737950f540 4058       4       java.util.ArrayDeque::add (7 bytes)
Event: 24.416 Thread 0x000001737950f540 nmethod 4058 0x000001736a26ac10 code [0x000001736a26ada0, 0x000001736a26afc8]
Event: 24.416 Thread 0x000001737950f540 3874       4       java.lang.AbstractStringBuilder::append (55 bytes)
Event: 24.418 Thread 0x0000017379511ff0 4060       3       java.lang.invoke.InvokerBytecodeGenerator::storeInsnOpcode (98 bytes)
Event: 24.419 Thread 0x0000017379511ff0 nmethod 4060 0x0000017362da0210 code [0x0000017362da0480, 0x0000017362da0e58]
Event: 24.419 Thread 0x0000017379511ff0 4061       3       java.lang.invoke.MethodType::dropParameterTypes (162 bytes)
Event: 24.420 Thread 0x0000017379511ff0 nmethod 4061 0x0000017362da1190 code [0x0000017362da1480, 0x0000017362da23a8]

GC Heap History (20 events):
Event: 19.717 GC heap after
{Heap after GC invocations=3 (full 0):
 garbage-first heap   total 122880K, used 18883K [0x0000000080000000, 0x0000000100000000)
  region size 1024K, 8 young (8192K), 8 survivors (8192K)
 Metaspace       used 21330K, committed 21504K, reserved 1114112K
  class space    used 2550K, committed 2624K, reserved 1048576K
}
Event: 20.443 GC heap before
{Heap before GC invocations=4 (full 0):
 garbage-first heap   total 68608K, used 50627K [0x0000000080000000, 0x0000000100000000)
  region size 1024K, 40 young (40960K), 8 survivors (8192K)
 Metaspace       used 25963K, committed 26240K, reserved 1114112K
  class space    used 3379K, committed 3520K, reserved 1048576K
}
Event: 20.453 GC heap after
{Heap after GC invocations=5 (full 0):
 garbage-first heap   total 68608K, used 20744K [0x0000000080000000, 0x0000000100000000)
  region size 1024K, 3 young (3072K), 3 survivors (3072K)
 Metaspace       used 25963K, committed 26240K, reserved 1114112K
  class space    used 3379K, committed 3520K, reserved 1048576K
}
Event: 20.956 GC heap before
{Heap before GC invocations=5 (full 0):
 garbage-first heap   total 68608K, used 47368K [0x0000000080000000, 0x0000000100000000)
  region size 1024K, 29 young (29696K), 3 survivors (3072K)
 Metaspace       used 29664K, committed 30016K, reserved 1114112K
  class space    used 4010K, committed 4160K, reserved 1048576K
}
Event: 20.961 GC heap after
{Heap after GC invocations=6 (full 0):
 garbage-first heap   total 68608K, used 22425K [0x0000000080000000, 0x0000000100000000)
  region size 1024K, 4 young (4096K), 4 survivors (4096K)
 Metaspace       used 29664K, committed 30016K, reserved 1114112K
  class space    used 4010K, committed 4160K, reserved 1048576K
}
Event: 21.305 GC heap before
{Heap before GC invocations=6 (full 0):
 garbage-first heap   total 68608K, used 33689K [0x0000000080000000, 0x0000000100000000)
  region size 1024K, 10 young (10240K), 4 survivors (4096K)
 Metaspace       used 29953K, committed 30272K, reserved 1114112K
  class space    used 4067K, committed 4224K, reserved 1048576K
}
Event: 21.309 GC heap after
{Heap after GC invocations=7 (full 0):
 garbage-first heap   total 68608K, used 31982K [0x0000000080000000, 0x0000000100000000)
  region size 1024K, 4 young (4096K), 4 survivors (4096K)
 Metaspace       used 29953K, committed 30272K, reserved 1114112K
  class space    used 4067K, committed 4224K, reserved 1048576K
}
Event: 21.322 GC heap before
{Heap before GC invocations=7 (full 0):
 garbage-first heap   total 68608K, used 44270K [0x0000000080000000, 0x0000000100000000)
  region size 1024K, 5 young (5120K), 4 survivors (4096K)
 Metaspace       used 29953K, committed 30272K, reserved 1114112K
  class space    used 4067K, committed 4224K, reserved 1048576K
}
Event: 21.325 GC heap after
{Heap after GC invocations=8 (full 0):
 garbage-first heap   total 68608K, used 44290K [0x0000000080000000, 0x0000000100000000)
  region size 1024K, 1 young (1024K), 1 survivors (1024K)
 Metaspace       used 29953K, committed 30272K, reserved 1114112K
  class space    used 4067K, committed 4224K, reserved 1048576K
}
Event: 22.714 GC heap before
{Heap before GC invocations=9 (full 0):
 garbage-first heap   total 81920K, used 54530K [0x0000000080000000, 0x0000000100000000)
  region size 1024K, 10 young (10240K), 1 survivors (1024K)
 Metaspace       used 30900K, committed 31232K, reserved 1114112K
  class space    used 4219K, committed 4416K, reserved 1048576K
}
Event: 22.717 GC heap after
{Heap after GC invocations=10 (full 0):
 garbage-first heap   total 98304K, used 48470K [0x0000000080000000, 0x0000000100000000)
  region size 1024K, 2 young (2048K), 2 survivors (2048K)
 Metaspace       used 30900K, committed 31232K, reserved 1114112K
  class space    used 4219K, committed 4416K, reserved 1048576K
}
Event: 23.129 GC heap before
{Heap before GC invocations=10 (full 0):
 garbage-first heap   total 98304K, used 73046K [0x0000000080000000, 0x0000000100000000)
  region size 1024K, 26 young (26624K), 2 survivors (2048K)
 Metaspace       used 33883K, committed 34240K, reserved 1114112K
  class space    used 4696K, committed 4864K, reserved 1048576K
}
Event: 23.132 GC heap after
{Heap after GC invocations=11 (full 0):
 garbage-first heap   total 98304K, used 50061K [0x0000000080000000, 0x0000000100000000)
  region size 1024K, 4 young (4096K), 4 survivors (4096K)
 Metaspace       used 33883K, committed 34240K, reserved 1114112K
  class space    used 4696K, committed 4864K, reserved 1048576K
}
Event: 23.549 GC heap before
{Heap before GC invocations=12 (full 0):
 garbage-first heap   total 98304K, used 73613K [0x0000000080000000, 0x0000000100000000)
  region size 1024K, 28 young (28672K), 4 survivors (4096K)
 Metaspace       used 37791K, committed 38144K, reserved 1114112K
  class space    used 5235K, committed 5376K, reserved 1048576K
}
Event: 23.553 GC heap after
{Heap after GC invocations=13 (full 0):
 garbage-first heap   total 98304K, used 51253K [0x0000000080000000, 0x0000000100000000)
  region size 1024K, 3 young (3072K), 3 survivors (3072K)
 Metaspace       used 37791K, committed 38144K, reserved 1114112K
  class space    used 5235K, committed 5376K, reserved 1048576K
}
Event: 23.938 GC heap before
{Heap before GC invocations=13 (full 0):
 garbage-first heap   total 98304K, used 74805K [0x0000000080000000, 0x0000000100000000)
  region size 1024K, 27 young (27648K), 3 survivors (3072K)
 Metaspace       used 42508K, committed 42880K, reserved 1114112K
  class space    used 5702K, committed 5888K, reserved 1048576K
}
Event: 23.943 GC heap after
{Heap after GC invocations=14 (full 0):
 garbage-first heap   total 98304K, used 54310K [0x0000000080000000, 0x0000000100000000)
  region size 1024K, 4 young (4096K), 4 survivors (4096K)
 Metaspace       used 42508K, committed 42880K, reserved 1114112K
  class space    used 5702K, committed 5888K, reserved 1048576K
}
Event: 24.065 GC heap before
{Heap before GC invocations=15 (full 0):
 garbage-first heap   total 98304K, used 69670K [0x0000000080000000, 0x0000000100000000)
  region size 1024K, 21 young (21504K), 4 survivors (4096K)
 Metaspace       used 42948K, committed 43392K, reserved 1114112K
  class space    used 5748K, committed 5952K, reserved 1048576K
}
Event: 24.070 GC heap after
{Heap after GC invocations=16 (full 0):
 garbage-first heap   total 98304K, used 56258K [0x0000000080000000, 0x0000000100000000)
  region size 1024K, 3 young (3072K), 3 survivors (3072K)
 Metaspace       used 42948K, committed 43392K, reserved 1114112K
  class space    used 5748K, committed 5952K, reserved 1048576K
}
Event: 24.427 GC heap before
{Heap before GC invocations=17 (full 0):
 garbage-first heap   total 107520K, used 81858K [0x0000000080000000, 0x0000000100000000)
  region size 1024K, 23 young (23552K), 3 survivors (3072K)
 Metaspace       used 45892K, committed 46400K, reserved 1114112K
  class space    used 6096K, committed 6336K, reserved 1048576K
}

Dll operation events (3 events):
Event: 0.040 Loaded shared library C:\Program Files\Android\Android Studio\jbr\bin\java.dll
Event: 0.243 Loaded shared library C:\Program Files\Android\Android Studio\jbr\bin\zip.dll
Event: 5.376 Loaded shared library C:\Program Files\Android\Android Studio\jbr\bin\verify.dll

Deoptimization events (20 events):
Event: 24.001 Thread 0x000001737eae5f70 DEOPT PACKING pc=0x000001736a23fd90 sp=0x00000067c7af81e0
Event: 24.001 Thread 0x000001737eae5f70 DEOPT UNPACKING pc=0x0000017369b369a3 sp=0x00000067c7af8110 mode 2
Event: 24.145 Thread 0x000001737eae5f70 Uncommon trap: trap_request=0xffffffde fr.pc=0x000001736a23fd90 relative=0x0000000000000430
Event: 24.145 Thread 0x000001737eae5f70 Uncommon trap: reason=class_check action=maybe_recompile pc=0x000001736a23fd90 method=java.util.regex.Pattern$Start.match(Ljava/util/regex/Matcher;ILjava/lang/CharSequence;)Z @ 44 c2
Event: 24.145 Thread 0x000001737eae5f70 DEOPT PACKING pc=0x000001736a23fd90 sp=0x00000067c7af8730
Event: 24.145 Thread 0x000001737eae5f70 DEOPT UNPACKING pc=0x0000017369b369a3 sp=0x00000067c7af8660 mode 2
Event: 24.145 Thread 0x000001737eae5f70 Uncommon trap: trap_request=0xffffffde fr.pc=0x000001736a23fd90 relative=0x0000000000000430
Event: 24.145 Thread 0x000001737eae5f70 Uncommon trap: reason=class_check action=maybe_recompile pc=0x000001736a23fd90 method=java.util.regex.Pattern$Start.match(Ljava/util/regex/Matcher;ILjava/lang/CharSequence;)Z @ 44 c2
Event: 24.145 Thread 0x000001737eae5f70 DEOPT PACKING pc=0x000001736a23fd90 sp=0x00000067c7af8730
Event: 24.145 Thread 0x000001737eae5f70 DEOPT UNPACKING pc=0x0000017369b369a3 sp=0x00000067c7af8660 mode 2
Event: 24.145 Thread 0x000001737eae5f70 Uncommon trap: trap_request=0xffffffde fr.pc=0x000001736a241640 relative=0x0000000000000300
Event: 24.145 Thread 0x000001737eae5f70 Uncommon trap: reason=class_check action=maybe_recompile pc=0x000001736a241640 method=java.util.regex.Pattern$Start.match(Ljava/util/regex/Matcher;ILjava/lang/CharSequence;)Z @ 44 c2
Event: 24.145 Thread 0x000001737eae5f70 DEOPT PACKING pc=0x000001736a241640 sp=0x00000067c7af8690
Event: 24.145 Thread 0x000001737eae5f70 DEOPT UNPACKING pc=0x0000017369b369a3 sp=0x00000067c7af8650 mode 2
Event: 24.298 Thread 0x000001737eae5f70 Uncommon trap: trap_request=0xffffff45 fr.pc=0x000001736a24a8ac relative=0x000000000000010c
Event: 24.298 Thread 0x000001737eae5f70 Uncommon trap: reason=unstable_if action=reinterpret pc=0x000001736a24a8ac method=java.util.Arrays.hashCode([Ljava/lang/Object;)I @ 34 c2
Event: 24.298 Thread 0x000001737eae5f70 DEOPT PACKING pc=0x000001736a24a8ac sp=0x00000067c7af78b0
Event: 24.298 Thread 0x000001737eae5f70 DEOPT UNPACKING pc=0x0000017369b369a3 sp=0x00000067c7af7828 mode 2
Event: 24.341 Thread 0x000001737eae5f70 DEOPT PACKING pc=0x0000017362cf3715 sp=0x00000067c7af88a0
Event: 24.341 Thread 0x000001737eae5f70 DEOPT UNPACKING pc=0x0000017369b37143 sp=0x00000067c7af7d28 mode 0

Classes unloaded (0 events):
No events

Classes redefined (0 events):
No events

Internal exceptions (20 events):
Event: 24.046 Thread 0x000001737eae5f70 Exception <a 'java/lang/ClassNotFoundException'{0x0000000085181168}: org/gradle/invocation/DefaultGradle_DecoratedCustomizer> (0x0000000085181168) 
thrown [s\src\hotspot\share\classfile\systemDictionary.cpp, line 256]
Event: 24.142 Thread 0x000001737eae5f70 Exception <a 'java/lang/ClassNotFoundException'{0x00000000867df430}: groovy/lang/Closure$1BeanInfo> (0x00000000867df430) 
thrown [s\src\hotspot\share\classfile\systemDictionary.cpp, line 256]
Event: 24.143 Thread 0x000001737eae5f70 Exception <a 'java/lang/ClassNotFoundException'{0x0000000086603cc0}: groovy/lang/ClosureBeanInfo> (0x0000000086603cc0) 
thrown [s\src\hotspot\share\classfile\systemDictionary.cpp, line 256]
Event: 24.144 Thread 0x000001737eae5f70 Exception <a 'java/lang/ClassNotFoundException'{0x0000000086628200}: groovy/lang/ClosureCustomizer> (0x0000000086628200) 
thrown [s\src\hotspot\share\classfile\systemDictionary.cpp, line 256]
Event: 24.148 Thread 0x000001737eae5f70 Exception <a 'java/lang/ClassNotFoundException'{0x000000008666fbf8}: groovy/lang/Closure$1Customizer> (0x000000008666fbf8) 
thrown [s\src\hotspot\share\classfile\systemDictionary.cpp, line 256]
Event: 24.184 Thread 0x000001737eae5f70 Exception <a 'java/lang/ClassNotFoundException'{0x00000000865b1af8}: sync_studio_tooling_di32z7om4cxn7fvwhjsatr6suBeanInfo> (0x00000000865b1af8) 
thrown [s\src\hotspot\share\classfile\systemDictionary.cpp, line 256]
Event: 24.184 Thread 0x000001737eae5f70 Exception <a 'java/lang/ClassNotFoundException'{0x00000000865b8608}: sync_studio_tooling_di32z7om4cxn7fvwhjsatr6suCustomizer> (0x00000000865b8608) 
thrown [s\src\hotspot\share\classfile\systemDictionary.cpp, line 256]
Event: 24.190 Thread 0x000001737eae5f70 Exception <a 'java/lang/ClassNotFoundException'{0x0000000086407508}: org/gradle/internal/metaobject/ConfigureDelegateBeanInfo> (0x0000000086407508) 
thrown [s\src\hotspot\share\classfile\systemDictionary.cpp, line 256]
Event: 24.191 Thread 0x000001737eae5f70 Exception <a 'java/lang/ClassNotFoundException'{0x0000000086417e18}: org/gradle/internal/metaobject/ConfigureDelegateCustomizer> (0x0000000086417e18) 
thrown [s\src\hotspot\share\classfile\systemDictionary.cpp, line 256]
Event: 24.196 Thread 0x000001737eae5f70 Exception <a 'java/lang/ClassNotFoundException'{0x000000008646d928}: org/gradle/api/internal/initialization/DefaultScriptHandlerBeanInfo> (0x000000008646d928) 
thrown [s\src\hotspot\share\classfile\systemDictionary.cpp, line 256]
Event: 24.197 Thread 0x000001737eae5f70 Exception <a 'java/lang/ClassNotFoundException'{0x000000008647e3b8}: org/gradle/api/internal/initialization/DefaultScriptHandlerCustomizer> (0x000000008647e3b8) 
thrown [s\src\hotspot\share\classfile\systemDictionary.cpp, line 256]
Event: 24.298 Thread 0x000001737eae5f70 Implicit null exception at 0x000001736a24a7ec to 0x000001736a24a890
Event: 24.303 Thread 0x000001737eae5f70 Exception <a 'java/lang/ClassNotFoundException'{0x0000000085dea660}: org/gradle/api/internal/artifacts/dsl/dependencies/DefaultDependencyHandler_DecoratedBeanInfo> (0x0000000085dea660) 
thrown [s\src\hotspot\share\classfile\systemDictionary.cpp, line 256]
Event: 24.303 Thread 0x000001737eae5f70 Exception <a 'java/lang/ClassNotFoundException'{0x0000000085c00d98}: org/gradle/api/internal/artifacts/dsl/dependencies/DefaultDependencyHandlerBeanInfo> (0x0000000085c00d98) 
thrown [s\src\hotspot\share\classfile\systemDictionary.cpp, line 256]
Event: 24.304 Thread 0x000001737eae5f70 Exception <a 'java/lang/ClassNotFoundException'{0x0000000085c16a50}: org/gradle/api/internal/artifacts/dsl/dependencies/DefaultDependencyHandlerCustomizer> (0x0000000085c16a50) 
thrown [s\src\hotspot\share\classfile\systemDictionary.cpp, line 256]
Event: 24.306 Thread 0x000001737eae5f70 Exception <a 'java/lang/ClassNotFoundException'{0x0000000085c56018}: org/gradle/api/internal/artifacts/dsl/dependencies/DefaultDependencyHandler_DecoratedCustomizer> (0x0000000085c56018) 
thrown [s\src\hotspot\share\classfile\systemDictionary.cpp, line 256]
Event: 24.308 Thread 0x000001737eae5f70 Exception <a 'java/lang/ClassNotFoundException'{0x0000000085c96f58}: sync_studio_tooling_di32z7om4cxn7fvwhjsatr6su$_run_closure1BeanInfo> (0x0000000085c96f58) 
thrown [s\src\hotspot\share\classfile\systemDictionary.cpp, line 256]
Event: 24.309 Thread 0x000001737eae5f70 Exception <a 'java/lang/ClassNotFoundException'{0x0000000085c9df38}: sync_studio_tooling_di32z7om4cxn7fvwhjsatr6su$_run_closure1Customizer> (0x0000000085c9df38) 
thrown [s\src\hotspot\share\classfile\systemDictionary.cpp, line 256]
Event: 24.362 Thread 0x000001737eae5f70 Exception <a 'java/lang/NoSuchMethodError'{0x00000000859de650}: 'java.lang.Object java.lang.invoke.DirectMethodHandle$Holder.newInvokeSpecial(java.lang.Object, int, java.lang.Object)'> (0x00000000859de650) 
thrown [s\src\hotspot\share\interpreter\linkResolver.cpp, line 771]
Event: 24.418 Thread 0x000001737eae5f70 Exception <a 'java/lang/NoSuchMethodError'{0x0000000085568b98}: 'void java.lang.invoke.DirectMethodHandle$Holder.invokeInterface(java.lang.Object, java.lang.Object)'> (0x0000000085568b98) 
thrown [s\src\hotspot\share\interpreter\linkResolver.cpp, line 771]

VM Operations (20 events):
Event: 23.834 Executing VM operation: HandshakeAllThreads done
Event: 23.844 Executing VM operation: HandshakeAllThreads
Event: 23.844 Executing VM operation: HandshakeAllThreads done
Event: 23.903 Executing VM operation: HandshakeAllThreads
Event: 23.904 Executing VM operation: HandshakeAllThreads done
Event: 23.938 Executing VM operation: G1CollectForAllocation
Event: 23.943 Executing VM operation: G1CollectForAllocation done
Event: 23.955 Executing VM operation: G1Concurrent
Event: 23.958 Executing VM operation: G1Concurrent done
Event: 23.962 Executing VM operation: G1Concurrent
Event: 23.962 Executing VM operation: G1Concurrent done
Event: 24.065 Executing VM operation: G1TryInitiateConcMark
Event: 24.070 Executing VM operation: G1TryInitiateConcMark done
Event: 24.083 Executing VM operation: G1Concurrent
Event: 24.107 Executing VM operation: G1Concurrent done
Event: 24.112 Executing VM operation: G1Concurrent
Event: 24.112 Executing VM operation: G1Concurrent done
Event: 24.271 Executing VM operation: HandshakeAllThreads
Event: 24.271 Executing VM operation: HandshakeAllThreads done
Event: 24.427 Executing VM operation: G1CollectForAllocation

Events (20 events):
Event: 23.977 loading class java/util/WeakHashMap$KeyIterator
Event: 23.978 loading class java/util/WeakHashMap$HashIterator
Event: 23.978 loading class java/util/WeakHashMap$HashIterator done
Event: 23.978 loading class java/util/WeakHashMap$KeyIterator done
Event: 24.063 loading class jdk/internal/reflect/UnsafeObjectFieldAccessorImpl
Event: 24.064 loading class jdk/internal/reflect/UnsafeObjectFieldAccessorImpl done
Event: 24.114 loading class sun/reflect/MagicAccessorImpl
Event: 24.114 loading class sun/reflect/MagicAccessorImpl done
Event: 24.148 loading class com/sun/beans/finder/MethodFinder
Event: 24.148 loading class com/sun/beans/finder/AbstractFinder
Event: 24.149 loading class com/sun/beans/finder/AbstractFinder done
Event: 24.149 loading class com/sun/beans/finder/MethodFinder done
Event: 24.149 loading class com/sun/beans/finder/MethodFinder$1
Event: 24.149 loading class com/sun/beans/finder/MethodFinder$1 done
Event: 24.149 loading class com/sun/beans/finder/FinderUtils
Event: 24.149 loading class com/sun/beans/finder/FinderUtils done
Event: 24.253 loading class sun/reflect/generics/tree/BooleanSignature
Event: 24.253 loading class sun/reflect/generics/tree/BooleanSignature done
Event: 24.327 loading class java/lang/invoke/SerializedLambda
Event: 24.327 loading class java/lang/invoke/SerializedLambda done


Dynamic libraries:
0x00007ff75dc80000 - 0x00007ff75dc8a000 	C:\Program Files\Android\Android Studio\jbr\bin\java.exe
0x00007ffafb810000 - 0x00007ffafba27000 	C:\WINDOWS\SYSTEM32\ntdll.dll
0x00007ffab9970000 - 0x00007ffab9989000 	C:\Program Files\Avast Software\Avast\aswhook.dll
0x00007ffaf9900000 - 0x00007ffaf99c4000 	C:\WINDOWS\System32\KERNEL32.DLL
0x00007ffaf9080000 - 0x00007ffaf9426000 	C:\WINDOWS\System32\KERNELBASE.dll
0x00007ffaf8b50000 - 0x00007ffaf8c61000 	C:\WINDOWS\System32\ucrtbase.dll
0x00007ffaf18c0000 - 0x00007ffaf18d7000 	C:\Program Files\Android\Android Studio\jbr\bin\jli.dll
0x00007ffafa890000 - 0x00007ffafaa3e000 	C:\WINDOWS\System32\USER32.dll
0x00007ffaf8d90000 - 0x00007ffaf8db6000 	C:\WINDOWS\System32\win32u.dll
0x00007ffae59b0000 - 0x00007ffae5c43000 	C:\WINDOWS\WinSxS\amd64_microsoft.windows.common-controls_6595b64144ccf1df_6.0.22621.2506_none_270c5ae97388e100\COMCTL32.dll
0x00007ffafaa40000 - 0x00007ffafaa69000 	C:\WINDOWS\System32\GDI32.dll
0x00007ffaf96f0000 - 0x00007ffaf9797000 	C:\WINDOWS\System32\msvcrt.dll
0x00007ffaf8c70000 - 0x00007ffaf8d88000 	C:\WINDOWS\System32\gdi32full.dll
0x00007ffaf8f30000 - 0x00007ffaf8fca000 	C:\WINDOWS\System32\msvcp_win.dll
0x00007ffaeef90000 - 0x00007ffaeefab000 	C:\Program Files\Android\Android Studio\jbr\bin\VCRUNTIME140.dll
0x00007ffafa6d0000 - 0x00007ffafa701000 	C:\WINDOWS\System32\IMM32.DLL
0x00007ffaf5b20000 - 0x00007ffaf5b2c000 	C:\Program Files\Android\Android Studio\jbr\bin\vcruntime140_1.dll
0x00007ffab99d0000 - 0x00007ffab9a5d000 	C:\Program Files\Android\Android Studio\jbr\bin\msvcp140.dll
0x00007ffa7dd20000 - 0x00007ffa7e9a0000 	C:\Program Files\Android\Android Studio\jbr\bin\server\jvm.dll
0x00007ffafa7d0000 - 0x00007ffafa883000 	C:\WINDOWS\System32\ADVAPI32.dll
0x00007ffaf9fb0000 - 0x00007ffafa058000 	C:\WINDOWS\System32\sechost.dll
0x00007ffaf9050000 - 0x00007ffaf9078000 	C:\WINDOWS\System32\bcrypt.dll
0x00007ffaf95d0000 - 0x00007ffaf96e7000 	C:\WINDOWS\System32\RPCRT4.dll
0x00007ffaf22a0000 - 0x00007ffaf22d4000 	C:\WINDOWS\SYSTEM32\WINMM.dll
0x00007ffaef630000 - 0x00007ffaef63a000 	C:\WINDOWS\SYSTEM32\VERSION.dll
0x00007ffadfa20000 - 0x00007ffadfa29000 	C:\WINDOWS\SYSTEM32\WSOCK32.dll
0x00007ffafacb0000 - 0x00007ffafad21000 	C:\WINDOWS\System32\ws2_32.DLL
0x00007ffaf7b50000 - 0x00007ffaf7b68000 	C:\WINDOWS\SYSTEM32\kernel.appcore.dll
0x00007ffaf3f50000 - 0x00007ffaf3f5a000 	C:\Program Files\Android\Android Studio\jbr\bin\jimage.dll
0x00007ffaef1e0000 - 0x00007ffaef413000 	C:\WINDOWS\SYSTEM32\DBGHELP.DLL
0x00007ffafa060000 - 0x00007ffafa3e9000 	C:\WINDOWS\System32\combase.dll
0x00007ffafad30000 - 0x00007ffafae07000 	C:\WINDOWS\System32\OLEAUT32.dll
0x00007ffaef5f0000 - 0x00007ffaef622000 	C:\WINDOWS\SYSTEM32\dbgcore.DLL
0x00007ffaf8fd0000 - 0x00007ffaf904a000 	C:\WINDOWS\System32\bcryptPrimitives.dll
0x00007ffaf22f0000 - 0x00007ffaf22fe000 	C:\Program Files\Android\Android Studio\jbr\bin\instrument.dll
0x00007ffaf09b0000 - 0x00007ffaf09d5000 	C:\Program Files\Android\Android Studio\jbr\bin\java.dll
0x00007ffaf3eb0000 - 0x00007ffaf3ec8000 	C:\Program Files\Android\Android Studio\jbr\bin\zip.dll
0x00007ffafae10000 - 0x00007ffafb66b000 	C:\WINDOWS\System32\SHELL32.dll
0x00007ffaf6a60000 - 0x00007ffaf7356000 	C:\WINDOWS\SYSTEM32\windows.storage.dll
0x00007ffaf6920000 - 0x00007ffaf6a5e000 	C:\WINDOWS\SYSTEM32\wintypes.dll
0x00007ffafa5d0000 - 0x00007ffafa6c3000 	C:\WINDOWS\System32\SHCORE.dll
0x00007ffaf9f50000 - 0x00007ffaf9fae000 	C:\WINDOWS\System32\shlwapi.dll
0x00007ffaf8a80000 - 0x00007ffaf8aa6000 	C:\WINDOWS\SYSTEM32\profapi.dll
0x00007ffaf3d80000 - 0x00007ffaf3d99000 	C:\Program Files\Android\Android Studio\jbr\bin\net.dll
0x00007ffaf3570000 - 0x00007ffaf36a7000 	C:\WINDOWS\SYSTEM32\WINHTTP.dll
0x00007ffaf8030000 - 0x00007ffaf8099000 	C:\WINDOWS\system32\mswsock.dll
0x00007ffaf2140000 - 0x00007ffaf2156000 	C:\Program Files\Android\Android Studio\jbr\bin\nio.dll
0x00007ffaf3e80000 - 0x00007ffaf3e90000 	C:\Program Files\Android\Android Studio\jbr\bin\verify.dll
0x00007ffaf0ab0000 - 0x00007ffaf0ad7000 	C:\Users\A S U S\.gradle\native\68d5fa5c4cc2d200863cafc0d521ce42e7d3e7ee720ec0a83991735586a16f82\windows-amd64\native-platform.dll
0x00007ffa9ab50000 - 0x00007ffa9ac94000 	C:\Users\A S U S\.gradle\native\e376f236ea51e6404a007f0833ffe2c6e607c4080706a723a18a27aeea778392\windows-amd64\native-platform-file-events.dll
0x00007ffaf3e50000 - 0x00007ffaf3e59000 	C:\Program Files\Android\Android Studio\jbr\bin\management.dll
0x00007ffaf3020000 - 0x00007ffaf302b000 	C:\Program Files\Android\Android Studio\jbr\bin\management_ext.dll
0x00007ffafab00000 - 0x00007ffafab08000 	C:\WINDOWS\System32\PSAPI.DLL
0x00007ffaf8380000 - 0x00007ffaf839b000 	C:\WINDOWS\SYSTEM32\CRYPTSP.dll
0x00007ffaf7ab0000 - 0x00007ffaf7ae5000 	C:\WINDOWS\system32\rsaenh.dll
0x00007ffaf80d0000 - 0x00007ffaf80fc000 	C:\WINDOWS\SYSTEM32\USERENV.dll
0x00007ffaf8360000 - 0x00007ffaf836c000 	C:\WINDOWS\SYSTEM32\CRYPTBASE.dll
0x00007ffaf75b0000 - 0x00007ffaf75dd000 	C:\WINDOWS\SYSTEM32\IPHLPAPI.DLL
0x00007ffaf9f40000 - 0x00007ffaf9f49000 	C:\WINDOWS\System32\NSI.dll
0x00007ffaf3220000 - 0x00007ffaf3239000 	C:\WINDOWS\SYSTEM32\dhcpcsvc6.DLL
0x00007ffaf2fb0000 - 0x00007ffaf2fcf000 	C:\WINDOWS\SYSTEM32\dhcpcsvc.DLL
0x00007ffaf75e0000 - 0x00007ffaf76d9000 	C:\WINDOWS\SYSTEM32\DNSAPI.dll
0x00007ffaedb80000 - 0x00007ffaedb88000 	C:\WINDOWS\system32\wshunix.dll

dbghelp: loaded successfully - version: 4.0.5 - missing functions: none
symbol engine: initialized successfully - sym options: 0x614 - pdb path: .;C:\Program Files\Android\Android Studio\jbr\bin;C:\WINDOWS\SYSTEM32;C:\Program Files\Avast Software\Avast;C:\WINDOWS\WinSxS\amd64_microsoft.windows.common-controls_6595b64144ccf1df_6.0.22621.2506_none_270c5ae97388e100;C:\Program Files\Android\Android Studio\jbr\bin\server;C:\Users\A S U S\.gradle\native\68d5fa5c4cc2d200863cafc0d521ce42e7d3e7ee720ec0a83991735586a16f82\windows-amd64;C:\Users\A S U S\.gradle\native\e376f236ea51e6404a007f0833ffe2c6e607c4080706a723a18a27aeea778392\windows-amd64

VM Arguments:
jvm_args: --add-opens=java.base/java.util=ALL-UNNAMED --add-opens=java.base/java.lang=ALL-UNNAMED --add-opens=java.base/java.lang.invoke=ALL-UNNAMED --add-opens=java.prefs/java.util.prefs=ALL-UNNAMED --add-opens=java.base/java.nio.charset=ALL-UNNAMED --add-opens=java.base/java.net=ALL-UNNAMED --add-opens=java.base/java.util.concurrent.atomic=ALL-UNNAMED -Xmx2048m -Dfile.encoding=UTF-8 -Duser.country=EC -Duser.language=es -Duser.variant -javaagent:C:\Users\A S U S\.gradle\wrapper\dists\gradle-8.2-bin\bbg7u40eoinfdyxsxr3z4i7ta\gradle-8.2\lib\agents\gradle-instrumentation-agent-8.2.jar 
java_command: org.gradle.launcher.daemon.bootstrap.GradleDaemon 8.2
java_class_path (initial): C:\Users\A S U S\.gradle\wrapper\dists\gradle-8.2-bin\bbg7u40eoinfdyxsxr3z4i7ta\gradle-8.2\lib\gradle-launcher-8.2.jar
Launcher Type: SUN_STANDARD

[Global flags]
     intx CICompilerCount                          = 4                                         {product} {ergonomic}
     uint ConcGCThreads                            = 3                                         {product} {ergonomic}
     uint G1ConcRefinementThreads                  = 10                                        {product} {ergonomic}
   size_t G1HeapRegionSize                         = 1048576                                   {product} {ergonomic}
    uintx GCDrainStackTargetSize                   = 64                                        {product} {ergonomic}
   size_t InitialHeapSize                          = 125829120                                 {product} {ergonomic}
   size_t MarkStackSize                            = 4194304                                   {product} {ergonomic}
   size_t MaxHeapSize                              = 2147483648                                {product} {command line}
   size_t MaxNewSize                               = 1287651328                                {product} {ergonomic}
   size_t MinHeapDeltaBytes                        = 1048576                                   {product} {ergonomic}
   size_t MinHeapSize                              = 8388608                                   {product} {ergonomic}
    uintx NonNMethodCodeHeapSize                   = 5839372                                {pd product} {ergonomic}
    uintx NonProfiledCodeHeapSize                  = 122909434                              {pd product} {ergonomic}
    uintx ProfiledCodeHeapSize                     = 122909434                              {pd product} {ergonomic}
    uintx ReservedCodeCacheSize                    = 251658240                              {pd product} {ergonomic}
     bool SegmentedCodeCache                       = true                                      {product} {ergonomic}
   size_t SoftMaxHeapSize                          = 2147483648                             {manageable} {ergonomic}
     bool UseCompressedClassPointers               = true                           {product lp64_product} {ergonomic}
     bool UseCompressedOops                        = true                           {product lp64_product} {ergonomic}
     bool UseG1GC                                  = true                                      {product} {ergonomic}
     bool UseLargePagesIndividualAllocation        = false                                  {pd product} {ergonomic}

Logging:
Log output configuration:
 #0: stdout all=warning uptime,level,tags
 #1: stderr all=off uptime,level,tags

Environment Variables:
PATH=C:\Program Files\Common Files\Oracle\Java\javapath;C:\Program Files (x86)\Common Files\Oracle\Java\javapath;C:\Windows\system32;C:\Windows;C:\Windows\System32\Wbem;C:\Windows\System32\WindowsPowerShell\v1.0\;C:\Windows\System32\OpenSSH\;C:\Program Files (x86)\dotnet\;C:\Program Files\dotnet\;C:\Program Files (x86)\NVIDIA Corporation\PhysX\Common;C:\WINDOWS\system32;C:\WINDOWS;C:\WINDOWS\System32\Wbem;C:\WINDOWS\System32\WindowsPowerShell\v1.0\;C:\WINDOWS\System32\OpenSSH\;C:\Program Files\NVIDIA Corporation\NVIDIA NvDLISR;C:\Program Files\nodejs\;C:\Program Files\Git\cmd;C:\Users\A S U S\AppData\Local\Programs\Python\Python39\Scripts\;C:\Users\A S U S\AppData\Local\Programs\Python\Python39\;C:\Users\A S U S\AppData\Local\Microsoft\WindowsApps;C:\Users\A S U S\AppData\Local\Programs\Microsoft VS Code\bin;C:\Program Files\MongoDB\Server\6.0\bin;C:\Users\A S U S\AppData\Roaming\npm;C:\Users\A S U S\AppData\Local\GitHubDesktop\bin
USERNAME=A S U S
OS=Windows_NT
PROCESSOR_IDENTIFIER=AMD64 Family 23 Model 96 Stepping 1, AuthenticAMD
TMP=C:\Users\ASUS~1\AppData\Local\Temp
TEMP=C:\Users\ASUS~1\AppData\Local\Temp


JNI global refs:
JNI global refs: 25, weak refs: 1

JNI global refs memory usage: 843, weak refs: 841

OOME stack traces (most recent first):
Classloader memory used:
Loader org.gradle.internal.classloader.VisitableURLClassLoader                         : 2670K
Loader bootstrap                                                                       : 2323K
Loader org.gradle.initialization.MixInLegacyTypesClassLoader                           : 570K
Loader jdk.internal.loader.ClassLoaders$PlatformClassLoader                            : 68481B
Loader org.gradle.internal.classloader.VisitableURLClassLoader                         : 52198B
Loader jdk.internal.loader.ClassLoaders$AppClassLoader                                 : 28450B
Loader jdk.internal.reflect.DelegatingClassLoader                                      : 21994B
Loader org.gradle.groovy.scripts.internal.DefaultScriptCompilationHandler$ScriptClassLoader: 3944B
Loader org.codehaus.groovy.runtime.callsite.CallSiteClassLoader                        : 876B

Classes loaded by more than one classloader:
Class org.gradle.api.GradleException                                                  : loaded 3 times (x 80B)
Class org.gradle.util.GradleVersion                                                   : loaded 2 times (x 81B)
Class org.gradle.internal.classpath.ClassPath                                         : loaded 2 times (x 68B)
Class org.gradle.api.internal.classpath.DefaultModuleRegistry                         : loaded 2 times (x 84B)
Class org.gradle.api.Action                                                           : loaded 2 times (x 68B)
Class org.gradle.api.internal.DefaultClassPathProvider                                : loaded 2 times (x 74B)
Class org.gradle.internal.installation.GradleInstallation$1                           : loaded 2 times (x 73B)
Class org.gradle.internal.exceptions.DefaultMultiCauseException                       : loaded 2 times (x 85B)
Class org.gradle.internal.time.MonotonicClock                                         : loaded 2 times (x 75B)
Class org.gradle.internal.classloader.FilteringClassLoader                            : loaded 2 times (x 102B)
Class org.gradle.internal.classpath.DefaultClassPath$ImmutableUniqueList$Builder      : loaded 2 times (x 73B)
Class org.gradle.internal.classloader.ClassLoaderVisitor                              : loaded 2 times (x 74B)
Class org.gradle.internal.time.DefaultCountdownTimer                                  : loaded 2 times (x 86B)
Class org.gradle.internal.service.DefaultServiceLocator                               : loaded 2 times (x 81B)
Class org.gradle.internal.service.UnknownServiceException                             : loaded 2 times (x 81B)
Class org.gradle.internal.classloader.DefaultClassLoaderFactory                       : loaded 2 times (x 80B)
Class org.gradle.internal.classloader.VisitableURLClassLoader$Spec                    : loaded 2 times (x 72B)
Class org.gradle.tooling.model.ProjectModel                                           : loaded 2 times (x 68B)
Class org.gradle.internal.installation.GradleInstallation                             : loaded 2 times (x 73B)
Class org.gradle.api.internal.classpath.ModuleRegistry                                : loaded 2 times (x 68B)
Class org.gradle.api.internal.ClassPathProvider                                       : loaded 2 times (x 68B)
Class org.gradle.internal.classloader.ClasspathUtil$1                                 : loaded 2 times (x 74B)
Class org.gradle.internal.classloader.ClassLoaderFactory                              : loaded 2 times (x 68B)
Class org.gradle.api.internal.classpath.ManifestUtil                                  : loaded 2 times (x 69B)
Class org.gradle.api.specs.Spec                                                       : loaded 2 times (x 68B)
Class org.gradle.internal.IoActions                                                   : loaded 2 times (x 69B)
Class org.gradle.api.internal.classpath.EffectiveClassPath                            : loaded 2 times (x 88B)
Class org.gradle.internal.installation.CurrentGradleInstallation                      : loaded 2 times (x 71B)
Class org.gradle.internal.agents.InstrumentingClassLoader                             : loaded 2 times (x 68B)
Class org.gradle.internal.installation.CurrentGradleInstallationLocator               : loaded 2 times (x 69B)
Class org.gradle.api.internal.classpath.Module                                        : loaded 2 times (x 68B)
Class org.gradle.internal.service.CachingServiceLocator                               : loaded 2 times (x 80B)
Class org.gradle.internal.time.Timer                                                  : loaded 2 times (x 68B)
Class org.gradle.internal.classpath.DefaultClassPath                                  : loaded 2 times (x 88B)
Class org.gradle.internal.time.Time                                                   : loaded 2 times (x 69B)
Class org.gradle.internal.time.TimeSource$1                                           : loaded 2 times (x 75B)
Class org.gradle.internal.classloader.SystemClassLoaderSpec                           : loaded 2 times (x 69B)
Class kotlin.Function                                                                 : loaded 2 times (x 68B)
Class org.gradle.api.UncheckedIOException                                             : loaded 2 times (x 80B)
Class org.gradle.internal.time.CountdownTimer                                         : loaded 2 times (x 68B)
Class org.gradle.internal.time.Clock                                                  : loaded 2 times (x 68B)
Class org.gradle.internal.classloader.ClasspathUtil                                   : loaded 2 times (x 69B)
Class org.gradle.api.internal.DefaultClassPathRegistry                                : loaded 2 times (x 74B)
Class org.gradle.api.internal.classpath.DefaultModuleRegistry$DefaultModule           : loaded 2 times (x 84B)
Class org.gradle.internal.time.TimeSource                                             : loaded 2 times (x 68B)
Class org.gradle.api.internal.classpath.UnknownModuleException                        : loaded 2 times (x 80B)
Class org.gradle.internal.service.ServiceLookupException                              : loaded 2 times (x 80B)
Class org.gradle.cache.GlobalCache                                                    : loaded 2 times (x 68B)
Class [Lorg.gradle.api.internal.ClassPathProvider;                                    : loaded 2 times (x 67B)
Class org.gradle.internal.operations.MultipleBuildOperationFailures                   : loaded 2 times (x 85B)
Class org.gradle.util.internal.GUtil                                                  : loaded 2 times (x 69B)
Class org.gradle.internal.classloader.ClassLoaderSpec                                 : loaded 2 times (x 69B)
Class org.gradle.internal.classloader.VisitableURLClassLoader                         : loaded 2 times (x 114B)
Class org.gradle.internal.Cast                                                        : loaded 2 times (x 69B)
Class org.gradle.api.internal.ClassPathRegistry                                       : loaded 2 times (x 68B)
Class org.gradle.internal.classloader.VisitableURLClassLoader$InstrumentingVisitableURLClassLoader: loaded 2 times (x 120B)
Class org.gradle.internal.classloader.ClassLoaderHierarchy                            : loaded 2 times (x 68B)
Class org.gradle.internal.exceptions.MultiCauseException                              : loaded 2 times (x 68B)
Class org.gradle.internal.InternalTransformer                                         : loaded 2 times (x 68B)
Class org.gradle.internal.service.ServiceLocator                                      : loaded 2 times (x 68B)
Class org.gradle.internal.classpath.DefaultClassPath$ImmutableUniqueList              : loaded 2 times (x 159B)
Class org.gradle.internal.time.DefaultTimer                                           : loaded 2 times (x 78B)
Class org.gradle.internal.classpath.TransformedClassPath                              : loaded 2 times (x 94B)


---------------  S Y S T E M  ---------------

OS:
 Windows 11 , 64 bit Build 22621 (10.0.22621.3085)
OS uptime: 4 days 11:21 hours
Hyper-V role detected

CPU: total 12 (initial active 12) (12 cores per cpu, 2 threads per core) family 23 model 96 stepping 1 microcode 0x0, cx8, cmov, fxsr, ht, mmx, 3dnowpref, sse, sse2, sse3, ssse3, sse4a, sse4.1, sse4.2, popcnt, lzcnt, tsc, tscinvbit, avx, avx2, aes, clmul, bmi1, bmi2, adx, sha, fma, vzeroupper, clflush, clflushopt, hv

Memory: 4k page, system-wide physical 7597M (305M free)
TotalPageFile size 31149M (AvailPageFile size 18M)
current process WorkingSet (physical memory assigned to process): 246M, peak: 246M
current process commit charge ("private bytes"): 291M, peak: 307M

vm_info: OpenJDK 64-Bit Server VM (17.0.7+0-b2043.56-10550314) for windows-amd64 JRE (17.0.7+0-b2043.56-10550314), built on Jul 24 2023 18:27:45 by "androidbuild" with MS VC++ 16.10 / 16.11 (VS2019)

END.
